[0.009s] Invoking command in '/home/shiha/ros2_termproject/build/ramen_interfaces': CMAKE_PREFIX_PATH=${CMAKE_PREFIX_PATH}:/home/shiha/ros2_termproject/install/ramen_table:/home/shiha/ros2_termproject/install/ramen_serving:/home/shiha/ros2_termproject/install/ramen_kitchen:/home/shiha/my_ws/install/using_my_custom_interface_package:/home/shiha/my_ws/install/time_sync:/home/shiha/my_ws/install/my_rclpy_package:/home/shiha/my_ws/install/learning_tf2:/home/shiha/my_ws/install/gz_demo:/opt/ros/jazzy /usr/bin/cmake --build /home/shiha/ros2_termproject/build/ramen_interfaces -- -j18 -l18
[0.064s] -- Found ament_cmake: 2.5.4 (/opt/ros/jazzy/share/ament_cmake/cmake)
[0.094s] -- Found Python3: /usr/bin/python3 (found version "3.12.3") found components: Interpreter 
[0.198s] -- Found rosidl_default_generators: 1.6.0 (/opt/ros/jazzy/share/rosidl_default_generators/cmake)
[0.204s] -- Using all available rosidl_typesupport_c: rosidl_typesupport_fastrtps_c;rosidl_typesupport_introspection_c
[0.357s] -- Using all available rosidl_typesupport_cpp: rosidl_typesupport_fastrtps_cpp;rosidl_typesupport_introspection_cpp
[0.388s] -- Found rosidl_adapter: 4.6.6 (/opt/ros/jazzy/share/rosidl_adapter/cmake)
[0.390s] -- Found action_msgs: 2.0.3 (/opt/ros/jazzy/share/action_msgs/cmake)
[0.700s] -- Found ament_cmake_ros: 0.12.0 (/opt/ros/jazzy/share/ament_cmake_ros/cmake)
[0.785s] -- Using all available rosidl_typesupport_c: rosidl_typesupport_fastrtps_c;rosidl_typesupport_introspection_c
[0.892s] -- Using all available rosidl_typesupport_cpp: rosidl_typesupport_fastrtps_cpp;rosidl_typesupport_introspection_cpp
[0.894s] -- Found python_cmake_module: 0.11.1 (/opt/ros/jazzy/share/python_cmake_module/cmake)
[1.139s] -- Found Python3: /usr/bin/python3 (found version "3.12.3") found components: Interpreter Development NumPy Development.Module Development.Embed 
[1.151s] -- Found ament_lint_auto: 0.17.3 (/opt/ros/jazzy/share/ament_lint_auto/cmake)
[1.169s] -- Added test 'copyright' to check source files copyright and LICENSE
[1.171s] -- Added test 'lint_cmake' to check CMake code style
[1.172s] -- Added test 'xmllint' to check XML markup files
[1.175s] -- Configuring done (1.1s)
[1.221s] -- Generating done (0.0s)
[1.232s] -- Build files have been written to: /home/shiha/ros2_termproject/build/ramen_interfaces
[1.262s] [  1%] [34m[1mGenerating type hashes for ROS interfaces[0m
[1.270s] [  1%] Built target ament_cmake_python_copy_ramen_interfaces
[1.441s] running egg_info
[1.456s] writing ramen_interfaces.egg-info/PKG-INFO
[1.456s] writing dependency_links to ramen_interfaces.egg-info/dependency_links.txt
[1.456s] writing top-level names to ramen_interfaces.egg-info/top_level.txt
[1.495s] reading manifest file 'ramen_interfaces.egg-info/SOURCES.txt'
[1.496s] writing manifest file 'ramen_interfaces.egg-info/SOURCES.txt'
[1.520s] [  1%] Built target ament_cmake_python_build_ramen_interfaces_egg
[1.557s] [  1%] Built target ramen_interfaces__rosidl_generator_type_description
[1.566s] [  2%] [34m[1mGenerating C code for ROS interfaces[0m
[1.574s] [  4%] [34m[1mGenerating C++ code for ROS interfaces[0m
[2.222s] [  4%] Built target ramen_interfaces__cpp
[2.298s] [  5%] [32mBuilding C object CMakeFiles/ramen_interfaces__rosidl_generator_c.dir/rosidl_generator_c/ramen_interfaces/msg/detail/ramen_order__description.c.o[0m
[2.300s] [  6%] [32mBuilding C object CMakeFiles/ramen_interfaces__rosidl_generator_c.dir/rosidl_generator_c/ramen_interfaces/msg/detail/cooked_ramen__description.c.o[0m
[2.300s] [  8%] [32mBuilding C object CMakeFiles/ramen_interfaces__rosidl_generator_c.dir/rosidl_generator_c/ramen_interfaces/msg/detail/cooked_ramen__type_support.c.o[0m
[2.300s] [  9%] [32mBuilding C object CMakeFiles/ramen_interfaces__rosidl_generator_c.dir/rosidl_generator_c/ramen_interfaces/msg/detail/ramen_order__type_support.c.o[0m
[2.301s] [ 10%] [32mBuilding C object CMakeFiles/ramen_interfaces__rosidl_generator_c.dir/rosidl_generator_c/ramen_interfaces/msg/detail/ramen_order__functions.c.o[0m
[2.302s] [ 12%] [32mBuilding C object CMakeFiles/ramen_interfaces__rosidl_generator_c.dir/rosidl_generator_c/ramen_interfaces/msg/detail/cooked_ramen__functions.c.o[0m
[2.302s] [ 13%] [32mBuilding C object CMakeFiles/ramen_interfaces__rosidl_generator_c.dir/rosidl_generator_c/ramen_interfaces/srv/detail/pay_order__description.c.o[0m
[2.302s] [ 14%] [32mBuilding C object CMakeFiles/ramen_interfaces__rosidl_generator_c.dir/rosidl_generator_c/ramen_interfaces/action/detail/request_remake__functions.c.o[0m
[2.303s] [ 16%] [32mBuilding C object CMakeFiles/ramen_interfaces__rosidl_generator_c.dir/rosidl_generator_c/ramen_interfaces/srv/detail/pay_order__functions.c.o[0m
[2.303s] [ 18%] [32mBuilding C object CMakeFiles/ramen_interfaces__rosidl_generator_c.dir/rosidl_generator_c/ramen_interfaces/action/detail/serve_ramen__description.c.o[0m
[2.304s] [ 18%] [32mBuilding C object CMakeFiles/ramen_interfaces__rosidl_generator_c.dir/rosidl_generator_c/ramen_interfaces/srv/detail/pay_order__type_support.c.o[0m
[2.304s] [ 20%] [32mBuilding C object CMakeFiles/ramen_interfaces__rosidl_generator_c.dir/rosidl_generator_c/ramen_interfaces/action/detail/serve_ramen__functions.c.o[0m
[2.304s] [ 21%] [32mBuilding C object CMakeFiles/ramen_interfaces__rosidl_generator_c.dir/rosidl_generator_c/ramen_interfaces/action/detail/request_remake__description.c.o[0m
[2.305s] [ 22%] [32mBuilding C object CMakeFiles/ramen_interfaces__rosidl_generator_c.dir/rosidl_generator_c/ramen_interfaces/action/detail/serve_ramen__type_support.c.o[0m
[2.306s] [ 24%] [32mBuilding C object CMakeFiles/ramen_interfaces__rosidl_generator_c.dir/rosidl_generator_c/ramen_interfaces/action/detail/request_remake__type_support.c.o[0m
[3.419s] [ 25%] [32m[1mLinking C shared library libramen_interfaces__rosidl_generator_c.so[0m
[3.505s] [ 25%] Built target ramen_interfaces__rosidl_generator_c
[3.515s] [ 27%] [34m[1mGenerating C type support for eProsima Fast-RTPS[0m
[3.516s] [ 28%] [34m[1mGenerating C introspection for ROS interfaces[0m
[3.516s] [ 31%] [34m[1mGenerating C++ type support dispatch for ROS interfaces[0m
[3.516s] [ 31%] [34m[1mGenerating C type support dispatch for ROS interfaces[0m
[3.517s] [ 32%] [34m[1mGenerating C++ type support for eProsima Fast-RTPS[0m
[3.520s] [ 33%] [34m[1mGenerating C++ introspection for ROS interfaces[0m
[4.149s] [ 35%] [32mBuilding CXX object CMakeFiles/ramen_interfaces__rosidl_typesupport_cpp.dir/rosidl_typesupport_cpp/ramen_interfaces/msg/cooked_ramen__type_support.cpp.o[0m
[4.151s] [ 36%] [32mBuilding CXX object CMakeFiles/ramen_interfaces__rosidl_typesupport_c.dir/rosidl_typesupport_c/ramen_interfaces/msg/cooked_ramen__type_support.cpp.o[0m
[4.152s] [ 37%] [32mBuilding CXX object CMakeFiles/ramen_interfaces__rosidl_typesupport_cpp.dir/rosidl_typesupport_cpp/ramen_interfaces/action/serve_ramen__type_support.cpp.o[0m
[4.152s] [ 39%] [32mBuilding CXX object CMakeFiles/ramen_interfaces__rosidl_typesupport_c.dir/rosidl_typesupport_c/ramen_interfaces/msg/ramen_order__type_support.cpp.o[0m
[4.152s] [ 41%] [32mBuilding CXX object CMakeFiles/ramen_interfaces__rosidl_typesupport_c.dir/rosidl_typesupport_c/ramen_interfaces/action/serve_ramen__type_support.cpp.o[0m
[4.153s] [ 41%] [32mBuilding CXX object CMakeFiles/ramen_interfaces__rosidl_typesupport_cpp.dir/rosidl_typesupport_cpp/ramen_interfaces/srv/pay_order__type_support.cpp.o[0m
[4.153s] [ 43%] [32mBuilding CXX object CMakeFiles/ramen_interfaces__rosidl_typesupport_cpp.dir/rosidl_typesupport_cpp/ramen_interfaces/msg/ramen_order__type_support.cpp.o[0m
[4.156s] [ 44%] [32mBuilding CXX object CMakeFiles/ramen_interfaces__rosidl_typesupport_cpp.dir/rosidl_typesupport_cpp/ramen_interfaces/action/request_remake__type_support.cpp.o[0m
[4.157s] [ 47%] [32mBuilding CXX object CMakeFiles/ramen_interfaces__rosidl_typesupport_c.dir/rosidl_typesupport_c/ramen_interfaces/srv/pay_order__type_support.cpp.o[0m
[4.157s] [ 47%] [32mBuilding CXX object CMakeFiles/ramen_interfaces__rosidl_typesupport_c.dir/rosidl_typesupport_c/ramen_interfaces/action/request_remake__type_support.cpp.o[0m
[4.296s] [ 48%] [32mBuilding C object CMakeFiles/ramen_interfaces__rosidl_typesupport_introspection_c.dir/rosidl_typesupport_introspection_c/ramen_interfaces/msg/detail/cooked_ramen__type_support.c.o[0m
[4.296s] [ 50%] [32mBuilding C object CMakeFiles/ramen_interfaces__rosidl_typesupport_introspection_c.dir/rosidl_typesupport_introspection_c/ramen_interfaces/msg/detail/ramen_order__type_support.c.o[0m
[4.297s] [ 51%] [32mBuilding C object CMakeFiles/ramen_interfaces__rosidl_typesupport_introspection_c.dir/rosidl_typesupport_introspection_c/ramen_interfaces/action/detail/request_remake__type_support.c.o[0m
[4.298s] [ 52%] [32mBuilding C object CMakeFiles/ramen_interfaces__rosidl_typesupport_introspection_c.dir/rosidl_typesupport_introspection_c/ramen_interfaces/srv/detail/pay_order__type_support.c.o[0m
[4.299s] [ 54%] [32mBuilding C object CMakeFiles/ramen_interfaces__rosidl_typesupport_introspection_c.dir/rosidl_typesupport_introspection_c/ramen_interfaces/action/detail/serve_ramen__type_support.c.o[0m
[4.312s] [ 55%] [32m[1mLinking CXX shared library libramen_interfaces__rosidl_typesupport_c.so[0m
[4.325s] [ 56%] [32mBuilding CXX object CMakeFiles/ramen_interfaces__rosidl_typesupport_introspection_cpp.dir/rosidl_typesupport_introspection_cpp/ramen_interfaces/msg/detail/ramen_order__type_support.cpp.o[0m
[4.326s] [ 58%] [32mBuilding CXX object CMakeFiles/ramen_interfaces__rosidl_typesupport_introspection_cpp.dir/rosidl_typesupport_introspection_cpp/ramen_interfaces/action/detail/request_remake__type_support.cpp.o[0m
[4.326s] [ 59%] [32mBuilding CXX object CMakeFiles/ramen_interfaces__rosidl_typesupport_introspection_cpp.dir/rosidl_typesupport_introspection_cpp/ramen_interfaces/srv/detail/pay_order__type_support.cpp.o[0m
[4.335s] [ 60%] [32mBuilding CXX object CMakeFiles/ramen_interfaces__rosidl_typesupport_introspection_cpp.dir/rosidl_typesupport_introspection_cpp/ramen_interfaces/action/detail/serve_ramen__type_support.cpp.o[0m
[4.336s] [ 62%] [32mBuilding CXX object CMakeFiles/ramen_interfaces__rosidl_typesupport_introspection_cpp.dir/rosidl_typesupport_introspection_cpp/ramen_interfaces/msg/detail/cooked_ramen__type_support.cpp.o[0m
[4.432s] [ 63%] [32m[1mLinking C shared library libramen_interfaces__rosidl_typesupport_introspection_c.so[0m
[4.543s] [ 63%] Built target ramen_interfaces__rosidl_typesupport_c
[4.579s] [ 63%] Built target ramen_interfaces__rosidl_typesupport_introspection_c
[6.386s] [ 66%] [32mBuilding CXX object CMakeFiles/ramen_interfaces__rosidl_typesupport_fastrtps_c.dir/rosidl_typesupport_fastrtps_c/ramen_interfaces/action/detail/request_remake__type_support_c.cpp.o[0m
[6.387s] [ 66%] [32mBuilding CXX object CMakeFiles/ramen_interfaces__rosidl_typesupport_fastrtps_c.dir/rosidl_typesupport_fastrtps_c/ramen_interfaces/msg/detail/cooked_ramen__type_support_c.cpp.o[0m
[6.387s] [ 68%] [32mBuilding CXX object CMakeFiles/ramen_interfaces__rosidl_typesupport_fastrtps_c.dir/rosidl_typesupport_fastrtps_c/ramen_interfaces/msg/detail/ramen_order__type_support_c.cpp.o[0m
[6.387s] [ 68%] [32mBuilding CXX object CMakeFiles/ramen_interfaces__rosidl_typesupport_fastrtps_c.dir/rosidl_typesupport_fastrtps_c/ramen_interfaces/srv/detail/pay_order__type_support_c.cpp.o[0m
[6.387s] [ 70%] [32mBuilding CXX object CMakeFiles/ramen_interfaces__rosidl_typesupport_fastrtps_c.dir/rosidl_typesupport_fastrtps_c/ramen_interfaces/action/detail/serve_ramen__type_support_c.cpp.o[0m
[6.545s] [ 72%] [32mBuilding CXX object CMakeFiles/ramen_interfaces__rosidl_typesupport_fastrtps_cpp.dir/rosidl_typesupport_fastrtps_cpp/ramen_interfaces/msg/detail/dds_fastrtps/cooked_ramen__type_support.cpp.o[0m
[6.545s] [ 72%] [32mBuilding CXX object CMakeFiles/ramen_interfaces__rosidl_typesupport_fastrtps_cpp.dir/rosidl_typesupport_fastrtps_cpp/ramen_interfaces/action/detail/dds_fastrtps/request_remake__type_support.cpp.o[0m
[6.546s] [ 74%] [32mBuilding CXX object CMakeFiles/ramen_interfaces__rosidl_typesupport_fastrtps_cpp.dir/rosidl_typesupport_fastrtps_cpp/ramen_interfaces/msg/detail/dds_fastrtps/ramen_order__type_support.cpp.o[0m
[6.546s] [ 75%] [32mBuilding CXX object CMakeFiles/ramen_interfaces__rosidl_typesupport_fastrtps_cpp.dir/rosidl_typesupport_fastrtps_cpp/ramen_interfaces/action/detail/dds_fastrtps/serve_ramen__type_support.cpp.o[0m
[6.552s] [ 77%] [32mBuilding CXX object CMakeFiles/ramen_interfaces__rosidl_typesupport_fastrtps_cpp.dir/rosidl_typesupport_fastrtps_cpp/ramen_interfaces/srv/detail/dds_fastrtps/pay_order__type_support.cpp.o[0m
[7.005s] [ 78%] [32m[1mLinking CXX shared library libramen_interfaces__rosidl_typesupport_cpp.so[0m
[7.068s] [ 79%] [32m[1mLinking CXX shared library libramen_interfaces__rosidl_typesupport_introspection_cpp.so[0m
[7.236s] [ 79%] Built target ramen_interfaces__rosidl_typesupport_cpp
[7.290s] [ 79%] Built target ramen_interfaces__rosidl_typesupport_introspection_cpp
[7.545s] [ 81%] [32m[1mLinking CXX shared library libramen_interfaces__rosidl_typesupport_fastrtps_c.so[0m
[7.708s] [ 81%] Built target ramen_interfaces__rosidl_typesupport_fastrtps_c
[7.933s] [ 82%] [32m[1mLinking CXX shared library libramen_interfaces__rosidl_typesupport_fastrtps_cpp.so[0m
[8.070s] [ 82%] Built target ramen_interfaces__rosidl_typesupport_fastrtps_cpp
[8.088s] [ 82%] Built target ramen_interfaces
[8.108s] [ 83%] [34m[1mGenerating Python code for ROS interfaces[0m
[9.338s] [ 83%] Built target ramen_interfaces__py
[9.367s] [ 86%] [32mBuilding C object CMakeFiles/ramen_interfaces__rosidl_generator_py.dir/rosidl_generator_py/ramen_interfaces/action/_request_remake_s.c.o[0m
[9.368s] [ 86%] [32mBuilding C object CMakeFiles/ramen_interfaces__rosidl_generator_py.dir/rosidl_generator_py/ramen_interfaces/msg/_ramen_order_s.c.o[0m
[9.371s] [ 87%] [32mBuilding C object CMakeFiles/ramen_interfaces__rosidl_generator_py.dir/rosidl_generator_py/ramen_interfaces/action/_serve_ramen_s.c.o[0m
[9.372s] [ 89%] [32mBuilding C object CMakeFiles/ramen_interfaces__rosidl_generator_py.dir/rosidl_generator_py/ramen_interfaces/msg/_cooked_ramen_s.c.o[0m
[9.372s] [ 90%] [32mBuilding C object CMakeFiles/ramen_interfaces__rosidl_generator_py.dir/rosidl_generator_py/ramen_interfaces/srv/_pay_order_s.c.o[0m
[9.569s] [ 91%] [32m[1mLinking C shared library libramen_interfaces__rosidl_generator_py.so[0m
[9.647s] [ 91%] Built target ramen_interfaces__rosidl_generator_py
[9.670s] [ 93%] [32mBuilding C object CMakeFiles/ramen_interfaces_s__rosidl_typesupport_introspection_c.dir/rosidl_generator_py/ramen_interfaces/_ramen_interfaces_s.ep.rosidl_typesupport_introspection_c.c.o[0m
[9.672s] [ 94%] [32mBuilding C object CMakeFiles/ramen_interfaces_s__rosidl_typesupport_fastrtps_c.dir/rosidl_generator_py/ramen_interfaces/_ramen_interfaces_s.ep.rosidl_typesupport_fastrtps_c.c.o[0m
[9.673s] [ 95%] [32mBuilding C object CMakeFiles/ramen_interfaces_s__rosidl_typesupport_c.dir/rosidl_generator_py/ramen_interfaces/_ramen_interfaces_s.ep.rosidl_typesupport_c.c.o[0m
[9.807s] [ 97%] [32m[1mLinking C shared module rosidl_generator_py/ramen_interfaces/ramen_interfaces_s__rosidl_typesupport_fastrtps_c.so[0m
[9.814s] [ 98%] [32m[1mLinking C shared module rosidl_generator_py/ramen_interfaces/ramen_interfaces_s__rosidl_typesupport_introspection_c.so[0m
[9.822s] [100%] [32m[1mLinking C shared module rosidl_generator_py/ramen_interfaces/ramen_interfaces_s__rosidl_typesupport_c.so[0m
[9.884s] [100%] Built target ramen_interfaces_s__rosidl_typesupport_fastrtps_c
[9.889s] [100%] Built target ramen_interfaces_s__rosidl_typesupport_introspection_c
[9.898s] [100%] Built target ramen_interfaces_s__rosidl_typesupport_c
[9.909s] Invoked command in '/home/shiha/ros2_termproject/build/ramen_interfaces' returned '0': CMAKE_PREFIX_PATH=${CMAKE_PREFIX_PATH}:/home/shiha/ros2_termproject/install/ramen_table:/home/shiha/ros2_termproject/install/ramen_serving:/home/shiha/ros2_termproject/install/ramen_kitchen:/home/shiha/my_ws/install/using_my_custom_interface_package:/home/shiha/my_ws/install/time_sync:/home/shiha/my_ws/install/my_rclpy_package:/home/shiha/my_ws/install/learning_tf2:/home/shiha/my_ws/install/gz_demo:/opt/ros/jazzy /usr/bin/cmake --build /home/shiha/ros2_termproject/build/ramen_interfaces -- -j18 -l18
[9.918s] Invoking command in '/home/shiha/ros2_termproject/build/ramen_interfaces': CMAKE_PREFIX_PATH=${CMAKE_PREFIX_PATH}:/home/shiha/ros2_termproject/install/ramen_table:/home/shiha/ros2_termproject/install/ramen_serving:/home/shiha/ros2_termproject/install/ramen_kitchen:/home/shiha/my_ws/install/using_my_custom_interface_package:/home/shiha/my_ws/install/time_sync:/home/shiha/my_ws/install/my_rclpy_package:/home/shiha/my_ws/install/learning_tf2:/home/shiha/my_ws/install/gz_demo:/opt/ros/jazzy /usr/bin/cmake --install /home/shiha/ros2_termproject/build/ramen_interfaces
[9.932s] -- Install configuration: ""
[9.932s] -- Installing: /home/shiha/ros2_termproject/install/ramen_interfaces/share/ament_index/resource_index/rosidl_interfaces/ramen_interfaces
[9.932s] -- Installing: /home/shiha/ros2_termproject/install/ramen_interfaces/share/ramen_interfaces/msg/RamenOrder.json
[9.933s] -- Installing: /home/shiha/ros2_termproject/install/ramen_interfaces/share/ramen_interfaces/msg/CookedRamen.json
[9.933s] -- Installing: /home/shiha/ros2_termproject/install/ramen_interfaces/share/ramen_interfaces/action/ServeRamen.json
[9.933s] -- Installing: /home/shiha/ros2_termproject/install/ramen_interfaces/share/ramen_interfaces/action/RequestRemake.json
[9.933s] -- Installing: /home/shiha/ros2_termproject/install/ramen_interfaces/share/ramen_interfaces/srv/PayOrder.json
[9.934s] -- Up-to-date: /home/shiha/ros2_termproject/install/ramen_interfaces/include/ramen_interfaces/ramen_interfaces
[9.934s] -- Up-to-date: /home/shiha/ros2_termproject/install/ramen_interfaces/include/ramen_interfaces/ramen_interfaces/msg
[9.934s] -- Installing: /home/shiha/ros2_termproject/install/ramen_interfaces/include/ramen_interfaces/ramen_interfaces/msg/cooked_ramen.h
[9.934s] -- Installing: /home/shiha/ros2_termproject/install/ramen_interfaces/include/ramen_interfaces/ramen_interfaces/msg/ramen_order.h
[9.934s] -- Up-to-date: /home/shiha/ros2_termproject/install/ramen_interfaces/include/ramen_interfaces/ramen_interfaces/msg/rosidl_generator_c__visibility_control.h
[9.934s] -- Up-to-date: /home/shiha/ros2_termproject/install/ramen_interfaces/include/ramen_interfaces/ramen_interfaces/msg/detail
[9.934s] -- Installing: /home/shiha/ros2_termproject/install/ramen_interfaces/include/ramen_interfaces/ramen_interfaces/msg/detail/cooked_ramen__type_support.c
[9.935s] -- Installing: /home/shiha/ros2_termproject/install/ramen_interfaces/include/ramen_interfaces/ramen_interfaces/msg/detail/ramen_order__functions.h
[9.935s] -- Installing: /home/shiha/ros2_termproject/install/ramen_interfaces/include/ramen_interfaces/ramen_interfaces/msg/detail/cooked_ramen__struct.h
[9.935s] -- Installing: /home/shiha/ros2_termproject/install/ramen_interfaces/include/ramen_interfaces/ramen_interfaces/msg/detail/ramen_order__description.c
[9.935s] -- Installing: /home/shiha/ros2_termproject/install/ramen_interfaces/include/ramen_interfaces/ramen_interfaces/msg/detail/cooked_ramen__type_support.h
[9.935s] -- Installing: /home/shiha/ros2_termproject/install/ramen_interfaces/include/ramen_interfaces/ramen_interfaces/msg/detail/ramen_order__struct.h
[9.936s] -- Installing: /home/shiha/ros2_termproject/install/ramen_interfaces/include/ramen_interfaces/ramen_interfaces/msg/detail/ramen_order__type_support.h
[9.936s] -- Installing: /home/shiha/ros2_termproject/install/ramen_interfaces/include/ramen_interfaces/ramen_interfaces/msg/detail/cooked_ramen__functions.h
[9.936s] -- Installing: /home/shiha/ros2_termproject/install/ramen_interfaces/include/ramen_interfaces/ramen_interfaces/msg/detail/ramen_order__functions.c
[9.936s] -- Installing: /home/shiha/ros2_termproject/install/ramen_interfaces/include/ramen_interfaces/ramen_interfaces/msg/detail/cooked_ramen__description.c
[9.936s] -- Installing: /home/shiha/ros2_termproject/install/ramen_interfaces/include/ramen_interfaces/ramen_interfaces/msg/detail/cooked_ramen__functions.c
[9.936s] -- Installing: /home/shiha/ros2_termproject/install/ramen_interfaces/include/ramen_interfaces/ramen_interfaces/msg/detail/ramen_order__type_support.c
[9.937s] -- Up-to-date: /home/shiha/ros2_termproject/install/ramen_interfaces/include/ramen_interfaces/ramen_interfaces/action
[9.937s] -- Up-to-date: /home/shiha/ros2_termproject/install/ramen_interfaces/include/ramen_interfaces/ramen_interfaces/action/detail
[9.937s] -- Installing: /home/shiha/ros2_termproject/install/ramen_interfaces/include/ramen_interfaces/ramen_interfaces/action/detail/request_remake__type_support.c
[9.940s] -- Installing: /home/shiha/ros2_termproject/install/ramen_interfaces/include/ramen_interfaces/ramen_interfaces/action/detail/request_remake__type_support.h
[9.940s] -- Installing: /home/shiha/ros2_termproject/install/ramen_interfaces/include/ramen_interfaces/ramen_interfaces/action/detail/serve_ramen__struct.h
[9.940s] -- Installing: /home/shiha/ros2_termproject/install/ramen_interfaces/include/ramen_interfaces/ramen_interfaces/action/detail/serve_ramen__functions.h
[9.940s] -- Installing: /home/shiha/ros2_termproject/install/ramen_interfaces/include/ramen_interfaces/ramen_interfaces/action/detail/request_remake__functions.c
[9.941s] -- Installing: /home/shiha/ros2_termproject/install/ramen_interfaces/include/ramen_interfaces/ramen_interfaces/action/detail/serve_ramen__type_support.c
[9.941s] -- Installing: /home/shiha/ros2_termproject/install/ramen_interfaces/include/ramen_interfaces/ramen_interfaces/action/detail/serve_ramen__functions.c
[9.942s] -- Installing: /home/shiha/ros2_termproject/install/ramen_interfaces/include/ramen_interfaces/ramen_interfaces/action/detail/serve_ramen__type_support.h
[9.942s] -- Installing: /home/shiha/ros2_termproject/install/ramen_interfaces/include/ramen_interfaces/ramen_interfaces/action/detail/serve_ramen__description.c
[9.943s] -- Installing: /home/shiha/ros2_termproject/install/ramen_interfaces/include/ramen_interfaces/ramen_interfaces/action/detail/request_remake__functions.h
[9.943s] -- Installing: /home/shiha/ros2_termproject/install/ramen_interfaces/include/ramen_interfaces/ramen_interfaces/action/detail/request_remake__struct.h
[9.943s] -- Installing: /home/shiha/ros2_termproject/install/ramen_interfaces/include/ramen_interfaces/ramen_interfaces/action/detail/request_remake__description.c
[9.943s] -- Installing: /home/shiha/ros2_termproject/install/ramen_interfaces/include/ramen_interfaces/ramen_interfaces/action/serve_ramen.h
[9.943s] -- Installing: /home/shiha/ros2_termproject/install/ramen_interfaces/include/ramen_interfaces/ramen_interfaces/action/request_remake.h
[9.944s] -- Installing: /home/shiha/ros2_termproject/install/ramen_interfaces/include/ramen_interfaces/ramen_interfaces/srv
[9.944s] -- Installing: /home/shiha/ros2_termproject/install/ramen_interfaces/include/ramen_interfaces/ramen_interfaces/srv/detail
[9.944s] -- Installing: /home/shiha/ros2_termproject/install/ramen_interfaces/include/ramen_interfaces/ramen_interfaces/srv/detail/pay_order__description.c
[9.945s] -- Installing: /home/shiha/ros2_termproject/install/ramen_interfaces/include/ramen_interfaces/ramen_interfaces/srv/detail/pay_order__type_support.c
[9.945s] -- Installing: /home/shiha/ros2_termproject/install/ramen_interfaces/include/ramen_interfaces/ramen_interfaces/srv/detail/pay_order__type_support.h
[9.945s] -- Installing: /home/shiha/ros2_termproject/install/ramen_interfaces/include/ramen_interfaces/ramen_interfaces/srv/detail/pay_order__struct.h
[9.945s] -- Installing: /home/shiha/ros2_termproject/install/ramen_interfaces/include/ramen_interfaces/ramen_interfaces/srv/detail/pay_order__functions.c
[9.945s] -- Installing: /home/shiha/ros2_termproject/install/ramen_interfaces/include/ramen_interfaces/ramen_interfaces/srv/detail/pay_order__functions.h
[9.946s] -- Installing: /home/shiha/ros2_termproject/install/ramen_interfaces/include/ramen_interfaces/ramen_interfaces/srv/pay_order.h
[9.946s] -- Up-to-date: /home/shiha/ros2_termproject/install/ramen_interfaces/share/ramen_interfaces/environment/library_path.sh
[9.946s] -- Up-to-date: /home/shiha/ros2_termproject/install/ramen_interfaces/share/ramen_interfaces/environment/library_path.dsv
[9.946s] -- Installing: /home/shiha/ros2_termproject/install/ramen_interfaces/lib/libramen_interfaces__rosidl_generator_c.so
[9.947s] -- Set non-toolchain portion of runtime path of "/home/shiha/ros2_termproject/install/ramen_interfaces/lib/libramen_interfaces__rosidl_generator_c.so" to ""
[9.947s] -- Up-to-date: /home/shiha/ros2_termproject/install/ramen_interfaces/include/ramen_interfaces/ramen_interfaces
[9.947s] -- Up-to-date: /home/shiha/ros2_termproject/install/ramen_interfaces/include/ramen_interfaces/ramen_interfaces/msg
[9.947s] -- Up-to-date: /home/shiha/ros2_termproject/install/ramen_interfaces/include/ramen_interfaces/ramen_interfaces/msg/detail
[9.947s] -- Installing: /home/shiha/ros2_termproject/install/ramen_interfaces/include/ramen_interfaces/ramen_interfaces/msg/detail/cooked_ramen__rosidl_typesupport_fastrtps_c.h
[9.947s] -- Installing: /home/shiha/ros2_termproject/install/ramen_interfaces/include/ramen_interfaces/ramen_interfaces/msg/detail/ramen_order__rosidl_typesupport_fastrtps_c.h
[9.947s] -- Up-to-date: /home/shiha/ros2_termproject/install/ramen_interfaces/include/ramen_interfaces/ramen_interfaces/msg/rosidl_typesupport_fastrtps_c__visibility_control.h
[9.947s] -- Up-to-date: /home/shiha/ros2_termproject/install/ramen_interfaces/include/ramen_interfaces/ramen_interfaces/action
[9.947s] -- Up-to-date: /home/shiha/ros2_termproject/install/ramen_interfaces/include/ramen_interfaces/ramen_interfaces/action/detail
[9.947s] -- Installing: /home/shiha/ros2_termproject/install/ramen_interfaces/include/ramen_interfaces/ramen_interfaces/action/detail/serve_ramen__rosidl_typesupport_fastrtps_c.h
[9.947s] -- Installing: /home/shiha/ros2_termproject/install/ramen_interfaces/include/ramen_interfaces/ramen_interfaces/action/detail/request_remake__rosidl_typesupport_fastrtps_c.h
[9.947s] -- Up-to-date: /home/shiha/ros2_termproject/install/ramen_interfaces/include/ramen_interfaces/ramen_interfaces/srv
[9.948s] -- Up-to-date: /home/shiha/ros2_termproject/install/ramen_interfaces/include/ramen_interfaces/ramen_interfaces/srv/detail
[9.948s] -- Installing: /home/shiha/ros2_termproject/install/ramen_interfaces/include/ramen_interfaces/ramen_interfaces/srv/detail/pay_order__rosidl_typesupport_fastrtps_c.h
[9.948s] -- Installing: /home/shiha/ros2_termproject/install/ramen_interfaces/lib/libramen_interfaces__rosidl_typesupport_fastrtps_c.so
[9.948s] -- Set non-toolchain portion of runtime path of "/home/shiha/ros2_termproject/install/ramen_interfaces/lib/libramen_interfaces__rosidl_typesupport_fastrtps_c.so" to ""
[9.948s] -- Up-to-date: /home/shiha/ros2_termproject/install/ramen_interfaces/include/ramen_interfaces/ramen_interfaces
[9.948s] -- Up-to-date: /home/shiha/ros2_termproject/install/ramen_interfaces/include/ramen_interfaces/ramen_interfaces/msg
[9.948s] -- Up-to-date: /home/shiha/ros2_termproject/install/ramen_interfaces/include/ramen_interfaces/ramen_interfaces/msg/rosidl_typesupport_introspection_c__visibility_control.h
[9.948s] -- Up-to-date: /home/shiha/ros2_termproject/install/ramen_interfaces/include/ramen_interfaces/ramen_interfaces/msg/detail
[9.948s] -- Installing: /home/shiha/ros2_termproject/install/ramen_interfaces/include/ramen_interfaces/ramen_interfaces/msg/detail/ramen_order__rosidl_typesupport_introspection_c.h
[9.948s] -- Installing: /home/shiha/ros2_termproject/install/ramen_interfaces/include/ramen_interfaces/ramen_interfaces/msg/detail/cooked_ramen__type_support.c
[9.949s] -- Installing: /home/shiha/ros2_termproject/install/ramen_interfaces/include/ramen_interfaces/ramen_interfaces/msg/detail/cooked_ramen__rosidl_typesupport_introspection_c.h
[9.949s] -- Installing: /home/shiha/ros2_termproject/install/ramen_interfaces/include/ramen_interfaces/ramen_interfaces/msg/detail/ramen_order__type_support.c
[9.949s] -- Up-to-date: /home/shiha/ros2_termproject/install/ramen_interfaces/include/ramen_interfaces/ramen_interfaces/action
[9.949s] -- Up-to-date: /home/shiha/ros2_termproject/install/ramen_interfaces/include/ramen_interfaces/ramen_interfaces/action/detail
[9.949s] -- Installing: /home/shiha/ros2_termproject/install/ramen_interfaces/include/ramen_interfaces/ramen_interfaces/action/detail/request_remake__type_support.c
[9.949s] -- Installing: /home/shiha/ros2_termproject/install/ramen_interfaces/include/ramen_interfaces/ramen_interfaces/action/detail/serve_ramen__type_support.c
[9.949s] -- Installing: /home/shiha/ros2_termproject/install/ramen_interfaces/include/ramen_interfaces/ramen_interfaces/action/detail/serve_ramen__rosidl_typesupport_introspection_c.h
[9.949s] -- Installing: /home/shiha/ros2_termproject/install/ramen_interfaces/include/ramen_interfaces/ramen_interfaces/action/detail/request_remake__rosidl_typesupport_introspection_c.h
[9.949s] -- Up-to-date: /home/shiha/ros2_termproject/install/ramen_interfaces/include/ramen_interfaces/ramen_interfaces/srv
[9.950s] -- Up-to-date: /home/shiha/ros2_termproject/install/ramen_interfaces/include/ramen_interfaces/ramen_interfaces/srv/detail
[9.950s] -- Installing: /home/shiha/ros2_termproject/install/ramen_interfaces/include/ramen_interfaces/ramen_interfaces/srv/detail/pay_order__type_support.c
[9.950s] -- Installing: /home/shiha/ros2_termproject/install/ramen_interfaces/include/ramen_interfaces/ramen_interfaces/srv/detail/pay_order__rosidl_typesupport_introspection_c.h
[9.950s] -- Installing: /home/shiha/ros2_termproject/install/ramen_interfaces/lib/libramen_interfaces__rosidl_typesupport_introspection_c.so
[9.950s] -- Set non-toolchain portion of runtime path of "/home/shiha/ros2_termproject/install/ramen_interfaces/lib/libramen_interfaces__rosidl_typesupport_introspection_c.so" to ""
[9.950s] -- Installing: /home/shiha/ros2_termproject/install/ramen_interfaces/lib/libramen_interfaces__rosidl_typesupport_c.so
[9.950s] -- Set non-toolchain portion of runtime path of "/home/shiha/ros2_termproject/install/ramen_interfaces/lib/libramen_interfaces__rosidl_typesupport_c.so" to ""
[9.950s] -- Up-to-date: /home/shiha/ros2_termproject/install/ramen_interfaces/include/ramen_interfaces/ramen_interfaces
[9.950s] -- Up-to-date: /home/shiha/ros2_termproject/install/ramen_interfaces/include/ramen_interfaces/ramen_interfaces/msg
[9.950s] -- Installing: /home/shiha/ros2_termproject/install/ramen_interfaces/include/ramen_interfaces/ramen_interfaces/msg/cooked_ramen.hpp
[9.950s] -- Installing: /home/shiha/ros2_termproject/install/ramen_interfaces/include/ramen_interfaces/ramen_interfaces/msg/rosidl_generator_cpp__visibility_control.hpp
[9.950s] -- Up-to-date: /home/shiha/ros2_termproject/install/ramen_interfaces/include/ramen_interfaces/ramen_interfaces/msg/detail
[9.951s] -- Installing: /home/shiha/ros2_termproject/install/ramen_interfaces/include/ramen_interfaces/ramen_interfaces/msg/detail/cooked_ramen__type_support.hpp
[9.951s] -- Installing: /home/shiha/ros2_termproject/install/ramen_interfaces/include/ramen_interfaces/ramen_interfaces/msg/detail/cooked_ramen__struct.hpp
[9.951s] -- Installing: /home/shiha/ros2_termproject/install/ramen_interfaces/include/ramen_interfaces/ramen_interfaces/msg/detail/cooked_ramen__traits.hpp
[9.951s] -- Installing: /home/shiha/ros2_termproject/install/ramen_interfaces/include/ramen_interfaces/ramen_interfaces/msg/detail/ramen_order__builder.hpp
[9.952s] -- Installing: /home/shiha/ros2_termproject/install/ramen_interfaces/include/ramen_interfaces/ramen_interfaces/msg/detail/ramen_order__type_support.hpp
[9.952s] -- Installing: /home/shiha/ros2_termproject/install/ramen_interfaces/include/ramen_interfaces/ramen_interfaces/msg/detail/cooked_ramen__builder.hpp
[9.952s] -- Installing: /home/shiha/ros2_termproject/install/ramen_interfaces/include/ramen_interfaces/ramen_interfaces/msg/detail/ramen_order__struct.hpp
[9.952s] -- Installing: /home/shiha/ros2_termproject/install/ramen_interfaces/include/ramen_interfaces/ramen_interfaces/msg/detail/ramen_order__traits.hpp
[9.953s] -- Installing: /home/shiha/ros2_termproject/install/ramen_interfaces/include/ramen_interfaces/ramen_interfaces/msg/ramen_order.hpp
[9.953s] -- Up-to-date: /home/shiha/ros2_termproject/install/ramen_interfaces/include/ramen_interfaces/ramen_interfaces/action
[9.953s] -- Installing: /home/shiha/ros2_termproject/install/ramen_interfaces/include/ramen_interfaces/ramen_interfaces/action/serve_ramen.hpp
[9.953s] -- Installing: /home/shiha/ros2_termproject/install/ramen_interfaces/include/ramen_interfaces/ramen_interfaces/action/request_remake.hpp
[9.953s] -- Up-to-date: /home/shiha/ros2_termproject/install/ramen_interfaces/include/ramen_interfaces/ramen_interfaces/action/detail
[9.953s] -- Installing: /home/shiha/ros2_termproject/install/ramen_interfaces/include/ramen_interfaces/ramen_interfaces/action/detail/serve_ramen__traits.hpp
[9.954s] -- Installing: /home/shiha/ros2_termproject/install/ramen_interfaces/include/ramen_interfaces/ramen_interfaces/action/detail/serve_ramen__struct.hpp
[9.954s] -- Installing: /home/shiha/ros2_termproject/install/ramen_interfaces/include/ramen_interfaces/ramen_interfaces/action/detail/request_remake__struct.hpp
[9.954s] -- Installing: /home/shiha/ros2_termproject/install/ramen_interfaces/include/ramen_interfaces/ramen_interfaces/action/detail/request_remake__traits.hpp
[9.955s] -- Installing: /home/shiha/ros2_termproject/install/ramen_interfaces/include/ramen_interfaces/ramen_interfaces/action/detail/serve_ramen__builder.hpp
[9.955s] -- Installing: /home/shiha/ros2_termproject/install/ramen_interfaces/include/ramen_interfaces/ramen_interfaces/action/detail/request_remake__type_support.hpp
[9.955s] -- Installing: /home/shiha/ros2_termproject/install/ramen_interfaces/include/ramen_interfaces/ramen_interfaces/action/detail/serve_ramen__type_support.hpp
[9.956s] -- Installing: /home/shiha/ros2_termproject/install/ramen_interfaces/include/ramen_interfaces/ramen_interfaces/action/detail/request_remake__builder.hpp
[9.956s] -- Up-to-date: /home/shiha/ros2_termproject/install/ramen_interfaces/include/ramen_interfaces/ramen_interfaces/srv
[9.956s] -- Up-to-date: /home/shiha/ros2_termproject/install/ramen_interfaces/include/ramen_interfaces/ramen_interfaces/srv/detail
[9.956s] -- Installing: /home/shiha/ros2_termproject/install/ramen_interfaces/include/ramen_interfaces/ramen_interfaces/srv/detail/pay_order__builder.hpp
[9.956s] -- Installing: /home/shiha/ros2_termproject/install/ramen_interfaces/include/ramen_interfaces/ramen_interfaces/srv/detail/pay_order__type_support.hpp
[9.957s] -- Installing: /home/shiha/ros2_termproject/install/ramen_interfaces/include/ramen_interfaces/ramen_interfaces/srv/detail/pay_order__traits.hpp
[9.957s] -- Installing: /home/shiha/ros2_termproject/install/ramen_interfaces/include/ramen_interfaces/ramen_interfaces/srv/detail/pay_order__struct.hpp
[9.957s] -- Installing: /home/shiha/ros2_termproject/install/ramen_interfaces/include/ramen_interfaces/ramen_interfaces/srv/pay_order.hpp
[9.957s] -- Up-to-date: /home/shiha/ros2_termproject/install/ramen_interfaces/include/ramen_interfaces/ramen_interfaces
[9.958s] -- Up-to-date: /home/shiha/ros2_termproject/install/ramen_interfaces/include/ramen_interfaces/ramen_interfaces/msg
[9.958s] -- Up-to-date: /home/shiha/ros2_termproject/install/ramen_interfaces/include/ramen_interfaces/ramen_interfaces/msg/detail
[9.958s] -- Installing: /home/shiha/ros2_termproject/install/ramen_interfaces/include/ramen_interfaces/ramen_interfaces/msg/detail/ramen_order__rosidl_typesupport_fastrtps_cpp.hpp
[9.958s] -- Up-to-date: /home/shiha/ros2_termproject/install/ramen_interfaces/include/ramen_interfaces/ramen_interfaces/msg/detail/dds_fastrtps
[9.958s] -- Installing: /home/shiha/ros2_termproject/install/ramen_interfaces/include/ramen_interfaces/ramen_interfaces/msg/detail/cooked_ramen__rosidl_typesupport_fastrtps_cpp.hpp
[9.958s] -- Up-to-date: /home/shiha/ros2_termproject/install/ramen_interfaces/include/ramen_interfaces/ramen_interfaces/msg/rosidl_typesupport_fastrtps_cpp__visibility_control.h
[9.959s] -- Up-to-date: /home/shiha/ros2_termproject/install/ramen_interfaces/include/ramen_interfaces/ramen_interfaces/action
[9.959s] -- Up-to-date: /home/shiha/ros2_termproject/install/ramen_interfaces/include/ramen_interfaces/ramen_interfaces/action/detail
[9.959s] -- Installing: /home/shiha/ros2_termproject/install/ramen_interfaces/include/ramen_interfaces/ramen_interfaces/action/detail/request_remake__rosidl_typesupport_fastrtps_cpp.hpp
[9.959s] -- Up-to-date: /home/shiha/ros2_termproject/install/ramen_interfaces/include/ramen_interfaces/ramen_interfaces/action/detail/dds_fastrtps
[9.959s] -- Installing: /home/shiha/ros2_termproject/install/ramen_interfaces/include/ramen_interfaces/ramen_interfaces/action/detail/serve_ramen__rosidl_typesupport_fastrtps_cpp.hpp
[9.959s] -- Up-to-date: /home/shiha/ros2_termproject/install/ramen_interfaces/include/ramen_interfaces/ramen_interfaces/srv
[9.959s] -- Up-to-date: /home/shiha/ros2_termproject/install/ramen_interfaces/include/ramen_interfaces/ramen_interfaces/srv/detail
[9.959s] -- Installing: /home/shiha/ros2_termproject/install/ramen_interfaces/include/ramen_interfaces/ramen_interfaces/srv/detail/dds_fastrtps
[9.959s] -- Installing: /home/shiha/ros2_termproject/install/ramen_interfaces/include/ramen_interfaces/ramen_interfaces/srv/detail/pay_order__rosidl_typesupport_fastrtps_cpp.hpp
[9.959s] -- Installing: /home/shiha/ros2_termproject/install/ramen_interfaces/lib/libramen_interfaces__rosidl_typesupport_fastrtps_cpp.so
[9.959s] -- Set non-toolchain portion of runtime path of "/home/shiha/ros2_termproject/install/ramen_interfaces/lib/libramen_interfaces__rosidl_typesupport_fastrtps_cpp.so" to ""
[9.959s] -- Up-to-date: /home/shiha/ros2_termproject/install/ramen_interfaces/include/ramen_interfaces/ramen_interfaces
[9.960s] -- Up-to-date: /home/shiha/ros2_termproject/install/ramen_interfaces/include/ramen_interfaces/ramen_interfaces/msg
[9.960s] -- Up-to-date: /home/shiha/ros2_termproject/install/ramen_interfaces/include/ramen_interfaces/ramen_interfaces/msg/detail
[9.960s] -- Installing: /home/shiha/ros2_termproject/install/ramen_interfaces/include/ramen_interfaces/ramen_interfaces/msg/detail/ramen_order__rosidl_typesupport_introspection_cpp.hpp
[9.960s] -- Installing: /home/shiha/ros2_termproject/install/ramen_interfaces/include/ramen_interfaces/ramen_interfaces/msg/detail/ramen_order__type_support.cpp
[9.960s] -- Installing: /home/shiha/ros2_termproject/install/ramen_interfaces/include/ramen_interfaces/ramen_interfaces/msg/detail/cooked_ramen__type_support.cpp
[9.960s] -- Installing: /home/shiha/ros2_termproject/install/ramen_interfaces/include/ramen_interfaces/ramen_interfaces/msg/detail/cooked_ramen__rosidl_typesupport_introspection_cpp.hpp
[9.960s] -- Up-to-date: /home/shiha/ros2_termproject/install/ramen_interfaces/include/ramen_interfaces/ramen_interfaces/action
[9.960s] -- Up-to-date: /home/shiha/ros2_termproject/install/ramen_interfaces/include/ramen_interfaces/ramen_interfaces/action/detail
[9.960s] -- Installing: /home/shiha/ros2_termproject/install/ramen_interfaces/include/ramen_interfaces/ramen_interfaces/action/detail/request_remake__rosidl_typesupport_introspection_cpp.hpp
[9.960s] -- Installing: /home/shiha/ros2_termproject/install/ramen_interfaces/include/ramen_interfaces/ramen_interfaces/action/detail/request_remake__type_support.cpp
[9.960s] -- Installing: /home/shiha/ros2_termproject/install/ramen_interfaces/include/ramen_interfaces/ramen_interfaces/action/detail/serve_ramen__rosidl_typesupport_introspection_cpp.hpp
[9.961s] -- Installing: /home/shiha/ros2_termproject/install/ramen_interfaces/include/ramen_interfaces/ramen_interfaces/action/detail/serve_ramen__type_support.cpp
[9.961s] -- Up-to-date: /home/shiha/ros2_termproject/install/ramen_interfaces/include/ramen_interfaces/ramen_interfaces/srv
[9.961s] -- Up-to-date: /home/shiha/ros2_termproject/install/ramen_interfaces/include/ramen_interfaces/ramen_interfaces/srv/detail
[9.961s] -- Installing: /home/shiha/ros2_termproject/install/ramen_interfaces/include/ramen_interfaces/ramen_interfaces/srv/detail/pay_order__rosidl_typesupport_introspection_cpp.hpp
[9.961s] -- Installing: /home/shiha/ros2_termproject/install/ramen_interfaces/include/ramen_interfaces/ramen_interfaces/srv/detail/pay_order__type_support.cpp
[9.961s] -- Installing: /home/shiha/ros2_termproject/install/ramen_interfaces/lib/libramen_interfaces__rosidl_typesupport_introspection_cpp.so
[9.961s] -- Set non-toolchain portion of runtime path of "/home/shiha/ros2_termproject/install/ramen_interfaces/lib/libramen_interfaces__rosidl_typesupport_introspection_cpp.so" to ""
[9.961s] -- Installing: /home/shiha/ros2_termproject/install/ramen_interfaces/lib/libramen_interfaces__rosidl_typesupport_cpp.so
[9.962s] -- Set non-toolchain portion of runtime path of "/home/shiha/ros2_termproject/install/ramen_interfaces/lib/libramen_interfaces__rosidl_typesupport_cpp.so" to ""
[9.962s] -- Up-to-date: /home/shiha/ros2_termproject/install/ramen_interfaces/share/ramen_interfaces/environment/pythonpath.sh
[9.962s] -- Up-to-date: /home/shiha/ros2_termproject/install/ramen_interfaces/share/ramen_interfaces/environment/pythonpath.dsv
[9.962s] -- Up-to-date: /home/shiha/ros2_termproject/install/ramen_interfaces/lib/python3.12/site-packages/ramen_interfaces-0.0.0-py3.12.egg-info
[9.962s] -- Installing: /home/shiha/ros2_termproject/install/ramen_interfaces/lib/python3.12/site-packages/ramen_interfaces-0.0.0-py3.12.egg-info/dependency_links.txt
[9.962s] -- Installing: /home/shiha/ros2_termproject/install/ramen_interfaces/lib/python3.12/site-packages/ramen_interfaces-0.0.0-py3.12.egg-info/SOURCES.txt
[9.963s] -- Installing: /home/shiha/ros2_termproject/install/ramen_interfaces/lib/python3.12/site-packages/ramen_interfaces-0.0.0-py3.12.egg-info/top_level.txt
[9.963s] -- Installing: /home/shiha/ros2_termproject/install/ramen_interfaces/lib/python3.12/site-packages/ramen_interfaces-0.0.0-py3.12.egg-info/PKG-INFO
[9.963s] -- Up-to-date: /home/shiha/ros2_termproject/install/ramen_interfaces/lib/python3.12/site-packages/ramen_interfaces
[9.963s] -- Up-to-date: /home/shiha/ros2_termproject/install/ramen_interfaces/lib/python3.12/site-packages/ramen_interfaces/msg
[9.963s] -- Installing: /home/shiha/ros2_termproject/install/ramen_interfaces/lib/python3.12/site-packages/ramen_interfaces/msg/_cooked_ramen.py
[9.964s] -- Installing: /home/shiha/ros2_termproject/install/ramen_interfaces/lib/python3.12/site-packages/ramen_interfaces/msg/_ramen_order_s.c
[9.964s] -- Installing: /home/shiha/ros2_termproject/install/ramen_interfaces/lib/python3.12/site-packages/ramen_interfaces/msg/_cooked_ramen_s.c
[9.964s] -- Installing: /home/shiha/ros2_termproject/install/ramen_interfaces/lib/python3.12/site-packages/ramen_interfaces/msg/__init__.py
[9.964s] -- Installing: /home/shiha/ros2_termproject/install/ramen_interfaces/lib/python3.12/site-packages/ramen_interfaces/msg/_ramen_order.py
[9.964s] -- Installing: /home/shiha/ros2_termproject/install/ramen_interfaces/lib/python3.12/site-packages/ramen_interfaces/ramen_interfaces_s__rosidl_typesupport_fastrtps_c.so
[9.964s] -- Installing: /home/shiha/ros2_termproject/install/ramen_interfaces/lib/python3.12/site-packages/ramen_interfaces/_ramen_interfaces_s.ep.rosidl_typesupport_c.c
[9.964s] -- Installing: /home/shiha/ros2_termproject/install/ramen_interfaces/lib/python3.12/site-packages/ramen_interfaces/ramen_interfaces_s__rosidl_typesupport_introspection_c.so
[9.964s] -- Installing: /home/shiha/ros2_termproject/install/ramen_interfaces/lib/python3.12/site-packages/ramen_interfaces/_ramen_interfaces_s.ep.rosidl_typesupport_introspection_c.c
[9.964s] -- Up-to-date: /home/shiha/ros2_termproject/install/ramen_interfaces/lib/python3.12/site-packages/ramen_interfaces/action
[9.965s] -- Installing: /home/shiha/ros2_termproject/install/ramen_interfaces/lib/python3.12/site-packages/ramen_interfaces/action/_serve_ramen.py
[9.965s] -- Installing: /home/shiha/ros2_termproject/install/ramen_interfaces/lib/python3.12/site-packages/ramen_interfaces/action/_request_remake.py
[9.965s] -- Installing: /home/shiha/ros2_termproject/install/ramen_interfaces/lib/python3.12/site-packages/ramen_interfaces/action/_request_remake_s.c
[9.965s] -- Installing: /home/shiha/ros2_termproject/install/ramen_interfaces/lib/python3.12/site-packages/ramen_interfaces/action/__init__.py
[9.965s] -- Installing: /home/shiha/ros2_termproject/install/ramen_interfaces/lib/python3.12/site-packages/ramen_interfaces/action/_serve_ramen_s.c
[9.965s] -- Installing: /home/shiha/ros2_termproject/install/ramen_interfaces/lib/python3.12/site-packages/ramen_interfaces/srv
[9.965s] -- Installing: /home/shiha/ros2_termproject/install/ramen_interfaces/lib/python3.12/site-packages/ramen_interfaces/srv/_pay_order.py
[9.965s] -- Installing: /home/shiha/ros2_termproject/install/ramen_interfaces/lib/python3.12/site-packages/ramen_interfaces/srv/_pay_order_s.c
[9.965s] -- Installing: /home/shiha/ros2_termproject/install/ramen_interfaces/lib/python3.12/site-packages/ramen_interfaces/srv/__init__.py
[9.966s] -- Installing: /home/shiha/ros2_termproject/install/ramen_interfaces/lib/python3.12/site-packages/ramen_interfaces/__init__.py
[9.966s] -- Installing: /home/shiha/ros2_termproject/install/ramen_interfaces/lib/python3.12/site-packages/ramen_interfaces/ramen_interfaces_s__rosidl_typesupport_c.so
[9.966s] -- Installing: /home/shiha/ros2_termproject/install/ramen_interfaces/lib/python3.12/site-packages/ramen_interfaces/_ramen_interfaces_s.ep.rosidl_typesupport_fastrtps_c.c
[10.024s] Listing '/home/shiha/ros2_termproject/install/ramen_interfaces/lib/python3.12/site-packages/ramen_interfaces'...
[10.024s] Compiling '/home/shiha/ros2_termproject/install/ramen_interfaces/lib/python3.12/site-packages/ramen_interfaces/__init__.py'...
[10.024s] Listing '/home/shiha/ros2_termproject/install/ramen_interfaces/lib/python3.12/site-packages/ramen_interfaces/action'...
[10.024s] Compiling '/home/shiha/ros2_termproject/install/ramen_interfaces/lib/python3.12/site-packages/ramen_interfaces/action/__init__.py'...
[10.024s] Compiling '/home/shiha/ros2_termproject/install/ramen_interfaces/lib/python3.12/site-packages/ramen_interfaces/action/_request_remake.py'...
[10.024s] Compiling '/home/shiha/ros2_termproject/install/ramen_interfaces/lib/python3.12/site-packages/ramen_interfaces/action/_serve_ramen.py'...
[10.024s] Listing '/home/shiha/ros2_termproject/install/ramen_interfaces/lib/python3.12/site-packages/ramen_interfaces/msg'...
[10.024s] Compiling '/home/shiha/ros2_termproject/install/ramen_interfaces/lib/python3.12/site-packages/ramen_interfaces/msg/__init__.py'...
[10.024s] Compiling '/home/shiha/ros2_termproject/install/ramen_interfaces/lib/python3.12/site-packages/ramen_interfaces/msg/_cooked_ramen.py'...
[10.024s] Compiling '/home/shiha/ros2_termproject/install/ramen_interfaces/lib/python3.12/site-packages/ramen_interfaces/msg/_ramen_order.py'...
[10.024s] Listing '/home/shiha/ros2_termproject/install/ramen_interfaces/lib/python3.12/site-packages/ramen_interfaces/srv'...
[10.024s] Compiling '/home/shiha/ros2_termproject/install/ramen_interfaces/lib/python3.12/site-packages/ramen_interfaces/srv/__init__.py'...
[10.024s] Compiling '/home/shiha/ros2_termproject/install/ramen_interfaces/lib/python3.12/site-packages/ramen_interfaces/srv/_pay_order.py'...
[10.029s] -- Installing: /home/shiha/ros2_termproject/install/ramen_interfaces/lib/python3.12/site-packages/ramen_interfaces/ramen_interfaces_s__rosidl_typesupport_fastrtps_c.so
[10.029s] -- Set non-toolchain portion of runtime path of "/home/shiha/ros2_termproject/install/ramen_interfaces/lib/python3.12/site-packages/ramen_interfaces/ramen_interfaces_s__rosidl_typesupport_fastrtps_c.so" to ""
[10.029s] -- Installing: /home/shiha/ros2_termproject/install/ramen_interfaces/lib/python3.12/site-packages/ramen_interfaces/ramen_interfaces_s__rosidl_typesupport_introspection_c.so
[10.030s] -- Set non-toolchain portion of runtime path of "/home/shiha/ros2_termproject/install/ramen_interfaces/lib/python3.12/site-packages/ramen_interfaces/ramen_interfaces_s__rosidl_typesupport_introspection_c.so" to ""
[10.030s] -- Installing: /home/shiha/ros2_termproject/install/ramen_interfaces/lib/python3.12/site-packages/ramen_interfaces/ramen_interfaces_s__rosidl_typesupport_c.so
[10.030s] -- Set non-toolchain portion of runtime path of "/home/shiha/ros2_termproject/install/ramen_interfaces/lib/python3.12/site-packages/ramen_interfaces/ramen_interfaces_s__rosidl_typesupport_c.so" to ""
[10.030s] -- Installing: /home/shiha/ros2_termproject/install/ramen_interfaces/lib/libramen_interfaces__rosidl_generator_py.so
[10.031s] -- Set non-toolchain portion of runtime path of "/home/shiha/ros2_termproject/install/ramen_interfaces/lib/libramen_interfaces__rosidl_generator_py.so" to ""
[10.031s] -- Up-to-date: /home/shiha/ros2_termproject/install/ramen_interfaces/share/ramen_interfaces/msg/RamenOrder.idl
[10.031s] -- Up-to-date: /home/shiha/ros2_termproject/install/ramen_interfaces/share/ramen_interfaces/msg/CookedRamen.idl
[10.031s] -- Up-to-date: /home/shiha/ros2_termproject/install/ramen_interfaces/share/ramen_interfaces/action/ServeRamen.idl
[10.031s] -- Up-to-date: /home/shiha/ros2_termproject/install/ramen_interfaces/share/ramen_interfaces/action/RequestRemake.idl
[10.031s] -- Installing: /home/shiha/ros2_termproject/install/ramen_interfaces/share/ramen_interfaces/srv/PayOrder.idl
[10.031s] -- Up-to-date: /home/shiha/ros2_termproject/install/ramen_interfaces/share/ramen_interfaces/msg/RamenOrder.msg
[10.031s] -- Up-to-date: /home/shiha/ros2_termproject/install/ramen_interfaces/share/ramen_interfaces/msg/CookedRamen.msg
[10.031s] -- Up-to-date: /home/shiha/ros2_termproject/install/ramen_interfaces/share/ramen_interfaces/action/ServeRamen.action
[10.031s] -- Up-to-date: /home/shiha/ros2_termproject/install/ramen_interfaces/share/ramen_interfaces/action/RequestRemake.action
[10.031s] -- Installing: /home/shiha/ros2_termproject/install/ramen_interfaces/share/ramen_interfaces/srv/PayOrder.srv
[10.031s] -- Up-to-date: /home/shiha/ros2_termproject/install/ramen_interfaces/share/ament_index/resource_index/package_run_dependencies/ramen_interfaces
[10.031s] -- Installing: /home/shiha/ros2_termproject/install/ramen_interfaces/share/ament_index/resource_index/parent_prefix_path/ramen_interfaces
[10.038s] -- Up-to-date: /home/shiha/ros2_termproject/install/ramen_interfaces/share/ramen_interfaces/environment/ament_prefix_path.sh
[10.038s] -- Up-to-date: /home/shiha/ros2_termproject/install/ramen_interfaces/share/ramen_interfaces/environment/ament_prefix_path.dsv
[10.039s] -- Up-to-date: /home/shiha/ros2_termproject/install/ramen_interfaces/share/ramen_interfaces/environment/path.sh
[10.039s] -- Up-to-date: /home/shiha/ros2_termproject/install/ramen_interfaces/share/ramen_interfaces/environment/path.dsv
[10.039s] -- Up-to-date: /home/shiha/ros2_termproject/install/ramen_interfaces/share/ramen_interfaces/local_setup.bash
[10.039s] -- Up-to-date: /home/shiha/ros2_termproject/install/ramen_interfaces/share/ramen_interfaces/local_setup.sh
[10.039s] -- Up-to-date: /home/shiha/ros2_termproject/install/ramen_interfaces/share/ramen_interfaces/local_setup.zsh
[10.039s] -- Up-to-date: /home/shiha/ros2_termproject/install/ramen_interfaces/share/ramen_interfaces/local_setup.dsv
[10.039s] -- Installing: /home/shiha/ros2_termproject/install/ramen_interfaces/share/ramen_interfaces/package.dsv
[10.040s] -- Up-to-date: /home/shiha/ros2_termproject/install/ramen_interfaces/share/ament_index/resource_index/packages/ramen_interfaces
[10.040s] -- Up-to-date: /home/shiha/ros2_termproject/install/ramen_interfaces/share/ramen_interfaces/cmake/export_ramen_interfaces__rosidl_generator_cExport.cmake
[10.040s] -- Up-to-date: /home/shiha/ros2_termproject/install/ramen_interfaces/share/ramen_interfaces/cmake/export_ramen_interfaces__rosidl_generator_cExport-noconfig.cmake
[10.040s] -- Up-to-date: /home/shiha/ros2_termproject/install/ramen_interfaces/share/ramen_interfaces/cmake/export_ramen_interfaces__rosidl_typesupport_fastrtps_cExport.cmake
[10.040s] -- Up-to-date: /home/shiha/ros2_termproject/install/ramen_interfaces/share/ramen_interfaces/cmake/export_ramen_interfaces__rosidl_typesupport_fastrtps_cExport-noconfig.cmake
[10.040s] -- Up-to-date: /home/shiha/ros2_termproject/install/ramen_interfaces/share/ramen_interfaces/cmake/ramen_interfaces__rosidl_typesupport_introspection_cExport.cmake
[10.040s] -- Up-to-date: /home/shiha/ros2_termproject/install/ramen_interfaces/share/ramen_interfaces/cmake/ramen_interfaces__rosidl_typesupport_introspection_cExport-noconfig.cmake
[10.040s] -- Up-to-date: /home/shiha/ros2_termproject/install/ramen_interfaces/share/ramen_interfaces/cmake/ramen_interfaces__rosidl_typesupport_cExport.cmake
[10.040s] -- Up-to-date: /home/shiha/ros2_termproject/install/ramen_interfaces/share/ramen_interfaces/cmake/ramen_interfaces__rosidl_typesupport_cExport-noconfig.cmake
[10.040s] -- Up-to-date: /home/shiha/ros2_termproject/install/ramen_interfaces/share/ramen_interfaces/cmake/export_ramen_interfaces__rosidl_generator_cppExport.cmake
[10.040s] -- Up-to-date: /home/shiha/ros2_termproject/install/ramen_interfaces/share/ramen_interfaces/cmake/export_ramen_interfaces__rosidl_typesupport_fastrtps_cppExport.cmake
[10.041s] -- Up-to-date: /home/shiha/ros2_termproject/install/ramen_interfaces/share/ramen_interfaces/cmake/export_ramen_interfaces__rosidl_typesupport_fastrtps_cppExport-noconfig.cmake
[10.041s] -- Up-to-date: /home/shiha/ros2_termproject/install/ramen_interfaces/share/ramen_interfaces/cmake/ramen_interfaces__rosidl_typesupport_introspection_cppExport.cmake
[10.041s] -- Up-to-date: /home/shiha/ros2_termproject/install/ramen_interfaces/share/ramen_interfaces/cmake/ramen_interfaces__rosidl_typesupport_introspection_cppExport-noconfig.cmake
[10.041s] -- Up-to-date: /home/shiha/ros2_termproject/install/ramen_interfaces/share/ramen_interfaces/cmake/ramen_interfaces__rosidl_typesupport_cppExport.cmake
[10.041s] -- Up-to-date: /home/shiha/ros2_termproject/install/ramen_interfaces/share/ramen_interfaces/cmake/ramen_interfaces__rosidl_typesupport_cppExport-noconfig.cmake
[10.041s] -- Up-to-date: /home/shiha/ros2_termproject/install/ramen_interfaces/share/ramen_interfaces/cmake/export_ramen_interfaces__rosidl_generator_pyExport.cmake
[10.041s] -- Up-to-date: /home/shiha/ros2_termproject/install/ramen_interfaces/share/ramen_interfaces/cmake/export_ramen_interfaces__rosidl_generator_pyExport-noconfig.cmake
[10.041s] -- Installing: /home/shiha/ros2_termproject/install/ramen_interfaces/share/ramen_interfaces/cmake/rosidl_cmake-extras.cmake
[10.041s] -- Up-to-date: /home/shiha/ros2_termproject/install/ramen_interfaces/share/ramen_interfaces/cmake/ament_cmake_export_dependencies-extras.cmake
[10.041s] -- Up-to-date: /home/shiha/ros2_termproject/install/ramen_interfaces/share/ramen_interfaces/cmake/ament_cmake_export_include_directories-extras.cmake
[10.041s] -- Up-to-date: /home/shiha/ros2_termproject/install/ramen_interfaces/share/ramen_interfaces/cmake/ament_cmake_export_libraries-extras.cmake
[10.041s] -- Up-to-date: /home/shiha/ros2_termproject/install/ramen_interfaces/share/ramen_interfaces/cmake/ament_cmake_export_targets-extras.cmake
[10.042s] -- Up-to-date: /home/shiha/ros2_termproject/install/ramen_interfaces/share/ramen_interfaces/cmake/rosidl_cmake_export_typesupport_targets-extras.cmake
[10.042s] -- Up-to-date: /home/shiha/ros2_termproject/install/ramen_interfaces/share/ramen_interfaces/cmake/rosidl_cmake_export_typesupport_libraries-extras.cmake
[10.042s] -- Up-to-date: /home/shiha/ros2_termproject/install/ramen_interfaces/share/ramen_interfaces/cmake/ramen_interfacesConfig.cmake
[10.042s] -- Up-to-date: /home/shiha/ros2_termproject/install/ramen_interfaces/share/ramen_interfaces/cmake/ramen_interfacesConfig-version.cmake
[10.042s] -- Up-to-date: /home/shiha/ros2_termproject/install/ramen_interfaces/share/ramen_interfaces/package.xml
[10.043s] Invoked command in '/home/shiha/ros2_termproject/build/ramen_interfaces' returned '0': CMAKE_PREFIX_PATH=${CMAKE_PREFIX_PATH}:/home/shiha/ros2_termproject/install/ramen_table:/home/shiha/ros2_termproject/install/ramen_serving:/home/shiha/ros2_termproject/install/ramen_kitchen:/home/shiha/my_ws/install/using_my_custom_interface_package:/home/shiha/my_ws/install/time_sync:/home/shiha/my_ws/install/my_rclpy_package:/home/shiha/my_ws/install/learning_tf2:/home/shiha/my_ws/install/gz_demo:/opt/ros/jazzy /usr/bin/cmake --install /home/shiha/ros2_termproject/build/ramen_interfaces
