[0.012s] Invoking command in '/home/shiha/ros2_termproject/build/ramen_interfaces': CMAKE_PREFIX_PATH=${CMAKE_PREFIX_PATH}:/home/shiha/my_ws/install/using_my_custom_interface_package:/home/shiha/my_ws/install/time_sync:/home/shiha/my_ws/install/my_rclpy_package:/home/shiha/my_ws/install/learning_tf2:/home/shiha/my_ws/install/gz_demo:/opt/ros/jazzy /usr/bin/cmake /home/shiha/ros2_termproject/src/ramen_interfaces -DCMAKE_INSTALL_PREFIX=/home/shiha/ros2_termproject/install/ramen_interfaces
[0.209s] -- The C compiler identification is GNU 13.3.0
[0.563s] -- The CXX compiler identification is GNU 13.3.0
[0.824s] -- Detecting C compiler ABI info
[0.993s] -- Detecting C compiler ABI info - done
[0.999s] -- Check for working C compiler: /usr/bin/cc - skipped
[1.000s] -- Detecting C compile features
[1.001s] -- Detecting C compile features - done
[1.056s] -- Detecting CXX compiler ABI info
[1.203s] -- Detecting CXX compiler ABI info - done
[1.208s] -- Check for working CXX compiler: /usr/bin/c++ - skipped
[1.208s] -- Detecting CXX compile features
[1.209s] -- Detecting CXX compile features - done
[1.220s] -- Found ament_cmake: 2.5.4 (/opt/ros/jazzy/share/ament_cmake/cmake)
[1.353s] -- Found Python3: /usr/bin/python3 (found version "3.12.3") found components: Interpreter 
[1.475s] -- Found rosidl_default_generators: 1.6.0 (/opt/ros/jazzy/share/rosidl_default_generators/cmake)
[1.485s] -- Using all available rosidl_typesupport_c: rosidl_typesupport_fastrtps_c;rosidl_typesupport_introspection_c
[1.640s] -- Using all available rosidl_typesupport_cpp: rosidl_typesupport_fastrtps_cpp;rosidl_typesupport_introspection_cpp
[1.693s] -- Found rosidl_adapter: 4.6.6 (/opt/ros/jazzy/share/rosidl_adapter/cmake)
[1.698s] -- Found action_msgs: 2.0.3 (/opt/ros/jazzy/share/action_msgs/cmake)
[2.238s] -- Found ament_cmake_ros: 0.12.0 (/opt/ros/jazzy/share/ament_cmake_ros/cmake)
[2.585s] -- Using all available rosidl_typesupport_c: rosidl_typesupport_fastrtps_c;rosidl_typesupport_introspection_c
[3.028s] -- Using all available rosidl_typesupport_cpp: rosidl_typesupport_fastrtps_cpp;rosidl_typesupport_introspection_cpp
[3.033s] -- Found python_cmake_module: 0.11.1 (/opt/ros/jazzy/share/python_cmake_module/cmake)
[3.148s] -- Found PythonExtra: /usr/bin/python3  
[3.556s] -- Found Python3: /usr/bin/python3 (found version "3.12.3") found components: Interpreter Development NumPy Development.Module Development.Embed 
[3.588s] -- Found ament_lint_auto: 0.17.3 (/opt/ros/jazzy/share/ament_lint_auto/cmake)
[3.629s] -- Added test 'copyright' to check source files copyright and LICENSE
[3.632s] -- Added test 'lint_cmake' to check CMake code style
[3.634s] -- Added test 'xmllint' to check XML markup files
[3.638s] -- Configuring done (3.6s)
[3.681s] -- Generating done (0.0s)
[3.691s] -- Build files have been written to: /home/shiha/ros2_termproject/build/ramen_interfaces
[3.701s] Invoked command in '/home/shiha/ros2_termproject/build/ramen_interfaces' returned '0': CMAKE_PREFIX_PATH=${CMAKE_PREFIX_PATH}:/home/shiha/my_ws/install/using_my_custom_interface_package:/home/shiha/my_ws/install/time_sync:/home/shiha/my_ws/install/my_rclpy_package:/home/shiha/my_ws/install/learning_tf2:/home/shiha/my_ws/install/gz_demo:/opt/ros/jazzy /usr/bin/cmake /home/shiha/ros2_termproject/src/ramen_interfaces -DCMAKE_INSTALL_PREFIX=/home/shiha/ros2_termproject/install/ramen_interfaces
[3.701s] Invoking command in '/home/shiha/ros2_termproject/build/ramen_interfaces': CMAKE_PREFIX_PATH=${CMAKE_PREFIX_PATH}:/home/shiha/my_ws/install/using_my_custom_interface_package:/home/shiha/my_ws/install/time_sync:/home/shiha/my_ws/install/my_rclpy_package:/home/shiha/my_ws/install/learning_tf2:/home/shiha/my_ws/install/gz_demo:/opt/ros/jazzy /usr/bin/cmake --build /home/shiha/ros2_termproject/build/ramen_interfaces -- -j18 -l18
[3.743s] [  1%] [34m[1mGenerating type hashes for ROS interfaces[0m
[3.750s] [  1%] Built target ament_cmake_python_copy_ramen_interfaces
[3.911s] running egg_info
[3.912s] creating ramen_interfaces.egg-info
[3.924s] writing ramen_interfaces.egg-info/PKG-INFO
[3.924s] writing dependency_links to ramen_interfaces.egg-info/dependency_links.txt
[3.924s] writing top-level names to ramen_interfaces.egg-info/top_level.txt
[3.924s] writing manifest file 'ramen_interfaces.egg-info/SOURCES.txt'
[3.968s] reading manifest file 'ramen_interfaces.egg-info/SOURCES.txt'
[3.969s] writing manifest file 'ramen_interfaces.egg-info/SOURCES.txt'
[3.993s] [  1%] Built target ramen_interfaces__rosidl_generator_type_description
[3.994s] [  1%] Built target ament_cmake_python_build_ramen_interfaces_egg
[4.004s] [  3%] [34m[1mGenerating C code for ROS interfaces[0m
[4.014s] [  4%] [34m[1mGenerating C++ code for ROS interfaces[0m
[4.499s] [  4%] Built target ramen_interfaces__cpp
[4.563s] [  6%] [32mBuilding C object CMakeFiles/ramen_interfaces__rosidl_generator_c.dir/rosidl_generator_c/ramen_interfaces/msg/detail/ramen_order__description.c.o[0m
[4.565s] [  7%] [32mBuilding C object CMakeFiles/ramen_interfaces__rosidl_generator_c.dir/rosidl_generator_c/ramen_interfaces/msg/detail/cooked_ramen__functions.c.o[0m
[4.565s] [  9%] [32mBuilding C object CMakeFiles/ramen_interfaces__rosidl_generator_c.dir/rosidl_generator_c/ramen_interfaces/msg/detail/ramen_order__functions.c.o[0m
[4.565s] [ 12%] [32mBuilding C object CMakeFiles/ramen_interfaces__rosidl_generator_c.dir/rosidl_generator_c/ramen_interfaces/action/detail/serve_ramen__type_support.c.o[0m
[4.565s] [ 12%] [32mBuilding C object CMakeFiles/ramen_interfaces__rosidl_generator_c.dir/rosidl_generator_c/ramen_interfaces/msg/detail/cooked_ramen__description.c.o[0m
[4.566s] [ 15%] [32mBuilding C object CMakeFiles/ramen_interfaces__rosidl_generator_c.dir/rosidl_generator_c/ramen_interfaces/action/detail/request_remake__description.c.o[0m
[4.566s] [ 15%] [32mBuilding C object CMakeFiles/ramen_interfaces__rosidl_generator_c.dir/rosidl_generator_c/ramen_interfaces/action/detail/request_remake__functions.c.o[0m
[4.567s] [ 17%] [32mBuilding C object CMakeFiles/ramen_interfaces__rosidl_generator_c.dir/rosidl_generator_c/ramen_interfaces/msg/detail/ramen_order__type_support.c.o[0m
[4.567s] [ 18%] [32mBuilding C object CMakeFiles/ramen_interfaces__rosidl_generator_c.dir/rosidl_generator_c/ramen_interfaces/action/detail/request_remake__type_support.c.o[0m
[4.568s] [ 20%] [32mBuilding C object CMakeFiles/ramen_interfaces__rosidl_generator_c.dir/rosidl_generator_c/ramen_interfaces/action/detail/serve_ramen__description.c.o[0m
[4.568s] [ 21%] [32mBuilding C object CMakeFiles/ramen_interfaces__rosidl_generator_c.dir/rosidl_generator_c/ramen_interfaces/msg/detail/cooked_ramen__type_support.c.o[0m
[4.569s] [ 23%] [32mBuilding C object CMakeFiles/ramen_interfaces__rosidl_generator_c.dir/rosidl_generator_c/ramen_interfaces/action/detail/serve_ramen__functions.c.o[0m
[4.723s] [ 25%] [32m[1mLinking C shared library libramen_interfaces__rosidl_generator_c.so[0m
[4.796s] [ 25%] Built target ramen_interfaces__rosidl_generator_c
[4.804s] [ 28%] [34m[1mGenerating C++ type support dispatch for ROS interfaces[0m
[4.804s] [ 28%] [34m[1mGenerating C type support dispatch for ROS interfaces[0m
[4.805s] [ 29%] [34m[1mGenerating C introspection for ROS interfaces[0m
[4.805s] [ 31%] [34m[1mGenerating C++ introspection for ROS interfaces[0m
[4.807s] [ 32%] [34m[1mGenerating C++ type support for eProsima Fast-RTPS[0m
[4.808s] [ 34%] [34m[1mGenerating C type support for eProsima Fast-RTPS[0m
[5.182s] [ 37%] [32mBuilding CXX object CMakeFiles/ramen_interfaces__rosidl_typesupport_c.dir/rosidl_typesupport_c/ramen_interfaces/action/serve_ramen__type_support.cpp.o[0m
[5.182s] [ 37%] [32mBuilding CXX object CMakeFiles/ramen_interfaces__rosidl_typesupport_c.dir/rosidl_typesupport_c/ramen_interfaces/msg/ramen_order__type_support.cpp.o[0m
[5.182s] [ 39%] [32mBuilding CXX object CMakeFiles/ramen_interfaces__rosidl_typesupport_c.dir/rosidl_typesupport_c/ramen_interfaces/action/request_remake__type_support.cpp.o[0m
[5.186s] [ 40%] [32mBuilding CXX object CMakeFiles/ramen_interfaces__rosidl_typesupport_c.dir/rosidl_typesupport_c/ramen_interfaces/msg/cooked_ramen__type_support.cpp.o[0m
[5.214s] [ 42%] [32mBuilding CXX object CMakeFiles/ramen_interfaces__rosidl_typesupport_cpp.dir/rosidl_typesupport_cpp/ramen_interfaces/msg/ramen_order__type_support.cpp.o[0m
[5.217s] [ 43%] [32mBuilding CXX object CMakeFiles/ramen_interfaces__rosidl_typesupport_cpp.dir/rosidl_typesupport_cpp/ramen_interfaces/action/request_remake__type_support.cpp.o[0m
[5.218s] [ 45%] [32mBuilding CXX object CMakeFiles/ramen_interfaces__rosidl_typesupport_cpp.dir/rosidl_typesupport_cpp/ramen_interfaces/action/serve_ramen__type_support.cpp.o[0m
[5.219s] [ 46%] [32mBuilding CXX object CMakeFiles/ramen_interfaces__rosidl_typesupport_cpp.dir/rosidl_typesupport_cpp/ramen_interfaces/msg/cooked_ramen__type_support.cpp.o[0m
[5.263s] [ 48%] [32m[1mLinking CXX shared library libramen_interfaces__rosidl_typesupport_c.so[0m
[5.318s] [ 50%] [32mBuilding CXX object CMakeFiles/ramen_interfaces__rosidl_typesupport_introspection_cpp.dir/rosidl_typesupport_introspection_cpp/ramen_interfaces/msg/detail/cooked_ramen__type_support.cpp.o[0m
[5.318s] [ 53%] [32mBuilding CXX object CMakeFiles/ramen_interfaces__rosidl_typesupport_introspection_cpp.dir/rosidl_typesupport_introspection_cpp/ramen_interfaces/action/detail/serve_ramen__type_support.cpp.o[0m
[5.318s] [ 53%] [32mBuilding CXX object CMakeFiles/ramen_interfaces__rosidl_typesupport_introspection_cpp.dir/rosidl_typesupport_introspection_cpp/ramen_interfaces/msg/detail/ramen_order__type_support.cpp.o[0m
[5.320s] [ 54%] [32mBuilding CXX object CMakeFiles/ramen_interfaces__rosidl_typesupport_introspection_cpp.dir/rosidl_typesupport_introspection_cpp/ramen_interfaces/action/detail/request_remake__type_support.cpp.o[0m
[5.387s] [ 56%] [32mBuilding C object CMakeFiles/ramen_interfaces__rosidl_typesupport_introspection_c.dir/rosidl_typesupport_introspection_c/ramen_interfaces/msg/detail/ramen_order__type_support.c.o[0m
[5.389s] [ 57%] [32mBuilding C object CMakeFiles/ramen_interfaces__rosidl_typesupport_introspection_c.dir/rosidl_typesupport_introspection_c/ramen_interfaces/msg/detail/cooked_ramen__type_support.c.o[0m
[5.390s] [ 59%] [32mBuilding C object CMakeFiles/ramen_interfaces__rosidl_typesupport_introspection_c.dir/rosidl_typesupport_introspection_c/ramen_interfaces/action/detail/serve_ramen__type_support.c.o[0m
[5.390s] [ 60%] [32mBuilding C object CMakeFiles/ramen_interfaces__rosidl_typesupport_introspection_c.dir/rosidl_typesupport_introspection_c/ramen_interfaces/action/detail/request_remake__type_support.c.o[0m
[5.411s] [ 60%] Built target ramen_interfaces__rosidl_typesupport_c
[5.502s] [ 62%] [32m[1mLinking C shared library libramen_interfaces__rosidl_typesupport_introspection_c.so[0m
[5.630s] [ 62%] Built target ramen_interfaces__rosidl_typesupport_introspection_c
[5.637s] [ 64%] [32mBuilding CXX object CMakeFiles/ramen_interfaces__rosidl_typesupport_fastrtps_cpp.dir/rosidl_typesupport_fastrtps_cpp/ramen_interfaces/msg/detail/dds_fastrtps/cooked_ramen__type_support.cpp.o[0m
[5.637s] [ 65%] [32mBuilding CXX object CMakeFiles/ramen_interfaces__rosidl_typesupport_fastrtps_cpp.dir/rosidl_typesupport_fastrtps_cpp/ramen_interfaces/msg/detail/dds_fastrtps/ramen_order__type_support.cpp.o[0m
[5.638s] [ 67%] [32mBuilding CXX object CMakeFiles/ramen_interfaces__rosidl_typesupport_fastrtps_cpp.dir/rosidl_typesupport_fastrtps_cpp/ramen_interfaces/action/detail/dds_fastrtps/request_remake__type_support.cpp.o[0m
[5.639s] [ 68%] [32mBuilding CXX object CMakeFiles/ramen_interfaces__rosidl_typesupport_fastrtps_cpp.dir/rosidl_typesupport_fastrtps_cpp/ramen_interfaces/action/detail/dds_fastrtps/serve_ramen__type_support.cpp.o[0m
[5.752s] [ 71%] [32mBuilding CXX object CMakeFiles/ramen_interfaces__rosidl_typesupport_fastrtps_c.dir/rosidl_typesupport_fastrtps_c/ramen_interfaces/msg/detail/ramen_order__type_support_c.cpp.o[0m
[5.752s] [ 71%] [32mBuilding CXX object CMakeFiles/ramen_interfaces__rosidl_typesupport_fastrtps_c.dir/rosidl_typesupport_fastrtps_c/ramen_interfaces/action/detail/serve_ramen__type_support_c.cpp.o[0m
[5.758s] [ 75%] [32mBuilding CXX object CMakeFiles/ramen_interfaces__rosidl_typesupport_fastrtps_c.dir/rosidl_typesupport_fastrtps_c/ramen_interfaces/msg/detail/cooked_ramen__type_support_c.cpp.o[0m
[5.758s] [ 75%] [32mBuilding CXX object CMakeFiles/ramen_interfaces__rosidl_typesupport_fastrtps_c.dir/rosidl_typesupport_fastrtps_c/ramen_interfaces/action/detail/request_remake__type_support_c.cpp.o[0m
[6.540s] [ 76%] [32m[1mLinking CXX shared library libramen_interfaces__rosidl_typesupport_cpp.so[0m
[6.687s] [ 76%] Built target ramen_interfaces__rosidl_typesupport_cpp
[6.704s] [ 78%] [32m[1mLinking CXX shared library libramen_interfaces__rosidl_typesupport_introspection_cpp.so[0m
[6.825s] [ 79%] [32m[1mLinking CXX shared library libramen_interfaces__rosidl_typesupport_fastrtps_c.so[0m
[6.830s] [ 79%] Built target ramen_interfaces__rosidl_typesupport_introspection_cpp
[6.930s] [ 79%] Built target ramen_interfaces__rosidl_typesupport_fastrtps_c
[7.114s] [ 81%] [32m[1mLinking CXX shared library libramen_interfaces__rosidl_typesupport_fastrtps_cpp.so[0m
[7.225s] [ 81%] Built target ramen_interfaces__rosidl_typesupport_fastrtps_cpp
[7.240s] [ 81%] Built target ramen_interfaces
[7.259s] [ 82%] [34m[1mGenerating Python code for ROS interfaces[0m
[8.206s] [ 82%] Built target ramen_interfaces__py
[8.224s] [ 85%] [32mBuilding C object CMakeFiles/ramen_interfaces__rosidl_generator_py.dir/rosidl_generator_py/ramen_interfaces/action/_request_remake_s.c.o[0m
[8.224s] [ 85%] [32mBuilding C object CMakeFiles/ramen_interfaces__rosidl_generator_py.dir/rosidl_generator_py/ramen_interfaces/msg/_ramen_order_s.c.o[0m
[8.225s] [ 87%] [32mBuilding C object CMakeFiles/ramen_interfaces__rosidl_generator_py.dir/rosidl_generator_py/ramen_interfaces/msg/_cooked_ramen_s.c.o[0m
[8.227s] [ 89%] [32mBuilding C object CMakeFiles/ramen_interfaces__rosidl_generator_py.dir/rosidl_generator_py/ramen_interfaces/action/_serve_ramen_s.c.o[0m
[8.435s] [ 90%] [32m[1mLinking C shared library libramen_interfaces__rosidl_generator_py.so[0m
[8.522s] [ 90%] Built target ramen_interfaces__rosidl_generator_py
[8.541s] [ 92%] [32mBuilding C object CMakeFiles/ramen_interfaces_s__rosidl_typesupport_introspection_c.dir/rosidl_generator_py/ramen_interfaces/_ramen_interfaces_s.ep.rosidl_typesupport_introspection_c.c.o[0m
[8.548s] [ 93%] [32mBuilding C object CMakeFiles/ramen_interfaces_s__rosidl_typesupport_fastrtps_c.dir/rosidl_generator_py/ramen_interfaces/_ramen_interfaces_s.ep.rosidl_typesupport_fastrtps_c.c.o[0m
[8.549s] [ 95%] [32mBuilding C object CMakeFiles/ramen_interfaces_s__rosidl_typesupport_c.dir/rosidl_generator_py/ramen_interfaces/_ramen_interfaces_s.ep.rosidl_typesupport_c.c.o[0m
[8.671s] [ 96%] [32m[1mLinking C shared module rosidl_generator_py/ramen_interfaces/ramen_interfaces_s__rosidl_typesupport_fastrtps_c.so[0m
[8.677s] [ 98%] [32m[1mLinking C shared module rosidl_generator_py/ramen_interfaces/ramen_interfaces_s__rosidl_typesupport_c.so[0m
[8.681s] [100%] [32m[1mLinking C shared module rosidl_generator_py/ramen_interfaces/ramen_interfaces_s__rosidl_typesupport_introspection_c.so[0m
[8.736s] [100%] Built target ramen_interfaces_s__rosidl_typesupport_c
[8.741s] [100%] Built target ramen_interfaces_s__rosidl_typesupport_introspection_c
[8.742s] [100%] Built target ramen_interfaces_s__rosidl_typesupport_fastrtps_c
[8.753s] Invoked command in '/home/shiha/ros2_termproject/build/ramen_interfaces' returned '0': CMAKE_PREFIX_PATH=${CMAKE_PREFIX_PATH}:/home/shiha/my_ws/install/using_my_custom_interface_package:/home/shiha/my_ws/install/time_sync:/home/shiha/my_ws/install/my_rclpy_package:/home/shiha/my_ws/install/learning_tf2:/home/shiha/my_ws/install/gz_demo:/opt/ros/jazzy /usr/bin/cmake --build /home/shiha/ros2_termproject/build/ramen_interfaces -- -j18 -l18
[8.762s] Invoking command in '/home/shiha/ros2_termproject/build/ramen_interfaces': CMAKE_PREFIX_PATH=${CMAKE_PREFIX_PATH}:/home/shiha/my_ws/install/using_my_custom_interface_package:/home/shiha/my_ws/install/time_sync:/home/shiha/my_ws/install/my_rclpy_package:/home/shiha/my_ws/install/learning_tf2:/home/shiha/my_ws/install/gz_demo:/opt/ros/jazzy /usr/bin/cmake --install /home/shiha/ros2_termproject/build/ramen_interfaces
[8.768s] -- Install configuration: ""
[8.769s] -- Installing: /home/shiha/ros2_termproject/install/ramen_interfaces/share/ament_index/resource_index/rosidl_interfaces/ramen_interfaces
[8.770s] -- Installing: /home/shiha/ros2_termproject/install/ramen_interfaces/share/ramen_interfaces/msg/RamenOrder.json
[8.770s] -- Installing: /home/shiha/ros2_termproject/install/ramen_interfaces/share/ramen_interfaces/msg/CookedRamen.json
[8.770s] -- Installing: /home/shiha/ros2_termproject/install/ramen_interfaces/share/ramen_interfaces/action/ServeRamen.json
[8.770s] -- Installing: /home/shiha/ros2_termproject/install/ramen_interfaces/share/ramen_interfaces/action/RequestRemake.json
[8.770s] -- Installing: /home/shiha/ros2_termproject/install/ramen_interfaces/include/ramen_interfaces/ramen_interfaces
[8.770s] -- Installing: /home/shiha/ros2_termproject/install/ramen_interfaces/include/ramen_interfaces/ramen_interfaces/msg
[8.770s] -- Installing: /home/shiha/ros2_termproject/install/ramen_interfaces/include/ramen_interfaces/ramen_interfaces/msg/cooked_ramen.h
[8.771s] -- Installing: /home/shiha/ros2_termproject/install/ramen_interfaces/include/ramen_interfaces/ramen_interfaces/msg/ramen_order.h
[8.771s] -- Installing: /home/shiha/ros2_termproject/install/ramen_interfaces/include/ramen_interfaces/ramen_interfaces/msg/rosidl_generator_c__visibility_control.h
[8.771s] -- Installing: /home/shiha/ros2_termproject/install/ramen_interfaces/include/ramen_interfaces/ramen_interfaces/msg/detail
[8.771s] -- Installing: /home/shiha/ros2_termproject/install/ramen_interfaces/include/ramen_interfaces/ramen_interfaces/msg/detail/cooked_ramen__type_support.c
[8.771s] -- Installing: /home/shiha/ros2_termproject/install/ramen_interfaces/include/ramen_interfaces/ramen_interfaces/msg/detail/ramen_order__functions.h
[8.771s] -- Installing: /home/shiha/ros2_termproject/install/ramen_interfaces/include/ramen_interfaces/ramen_interfaces/msg/detail/cooked_ramen__struct.h
[8.771s] -- Installing: /home/shiha/ros2_termproject/install/ramen_interfaces/include/ramen_interfaces/ramen_interfaces/msg/detail/ramen_order__description.c
[8.771s] -- Installing: /home/shiha/ros2_termproject/install/ramen_interfaces/include/ramen_interfaces/ramen_interfaces/msg/detail/cooked_ramen__type_support.h
[8.771s] -- Installing: /home/shiha/ros2_termproject/install/ramen_interfaces/include/ramen_interfaces/ramen_interfaces/msg/detail/ramen_order__struct.h
[8.771s] -- Installing: /home/shiha/ros2_termproject/install/ramen_interfaces/include/ramen_interfaces/ramen_interfaces/msg/detail/ramen_order__type_support.h
[8.772s] -- Installing: /home/shiha/ros2_termproject/install/ramen_interfaces/include/ramen_interfaces/ramen_interfaces/msg/detail/cooked_ramen__functions.h
[8.772s] -- Installing: /home/shiha/ros2_termproject/install/ramen_interfaces/include/ramen_interfaces/ramen_interfaces/msg/detail/ramen_order__functions.c
[8.772s] -- Installing: /home/shiha/ros2_termproject/install/ramen_interfaces/include/ramen_interfaces/ramen_interfaces/msg/detail/cooked_ramen__description.c
[8.772s] -- Installing: /home/shiha/ros2_termproject/install/ramen_interfaces/include/ramen_interfaces/ramen_interfaces/msg/detail/cooked_ramen__functions.c
[8.772s] -- Installing: /home/shiha/ros2_termproject/install/ramen_interfaces/include/ramen_interfaces/ramen_interfaces/msg/detail/ramen_order__type_support.c
[8.772s] -- Installing: /home/shiha/ros2_termproject/install/ramen_interfaces/include/ramen_interfaces/ramen_interfaces/action
[8.772s] -- Installing: /home/shiha/ros2_termproject/install/ramen_interfaces/include/ramen_interfaces/ramen_interfaces/action/detail
[8.772s] -- Installing: /home/shiha/ros2_termproject/install/ramen_interfaces/include/ramen_interfaces/ramen_interfaces/action/detail/request_remake__type_support.c
[8.772s] -- Installing: /home/shiha/ros2_termproject/install/ramen_interfaces/include/ramen_interfaces/ramen_interfaces/action/detail/request_remake__type_support.h
[8.772s] -- Installing: /home/shiha/ros2_termproject/install/ramen_interfaces/include/ramen_interfaces/ramen_interfaces/action/detail/serve_ramen__struct.h
[8.773s] -- Installing: /home/shiha/ros2_termproject/install/ramen_interfaces/include/ramen_interfaces/ramen_interfaces/action/detail/serve_ramen__functions.h
[8.773s] -- Installing: /home/shiha/ros2_termproject/install/ramen_interfaces/include/ramen_interfaces/ramen_interfaces/action/detail/request_remake__functions.c
[8.773s] -- Installing: /home/shiha/ros2_termproject/install/ramen_interfaces/include/ramen_interfaces/ramen_interfaces/action/detail/serve_ramen__type_support.c
[8.773s] -- Installing: /home/shiha/ros2_termproject/install/ramen_interfaces/include/ramen_interfaces/ramen_interfaces/action/detail/serve_ramen__functions.c
[8.773s] -- Installing: /home/shiha/ros2_termproject/install/ramen_interfaces/include/ramen_interfaces/ramen_interfaces/action/detail/serve_ramen__type_support.h
[8.773s] -- Installing: /home/shiha/ros2_termproject/install/ramen_interfaces/include/ramen_interfaces/ramen_interfaces/action/detail/serve_ramen__description.c
[8.773s] -- Installing: /home/shiha/ros2_termproject/install/ramen_interfaces/include/ramen_interfaces/ramen_interfaces/action/detail/request_remake__functions.h
[8.773s] -- Installing: /home/shiha/ros2_termproject/install/ramen_interfaces/include/ramen_interfaces/ramen_interfaces/action/detail/request_remake__struct.h
[8.773s] -- Installing: /home/shiha/ros2_termproject/install/ramen_interfaces/include/ramen_interfaces/ramen_interfaces/action/detail/request_remake__description.c
[8.773s] -- Installing: /home/shiha/ros2_termproject/install/ramen_interfaces/include/ramen_interfaces/ramen_interfaces/action/serve_ramen.h
[8.774s] -- Installing: /home/shiha/ros2_termproject/install/ramen_interfaces/include/ramen_interfaces/ramen_interfaces/action/request_remake.h
[8.774s] -- Installing: /home/shiha/ros2_termproject/install/ramen_interfaces/share/ramen_interfaces/environment/library_path.sh
[8.774s] -- Installing: /home/shiha/ros2_termproject/install/ramen_interfaces/share/ramen_interfaces/environment/library_path.dsv
[8.774s] -- Installing: /home/shiha/ros2_termproject/install/ramen_interfaces/lib/libramen_interfaces__rosidl_generator_c.so
[8.774s] -- Set non-toolchain portion of runtime path of "/home/shiha/ros2_termproject/install/ramen_interfaces/lib/libramen_interfaces__rosidl_generator_c.so" to ""
[8.774s] -- Up-to-date: /home/shiha/ros2_termproject/install/ramen_interfaces/include/ramen_interfaces/ramen_interfaces
[8.774s] -- Up-to-date: /home/shiha/ros2_termproject/install/ramen_interfaces/include/ramen_interfaces/ramen_interfaces/msg
[8.775s] -- Up-to-date: /home/shiha/ros2_termproject/install/ramen_interfaces/include/ramen_interfaces/ramen_interfaces/msg/detail
[8.775s] -- Installing: /home/shiha/ros2_termproject/install/ramen_interfaces/include/ramen_interfaces/ramen_interfaces/msg/detail/cooked_ramen__rosidl_typesupport_fastrtps_c.h
[8.775s] -- Installing: /home/shiha/ros2_termproject/install/ramen_interfaces/include/ramen_interfaces/ramen_interfaces/msg/detail/ramen_order__rosidl_typesupport_fastrtps_c.h
[8.775s] -- Installing: /home/shiha/ros2_termproject/install/ramen_interfaces/include/ramen_interfaces/ramen_interfaces/msg/rosidl_typesupport_fastrtps_c__visibility_control.h
[8.775s] -- Up-to-date: /home/shiha/ros2_termproject/install/ramen_interfaces/include/ramen_interfaces/ramen_interfaces/action
[8.775s] -- Up-to-date: /home/shiha/ros2_termproject/install/ramen_interfaces/include/ramen_interfaces/ramen_interfaces/action/detail
[8.775s] -- Installing: /home/shiha/ros2_termproject/install/ramen_interfaces/include/ramen_interfaces/ramen_interfaces/action/detail/serve_ramen__rosidl_typesupport_fastrtps_c.h
[8.775s] -- Installing: /home/shiha/ros2_termproject/install/ramen_interfaces/include/ramen_interfaces/ramen_interfaces/action/detail/request_remake__rosidl_typesupport_fastrtps_c.h
[8.775s] -- Installing: /home/shiha/ros2_termproject/install/ramen_interfaces/lib/libramen_interfaces__rosidl_typesupport_fastrtps_c.so
[8.775s] -- Set non-toolchain portion of runtime path of "/home/shiha/ros2_termproject/install/ramen_interfaces/lib/libramen_interfaces__rosidl_typesupport_fastrtps_c.so" to ""
[8.775s] -- Up-to-date: /home/shiha/ros2_termproject/install/ramen_interfaces/include/ramen_interfaces/ramen_interfaces
[8.776s] -- Up-to-date: /home/shiha/ros2_termproject/install/ramen_interfaces/include/ramen_interfaces/ramen_interfaces/msg
[8.776s] -- Installing: /home/shiha/ros2_termproject/install/ramen_interfaces/include/ramen_interfaces/ramen_interfaces/msg/rosidl_typesupport_introspection_c__visibility_control.h
[8.776s] -- Up-to-date: /home/shiha/ros2_termproject/install/ramen_interfaces/include/ramen_interfaces/ramen_interfaces/msg/detail
[8.776s] -- Installing: /home/shiha/ros2_termproject/install/ramen_interfaces/include/ramen_interfaces/ramen_interfaces/msg/detail/ramen_order__rosidl_typesupport_introspection_c.h
[8.776s] -- Installing: /home/shiha/ros2_termproject/install/ramen_interfaces/include/ramen_interfaces/ramen_interfaces/msg/detail/cooked_ramen__type_support.c
[8.776s] -- Installing: /home/shiha/ros2_termproject/install/ramen_interfaces/include/ramen_interfaces/ramen_interfaces/msg/detail/cooked_ramen__rosidl_typesupport_introspection_c.h
[8.776s] -- Installing: /home/shiha/ros2_termproject/install/ramen_interfaces/include/ramen_interfaces/ramen_interfaces/msg/detail/ramen_order__type_support.c
[8.776s] -- Up-to-date: /home/shiha/ros2_termproject/install/ramen_interfaces/include/ramen_interfaces/ramen_interfaces/action
[8.776s] -- Up-to-date: /home/shiha/ros2_termproject/install/ramen_interfaces/include/ramen_interfaces/ramen_interfaces/action/detail
[8.776s] -- Installing: /home/shiha/ros2_termproject/install/ramen_interfaces/include/ramen_interfaces/ramen_interfaces/action/detail/request_remake__type_support.c
[8.776s] -- Installing: /home/shiha/ros2_termproject/install/ramen_interfaces/include/ramen_interfaces/ramen_interfaces/action/detail/serve_ramen__type_support.c
[8.777s] -- Installing: /home/shiha/ros2_termproject/install/ramen_interfaces/include/ramen_interfaces/ramen_interfaces/action/detail/serve_ramen__rosidl_typesupport_introspection_c.h
[8.777s] -- Installing: /home/shiha/ros2_termproject/install/ramen_interfaces/include/ramen_interfaces/ramen_interfaces/action/detail/request_remake__rosidl_typesupport_introspection_c.h
[8.777s] -- Installing: /home/shiha/ros2_termproject/install/ramen_interfaces/lib/libramen_interfaces__rosidl_typesupport_introspection_c.so
[8.777s] -- Set non-toolchain portion of runtime path of "/home/shiha/ros2_termproject/install/ramen_interfaces/lib/libramen_interfaces__rosidl_typesupport_introspection_c.so" to ""
[8.777s] -- Installing: /home/shiha/ros2_termproject/install/ramen_interfaces/lib/libramen_interfaces__rosidl_typesupport_c.so
[8.777s] -- Set non-toolchain portion of runtime path of "/home/shiha/ros2_termproject/install/ramen_interfaces/lib/libramen_interfaces__rosidl_typesupport_c.so" to ""
[8.777s] -- Up-to-date: /home/shiha/ros2_termproject/install/ramen_interfaces/include/ramen_interfaces/ramen_interfaces
[8.777s] -- Up-to-date: /home/shiha/ros2_termproject/install/ramen_interfaces/include/ramen_interfaces/ramen_interfaces/msg
[8.777s] -- Installing: /home/shiha/ros2_termproject/install/ramen_interfaces/include/ramen_interfaces/ramen_interfaces/msg/cooked_ramen.hpp
[8.778s] -- Installing: /home/shiha/ros2_termproject/install/ramen_interfaces/include/ramen_interfaces/ramen_interfaces/msg/rosidl_generator_cpp__visibility_control.hpp
[8.778s] -- Up-to-date: /home/shiha/ros2_termproject/install/ramen_interfaces/include/ramen_interfaces/ramen_interfaces/msg/detail
[8.778s] -- Installing: /home/shiha/ros2_termproject/install/ramen_interfaces/include/ramen_interfaces/ramen_interfaces/msg/detail/cooked_ramen__type_support.hpp
[8.778s] -- Installing: /home/shiha/ros2_termproject/install/ramen_interfaces/include/ramen_interfaces/ramen_interfaces/msg/detail/cooked_ramen__struct.hpp
[8.778s] -- Installing: /home/shiha/ros2_termproject/install/ramen_interfaces/include/ramen_interfaces/ramen_interfaces/msg/detail/cooked_ramen__traits.hpp
[8.778s] -- Installing: /home/shiha/ros2_termproject/install/ramen_interfaces/include/ramen_interfaces/ramen_interfaces/msg/detail/ramen_order__builder.hpp
[8.778s] -- Installing: /home/shiha/ros2_termproject/install/ramen_interfaces/include/ramen_interfaces/ramen_interfaces/msg/detail/ramen_order__type_support.hpp
[8.778s] -- Installing: /home/shiha/ros2_termproject/install/ramen_interfaces/include/ramen_interfaces/ramen_interfaces/msg/detail/cooked_ramen__builder.hpp
[8.778s] -- Installing: /home/shiha/ros2_termproject/install/ramen_interfaces/include/ramen_interfaces/ramen_interfaces/msg/detail/ramen_order__struct.hpp
[8.778s] -- Installing: /home/shiha/ros2_termproject/install/ramen_interfaces/include/ramen_interfaces/ramen_interfaces/msg/detail/ramen_order__traits.hpp
[8.779s] -- Installing: /home/shiha/ros2_termproject/install/ramen_interfaces/include/ramen_interfaces/ramen_interfaces/msg/ramen_order.hpp
[8.779s] -- Up-to-date: /home/shiha/ros2_termproject/install/ramen_interfaces/include/ramen_interfaces/ramen_interfaces/action
[8.779s] -- Installing: /home/shiha/ros2_termproject/install/ramen_interfaces/include/ramen_interfaces/ramen_interfaces/action/serve_ramen.hpp
[8.779s] -- Installing: /home/shiha/ros2_termproject/install/ramen_interfaces/include/ramen_interfaces/ramen_interfaces/action/request_remake.hpp
[8.779s] -- Up-to-date: /home/shiha/ros2_termproject/install/ramen_interfaces/include/ramen_interfaces/ramen_interfaces/action/detail
[8.779s] -- Installing: /home/shiha/ros2_termproject/install/ramen_interfaces/include/ramen_interfaces/ramen_interfaces/action/detail/serve_ramen__traits.hpp
[8.779s] -- Installing: /home/shiha/ros2_termproject/install/ramen_interfaces/include/ramen_interfaces/ramen_interfaces/action/detail/serve_ramen__struct.hpp
[8.779s] -- Installing: /home/shiha/ros2_termproject/install/ramen_interfaces/include/ramen_interfaces/ramen_interfaces/action/detail/request_remake__struct.hpp
[8.780s] -- Installing: /home/shiha/ros2_termproject/install/ramen_interfaces/include/ramen_interfaces/ramen_interfaces/action/detail/request_remake__traits.hpp
[8.780s] -- Installing: /home/shiha/ros2_termproject/install/ramen_interfaces/include/ramen_interfaces/ramen_interfaces/action/detail/serve_ramen__builder.hpp
[8.780s] -- Installing: /home/shiha/ros2_termproject/install/ramen_interfaces/include/ramen_interfaces/ramen_interfaces/action/detail/request_remake__type_support.hpp
[8.780s] -- Installing: /home/shiha/ros2_termproject/install/ramen_interfaces/include/ramen_interfaces/ramen_interfaces/action/detail/serve_ramen__type_support.hpp
[8.780s] -- Installing: /home/shiha/ros2_termproject/install/ramen_interfaces/include/ramen_interfaces/ramen_interfaces/action/detail/request_remake__builder.hpp
[8.780s] -- Up-to-date: /home/shiha/ros2_termproject/install/ramen_interfaces/include/ramen_interfaces/ramen_interfaces
[8.780s] -- Up-to-date: /home/shiha/ros2_termproject/install/ramen_interfaces/include/ramen_interfaces/ramen_interfaces/msg
[8.780s] -- Up-to-date: /home/shiha/ros2_termproject/install/ramen_interfaces/include/ramen_interfaces/ramen_interfaces/msg/detail
[8.780s] -- Installing: /home/shiha/ros2_termproject/install/ramen_interfaces/include/ramen_interfaces/ramen_interfaces/msg/detail/ramen_order__rosidl_typesupport_fastrtps_cpp.hpp
[8.780s] -- Installing: /home/shiha/ros2_termproject/install/ramen_interfaces/include/ramen_interfaces/ramen_interfaces/msg/detail/dds_fastrtps
[8.780s] -- Installing: /home/shiha/ros2_termproject/install/ramen_interfaces/include/ramen_interfaces/ramen_interfaces/msg/detail/cooked_ramen__rosidl_typesupport_fastrtps_cpp.hpp
[8.780s] -- Installing: /home/shiha/ros2_termproject/install/ramen_interfaces/include/ramen_interfaces/ramen_interfaces/msg/rosidl_typesupport_fastrtps_cpp__visibility_control.h
[8.780s] -- Up-to-date: /home/shiha/ros2_termproject/install/ramen_interfaces/include/ramen_interfaces/ramen_interfaces/action
[8.780s] -- Up-to-date: /home/shiha/ros2_termproject/install/ramen_interfaces/include/ramen_interfaces/ramen_interfaces/action/detail
[8.780s] -- Installing: /home/shiha/ros2_termproject/install/ramen_interfaces/include/ramen_interfaces/ramen_interfaces/action/detail/request_remake__rosidl_typesupport_fastrtps_cpp.hpp
[8.780s] -- Installing: /home/shiha/ros2_termproject/install/ramen_interfaces/include/ramen_interfaces/ramen_interfaces/action/detail/dds_fastrtps
[8.780s] -- Installing: /home/shiha/ros2_termproject/install/ramen_interfaces/include/ramen_interfaces/ramen_interfaces/action/detail/serve_ramen__rosidl_typesupport_fastrtps_cpp.hpp
[8.780s] -- Installing: /home/shiha/ros2_termproject/install/ramen_interfaces/lib/libramen_interfaces__rosidl_typesupport_fastrtps_cpp.so
[8.781s] -- Set non-toolchain portion of runtime path of "/home/shiha/ros2_termproject/install/ramen_interfaces/lib/libramen_interfaces__rosidl_typesupport_fastrtps_cpp.so" to ""
[8.781s] -- Up-to-date: /home/shiha/ros2_termproject/install/ramen_interfaces/include/ramen_interfaces/ramen_interfaces
[8.781s] -- Up-to-date: /home/shiha/ros2_termproject/install/ramen_interfaces/include/ramen_interfaces/ramen_interfaces/msg
[8.781s] -- Up-to-date: /home/shiha/ros2_termproject/install/ramen_interfaces/include/ramen_interfaces/ramen_interfaces/msg/detail
[8.781s] -- Installing: /home/shiha/ros2_termproject/install/ramen_interfaces/include/ramen_interfaces/ramen_interfaces/msg/detail/ramen_order__rosidl_typesupport_introspection_cpp.hpp
[8.781s] -- Installing: /home/shiha/ros2_termproject/install/ramen_interfaces/include/ramen_interfaces/ramen_interfaces/msg/detail/ramen_order__type_support.cpp
[8.781s] -- Installing: /home/shiha/ros2_termproject/install/ramen_interfaces/include/ramen_interfaces/ramen_interfaces/msg/detail/cooked_ramen__type_support.cpp
[8.781s] -- Installing: /home/shiha/ros2_termproject/install/ramen_interfaces/include/ramen_interfaces/ramen_interfaces/msg/detail/cooked_ramen__rosidl_typesupport_introspection_cpp.hpp
[8.781s] -- Up-to-date: /home/shiha/ros2_termproject/install/ramen_interfaces/include/ramen_interfaces/ramen_interfaces/action
[8.782s] -- Up-to-date: /home/shiha/ros2_termproject/install/ramen_interfaces/include/ramen_interfaces/ramen_interfaces/action/detail
[8.782s] -- Installing: /home/shiha/ros2_termproject/install/ramen_interfaces/include/ramen_interfaces/ramen_interfaces/action/detail/request_remake__rosidl_typesupport_introspection_cpp.hpp
[8.782s] -- Installing: /home/shiha/ros2_termproject/install/ramen_interfaces/include/ramen_interfaces/ramen_interfaces/action/detail/request_remake__type_support.cpp
[8.782s] -- Installing: /home/shiha/ros2_termproject/install/ramen_interfaces/include/ramen_interfaces/ramen_interfaces/action/detail/serve_ramen__rosidl_typesupport_introspection_cpp.hpp
[8.782s] -- Installing: /home/shiha/ros2_termproject/install/ramen_interfaces/include/ramen_interfaces/ramen_interfaces/action/detail/serve_ramen__type_support.cpp
[8.782s] -- Installing: /home/shiha/ros2_termproject/install/ramen_interfaces/lib/libramen_interfaces__rosidl_typesupport_introspection_cpp.so
[8.782s] -- Set non-toolchain portion of runtime path of "/home/shiha/ros2_termproject/install/ramen_interfaces/lib/libramen_interfaces__rosidl_typesupport_introspection_cpp.so" to ""
[8.782s] -- Installing: /home/shiha/ros2_termproject/install/ramen_interfaces/lib/libramen_interfaces__rosidl_typesupport_cpp.so
[8.782s] -- Set non-toolchain portion of runtime path of "/home/shiha/ros2_termproject/install/ramen_interfaces/lib/libramen_interfaces__rosidl_typesupport_cpp.so" to ""
[8.783s] -- Installing: /home/shiha/ros2_termproject/install/ramen_interfaces/share/ramen_interfaces/environment/pythonpath.sh
[8.783s] -- Installing: /home/shiha/ros2_termproject/install/ramen_interfaces/share/ramen_interfaces/environment/pythonpath.dsv
[8.783s] -- Installing: /home/shiha/ros2_termproject/install/ramen_interfaces/lib/python3.12/site-packages/ramen_interfaces-0.0.0-py3.12.egg-info
[8.783s] -- Installing: /home/shiha/ros2_termproject/install/ramen_interfaces/lib/python3.12/site-packages/ramen_interfaces-0.0.0-py3.12.egg-info/dependency_links.txt
[8.783s] -- Installing: /home/shiha/ros2_termproject/install/ramen_interfaces/lib/python3.12/site-packages/ramen_interfaces-0.0.0-py3.12.egg-info/SOURCES.txt
[8.783s] -- Installing: /home/shiha/ros2_termproject/install/ramen_interfaces/lib/python3.12/site-packages/ramen_interfaces-0.0.0-py3.12.egg-info/top_level.txt
[8.783s] -- Installing: /home/shiha/ros2_termproject/install/ramen_interfaces/lib/python3.12/site-packages/ramen_interfaces-0.0.0-py3.12.egg-info/PKG-INFO
[8.784s] -- Installing: /home/shiha/ros2_termproject/install/ramen_interfaces/lib/python3.12/site-packages/ramen_interfaces
[8.784s] -- Installing: /home/shiha/ros2_termproject/install/ramen_interfaces/lib/python3.12/site-packages/ramen_interfaces/msg
[8.784s] -- Installing: /home/shiha/ros2_termproject/install/ramen_interfaces/lib/python3.12/site-packages/ramen_interfaces/msg/_cooked_ramen.py
[8.784s] -- Installing: /home/shiha/ros2_termproject/install/ramen_interfaces/lib/python3.12/site-packages/ramen_interfaces/msg/_ramen_order_s.c
[8.784s] -- Installing: /home/shiha/ros2_termproject/install/ramen_interfaces/lib/python3.12/site-packages/ramen_interfaces/msg/_cooked_ramen_s.c
[8.784s] -- Installing: /home/shiha/ros2_termproject/install/ramen_interfaces/lib/python3.12/site-packages/ramen_interfaces/msg/__init__.py
[8.785s] -- Installing: /home/shiha/ros2_termproject/install/ramen_interfaces/lib/python3.12/site-packages/ramen_interfaces/msg/_ramen_order.py
[8.785s] -- Installing: /home/shiha/ros2_termproject/install/ramen_interfaces/lib/python3.12/site-packages/ramen_interfaces/ramen_interfaces_s__rosidl_typesupport_fastrtps_c.so
[8.785s] -- Installing: /home/shiha/ros2_termproject/install/ramen_interfaces/lib/python3.12/site-packages/ramen_interfaces/_ramen_interfaces_s.ep.rosidl_typesupport_c.c
[8.785s] -- Installing: /home/shiha/ros2_termproject/install/ramen_interfaces/lib/python3.12/site-packages/ramen_interfaces/ramen_interfaces_s__rosidl_typesupport_introspection_c.so
[8.785s] -- Installing: /home/shiha/ros2_termproject/install/ramen_interfaces/lib/python3.12/site-packages/ramen_interfaces/_ramen_interfaces_s.ep.rosidl_typesupport_introspection_c.c
[8.785s] -- Installing: /home/shiha/ros2_termproject/install/ramen_interfaces/lib/python3.12/site-packages/ramen_interfaces/action
[8.786s] -- Installing: /home/shiha/ros2_termproject/install/ramen_interfaces/lib/python3.12/site-packages/ramen_interfaces/action/_serve_ramen.py
[8.786s] -- Installing: /home/shiha/ros2_termproject/install/ramen_interfaces/lib/python3.12/site-packages/ramen_interfaces/action/_request_remake.py
[8.786s] -- Installing: /home/shiha/ros2_termproject/install/ramen_interfaces/lib/python3.12/site-packages/ramen_interfaces/action/_request_remake_s.c
[8.786s] -- Installing: /home/shiha/ros2_termproject/install/ramen_interfaces/lib/python3.12/site-packages/ramen_interfaces/action/__init__.py
[8.786s] -- Installing: /home/shiha/ros2_termproject/install/ramen_interfaces/lib/python3.12/site-packages/ramen_interfaces/action/_serve_ramen_s.c
[8.786s] -- Installing: /home/shiha/ros2_termproject/install/ramen_interfaces/lib/python3.12/site-packages/ramen_interfaces/__init__.py
[8.786s] -- Installing: /home/shiha/ros2_termproject/install/ramen_interfaces/lib/python3.12/site-packages/ramen_interfaces/ramen_interfaces_s__rosidl_typesupport_c.so
[8.786s] -- Installing: /home/shiha/ros2_termproject/install/ramen_interfaces/lib/python3.12/site-packages/ramen_interfaces/_ramen_interfaces_s.ep.rosidl_typesupport_fastrtps_c.c
[8.845s] Listing '/home/shiha/ros2_termproject/install/ramen_interfaces/lib/python3.12/site-packages/ramen_interfaces'...
[8.845s] Compiling '/home/shiha/ros2_termproject/install/ramen_interfaces/lib/python3.12/site-packages/ramen_interfaces/__init__.py'...
[8.845s] Listing '/home/shiha/ros2_termproject/install/ramen_interfaces/lib/python3.12/site-packages/ramen_interfaces/action'...
[8.845s] Compiling '/home/shiha/ros2_termproject/install/ramen_interfaces/lib/python3.12/site-packages/ramen_interfaces/action/__init__.py'...
[8.845s] Compiling '/home/shiha/ros2_termproject/install/ramen_interfaces/lib/python3.12/site-packages/ramen_interfaces/action/_request_remake.py'...
[8.846s] Compiling '/home/shiha/ros2_termproject/install/ramen_interfaces/lib/python3.12/site-packages/ramen_interfaces/action/_serve_ramen.py'...
[8.846s] Listing '/home/shiha/ros2_termproject/install/ramen_interfaces/lib/python3.12/site-packages/ramen_interfaces/msg'...
[8.846s] Compiling '/home/shiha/ros2_termproject/install/ramen_interfaces/lib/python3.12/site-packages/ramen_interfaces/msg/__init__.py'...
[8.846s] Compiling '/home/shiha/ros2_termproject/install/ramen_interfaces/lib/python3.12/site-packages/ramen_interfaces/msg/_cooked_ramen.py'...
[8.846s] Compiling '/home/shiha/ros2_termproject/install/ramen_interfaces/lib/python3.12/site-packages/ramen_interfaces/msg/_ramen_order.py'...
[8.854s] -- Installing: /home/shiha/ros2_termproject/install/ramen_interfaces/lib/python3.12/site-packages/ramen_interfaces/ramen_interfaces_s__rosidl_typesupport_fastrtps_c.so
[8.855s] -- Set non-toolchain portion of runtime path of "/home/shiha/ros2_termproject/install/ramen_interfaces/lib/python3.12/site-packages/ramen_interfaces/ramen_interfaces_s__rosidl_typesupport_fastrtps_c.so" to ""
[8.855s] -- Installing: /home/shiha/ros2_termproject/install/ramen_interfaces/lib/python3.12/site-packages/ramen_interfaces/ramen_interfaces_s__rosidl_typesupport_introspection_c.so
[8.856s] -- Set non-toolchain portion of runtime path of "/home/shiha/ros2_termproject/install/ramen_interfaces/lib/python3.12/site-packages/ramen_interfaces/ramen_interfaces_s__rosidl_typesupport_introspection_c.so" to ""
[8.856s] -- Installing: /home/shiha/ros2_termproject/install/ramen_interfaces/lib/python3.12/site-packages/ramen_interfaces/ramen_interfaces_s__rosidl_typesupport_c.so
[8.856s] -- Set non-toolchain portion of runtime path of "/home/shiha/ros2_termproject/install/ramen_interfaces/lib/python3.12/site-packages/ramen_interfaces/ramen_interfaces_s__rosidl_typesupport_c.so" to ""
[8.856s] -- Installing: /home/shiha/ros2_termproject/install/ramen_interfaces/lib/libramen_interfaces__rosidl_generator_py.so
[8.856s] -- Set non-toolchain portion of runtime path of "/home/shiha/ros2_termproject/install/ramen_interfaces/lib/libramen_interfaces__rosidl_generator_py.so" to ""
[8.856s] -- Installing: /home/shiha/ros2_termproject/install/ramen_interfaces/share/ramen_interfaces/msg/RamenOrder.idl
[8.857s] -- Installing: /home/shiha/ros2_termproject/install/ramen_interfaces/share/ramen_interfaces/msg/CookedRamen.idl
[8.857s] -- Installing: /home/shiha/ros2_termproject/install/ramen_interfaces/share/ramen_interfaces/action/ServeRamen.idl
[8.857s] -- Installing: /home/shiha/ros2_termproject/install/ramen_interfaces/share/ramen_interfaces/action/RequestRemake.idl
[8.857s] -- Installing: /home/shiha/ros2_termproject/install/ramen_interfaces/share/ramen_interfaces/msg/RamenOrder.msg
[8.857s] -- Installing: /home/shiha/ros2_termproject/install/ramen_interfaces/share/ramen_interfaces/msg/CookedRamen.msg
[8.857s] -- Installing: /home/shiha/ros2_termproject/install/ramen_interfaces/share/ramen_interfaces/action/ServeRamen.action
[8.858s] -- Installing: /home/shiha/ros2_termproject/install/ramen_interfaces/share/ramen_interfaces/action/RequestRemake.action
[8.858s] -- Installing: /home/shiha/ros2_termproject/install/ramen_interfaces/share/ament_index/resource_index/package_run_dependencies/ramen_interfaces
[8.858s] -- Installing: /home/shiha/ros2_termproject/install/ramen_interfaces/share/ament_index/resource_index/parent_prefix_path/ramen_interfaces
[8.858s] -- Installing: /home/shiha/ros2_termproject/install/ramen_interfaces/share/ramen_interfaces/environment/ament_prefix_path.sh
[8.858s] -- Installing: /home/shiha/ros2_termproject/install/ramen_interfaces/share/ramen_interfaces/environment/ament_prefix_path.dsv
[8.858s] -- Installing: /home/shiha/ros2_termproject/install/ramen_interfaces/share/ramen_interfaces/environment/path.sh
[8.858s] -- Installing: /home/shiha/ros2_termproject/install/ramen_interfaces/share/ramen_interfaces/environment/path.dsv
[8.858s] -- Installing: /home/shiha/ros2_termproject/install/ramen_interfaces/share/ramen_interfaces/local_setup.bash
[8.858s] -- Installing: /home/shiha/ros2_termproject/install/ramen_interfaces/share/ramen_interfaces/local_setup.sh
[8.858s] -- Installing: /home/shiha/ros2_termproject/install/ramen_interfaces/share/ramen_interfaces/local_setup.zsh
[8.858s] -- Installing: /home/shiha/ros2_termproject/install/ramen_interfaces/share/ramen_interfaces/local_setup.dsv
[8.858s] -- Installing: /home/shiha/ros2_termproject/install/ramen_interfaces/share/ramen_interfaces/package.dsv
[8.858s] -- Installing: /home/shiha/ros2_termproject/install/ramen_interfaces/share/ament_index/resource_index/packages/ramen_interfaces
[8.858s] -- Installing: /home/shiha/ros2_termproject/install/ramen_interfaces/share/ramen_interfaces/cmake/export_ramen_interfaces__rosidl_generator_cExport.cmake
[8.859s] -- Installing: /home/shiha/ros2_termproject/install/ramen_interfaces/share/ramen_interfaces/cmake/export_ramen_interfaces__rosidl_generator_cExport-noconfig.cmake
[8.859s] -- Installing: /home/shiha/ros2_termproject/install/ramen_interfaces/share/ramen_interfaces/cmake/export_ramen_interfaces__rosidl_typesupport_fastrtps_cExport.cmake
[8.859s] -- Installing: /home/shiha/ros2_termproject/install/ramen_interfaces/share/ramen_interfaces/cmake/export_ramen_interfaces__rosidl_typesupport_fastrtps_cExport-noconfig.cmake
[8.859s] -- Installing: /home/shiha/ros2_termproject/install/ramen_interfaces/share/ramen_interfaces/cmake/ramen_interfaces__rosidl_typesupport_introspection_cExport.cmake
[8.859s] -- Installing: /home/shiha/ros2_termproject/install/ramen_interfaces/share/ramen_interfaces/cmake/ramen_interfaces__rosidl_typesupport_introspection_cExport-noconfig.cmake
[8.859s] -- Installing: /home/shiha/ros2_termproject/install/ramen_interfaces/share/ramen_interfaces/cmake/ramen_interfaces__rosidl_typesupport_cExport.cmake
[8.859s] -- Installing: /home/shiha/ros2_termproject/install/ramen_interfaces/share/ramen_interfaces/cmake/ramen_interfaces__rosidl_typesupport_cExport-noconfig.cmake
[8.859s] -- Installing: /home/shiha/ros2_termproject/install/ramen_interfaces/share/ramen_interfaces/cmake/export_ramen_interfaces__rosidl_generator_cppExport.cmake
[8.860s] -- Installing: /home/shiha/ros2_termproject/install/ramen_interfaces/share/ramen_interfaces/cmake/export_ramen_interfaces__rosidl_typesupport_fastrtps_cppExport.cmake
[8.860s] -- Installing: /home/shiha/ros2_termproject/install/ramen_interfaces/share/ramen_interfaces/cmake/export_ramen_interfaces__rosidl_typesupport_fastrtps_cppExport-noconfig.cmake
[8.860s] -- Installing: /home/shiha/ros2_termproject/install/ramen_interfaces/share/ramen_interfaces/cmake/ramen_interfaces__rosidl_typesupport_introspection_cppExport.cmake
[8.860s] -- Installing: /home/shiha/ros2_termproject/install/ramen_interfaces/share/ramen_interfaces/cmake/ramen_interfaces__rosidl_typesupport_introspection_cppExport-noconfig.cmake
[8.860s] -- Installing: /home/shiha/ros2_termproject/install/ramen_interfaces/share/ramen_interfaces/cmake/ramen_interfaces__rosidl_typesupport_cppExport.cmake
[8.860s] -- Installing: /home/shiha/ros2_termproject/install/ramen_interfaces/share/ramen_interfaces/cmake/ramen_interfaces__rosidl_typesupport_cppExport-noconfig.cmake
[8.860s] -- Installing: /home/shiha/ros2_termproject/install/ramen_interfaces/share/ramen_interfaces/cmake/export_ramen_interfaces__rosidl_generator_pyExport.cmake
[8.860s] -- Installing: /home/shiha/ros2_termproject/install/ramen_interfaces/share/ramen_interfaces/cmake/export_ramen_interfaces__rosidl_generator_pyExport-noconfig.cmake
[8.860s] -- Installing: /home/shiha/ros2_termproject/install/ramen_interfaces/share/ramen_interfaces/cmake/rosidl_cmake-extras.cmake
[8.860s] -- Installing: /home/shiha/ros2_termproject/install/ramen_interfaces/share/ramen_interfaces/cmake/ament_cmake_export_dependencies-extras.cmake
[8.860s] -- Installing: /home/shiha/ros2_termproject/install/ramen_interfaces/share/ramen_interfaces/cmake/ament_cmake_export_include_directories-extras.cmake
[8.860s] -- Installing: /home/shiha/ros2_termproject/install/ramen_interfaces/share/ramen_interfaces/cmake/ament_cmake_export_libraries-extras.cmake
[8.861s] -- Installing: /home/shiha/ros2_termproject/install/ramen_interfaces/share/ramen_interfaces/cmake/ament_cmake_export_targets-extras.cmake
[8.861s] -- Installing: /home/shiha/ros2_termproject/install/ramen_interfaces/share/ramen_interfaces/cmake/rosidl_cmake_export_typesupport_targets-extras.cmake
[8.861s] -- Installing: /home/shiha/ros2_termproject/install/ramen_interfaces/share/ramen_interfaces/cmake/rosidl_cmake_export_typesupport_libraries-extras.cmake
[8.861s] -- Installing: /home/shiha/ros2_termproject/install/ramen_interfaces/share/ramen_interfaces/cmake/ramen_interfacesConfig.cmake
[8.861s] -- Installing: /home/shiha/ros2_termproject/install/ramen_interfaces/share/ramen_interfaces/cmake/ramen_interfacesConfig-version.cmake
[8.861s] -- Installing: /home/shiha/ros2_termproject/install/ramen_interfaces/share/ramen_interfaces/package.xml
[8.862s] Invoked command in '/home/shiha/ros2_termproject/build/ramen_interfaces' returned '0': CMAKE_PREFIX_PATH=${CMAKE_PREFIX_PATH}:/home/shiha/my_ws/install/using_my_custom_interface_package:/home/shiha/my_ws/install/time_sync:/home/shiha/my_ws/install/my_rclpy_package:/home/shiha/my_ws/install/learning_tf2:/home/shiha/my_ws/install/gz_demo:/opt/ros/jazzy /usr/bin/cmake --install /home/shiha/ros2_termproject/build/ramen_interfaces
