running egg_info
creating ../build/ramen_table/ramen_table.egg-info
writing ../build/ramen_table/ramen_table.egg-info/PKG-INFO
writing dependency_links to ../build/ramen_table/ramen_table.egg-info/dependency_links.txt
writing entry points to ../build/ramen_table/ramen_table.egg-info/entry_points.txt
writing requirements to ../build/ramen_table/ramen_table.egg-info/requires.txt
writing top-level names to ../build/ramen_table/ramen_table.egg-info/top_level.txt
writing manifest file '../build/ramen_table/ramen_table.egg-info/SOURCES.txt'
reading manifest file '../build/ramen_table/ramen_table.egg-info/SOURCES.txt'
writing manifest file '../build/ramen_table/ramen_table.egg-info/SOURCES.txt'
running build
running build_py
creating /home/you/ros2_term/build/ramen_table/build
creating /home/you/ros2_term/build/ramen_table/build/lib
creating /home/you/ros2_term/build/ramen_table/build/lib/ramen_table
copying ramen_table/customer_node.py -> /home/you/ros2_term/build/ramen_table/build/lib/ramen_table
copying ramen_table/__init__.py -> /home/you/ros2_term/build/ramen_table/build/lib/ramen_table
copying ramen_table/order_node.py -> /home/you/ros2_term/build/ramen_table/build/lib/ramen_table
running install
running install_lib
creating /home/you/ros2_term/install/ramen_table/lib/python3.10/site-packages/ramen_table
copying /home/you/ros2_term/build/ramen_table/build/lib/ramen_table/customer_node.py -> /home/you/ros2_term/install/ramen_table/lib/python3.10/site-packages/ramen_table
copying /home/you/ros2_term/build/ramen_table/build/lib/ramen_table/__init__.py -> /home/you/ros2_term/install/ramen_table/lib/python3.10/site-packages/ramen_table
copying /home/you/ros2_term/build/ramen_table/build/lib/ramen_table/order_node.py -> /home/you/ros2_term/install/ramen_table/lib/python3.10/site-packages/ramen_table
byte-compiling /home/you/ros2_term/install/ramen_table/lib/python3.10/site-packages/ramen_table/customer_node.py to customer_node.cpython-310.pyc
byte-compiling /home/you/ros2_term/install/ramen_table/lib/python3.10/site-packages/ramen_table/__init__.py to __init__.cpython-310.pyc
byte-compiling /home/you/ros2_term/install/ramen_table/lib/python3.10/site-packages/ramen_table/order_node.py to order_node.cpython-310.pyc
running install_data
creating /home/you/ros2_term/install/ramen_table/share/ament_index
creating /home/you/ros2_term/install/ramen_table/share/ament_index/resource_index
creating /home/you/ros2_term/install/ramen_table/share/ament_index/resource_index/packages
copying resource/ramen_table -> /home/you/ros2_term/install/ramen_table/share/ament_index/resource_index/packages
copying package.xml -> /home/you/ros2_term/install/ramen_table/share/ramen_table
running install_egg_info
Copying ../build/ramen_table/ramen_table.egg-info to /home/you/ros2_term/install/ramen_table/lib/python3.10/site-packages/ramen_table-0.0.0-py3.10.egg-info
running install_scripts
Installing customer_node script to /home/you/ros2_term/install/ramen_table/lib/ramen_table
Installing order_node script to /home/you/ros2_term/install/ramen_table/lib/ramen_table
writing list of installed files to '/home/you/ros2_term/build/ramen_table/install.log'
