[1.782s] Invoking command in '/home/you/ros2_term/ramen_table': AMENT_PREFIX_PATH=/home/you/ros2_term/install/ramen_interfaces:${AMENT_PREFIX_PATH} CMAKE_PREFIX_PATH=/home/you/ros2_term/install/ramen_interfaces LD_LIBRARY_PATH=/home/you/ros2_term/install/ramen_interfaces/lib:${LD_LIBRARY_PATH} PYTHONPATH=/home/you/ros2_term/build/ramen_table/prefix_override:/usr/lib/python3/dist-packages/colcon_core/task/python/colcon_distutils_commands:/home/you/ros2_term/install/ramen_table/lib/python3.10/site-packages:/home/you/ros2_term/install/ramen_interfaces/local/lib/python3.10/dist-packages:${PYTHONPATH} /usr/bin/python3 -W ignore:setup.py install is deprecated -W ignore:easy_install command is deprecated setup.py egg_info --egg-base ../build/ramen_table build --build-base /home/you/ros2_term/build/ramen_table/build install --record /home/you/ros2_term/build/ramen_table/install.log --single-version-externally-managed install_data
[2.091s] running egg_info
[2.092s] creating ../build/ramen_table/ramen_table.egg-info
[2.092s] writing ../build/ramen_table/ramen_table.egg-info/PKG-INFO
[2.093s] writing dependency_links to ../build/ramen_table/ramen_table.egg-info/dependency_links.txt
[2.094s] writing entry points to ../build/ramen_table/ramen_table.egg-info/entry_points.txt
[2.094s] writing requirements to ../build/ramen_table/ramen_table.egg-info/requires.txt
[2.094s] writing top-level names to ../build/ramen_table/ramen_table.egg-info/top_level.txt
[2.095s] writing manifest file '../build/ramen_table/ramen_table.egg-info/SOURCES.txt'
[2.096s] reading manifest file '../build/ramen_table/ramen_table.egg-info/SOURCES.txt'
[2.097s] writing manifest file '../build/ramen_table/ramen_table.egg-info/SOURCES.txt'
[2.098s] running build
[2.098s] running build_py
[2.098s] creating /home/you/ros2_term/build/ramen_table/build
[2.098s] creating /home/you/ros2_term/build/ramen_table/build/lib
[2.098s] creating /home/you/ros2_term/build/ramen_table/build/lib/ramen_table
[2.098s] copying ramen_table/customer_node.py -> /home/you/ros2_term/build/ramen_table/build/lib/ramen_table
[2.105s] copying ramen_table/__init__.py -> /home/you/ros2_term/build/ramen_table/build/lib/ramen_table
[2.106s] copying ramen_table/order_node.py -> /home/you/ros2_term/build/ramen_table/build/lib/ramen_table
[2.106s] running install
[2.106s] running install_lib
[2.107s] creating /home/you/ros2_term/install/ramen_table/lib/python3.10/site-packages/ramen_table
[2.107s] copying /home/you/ros2_term/build/ramen_table/build/lib/ramen_table/customer_node.py -> /home/you/ros2_term/install/ramen_table/lib/python3.10/site-packages/ramen_table
[2.107s] copying /home/you/ros2_term/build/ramen_table/build/lib/ramen_table/__init__.py -> /home/you/ros2_term/install/ramen_table/lib/python3.10/site-packages/ramen_table
[2.108s] copying /home/you/ros2_term/build/ramen_table/build/lib/ramen_table/order_node.py -> /home/you/ros2_term/install/ramen_table/lib/python3.10/site-packages/ramen_table
[2.108s] byte-compiling /home/you/ros2_term/install/ramen_table/lib/python3.10/site-packages/ramen_table/customer_node.py to customer_node.cpython-310.pyc
[2.109s] byte-compiling /home/you/ros2_term/install/ramen_table/lib/python3.10/site-packages/ramen_table/__init__.py to __init__.cpython-310.pyc
[2.109s] byte-compiling /home/you/ros2_term/install/ramen_table/lib/python3.10/site-packages/ramen_table/order_node.py to order_node.cpython-310.pyc
[2.110s] running install_data
[2.110s] creating /home/you/ros2_term/install/ramen_table/share/ament_index
[2.110s] creating /home/you/ros2_term/install/ramen_table/share/ament_index/resource_index
[2.110s] creating /home/you/ros2_term/install/ramen_table/share/ament_index/resource_index/packages
[2.110s] copying resource/ramen_table -> /home/you/ros2_term/install/ramen_table/share/ament_index/resource_index/packages
[2.111s] copying package.xml -> /home/you/ros2_term/install/ramen_table/share/ramen_table
[2.111s] running install_egg_info
[2.113s] Copying ../build/ramen_table/ramen_table.egg-info to /home/you/ros2_term/install/ramen_table/lib/python3.10/site-packages/ramen_table-0.0.0-py3.10.egg-info
[2.113s] running install_scripts
[2.135s] Installing customer_node script to /home/you/ros2_term/install/ramen_table/lib/ramen_table
[2.136s] Installing order_node script to /home/you/ros2_term/install/ramen_table/lib/ramen_table
[2.136s] writing list of installed files to '/home/you/ros2_term/build/ramen_table/install.log'
[2.181s] Invoked command in '/home/you/ros2_term/ramen_table' returned '0': AMENT_PREFIX_PATH=/home/you/ros2_term/install/ramen_interfaces:${AMENT_PREFIX_PATH} CMAKE_PREFIX_PATH=/home/you/ros2_term/install/ramen_interfaces LD_LIBRARY_PATH=/home/you/ros2_term/install/ramen_interfaces/lib:${LD_LIBRARY_PATH} PYTHONPATH=/home/you/ros2_term/build/ramen_table/prefix_override:/usr/lib/python3/dist-packages/colcon_core/task/python/colcon_distutils_commands:/home/you/ros2_term/install/ramen_table/lib/python3.10/site-packages:/home/you/ros2_term/install/ramen_interfaces/local/lib/python3.10/dist-packages:${PYTHONPATH} /usr/bin/python3 -W ignore:setup.py install is deprecated -W ignore:easy_install command is deprecated setup.py egg_info --egg-base ../build/ramen_table build --build-base /home/you/ros2_term/build/ramen_table/build install --record /home/you/ros2_term/build/ramen_table/install.log --single-version-externally-managed install_data
