[0.217s] DEBUG:colcon:Command line arguments: ['/usr/bin/colcon', 'build']
[0.217s] DEBUG:colcon:Parsed command line arguments: Namespace(log_base=None, log_level=None, verb_name='build', build_base='build', install_base='install', merge_install=False, symlink_install=False, test_result_base=None, continue_on_error=False, executor='parallel', parallel_workers=18, event_handlers=None, ignore_user_meta=False, metas=['./colcon.meta'], base_paths=['.'], packages_ignore=None, packages_ignore_regex=None, paths=None, packages_up_to=None, packages_up_to_regex=None, packages_above=None, packages_above_and_dependencies=None, packages_above_depth=None, packages_select_by_dep=None, packages_skip_by_dep=None, packages_skip_up_to=None, packages_select_build_failed=False, packages_skip_build_finished=False, packages_select_test_failures=False, packages_skip_test_passed=False, packages_select=None, packages_skip=None, packages_select_regex=None, packages_skip_regex=None, packages_start=None, packages_end=None, allow_overriding=[], cmake_args=None, cmake_target=None, cmake_target_skip_unavailable=False, cmake_clean_cache=False, cmake_clean_first=False, cmake_force_configure=False, ament_cmake_args=None, catkin_cmake_args=None, catkin_skip_building_tests=False, mixin_files=None, mixin=None, verb_parser=<colcon_mixin.mixin.mixin_argument.MixinArgumentDecorator object at 0x7665f348ef00>, verb_extension=<colcon_core.verb.build.BuildVerb object at 0x7665f343a2a0>, main=<bound method BuildVerb.main of <colcon_core.verb.build.BuildVerb object at 0x7665f343a2a0>>, mixin_verb=('build',))
[0.277s] Level 1:colcon.colcon_core.package_discovery:discover_packages(colcon_meta) check parameters
[0.277s] Level 1:colcon.colcon_core.package_discovery:discover_packages(recursive) check parameters
[0.277s] Level 1:colcon.colcon_core.package_discovery:discover_packages(ignore) check parameters
[0.277s] Level 1:colcon.colcon_core.package_discovery:discover_packages(path) check parameters
[0.277s] Level 1:colcon.colcon_core.package_discovery:discover_packages(colcon_meta) discover
[0.277s] Level 1:colcon.colcon_core.package_discovery:discover_packages(recursive) discover
[0.277s] INFO:colcon.colcon_core.package_discovery:Crawling recursively for packages in '/home/shiha/ros2_termproject'
[0.277s] Level 1:colcon.colcon_core.package_identification:_identify(.) by extensions ['ignore', 'ignore_ament_install']
[0.277s] Level 1:colcon.colcon_core.package_identification:_identify(.) by extension 'ignore'
[0.277s] Level 1:colcon.colcon_core.package_identification:_identify(.) by extension 'ignore_ament_install'
[0.277s] Level 1:colcon.colcon_core.package_identification:_identify(.) by extensions ['colcon_pkg']
[0.277s] Level 1:colcon.colcon_core.package_identification:_identify(.) by extension 'colcon_pkg'
[0.278s] Level 1:colcon.colcon_core.package_identification:_identify(.) by extensions ['colcon_meta']
[0.278s] Level 1:colcon.colcon_core.package_identification:_identify(.) by extension 'colcon_meta'
[0.278s] Level 1:colcon.colcon_core.package_identification:_identify(.) by extensions ['ros']
[0.278s] Level 1:colcon.colcon_core.package_identification:_identify(.) by extension 'ros'
[0.307s] Level 1:colcon.colcon_core.package_identification:_identify(.) by extensions ['cmake', 'python']
[0.307s] Level 1:colcon.colcon_core.package_identification:_identify(.) by extension 'cmake'
[0.307s] Level 1:colcon.colcon_core.package_identification:_identify(.) by extension 'python'
[0.307s] Level 1:colcon.colcon_core.package_identification:_identify(.) by extensions ['python_setup_py']
[0.307s] Level 1:colcon.colcon_core.package_identification:_identify(.) by extension 'python_setup_py'
[0.307s] Level 1:colcon.colcon_core.package_identification:_identify(build) by extensions ['ignore', 'ignore_ament_install']
[0.307s] Level 1:colcon.colcon_core.package_identification:_identify(build) by extension 'ignore'
[0.307s] Level 1:colcon.colcon_core.package_identification:_identify(build) ignored
[0.307s] Level 1:colcon.colcon_core.package_identification:_identify(install) by extensions ['ignore', 'ignore_ament_install']
[0.307s] Level 1:colcon.colcon_core.package_identification:_identify(install) by extension 'ignore'
[0.307s] Level 1:colcon.colcon_core.package_identification:_identify(install) ignored
[0.307s] Level 1:colcon.colcon_core.package_identification:_identify(log) by extensions ['ignore', 'ignore_ament_install']
[0.307s] Level 1:colcon.colcon_core.package_identification:_identify(log) by extension 'ignore'
[0.307s] Level 1:colcon.colcon_core.package_identification:_identify(log) ignored
[0.307s] Level 1:colcon.colcon_core.package_identification:_identify(src) by extensions ['ignore', 'ignore_ament_install']
[0.307s] Level 1:colcon.colcon_core.package_identification:_identify(src) by extension 'ignore'
[0.307s] Level 1:colcon.colcon_core.package_identification:_identify(src) by extension 'ignore_ament_install'
[0.307s] Level 1:colcon.colcon_core.package_identification:_identify(src) by extensions ['colcon_pkg']
[0.307s] Level 1:colcon.colcon_core.package_identification:_identify(src) by extension 'colcon_pkg'
[0.307s] Level 1:colcon.colcon_core.package_identification:_identify(src) by extensions ['colcon_meta']
[0.307s] Level 1:colcon.colcon_core.package_identification:_identify(src) by extension 'colcon_meta'
[0.307s] Level 1:colcon.colcon_core.package_identification:_identify(src) by extensions ['ros']
[0.307s] Level 1:colcon.colcon_core.package_identification:_identify(src) by extension 'ros'
[0.307s] Level 1:colcon.colcon_core.package_identification:_identify(src) by extensions ['cmake', 'python']
[0.307s] Level 1:colcon.colcon_core.package_identification:_identify(src) by extension 'cmake'
[0.308s] Level 1:colcon.colcon_core.package_identification:_identify(src) by extension 'python'
[0.308s] Level 1:colcon.colcon_core.package_identification:_identify(src) by extensions ['python_setup_py']
[0.308s] Level 1:colcon.colcon_core.package_identification:_identify(src) by extension 'python_setup_py'
[0.308s] Level 1:colcon.colcon_core.package_identification:_identify(src/ramen_interfaces) by extensions ['ignore', 'ignore_ament_install']
[0.308s] Level 1:colcon.colcon_core.package_identification:_identify(src/ramen_interfaces) by extension 'ignore'
[0.308s] Level 1:colcon.colcon_core.package_identification:_identify(src/ramen_interfaces) by extension 'ignore_ament_install'
[0.308s] Level 1:colcon.colcon_core.package_identification:_identify(src/ramen_interfaces) by extensions ['colcon_pkg']
[0.308s] Level 1:colcon.colcon_core.package_identification:_identify(src/ramen_interfaces) by extension 'colcon_pkg'
[0.308s] Level 1:colcon.colcon_core.package_identification:_identify(src/ramen_interfaces) by extensions ['colcon_meta']
[0.308s] Level 1:colcon.colcon_core.package_identification:_identify(src/ramen_interfaces) by extension 'colcon_meta'
[0.308s] Level 1:colcon.colcon_core.package_identification:_identify(src/ramen_interfaces) by extensions ['ros']
[0.308s] Level 1:colcon.colcon_core.package_identification:_identify(src/ramen_interfaces) by extension 'ros'
[0.311s] DEBUG:colcon.colcon_core.package_identification:Package 'src/ramen_interfaces' with type 'ros.ament_cmake' and name 'ramen_interfaces'
[0.311s] Level 1:colcon.colcon_core.package_identification:_identify(src/ramen_kitchen) by extensions ['ignore', 'ignore_ament_install']
[0.311s] Level 1:colcon.colcon_core.package_identification:_identify(src/ramen_kitchen) by extension 'ignore'
[0.311s] Level 1:colcon.colcon_core.package_identification:_identify(src/ramen_kitchen) by extension 'ignore_ament_install'
[0.311s] Level 1:colcon.colcon_core.package_identification:_identify(src/ramen_kitchen) by extensions ['colcon_pkg']
[0.311s] Level 1:colcon.colcon_core.package_identification:_identify(src/ramen_kitchen) by extension 'colcon_pkg'
[0.311s] Level 1:colcon.colcon_core.package_identification:_identify(src/ramen_kitchen) by extensions ['colcon_meta']
[0.311s] Level 1:colcon.colcon_core.package_identification:_identify(src/ramen_kitchen) by extension 'colcon_meta'
[0.311s] Level 1:colcon.colcon_core.package_identification:_identify(src/ramen_kitchen) by extensions ['ros']
[0.311s] Level 1:colcon.colcon_core.package_identification:_identify(src/ramen_kitchen) by extension 'ros'
[0.312s] DEBUG:colcon.colcon_core.package_identification:Package 'src/ramen_kitchen' with type 'ros.ament_python' and name 'ramen_kitchen'
[0.312s] Level 1:colcon.colcon_core.package_identification:_identify(src/ramen_serving) by extensions ['ignore', 'ignore_ament_install']
[0.312s] Level 1:colcon.colcon_core.package_identification:_identify(src/ramen_serving) by extension 'ignore'
[0.312s] Level 1:colcon.colcon_core.package_identification:_identify(src/ramen_serving) by extension 'ignore_ament_install'
[0.312s] Level 1:colcon.colcon_core.package_identification:_identify(src/ramen_serving) by extensions ['colcon_pkg']
[0.312s] Level 1:colcon.colcon_core.package_identification:_identify(src/ramen_serving) by extension 'colcon_pkg'
[0.312s] Level 1:colcon.colcon_core.package_identification:_identify(src/ramen_serving) by extensions ['colcon_meta']
[0.312s] Level 1:colcon.colcon_core.package_identification:_identify(src/ramen_serving) by extension 'colcon_meta'
[0.312s] Level 1:colcon.colcon_core.package_identification:_identify(src/ramen_serving) by extensions ['ros']
[0.312s] Level 1:colcon.colcon_core.package_identification:_identify(src/ramen_serving) by extension 'ros'
[0.312s] DEBUG:colcon.colcon_core.package_identification:Package 'src/ramen_serving' with type 'ros.ament_python' and name 'ramen_serving'
[0.313s] Level 1:colcon.colcon_core.package_identification:_identify(src/ramen_table) by extensions ['ignore', 'ignore_ament_install']
[0.313s] Level 1:colcon.colcon_core.package_identification:_identify(src/ramen_table) by extension 'ignore'
[0.313s] Level 1:colcon.colcon_core.package_identification:_identify(src/ramen_table) by extension 'ignore_ament_install'
[0.313s] Level 1:colcon.colcon_core.package_identification:_identify(src/ramen_table) by extensions ['colcon_pkg']
[0.313s] Level 1:colcon.colcon_core.package_identification:_identify(src/ramen_table) by extension 'colcon_pkg'
[0.313s] Level 1:colcon.colcon_core.package_identification:_identify(src/ramen_table) by extensions ['colcon_meta']
[0.313s] Level 1:colcon.colcon_core.package_identification:_identify(src/ramen_table) by extension 'colcon_meta'
[0.313s] Level 1:colcon.colcon_core.package_identification:_identify(src/ramen_table) by extensions ['ros']
[0.313s] Level 1:colcon.colcon_core.package_identification:_identify(src/ramen_table) by extension 'ros'
[0.313s] DEBUG:colcon.colcon_core.package_identification:Package 'src/ramen_table' with type 'ros.ament_python' and name 'ramen_table'
[0.313s] Level 1:colcon.colcon_core.package_discovery:discover_packages(recursive) using defaults
[0.313s] Level 1:colcon.colcon_core.package_discovery:discover_packages(ignore) discover
[0.313s] Level 1:colcon.colcon_core.package_discovery:discover_packages(ignore) using defaults
[0.313s] Level 1:colcon.colcon_core.package_discovery:discover_packages(path) discover
[0.313s] Level 1:colcon.colcon_core.package_discovery:discover_packages(path) using defaults
[0.337s] Level 1:colcon.colcon_core.package_discovery:discover_packages(prefix_path) check parameters
[0.338s] Level 1:colcon.colcon_core.package_discovery:discover_packages(prefix_path) discover
[0.341s] DEBUG:colcon.colcon_installed_package_information.package_discovery:Found 7 installed packages in /home/shiha/my_ws/install
[0.342s] DEBUG:colcon.colcon_installed_package_information.package_discovery:Found 402 installed packages in /opt/ros/jazzy
[0.343s] Level 1:colcon.colcon_core.package_discovery:discover_packages(prefix_path) using defaults
[0.382s] Level 5:colcon.colcon_core.verb:set package 'ramen_interfaces' build argument 'cmake_args' from command line to 'None'
[0.382s] Level 5:colcon.colcon_core.verb:set package 'ramen_interfaces' build argument 'cmake_target' from command line to 'None'
[0.382s] Level 5:colcon.colcon_core.verb:set package 'ramen_interfaces' build argument 'cmake_target_skip_unavailable' from command line to 'False'
[0.382s] Level 5:colcon.colcon_core.verb:set package 'ramen_interfaces' build argument 'cmake_clean_cache' from command line to 'False'
[0.382s] Level 5:colcon.colcon_core.verb:set package 'ramen_interfaces' build argument 'cmake_clean_first' from command line to 'False'
[0.382s] Level 5:colcon.colcon_core.verb:set package 'ramen_interfaces' build argument 'cmake_force_configure' from command line to 'False'
[0.382s] Level 5:colcon.colcon_core.verb:set package 'ramen_interfaces' build argument 'ament_cmake_args' from command line to 'None'
[0.382s] Level 5:colcon.colcon_core.verb:set package 'ramen_interfaces' build argument 'catkin_cmake_args' from command line to 'None'
[0.382s] Level 5:colcon.colcon_core.verb:set package 'ramen_interfaces' build argument 'catkin_skip_building_tests' from command line to 'False'
[0.382s] DEBUG:colcon.colcon_core.verb:Building package 'ramen_interfaces' with the following arguments: {'ament_cmake_args': None, 'build_base': '/home/shiha/ros2_termproject/build/ramen_interfaces', 'catkin_cmake_args': None, 'catkin_skip_building_tests': False, 'cmake_args': None, 'cmake_clean_cache': False, 'cmake_clean_first': False, 'cmake_force_configure': False, 'cmake_target': None, 'cmake_target_skip_unavailable': False, 'install_base': '/home/shiha/ros2_termproject/install/ramen_interfaces', 'merge_install': False, 'path': '/home/shiha/ros2_termproject/src/ramen_interfaces', 'symlink_install': False, 'test_result_base': None}
[0.382s] Level 5:colcon.colcon_core.verb:set package 'ramen_kitchen' build argument 'cmake_args' from command line to 'None'
[0.382s] Level 5:colcon.colcon_core.verb:set package 'ramen_kitchen' build argument 'cmake_target' from command line to 'None'
[0.382s] Level 5:colcon.colcon_core.verb:set package 'ramen_kitchen' build argument 'cmake_target_skip_unavailable' from command line to 'False'
[0.382s] Level 5:colcon.colcon_core.verb:set package 'ramen_kitchen' build argument 'cmake_clean_cache' from command line to 'False'
[0.382s] Level 5:colcon.colcon_core.verb:set package 'ramen_kitchen' build argument 'cmake_clean_first' from command line to 'False'
[0.382s] Level 5:colcon.colcon_core.verb:set package 'ramen_kitchen' build argument 'cmake_force_configure' from command line to 'False'
[0.382s] Level 5:colcon.colcon_core.verb:set package 'ramen_kitchen' build argument 'ament_cmake_args' from command line to 'None'
[0.382s] Level 5:colcon.colcon_core.verb:set package 'ramen_kitchen' build argument 'catkin_cmake_args' from command line to 'None'
[0.382s] Level 5:colcon.colcon_core.verb:set package 'ramen_kitchen' build argument 'catkin_skip_building_tests' from command line to 'False'
[0.382s] DEBUG:colcon.colcon_core.verb:Building package 'ramen_kitchen' with the following arguments: {'ament_cmake_args': None, 'build_base': '/home/shiha/ros2_termproject/build/ramen_kitchen', 'catkin_cmake_args': None, 'catkin_skip_building_tests': False, 'cmake_args': None, 'cmake_clean_cache': False, 'cmake_clean_first': False, 'cmake_force_configure': False, 'cmake_target': None, 'cmake_target_skip_unavailable': False, 'install_base': '/home/shiha/ros2_termproject/install/ramen_kitchen', 'merge_install': False, 'path': '/home/shiha/ros2_termproject/src/ramen_kitchen', 'symlink_install': False, 'test_result_base': None}
[0.382s] Level 5:colcon.colcon_core.verb:set package 'ramen_serving' build argument 'cmake_args' from command line to 'None'
[0.382s] Level 5:colcon.colcon_core.verb:set package 'ramen_serving' build argument 'cmake_target' from command line to 'None'
[0.382s] Level 5:colcon.colcon_core.verb:set package 'ramen_serving' build argument 'cmake_target_skip_unavailable' from command line to 'False'
[0.382s] Level 5:colcon.colcon_core.verb:set package 'ramen_serving' build argument 'cmake_clean_cache' from command line to 'False'
[0.382s] Level 5:colcon.colcon_core.verb:set package 'ramen_serving' build argument 'cmake_clean_first' from command line to 'False'
[0.382s] Level 5:colcon.colcon_core.verb:set package 'ramen_serving' build argument 'cmake_force_configure' from command line to 'False'
[0.382s] Level 5:colcon.colcon_core.verb:set package 'ramen_serving' build argument 'ament_cmake_args' from command line to 'None'
[0.382s] Level 5:colcon.colcon_core.verb:set package 'ramen_serving' build argument 'catkin_cmake_args' from command line to 'None'
[0.382s] Level 5:colcon.colcon_core.verb:set package 'ramen_serving' build argument 'catkin_skip_building_tests' from command line to 'False'
[0.382s] DEBUG:colcon.colcon_core.verb:Building package 'ramen_serving' with the following arguments: {'ament_cmake_args': None, 'build_base': '/home/shiha/ros2_termproject/build/ramen_serving', 'catkin_cmake_args': None, 'catkin_skip_building_tests': False, 'cmake_args': None, 'cmake_clean_cache': False, 'cmake_clean_first': False, 'cmake_force_configure': False, 'cmake_target': None, 'cmake_target_skip_unavailable': False, 'install_base': '/home/shiha/ros2_termproject/install/ramen_serving', 'merge_install': False, 'path': '/home/shiha/ros2_termproject/src/ramen_serving', 'symlink_install': False, 'test_result_base': None}
[0.382s] Level 5:colcon.colcon_core.verb:set package 'ramen_table' build argument 'cmake_args' from command line to 'None'
[0.382s] Level 5:colcon.colcon_core.verb:set package 'ramen_table' build argument 'cmake_target' from command line to 'None'
[0.383s] Level 5:colcon.colcon_core.verb:set package 'ramen_table' build argument 'cmake_target_skip_unavailable' from command line to 'False'
[0.383s] Level 5:colcon.colcon_core.verb:set package 'ramen_table' build argument 'cmake_clean_cache' from command line to 'False'
[0.383s] Level 5:colcon.colcon_core.verb:set package 'ramen_table' build argument 'cmake_clean_first' from command line to 'False'
[0.383s] Level 5:colcon.colcon_core.verb:set package 'ramen_table' build argument 'cmake_force_configure' from command line to 'False'
[0.383s] Level 5:colcon.colcon_core.verb:set package 'ramen_table' build argument 'ament_cmake_args' from command line to 'None'
[0.383s] Level 5:colcon.colcon_core.verb:set package 'ramen_table' build argument 'catkin_cmake_args' from command line to 'None'
[0.383s] Level 5:colcon.colcon_core.verb:set package 'ramen_table' build argument 'catkin_skip_building_tests' from command line to 'False'
[0.383s] DEBUG:colcon.colcon_core.verb:Building package 'ramen_table' with the following arguments: {'ament_cmake_args': None, 'build_base': '/home/shiha/ros2_termproject/build/ramen_table', 'catkin_cmake_args': None, 'catkin_skip_building_tests': False, 'cmake_args': None, 'cmake_clean_cache': False, 'cmake_clean_first': False, 'cmake_force_configure': False, 'cmake_target': None, 'cmake_target_skip_unavailable': False, 'install_base': '/home/shiha/ros2_termproject/install/ramen_table', 'merge_install': False, 'path': '/home/shiha/ros2_termproject/src/ramen_table', 'symlink_install': False, 'test_result_base': None}
[0.383s] INFO:colcon.colcon_core.executor:Executing jobs using 'parallel' executor
[0.384s] DEBUG:colcon.colcon_parallel_executor.executor.parallel:run_until_complete
[0.384s] INFO:colcon.colcon_ros.task.ament_cmake.build:Building ROS package in '/home/shiha/ros2_termproject/src/ramen_interfaces' with build type 'ament_cmake'
[0.384s] INFO:colcon.colcon_cmake.task.cmake.build:Building CMake package in '/home/shiha/ros2_termproject/src/ramen_interfaces'
[0.389s] INFO:colcon.colcon_core.plugin_system:Skipping extension 'colcon_core.shell.bat': Not used on non-Windows systems
[0.389s] INFO:colcon.colcon_core.shell:Skip shell extension 'powershell' for command environment: Not usable outside of PowerShell
[0.389s] DEBUG:colcon.colcon_core.shell:Skip shell extension 'dsv' for command environment
[0.396s] DEBUG:colcon.colcon_core.event_handler.log_command:Invoking command in '/home/shiha/ros2_termproject/build/ramen_interfaces': CMAKE_PREFIX_PATH=${CMAKE_PREFIX_PATH}:/home/shiha/my_ws/install/using_my_custom_interface_package:/home/shiha/my_ws/install/time_sync:/home/shiha/my_ws/install/my_rclpy_package:/home/shiha/my_ws/install/learning_tf2:/home/shiha/my_ws/install/gz_demo:/opt/ros/jazzy /usr/bin/cmake /home/shiha/ros2_termproject/src/ramen_interfaces -DCMAKE_INSTALL_PREFIX=/home/shiha/ros2_termproject/install/ramen_interfaces
[4.085s] DEBUG:colcon.colcon_core.event_handler.log_command:Invoked command in '/home/shiha/ros2_termproject/build/ramen_interfaces' returned '0': CMAKE_PREFIX_PATH=${CMAKE_PREFIX_PATH}:/home/shiha/my_ws/install/using_my_custom_interface_package:/home/shiha/my_ws/install/time_sync:/home/shiha/my_ws/install/my_rclpy_package:/home/shiha/my_ws/install/learning_tf2:/home/shiha/my_ws/install/gz_demo:/opt/ros/jazzy /usr/bin/cmake /home/shiha/ros2_termproject/src/ramen_interfaces -DCMAKE_INSTALL_PREFIX=/home/shiha/ros2_termproject/install/ramen_interfaces
[4.086s] DEBUG:colcon.colcon_core.event_handler.log_command:Invoking command in '/home/shiha/ros2_termproject/build/ramen_interfaces': CMAKE_PREFIX_PATH=${CMAKE_PREFIX_PATH}:/home/shiha/my_ws/install/using_my_custom_interface_package:/home/shiha/my_ws/install/time_sync:/home/shiha/my_ws/install/my_rclpy_package:/home/shiha/my_ws/install/learning_tf2:/home/shiha/my_ws/install/gz_demo:/opt/ros/jazzy /usr/bin/cmake --build /home/shiha/ros2_termproject/build/ramen_interfaces -- -j18 -l18
[9.137s] DEBUG:colcon.colcon_core.event_handler.log_command:Invoked command in '/home/shiha/ros2_termproject/build/ramen_interfaces' returned '0': CMAKE_PREFIX_PATH=${CMAKE_PREFIX_PATH}:/home/shiha/my_ws/install/using_my_custom_interface_package:/home/shiha/my_ws/install/time_sync:/home/shiha/my_ws/install/my_rclpy_package:/home/shiha/my_ws/install/learning_tf2:/home/shiha/my_ws/install/gz_demo:/opt/ros/jazzy /usr/bin/cmake --build /home/shiha/ros2_termproject/build/ramen_interfaces -- -j18 -l18
[9.146s] DEBUG:colcon.colcon_core.event_handler.log_command:Invoking command in '/home/shiha/ros2_termproject/build/ramen_interfaces': CMAKE_PREFIX_PATH=${CMAKE_PREFIX_PATH}:/home/shiha/my_ws/install/using_my_custom_interface_package:/home/shiha/my_ws/install/time_sync:/home/shiha/my_ws/install/my_rclpy_package:/home/shiha/my_ws/install/learning_tf2:/home/shiha/my_ws/install/gz_demo:/opt/ros/jazzy /usr/bin/cmake --install /home/shiha/ros2_termproject/build/ramen_interfaces
[9.246s] Level 1:colcon.colcon_core.environment:create_environment_scripts_only(ramen_interfaces)
[9.247s] DEBUG:colcon.colcon_core.event_handler.log_command:Invoked command in '/home/shiha/ros2_termproject/build/ramen_interfaces' returned '0': CMAKE_PREFIX_PATH=${CMAKE_PREFIX_PATH}:/home/shiha/my_ws/install/using_my_custom_interface_package:/home/shiha/my_ws/install/time_sync:/home/shiha/my_ws/install/my_rclpy_package:/home/shiha/my_ws/install/learning_tf2:/home/shiha/my_ws/install/gz_demo:/opt/ros/jazzy /usr/bin/cmake --install /home/shiha/ros2_termproject/build/ramen_interfaces
[9.251s] Level 1:colcon.colcon_core.environment:checking '/home/shiha/ros2_termproject/install/ramen_interfaces' for CMake module files
[9.251s] Level 1:colcon.colcon_core.environment:checking '/home/shiha/ros2_termproject/install/ramen_interfaces' for CMake config files
[9.252s] Level 1:colcon.colcon_core.shell:create_environment_hook('ramen_interfaces', 'cmake_prefix_path')
[9.252s] INFO:colcon.colcon_core.shell:Creating environment hook '/home/shiha/ros2_termproject/install/ramen_interfaces/share/ramen_interfaces/hook/cmake_prefix_path.ps1'
[9.253s] INFO:colcon.colcon_core.shell:Creating environment descriptor '/home/shiha/ros2_termproject/install/ramen_interfaces/share/ramen_interfaces/hook/cmake_prefix_path.dsv'
[9.253s] INFO:colcon.colcon_core.shell:Creating environment hook '/home/shiha/ros2_termproject/install/ramen_interfaces/share/ramen_interfaces/hook/cmake_prefix_path.sh'
[9.254s] Level 1:colcon.colcon_core.environment:checking '/home/shiha/ros2_termproject/install/ramen_interfaces/lib'
[9.254s] Level 1:colcon.colcon_core.shell:create_environment_hook('ramen_interfaces', 'ld_library_path_lib')
[9.254s] INFO:colcon.colcon_core.shell:Creating environment hook '/home/shiha/ros2_termproject/install/ramen_interfaces/share/ramen_interfaces/hook/ld_library_path_lib.ps1'
[9.254s] INFO:colcon.colcon_core.shell:Creating environment descriptor '/home/shiha/ros2_termproject/install/ramen_interfaces/share/ramen_interfaces/hook/ld_library_path_lib.dsv'
[9.254s] INFO:colcon.colcon_core.shell:Creating environment hook '/home/shiha/ros2_termproject/install/ramen_interfaces/share/ramen_interfaces/hook/ld_library_path_lib.sh'
[9.255s] Level 1:colcon.colcon_core.environment:checking '/home/shiha/ros2_termproject/install/ramen_interfaces/bin'
[9.255s] Level 1:colcon.colcon_core.environment:checking '/home/shiha/ros2_termproject/install/ramen_interfaces/lib/pkgconfig/ramen_interfaces.pc'
[9.255s] Level 1:colcon.colcon_core.environment:checking '/home/shiha/ros2_termproject/install/ramen_interfaces/lib/python3.12/site-packages'
[9.255s] Level 1:colcon.colcon_core.shell:create_environment_hook('ramen_interfaces', 'pythonpath')
[9.255s] INFO:colcon.colcon_core.shell:Creating environment hook '/home/shiha/ros2_termproject/install/ramen_interfaces/share/ramen_interfaces/hook/pythonpath.ps1'
[9.255s] INFO:colcon.colcon_core.shell:Creating environment descriptor '/home/shiha/ros2_termproject/install/ramen_interfaces/share/ramen_interfaces/hook/pythonpath.dsv'
[9.255s] INFO:colcon.colcon_core.shell:Creating environment hook '/home/shiha/ros2_termproject/install/ramen_interfaces/share/ramen_interfaces/hook/pythonpath.sh'
[9.256s] Level 1:colcon.colcon_core.environment:checking '/home/shiha/ros2_termproject/install/ramen_interfaces/bin'
[9.256s] INFO:colcon.colcon_core.shell:Creating package script '/home/shiha/ros2_termproject/install/ramen_interfaces/share/ramen_interfaces/package.ps1'
[9.257s] INFO:colcon.colcon_core.shell:Creating package descriptor '/home/shiha/ros2_termproject/install/ramen_interfaces/share/ramen_interfaces/package.dsv'
[9.257s] INFO:colcon.colcon_core.shell:Creating package script '/home/shiha/ros2_termproject/install/ramen_interfaces/share/ramen_interfaces/package.sh'
[9.258s] INFO:colcon.colcon_core.shell:Creating package script '/home/shiha/ros2_termproject/install/ramen_interfaces/share/ramen_interfaces/package.bash'
[9.259s] INFO:colcon.colcon_core.shell:Creating package script '/home/shiha/ros2_termproject/install/ramen_interfaces/share/ramen_interfaces/package.zsh'
[9.259s] Level 1:colcon.colcon_core.environment:create_file_with_runtime_dependencies(/home/shiha/ros2_termproject/install/ramen_interfaces/share/colcon-core/packages/ramen_interfaces)
[9.260s] Level 1:colcon.colcon_core.environment:create_environment_scripts_only(ramen_interfaces)
[9.260s] Level 1:colcon.colcon_core.environment:checking '/home/shiha/ros2_termproject/install/ramen_interfaces' for CMake module files
[9.261s] Level 1:colcon.colcon_core.environment:checking '/home/shiha/ros2_termproject/install/ramen_interfaces' for CMake config files
[9.261s] Level 1:colcon.colcon_core.shell:create_environment_hook('ramen_interfaces', 'cmake_prefix_path')
[9.261s] INFO:colcon.colcon_core.shell:Creating environment hook '/home/shiha/ros2_termproject/install/ramen_interfaces/share/ramen_interfaces/hook/cmake_prefix_path.ps1'
[9.261s] INFO:colcon.colcon_core.shell:Creating environment descriptor '/home/shiha/ros2_termproject/install/ramen_interfaces/share/ramen_interfaces/hook/cmake_prefix_path.dsv'
[9.261s] INFO:colcon.colcon_core.shell:Creating environment hook '/home/shiha/ros2_termproject/install/ramen_interfaces/share/ramen_interfaces/hook/cmake_prefix_path.sh'
[9.262s] Level 1:colcon.colcon_core.environment:checking '/home/shiha/ros2_termproject/install/ramen_interfaces/lib'
[9.262s] Level 1:colcon.colcon_core.shell:create_environment_hook('ramen_interfaces', 'ld_library_path_lib')
[9.262s] INFO:colcon.colcon_core.shell:Creating environment hook '/home/shiha/ros2_termproject/install/ramen_interfaces/share/ramen_interfaces/hook/ld_library_path_lib.ps1'
[9.262s] INFO:colcon.colcon_core.shell:Creating environment descriptor '/home/shiha/ros2_termproject/install/ramen_interfaces/share/ramen_interfaces/hook/ld_library_path_lib.dsv'
[9.262s] INFO:colcon.colcon_core.shell:Creating environment hook '/home/shiha/ros2_termproject/install/ramen_interfaces/share/ramen_interfaces/hook/ld_library_path_lib.sh'
[9.263s] Level 1:colcon.colcon_core.environment:checking '/home/shiha/ros2_termproject/install/ramen_interfaces/bin'
[9.263s] Level 1:colcon.colcon_core.environment:checking '/home/shiha/ros2_termproject/install/ramen_interfaces/lib/pkgconfig/ramen_interfaces.pc'
[9.263s] Level 1:colcon.colcon_core.environment:checking '/home/shiha/ros2_termproject/install/ramen_interfaces/lib/python3.12/site-packages'
[9.263s] Level 1:colcon.colcon_core.shell:create_environment_hook('ramen_interfaces', 'pythonpath')
[9.263s] INFO:colcon.colcon_core.shell:Creating environment hook '/home/shiha/ros2_termproject/install/ramen_interfaces/share/ramen_interfaces/hook/pythonpath.ps1'
[9.263s] INFO:colcon.colcon_core.shell:Creating environment descriptor '/home/shiha/ros2_termproject/install/ramen_interfaces/share/ramen_interfaces/hook/pythonpath.dsv'
[9.263s] INFO:colcon.colcon_core.shell:Creating environment hook '/home/shiha/ros2_termproject/install/ramen_interfaces/share/ramen_interfaces/hook/pythonpath.sh'
[9.264s] Level 1:colcon.colcon_core.environment:checking '/home/shiha/ros2_termproject/install/ramen_interfaces/bin'
[9.264s] INFO:colcon.colcon_core.shell:Creating package script '/home/shiha/ros2_termproject/install/ramen_interfaces/share/ramen_interfaces/package.ps1'
[9.264s] INFO:colcon.colcon_core.shell:Creating package descriptor '/home/shiha/ros2_termproject/install/ramen_interfaces/share/ramen_interfaces/package.dsv'
[9.265s] INFO:colcon.colcon_core.shell:Creating package script '/home/shiha/ros2_termproject/install/ramen_interfaces/share/ramen_interfaces/package.sh'
[9.265s] INFO:colcon.colcon_core.shell:Creating package script '/home/shiha/ros2_termproject/install/ramen_interfaces/share/ramen_interfaces/package.bash'
[9.265s] INFO:colcon.colcon_core.shell:Creating package script '/home/shiha/ros2_termproject/install/ramen_interfaces/share/ramen_interfaces/package.zsh'
[9.265s] Level 1:colcon.colcon_core.environment:create_file_with_runtime_dependencies(/home/shiha/ros2_termproject/install/ramen_interfaces/share/colcon-core/packages/ramen_interfaces)
[9.266s] INFO:colcon.colcon_ros.task.ament_python.build:Building ROS package in '/home/shiha/ros2_termproject/src/ramen_kitchen' with build type 'ament_python'
[9.266s] Level 1:colcon.colcon_core.shell:create_environment_hook('ramen_kitchen', 'ament_prefix_path')
[9.266s] INFO:colcon.colcon_core.shell:Creating environment hook '/home/shiha/ros2_termproject/install/ramen_kitchen/share/ramen_kitchen/hook/ament_prefix_path.ps1'
[9.267s] INFO:colcon.colcon_core.shell:Creating environment descriptor '/home/shiha/ros2_termproject/install/ramen_kitchen/share/ramen_kitchen/hook/ament_prefix_path.dsv'
[9.267s] INFO:colcon.colcon_core.shell:Creating environment hook '/home/shiha/ros2_termproject/install/ramen_kitchen/share/ramen_kitchen/hook/ament_prefix_path.sh'
[9.268s] INFO:colcon.colcon_core.shell:Skip shell extension 'powershell' for command environment: Not usable outside of PowerShell
[9.268s] DEBUG:colcon.colcon_core.shell:Skip shell extension 'dsv' for command environment
[9.270s] INFO:colcon.colcon_ros.task.ament_python.build:Building ROS package in '/home/shiha/ros2_termproject/src/ramen_serving' with build type 'ament_python'
[9.270s] Level 1:colcon.colcon_core.shell:create_environment_hook('ramen_serving', 'ament_prefix_path')
[9.270s] INFO:colcon.colcon_core.shell:Creating environment hook '/home/shiha/ros2_termproject/install/ramen_serving/share/ramen_serving/hook/ament_prefix_path.ps1'
[9.271s] INFO:colcon.colcon_core.shell:Creating environment descriptor '/home/shiha/ros2_termproject/install/ramen_serving/share/ramen_serving/hook/ament_prefix_path.dsv'
[9.272s] INFO:colcon.colcon_core.shell:Creating environment hook '/home/shiha/ros2_termproject/install/ramen_serving/share/ramen_serving/hook/ament_prefix_path.sh'
[9.272s] INFO:colcon.colcon_core.shell:Skip shell extension 'powershell' for command environment: Not usable outside of PowerShell
[9.272s] DEBUG:colcon.colcon_core.shell:Skip shell extension 'dsv' for command environment
[9.277s] INFO:colcon.colcon_ros.task.ament_python.build:Building ROS package in '/home/shiha/ros2_termproject/src/ramen_table' with build type 'ament_python'
[9.277s] Level 1:colcon.colcon_core.shell:create_environment_hook('ramen_table', 'ament_prefix_path')
[9.277s] INFO:colcon.colcon_core.shell:Creating environment hook '/home/shiha/ros2_termproject/install/ramen_table/share/ramen_table/hook/ament_prefix_path.ps1'
[9.278s] INFO:colcon.colcon_core.shell:Creating environment descriptor '/home/shiha/ros2_termproject/install/ramen_table/share/ramen_table/hook/ament_prefix_path.dsv'
[9.279s] INFO:colcon.colcon_core.shell:Creating environment hook '/home/shiha/ros2_termproject/install/ramen_table/share/ramen_table/hook/ament_prefix_path.sh'
[9.279s] INFO:colcon.colcon_core.shell:Skip shell extension 'powershell' for command environment: Not usable outside of PowerShell
[9.279s] DEBUG:colcon.colcon_core.shell:Skip shell extension 'dsv' for command environment
[9.513s] INFO:colcon.colcon_core.task.python.build:Building Python package in '/home/shiha/ros2_termproject/src/ramen_kitchen'
[9.514s] INFO:colcon.colcon_core.shell:Skip shell extension 'powershell' for command environment: Not usable outside of PowerShell
[9.514s] DEBUG:colcon.colcon_core.shell:Skip shell extension 'dsv' for command environment
[9.690s] INFO:colcon.colcon_core.task.python.build:Building Python package in '/home/shiha/ros2_termproject/src/ramen_serving'
[9.690s] INFO:colcon.colcon_core.shell:Skip shell extension 'powershell' for command environment: Not usable outside of PowerShell
[9.690s] DEBUG:colcon.colcon_core.shell:Skip shell extension 'dsv' for command environment
[9.858s] INFO:colcon.colcon_core.task.python.build:Building Python package in '/home/shiha/ros2_termproject/src/ramen_table'
[9.858s] INFO:colcon.colcon_core.shell:Skip shell extension 'powershell' for command environment: Not usable outside of PowerShell
[9.858s] DEBUG:colcon.colcon_core.shell:Skip shell extension 'dsv' for command environment
[10.544s] DEBUG:colcon.colcon_core.event_handler.log_command:Invoking command in '/home/shiha/ros2_termproject/src/ramen_kitchen': AMENT_PREFIX_PATH=/home/shiha/ros2_termproject/install/ramen_interfaces:${AMENT_PREFIX_PATH} CMAKE_PREFIX_PATH=/home/shiha/ros2_termproject/install/ramen_interfaces:${CMAKE_PREFIX_PATH} LD_LIBRARY_PATH=/home/shiha/ros2_termproject/install/ramen_interfaces/lib:${LD_LIBRARY_PATH} PYTHONPATH=/home/shiha/ros2_termproject/build/ramen_kitchen/prefix_override:/usr/lib/python3/dist-packages/colcon_core/task/python/colcon_distutils_commands:/home/shiha/ros2_termproject/install/ramen_kitchen/lib/python3.12/site-packages:/home/shiha/ros2_termproject/install/ramen_interfaces/lib/python3.12/site-packages:${PYTHONPATH} /usr/bin/python3 -W ignore:setup.py install is deprecated -W ignore:easy_install command is deprecated setup.py egg_info --egg-base ../../build/ramen_kitchen build --build-base /home/shiha/ros2_termproject/build/ramen_kitchen/build install --record /home/shiha/ros2_termproject/build/ramen_kitchen/install.log --single-version-externally-managed install_data
[10.558s] DEBUG:colcon.colcon_core.event_handler.log_command:Invoking command in '/home/shiha/ros2_termproject/src/ramen_table': AMENT_PREFIX_PATH=/home/shiha/ros2_termproject/install/ramen_interfaces:${AMENT_PREFIX_PATH} CMAKE_PREFIX_PATH=/home/shiha/ros2_termproject/install/ramen_interfaces:${CMAKE_PREFIX_PATH} LD_LIBRARY_PATH=/home/shiha/ros2_termproject/install/ramen_interfaces/lib:${LD_LIBRARY_PATH} PYTHONPATH=/home/shiha/ros2_termproject/build/ramen_table/prefix_override:/usr/lib/python3/dist-packages/colcon_core/task/python/colcon_distutils_commands:/home/shiha/ros2_termproject/install/ramen_table/lib/python3.12/site-packages:/home/shiha/ros2_termproject/install/ramen_interfaces/lib/python3.12/site-packages:${PYTHONPATH} /usr/bin/python3 -W ignore:setup.py install is deprecated -W ignore:easy_install command is deprecated setup.py egg_info --egg-base ../../build/ramen_table build --build-base /home/shiha/ros2_termproject/build/ramen_table/build install --record /home/shiha/ros2_termproject/build/ramen_table/install.log --single-version-externally-managed install_data
[10.560s] DEBUG:colcon.colcon_core.event_handler.log_command:Invoking command in '/home/shiha/ros2_termproject/src/ramen_serving': AMENT_PREFIX_PATH=/home/shiha/ros2_termproject/install/ramen_interfaces:${AMENT_PREFIX_PATH} CMAKE_PREFIX_PATH=/home/shiha/ros2_termproject/install/ramen_interfaces:${CMAKE_PREFIX_PATH} LD_LIBRARY_PATH=/home/shiha/ros2_termproject/install/ramen_interfaces/lib:${LD_LIBRARY_PATH} PYTHONPATH=/home/shiha/ros2_termproject/build/ramen_serving/prefix_override:/usr/lib/python3/dist-packages/colcon_core/task/python/colcon_distutils_commands:/home/shiha/ros2_termproject/install/ramen_serving/lib/python3.12/site-packages:/home/shiha/ros2_termproject/install/ramen_interfaces/lib/python3.12/site-packages:${PYTHONPATH} /usr/bin/python3 -W ignore:setup.py install is deprecated -W ignore:easy_install command is deprecated setup.py egg_info --egg-base ../../build/ramen_serving build --build-base /home/shiha/ros2_termproject/build/ramen_serving/build install --record /home/shiha/ros2_termproject/build/ramen_serving/install.log --single-version-externally-managed install_data
[11.061s] Level 1:colcon.colcon_core.environment:checking '/home/shiha/ros2_termproject/install/ramen_kitchen' for CMake module files
[11.062s] DEBUG:colcon.colcon_core.event_handler.log_command:Invoked command in '/home/shiha/ros2_termproject/src/ramen_kitchen' returned '0': AMENT_PREFIX_PATH=/home/shiha/ros2_termproject/install/ramen_interfaces:${AMENT_PREFIX_PATH} CMAKE_PREFIX_PATH=/home/shiha/ros2_termproject/install/ramen_interfaces:${CMAKE_PREFIX_PATH} LD_LIBRARY_PATH=/home/shiha/ros2_termproject/install/ramen_interfaces/lib:${LD_LIBRARY_PATH} PYTHONPATH=/home/shiha/ros2_termproject/build/ramen_kitchen/prefix_override:/usr/lib/python3/dist-packages/colcon_core/task/python/colcon_distutils_commands:/home/shiha/ros2_termproject/install/ramen_kitchen/lib/python3.12/site-packages:/home/shiha/ros2_termproject/install/ramen_interfaces/lib/python3.12/site-packages:${PYTHONPATH} /usr/bin/python3 -W ignore:setup.py install is deprecated -W ignore:easy_install command is deprecated setup.py egg_info --egg-base ../../build/ramen_kitchen build --build-base /home/shiha/ros2_termproject/build/ramen_kitchen/build install --record /home/shiha/ros2_termproject/build/ramen_kitchen/install.log --single-version-externally-managed install_data
[11.062s] Level 1:colcon.colcon_core.environment:checking '/home/shiha/ros2_termproject/install/ramen_kitchen' for CMake config files
[11.063s] Level 1:colcon.colcon_core.environment:checking '/home/shiha/ros2_termproject/install/ramen_kitchen/lib'
[11.063s] Level 1:colcon.colcon_core.environment:checking '/home/shiha/ros2_termproject/install/ramen_kitchen/bin'
[11.063s] Level 1:colcon.colcon_core.environment:checking '/home/shiha/ros2_termproject/install/ramen_kitchen/lib/pkgconfig/ramen_kitchen.pc'
[11.063s] Level 1:colcon.colcon_core.environment:checking '/home/shiha/ros2_termproject/install/ramen_kitchen/lib/python3.12/site-packages'
[11.063s] Level 1:colcon.colcon_core.shell:create_environment_hook('ramen_kitchen', 'pythonpath')
[11.063s] INFO:colcon.colcon_core.shell:Creating environment hook '/home/shiha/ros2_termproject/install/ramen_kitchen/share/ramen_kitchen/hook/pythonpath.ps1'
[11.063s] INFO:colcon.colcon_core.shell:Creating environment descriptor '/home/shiha/ros2_termproject/install/ramen_kitchen/share/ramen_kitchen/hook/pythonpath.dsv'
[11.064s] INFO:colcon.colcon_core.shell:Creating environment hook '/home/shiha/ros2_termproject/install/ramen_kitchen/share/ramen_kitchen/hook/pythonpath.sh'
[11.064s] Level 1:colcon.colcon_core.environment:checking '/home/shiha/ros2_termproject/install/ramen_kitchen/bin'
[11.064s] Level 1:colcon.colcon_core.environment:create_environment_scripts_only(ramen_kitchen)
[11.064s] INFO:colcon.colcon_core.shell:Creating package script '/home/shiha/ros2_termproject/install/ramen_kitchen/share/ramen_kitchen/package.ps1'
[11.065s] INFO:colcon.colcon_core.shell:Creating package descriptor '/home/shiha/ros2_termproject/install/ramen_kitchen/share/ramen_kitchen/package.dsv'
[11.065s] INFO:colcon.colcon_core.shell:Creating package script '/home/shiha/ros2_termproject/install/ramen_kitchen/share/ramen_kitchen/package.sh'
[11.065s] INFO:colcon.colcon_core.shell:Creating package script '/home/shiha/ros2_termproject/install/ramen_kitchen/share/ramen_kitchen/package.bash'
[11.066s] INFO:colcon.colcon_core.shell:Creating package script '/home/shiha/ros2_termproject/install/ramen_kitchen/share/ramen_kitchen/package.zsh'
[11.066s] Level 1:colcon.colcon_core.environment:create_file_with_runtime_dependencies(/home/shiha/ros2_termproject/install/ramen_kitchen/share/colcon-core/packages/ramen_kitchen)
[11.068s] Level 1:colcon.colcon_core.environment:checking '/home/shiha/ros2_termproject/install/ramen_serving' for CMake module files
[11.068s] DEBUG:colcon.colcon_core.event_handler.log_command:Invoked command in '/home/shiha/ros2_termproject/src/ramen_serving' returned '0': AMENT_PREFIX_PATH=/home/shiha/ros2_termproject/install/ramen_interfaces:${AMENT_PREFIX_PATH} CMAKE_PREFIX_PATH=/home/shiha/ros2_termproject/install/ramen_interfaces:${CMAKE_PREFIX_PATH} LD_LIBRARY_PATH=/home/shiha/ros2_termproject/install/ramen_interfaces/lib:${LD_LIBRARY_PATH} PYTHONPATH=/home/shiha/ros2_termproject/build/ramen_serving/prefix_override:/usr/lib/python3/dist-packages/colcon_core/task/python/colcon_distutils_commands:/home/shiha/ros2_termproject/install/ramen_serving/lib/python3.12/site-packages:/home/shiha/ros2_termproject/install/ramen_interfaces/lib/python3.12/site-packages:${PYTHONPATH} /usr/bin/python3 -W ignore:setup.py install is deprecated -W ignore:easy_install command is deprecated setup.py egg_info --egg-base ../../build/ramen_serving build --build-base /home/shiha/ros2_termproject/build/ramen_serving/build install --record /home/shiha/ros2_termproject/build/ramen_serving/install.log --single-version-externally-managed install_data
[11.069s] Level 1:colcon.colcon_core.environment:checking '/home/shiha/ros2_termproject/install/ramen_serving' for CMake config files
[11.069s] Level 1:colcon.colcon_core.environment:checking '/home/shiha/ros2_termproject/install/ramen_serving/lib'
[11.069s] Level 1:colcon.colcon_core.environment:checking '/home/shiha/ros2_termproject/install/ramen_serving/bin'
[11.069s] Level 1:colcon.colcon_core.environment:checking '/home/shiha/ros2_termproject/install/ramen_serving/lib/pkgconfig/ramen_serving.pc'
[11.069s] Level 1:colcon.colcon_core.environment:checking '/home/shiha/ros2_termproject/install/ramen_serving/lib/python3.12/site-packages'
[11.069s] Level 1:colcon.colcon_core.shell:create_environment_hook('ramen_serving', 'pythonpath')
[11.070s] INFO:colcon.colcon_core.shell:Creating environment hook '/home/shiha/ros2_termproject/install/ramen_serving/share/ramen_serving/hook/pythonpath.ps1'
[11.070s] INFO:colcon.colcon_core.shell:Creating environment descriptor '/home/shiha/ros2_termproject/install/ramen_serving/share/ramen_serving/hook/pythonpath.dsv'
[11.070s] INFO:colcon.colcon_core.shell:Creating environment hook '/home/shiha/ros2_termproject/install/ramen_serving/share/ramen_serving/hook/pythonpath.sh'
[11.071s] Level 1:colcon.colcon_core.environment:checking '/home/shiha/ros2_termproject/install/ramen_serving/bin'
[11.071s] Level 1:colcon.colcon_core.environment:create_environment_scripts_only(ramen_serving)
[11.071s] INFO:colcon.colcon_core.shell:Creating package script '/home/shiha/ros2_termproject/install/ramen_serving/share/ramen_serving/package.ps1'
[11.071s] INFO:colcon.colcon_core.shell:Creating package descriptor '/home/shiha/ros2_termproject/install/ramen_serving/share/ramen_serving/package.dsv'
[11.071s] INFO:colcon.colcon_core.shell:Creating package script '/home/shiha/ros2_termproject/install/ramen_serving/share/ramen_serving/package.sh'
[11.072s] INFO:colcon.colcon_core.shell:Creating package script '/home/shiha/ros2_termproject/install/ramen_serving/share/ramen_serving/package.bash'
[11.072s] INFO:colcon.colcon_core.shell:Creating package script '/home/shiha/ros2_termproject/install/ramen_serving/share/ramen_serving/package.zsh'
[11.072s] Level 1:colcon.colcon_core.environment:create_file_with_runtime_dependencies(/home/shiha/ros2_termproject/install/ramen_serving/share/colcon-core/packages/ramen_serving)
[11.086s] Level 1:colcon.colcon_core.environment:checking '/home/shiha/ros2_termproject/install/ramen_table' for CMake module files
[11.087s] DEBUG:colcon.colcon_core.event_handler.log_command:Invoked command in '/home/shiha/ros2_termproject/src/ramen_table' returned '0': AMENT_PREFIX_PATH=/home/shiha/ros2_termproject/install/ramen_interfaces:${AMENT_PREFIX_PATH} CMAKE_PREFIX_PATH=/home/shiha/ros2_termproject/install/ramen_interfaces:${CMAKE_PREFIX_PATH} LD_LIBRARY_PATH=/home/shiha/ros2_termproject/install/ramen_interfaces/lib:${LD_LIBRARY_PATH} PYTHONPATH=/home/shiha/ros2_termproject/build/ramen_table/prefix_override:/usr/lib/python3/dist-packages/colcon_core/task/python/colcon_distutils_commands:/home/shiha/ros2_termproject/install/ramen_table/lib/python3.12/site-packages:/home/shiha/ros2_termproject/install/ramen_interfaces/lib/python3.12/site-packages:${PYTHONPATH} /usr/bin/python3 -W ignore:setup.py install is deprecated -W ignore:easy_install command is deprecated setup.py egg_info --egg-base ../../build/ramen_table build --build-base /home/shiha/ros2_termproject/build/ramen_table/build install --record /home/shiha/ros2_termproject/build/ramen_table/install.log --single-version-externally-managed install_data
[11.087s] Level 1:colcon.colcon_core.environment:checking '/home/shiha/ros2_termproject/install/ramen_table' for CMake config files
[11.088s] Level 1:colcon.colcon_core.environment:checking '/home/shiha/ros2_termproject/install/ramen_table/lib'
[11.088s] Level 1:colcon.colcon_core.environment:checking '/home/shiha/ros2_termproject/install/ramen_table/bin'
[11.088s] Level 1:colcon.colcon_core.environment:checking '/home/shiha/ros2_termproject/install/ramen_table/lib/pkgconfig/ramen_table.pc'
[11.088s] Level 1:colcon.colcon_core.environment:checking '/home/shiha/ros2_termproject/install/ramen_table/lib/python3.12/site-packages'
[11.089s] Level 1:colcon.colcon_core.shell:create_environment_hook('ramen_table', 'pythonpath')
[11.089s] INFO:colcon.colcon_core.shell:Creating environment hook '/home/shiha/ros2_termproject/install/ramen_table/share/ramen_table/hook/pythonpath.ps1'
[11.089s] INFO:colcon.colcon_core.shell:Creating environment descriptor '/home/shiha/ros2_termproject/install/ramen_table/share/ramen_table/hook/pythonpath.dsv'
[11.089s] INFO:colcon.colcon_core.shell:Creating environment hook '/home/shiha/ros2_termproject/install/ramen_table/share/ramen_table/hook/pythonpath.sh'
[11.090s] Level 1:colcon.colcon_core.environment:checking '/home/shiha/ros2_termproject/install/ramen_table/bin'
[11.090s] Level 1:colcon.colcon_core.environment:create_environment_scripts_only(ramen_table)
[11.090s] INFO:colcon.colcon_core.shell:Creating package script '/home/shiha/ros2_termproject/install/ramen_table/share/ramen_table/package.ps1'
[11.090s] INFO:colcon.colcon_core.shell:Creating package descriptor '/home/shiha/ros2_termproject/install/ramen_table/share/ramen_table/package.dsv'
[11.091s] INFO:colcon.colcon_core.shell:Creating package script '/home/shiha/ros2_termproject/install/ramen_table/share/ramen_table/package.sh'
[11.091s] INFO:colcon.colcon_core.shell:Creating package script '/home/shiha/ros2_termproject/install/ramen_table/share/ramen_table/package.bash'
[11.091s] INFO:colcon.colcon_core.shell:Creating package script '/home/shiha/ros2_termproject/install/ramen_table/share/ramen_table/package.zsh'
[11.091s] Level 1:colcon.colcon_core.environment:create_file_with_runtime_dependencies(/home/shiha/ros2_termproject/install/ramen_table/share/colcon-core/packages/ramen_table)
[11.092s] DEBUG:colcon.colcon_parallel_executor.executor.parallel:closing loop
[11.092s] DEBUG:colcon.colcon_parallel_executor.executor.parallel:loop closed
[11.093s] DEBUG:colcon.colcon_parallel_executor.executor.parallel:run_until_complete finished with '0'
[11.093s] DEBUG:colcon.colcon_core.event_reactor:joining thread
[11.124s] INFO:colcon.colcon_core.plugin_system:Skipping extension 'colcon_notification.desktop_notification.notify_send': Could not find 'notify-send'
[11.125s] INFO:colcon.colcon_core.plugin_system:Skipping extension 'colcon_notification.desktop_notification.terminal_notifier': Not used on non-Darwin systems
[11.125s] INFO:colcon.colcon_core.plugin_system:Skipping extension 'colcon_notification.desktop_notification.win32': Not used on non-Windows systems
[11.125s] INFO:colcon.colcon_notification.desktop_notification:Sending desktop notification using 'notify2'
[11.132s] DEBUG:colcon.colcon_notification.desktop_notification.notify2:Failed to initialize notify2: org.freedesktop.DBus.Error.ServiceUnknown: The name org.freedesktop.Notifications was not provided by any .service files
[11.133s] DEBUG:colcon.colcon_core.event_reactor:joined thread
[11.133s] INFO:colcon.colcon_core.shell:Creating prefix script '/home/shiha/ros2_termproject/install/local_setup.ps1'
[11.134s] INFO:colcon.colcon_core.shell:Creating prefix util module '/home/shiha/ros2_termproject/install/_local_setup_util_ps1.py'
[11.136s] INFO:colcon.colcon_core.shell:Creating prefix chain script '/home/shiha/ros2_termproject/install/setup.ps1'
[11.137s] INFO:colcon.colcon_core.shell:Creating prefix script '/home/shiha/ros2_termproject/install/local_setup.sh'
[11.138s] INFO:colcon.colcon_core.shell:Creating prefix util module '/home/shiha/ros2_termproject/install/_local_setup_util_sh.py'
[11.139s] INFO:colcon.colcon_core.shell:Creating prefix chain script '/home/shiha/ros2_termproject/install/setup.sh'
[11.140s] INFO:colcon.colcon_core.shell:Creating prefix script '/home/shiha/ros2_termproject/install/local_setup.bash'
[11.141s] INFO:colcon.colcon_core.shell:Creating prefix chain script '/home/shiha/ros2_termproject/install/setup.bash'
[11.142s] INFO:colcon.colcon_core.shell:Creating prefix script '/home/shiha/ros2_termproject/install/local_setup.zsh'
[11.142s] INFO:colcon.colcon_core.shell:Creating prefix chain script '/home/shiha/ros2_termproject/install/setup.zsh'
