[1.005s] Invoking command in '/home/shiha/ros2_termproject/src/ramen_serving': PYTHONPATH=/home/shiha/ros2_termproject/build/ramen_serving/prefix_override:/usr/lib/python3/dist-packages/colcon_core/task/python/colcon_distutils_commands:/home/shiha/ros2_termproject/install/ramen_serving/lib/python3.12/site-packages:/home/shiha/ros2_termproject/install/ramen_interfaces/lib/python3.12/site-packages:/home/shiha/ros2_termproject/install/ramen_table/lib/python3.12/site-packages:/home/shiha/ros2_termproject/install/ramen_serving/lib/python3.12/site-packages:/home/shiha/ros2_termproject/install/ramen_kitchen/lib/python3.12/site-packages:/home/shiha/my_ws/install/using_my_custom_interface_package/lib/python3.12/site-packages:/home/shiha/my_ws/install/time_sync_interface/lib/python3.12/site-packages:/home/shiha/my_ws/install/time_sync/lib/python3.12/site-packages:/home/shiha/my_ws/install/my_rclpy_package/lib/python3.12/site-packages:/home/shiha/my_ws/install/msg_interface_example/lib/python3.12/site-packages:/home/shiha/my_ws/install/learning_tf2/lib/python3.12/site-packages:/home/shiha/my_ws/install/gz_demo/lib/python3.12/site-packages:/opt/ros/jazzy/lib/python3.12/site-packages /usr/bin/python3 -W ignore:setup.py install is deprecated -W ignore:easy_install command is deprecated setup.py egg_info --egg-base ../../build/ramen_serving build --build-base /home/shiha/ros2_termproject/build/ramen_serving/build install --record /home/shiha/ros2_termproject/build/ramen_serving/install.log --single-version-externally-managed install_data
[1.202s] running egg_info
[1.218s] writing ../../build/ramen_serving/ramen_serving.egg-info/PKG-INFO
[1.218s] writing dependency_links to ../../build/ramen_serving/ramen_serving.egg-info/dependency_links.txt
[1.218s] writing entry points to ../../build/ramen_serving/ramen_serving.egg-info/entry_points.txt
[1.219s] writing requirements to ../../build/ramen_serving/ramen_serving.egg-info/requires.txt
[1.219s] writing top-level names to ../../build/ramen_serving/ramen_serving.egg-info/top_level.txt
[1.248s] reading manifest file '../../build/ramen_serving/ramen_serving.egg-info/SOURCES.txt'
[1.248s] writing manifest file '../../build/ramen_serving/ramen_serving.egg-info/SOURCES.txt'
[1.248s] running build
[1.248s] running build_py
[1.248s] running install
[1.253s] running install_lib
[1.267s] running install_data
[1.267s] running install_egg_info
[1.281s] removing '/home/shiha/ros2_termproject/install/ramen_serving/lib/python3.12/site-packages/ramen_serving-0.0.0-py3.12.egg-info' (and everything under it)
[1.282s] Copying ../../build/ramen_serving/ramen_serving.egg-info to /home/shiha/ros2_termproject/install/ramen_serving/lib/python3.12/site-packages/ramen_serving-0.0.0-py3.12.egg-info
[1.283s] running install_scripts
[1.372s] Installing robot_node script to /home/shiha/ros2_termproject/install/ramen_serving/lib/ramen_serving
[1.373s] writing list of installed files to '/home/shiha/ros2_termproject/build/ramen_serving/install.log'
[1.398s] Invoked command in '/home/shiha/ros2_termproject/src/ramen_serving' returned '0': PYTHONPATH=/home/shiha/ros2_termproject/build/ramen_serving/prefix_override:/usr/lib/python3/dist-packages/colcon_core/task/python/colcon_distutils_commands:/home/shiha/ros2_termproject/install/ramen_serving/lib/python3.12/site-packages:/home/shiha/ros2_termproject/install/ramen_interfaces/lib/python3.12/site-packages:/home/shiha/ros2_termproject/install/ramen_table/lib/python3.12/site-packages:/home/shiha/ros2_termproject/install/ramen_serving/lib/python3.12/site-packages:/home/shiha/ros2_termproject/install/ramen_kitchen/lib/python3.12/site-packages:/home/shiha/my_ws/install/using_my_custom_interface_package/lib/python3.12/site-packages:/home/shiha/my_ws/install/time_sync_interface/lib/python3.12/site-packages:/home/shiha/my_ws/install/time_sync/lib/python3.12/site-packages:/home/shiha/my_ws/install/my_rclpy_package/lib/python3.12/site-packages:/home/shiha/my_ws/install/msg_interface_example/lib/python3.12/site-packages:/home/shiha/my_ws/install/learning_tf2/lib/python3.12/site-packages:/home/shiha/my_ws/install/gz_demo/lib/python3.12/site-packages:/opt/ros/jazzy/lib/python3.12/site-packages /usr/bin/python3 -W ignore:setup.py install is deprecated -W ignore:easy_install command is deprecated setup.py egg_info --egg-base ../../build/ramen_serving build --build-base /home/shiha/ros2_termproject/build/ramen_serving/build install --record /home/shiha/ros2_termproject/build/ramen_serving/install.log --single-version-externally-managed install_data
