[0.257s] DEBUG:colcon:Command line arguments: ['/usr/bin/colcon', 'build']
[0.258s] DEBUG:colcon:Parsed command line arguments: Namespace(log_base=None, log_level=None, verb_name='build', build_base='build', install_base='install', merge_install=False, symlink_install=False, test_result_base=None, continue_on_error=False, executor='parallel', parallel_workers=4, event_handlers=None, ignore_user_meta=False, metas=['./colcon.meta'], base_paths=['.'], packages_ignore=None, packages_ignore_regex=None, paths=None, packages_up_to=None, packages_up_to_regex=None, packages_above=None, packages_above_and_dependencies=None, packages_above_depth=None, packages_select_by_dep=None, packages_skip_by_dep=None, packages_skip_up_to=None, packages_select_build_failed=False, packages_skip_build_finished=False, packages_select_test_failures=False, packages_skip_test_passed=False, packages_select=None, packages_skip=None, packages_select_regex=None, packages_skip_regex=None, packages_start=None, packages_end=None, allow_overriding=[], cmake_args=None, cmake_target=None, cmake_target_skip_unavailable=False, cmake_clean_cache=False, cmake_clean_first=False, cmake_force_configure=False, ament_cmake_args=None, catkin_cmake_args=None, catkin_skip_building_tests=False, verb_parser=<colcon_defaults.argument_parser.defaults.DefaultArgumentsDecorator object at 0x74aeb3073370>, verb_extension=<colcon_core.verb.build.BuildVerb object at 0x74aeb31aceb0>, main=<bound method BuildVerb.main of <colcon_core.verb.build.BuildVerb object at 0x74aeb31aceb0>>)
[0.542s] Level 1:colcon.colcon_core.package_discovery:discover_packages(colcon_meta) check parameters
[0.542s] Level 1:colcon.colcon_core.package_discovery:discover_packages(recursive) check parameters
[0.542s] Level 1:colcon.colcon_core.package_discovery:discover_packages(ignore) check parameters
[0.542s] Level 1:colcon.colcon_core.package_discovery:discover_packages(path) check parameters
[0.542s] Level 1:colcon.colcon_core.package_discovery:discover_packages(colcon_meta) discover
[0.542s] Level 1:colcon.colcon_core.package_discovery:discover_packages(recursive) discover
[0.542s] INFO:colcon.colcon_core.package_discovery:Crawling recursively for packages in '/home/you/ros2_term'
[0.542s] Level 1:colcon.colcon_core.package_identification:_identify(.) by extensions ['ignore', 'ignore_ament_install']
[0.542s] Level 1:colcon.colcon_core.package_identification:_identify(.) by extension 'ignore'
[0.542s] Level 1:colcon.colcon_core.package_identification:_identify(.) by extension 'ignore_ament_install'
[0.542s] Level 1:colcon.colcon_core.package_identification:_identify(.) by extensions ['colcon_pkg']
[0.542s] Level 1:colcon.colcon_core.package_identification:_identify(.) by extension 'colcon_pkg'
[0.542s] Level 1:colcon.colcon_core.package_identification:_identify(.) by extensions ['colcon_meta']
[0.542s] Level 1:colcon.colcon_core.package_identification:_identify(.) by extension 'colcon_meta'
[0.542s] Level 1:colcon.colcon_core.package_identification:_identify(.) by extensions ['ros']
[0.543s] Level 1:colcon.colcon_core.package_identification:_identify(.) by extension 'ros'
[0.566s] Level 1:colcon.colcon_core.package_identification:_identify(.) by extensions ['cmake', 'python']
[0.566s] Level 1:colcon.colcon_core.package_identification:_identify(.) by extension 'cmake'
[0.566s] Level 1:colcon.colcon_core.package_identification:_identify(.) by extension 'python'
[0.566s] Level 1:colcon.colcon_core.package_identification:_identify(.) by extensions ['python_setup_py']
[0.566s] Level 1:colcon.colcon_core.package_identification:_identify(.) by extension 'python_setup_py'
[0.566s] Level 1:colcon.colcon_core.package_identification:_identify(build) by extensions ['ignore', 'ignore_ament_install']
[0.566s] Level 1:colcon.colcon_core.package_identification:_identify(build) by extension 'ignore'
[0.566s] Level 1:colcon.colcon_core.package_identification:_identify(build) ignored
[0.566s] Level 1:colcon.colcon_core.package_identification:_identify(install) by extensions ['ignore', 'ignore_ament_install']
[0.566s] Level 1:colcon.colcon_core.package_identification:_identify(install) by extension 'ignore'
[0.566s] Level 1:colcon.colcon_core.package_identification:_identify(install) ignored
[0.566s] Level 1:colcon.colcon_core.package_identification:_identify(log) by extensions ['ignore', 'ignore_ament_install']
[0.566s] Level 1:colcon.colcon_core.package_identification:_identify(log) by extension 'ignore'
[0.566s] Level 1:colcon.colcon_core.package_identification:_identify(log) ignored
[0.566s] Level 1:colcon.colcon_core.package_identification:_identify(ramen_interfaces) by extensions ['ignore', 'ignore_ament_install']
[0.566s] Level 1:colcon.colcon_core.package_identification:_identify(ramen_interfaces) by extension 'ignore'
[0.566s] Level 1:colcon.colcon_core.package_identification:_identify(ramen_interfaces) by extension 'ignore_ament_install'
[0.567s] Level 1:colcon.colcon_core.package_identification:_identify(ramen_interfaces) by extensions ['colcon_pkg']
[0.567s] Level 1:colcon.colcon_core.package_identification:_identify(ramen_interfaces) by extension 'colcon_pkg'
[0.567s] Level 1:colcon.colcon_core.package_identification:_identify(ramen_interfaces) by extensions ['colcon_meta']
[0.567s] Level 1:colcon.colcon_core.package_identification:_identify(ramen_interfaces) by extension 'colcon_meta'
[0.567s] Level 1:colcon.colcon_core.package_identification:_identify(ramen_interfaces) by extensions ['ros']
[0.567s] Level 1:colcon.colcon_core.package_identification:_identify(ramen_interfaces) by extension 'ros'
[0.570s] DEBUG:colcon.colcon_core.package_identification:Package 'ramen_interfaces' with type 'ros.ament_cmake' and name 'ramen_interfaces'
[0.570s] Level 1:colcon.colcon_core.package_identification:_identify(ramen_kitchen) by extensions ['ignore', 'ignore_ament_install']
[0.571s] Level 1:colcon.colcon_core.package_identification:_identify(ramen_kitchen) by extension 'ignore'
[0.571s] Level 1:colcon.colcon_core.package_identification:_identify(ramen_kitchen) by extension 'ignore_ament_install'
[0.571s] Level 1:colcon.colcon_core.package_identification:_identify(ramen_kitchen) by extensions ['colcon_pkg']
[0.571s] Level 1:colcon.colcon_core.package_identification:_identify(ramen_kitchen) by extension 'colcon_pkg'
[0.571s] Level 1:colcon.colcon_core.package_identification:_identify(ramen_kitchen) by extensions ['colcon_meta']
[0.571s] Level 1:colcon.colcon_core.package_identification:_identify(ramen_kitchen) by extension 'colcon_meta'
[0.571s] Level 1:colcon.colcon_core.package_identification:_identify(ramen_kitchen) by extensions ['ros']
[0.571s] Level 1:colcon.colcon_core.package_identification:_identify(ramen_kitchen) by extension 'ros'
[0.572s] DEBUG:colcon.colcon_core.package_identification:Package 'ramen_kitchen' with type 'ros.ament_python' and name 'ramen_kitchen'
[0.572s] Level 1:colcon.colcon_core.package_identification:_identify(ramen_serving) by extensions ['ignore', 'ignore_ament_install']
[0.572s] Level 1:colcon.colcon_core.package_identification:_identify(ramen_serving) by extension 'ignore'
[0.572s] Level 1:colcon.colcon_core.package_identification:_identify(ramen_serving) by extension 'ignore_ament_install'
[0.572s] Level 1:colcon.colcon_core.package_identification:_identify(ramen_serving) by extensions ['colcon_pkg']
[0.572s] Level 1:colcon.colcon_core.package_identification:_identify(ramen_serving) by extension 'colcon_pkg'
[0.572s] Level 1:colcon.colcon_core.package_identification:_identify(ramen_serving) by extensions ['colcon_meta']
[0.572s] Level 1:colcon.colcon_core.package_identification:_identify(ramen_serving) by extension 'colcon_meta'
[0.572s] Level 1:colcon.colcon_core.package_identification:_identify(ramen_serving) by extensions ['ros']
[0.572s] Level 1:colcon.colcon_core.package_identification:_identify(ramen_serving) by extension 'ros'
[0.573s] DEBUG:colcon.colcon_core.package_identification:Package 'ramen_serving' with type 'ros.ament_python' and name 'ramen_serving'
[0.573s] Level 1:colcon.colcon_core.package_identification:_identify(ramen_table) by extensions ['ignore', 'ignore_ament_install']
[0.573s] Level 1:colcon.colcon_core.package_identification:_identify(ramen_table) by extension 'ignore'
[0.573s] Level 1:colcon.colcon_core.package_identification:_identify(ramen_table) by extension 'ignore_ament_install'
[0.573s] Level 1:colcon.colcon_core.package_identification:_identify(ramen_table) by extensions ['colcon_pkg']
[0.573s] Level 1:colcon.colcon_core.package_identification:_identify(ramen_table) by extension 'colcon_pkg'
[0.573s] Level 1:colcon.colcon_core.package_identification:_identify(ramen_table) by extensions ['colcon_meta']
[0.573s] Level 1:colcon.colcon_core.package_identification:_identify(ramen_table) by extension 'colcon_meta'
[0.573s] Level 1:colcon.colcon_core.package_identification:_identify(ramen_table) by extensions ['ros']
[0.573s] Level 1:colcon.colcon_core.package_identification:_identify(ramen_table) by extension 'ros'
[0.574s] DEBUG:colcon.colcon_core.package_identification:Package 'ramen_table' with type 'ros.ament_python' and name 'ramen_table'
[0.574s] Level 1:colcon.colcon_core.package_discovery:discover_packages(recursive) using defaults
[0.574s] Level 1:colcon.colcon_core.package_discovery:discover_packages(ignore) discover
[0.574s] Level 1:colcon.colcon_core.package_discovery:discover_packages(ignore) using defaults
[0.574s] Level 1:colcon.colcon_core.package_discovery:discover_packages(path) discover
[0.574s] Level 1:colcon.colcon_core.package_discovery:discover_packages(path) using defaults
[0.599s] Level 1:colcon.colcon_core.package_discovery:discover_packages(prefix_path) check parameters
[0.600s] Level 1:colcon.colcon_core.package_discovery:discover_packages(prefix_path) discover
[0.603s] DEBUG:colcon.colcon_installed_package_information.package_discovery:Found 451 installed packages in /opt/ros/humble
[0.605s] Level 1:colcon.colcon_core.package_discovery:discover_packages(prefix_path) using defaults
[0.653s] Level 5:colcon.colcon_core.verb:set package 'ramen_interfaces' build argument 'cmake_args' from command line to 'None'
[0.653s] Level 5:colcon.colcon_core.verb:set package 'ramen_interfaces' build argument 'cmake_target' from command line to 'None'
[0.653s] Level 5:colcon.colcon_core.verb:set package 'ramen_interfaces' build argument 'cmake_target_skip_unavailable' from command line to 'False'
[0.654s] Level 5:colcon.colcon_core.verb:set package 'ramen_interfaces' build argument 'cmake_clean_cache' from command line to 'False'
[0.654s] Level 5:colcon.colcon_core.verb:set package 'ramen_interfaces' build argument 'cmake_clean_first' from command line to 'False'
[0.654s] Level 5:colcon.colcon_core.verb:set package 'ramen_interfaces' build argument 'cmake_force_configure' from command line to 'False'
[0.654s] Level 5:colcon.colcon_core.verb:set package 'ramen_interfaces' build argument 'ament_cmake_args' from command line to 'None'
[0.654s] Level 5:colcon.colcon_core.verb:set package 'ramen_interfaces' build argument 'catkin_cmake_args' from command line to 'None'
[0.654s] Level 5:colcon.colcon_core.verb:set package 'ramen_interfaces' build argument 'catkin_skip_building_tests' from command line to 'False'
[0.654s] DEBUG:colcon.colcon_core.verb:Building package 'ramen_interfaces' with the following arguments: {'ament_cmake_args': None, 'build_base': '/home/you/ros2_term/build/ramen_interfaces', 'catkin_cmake_args': None, 'catkin_skip_building_tests': False, 'cmake_args': None, 'cmake_clean_cache': False, 'cmake_clean_first': False, 'cmake_force_configure': False, 'cmake_target': None, 'cmake_target_skip_unavailable': False, 'install_base': '/home/you/ros2_term/install/ramen_interfaces', 'merge_install': False, 'path': '/home/you/ros2_term/ramen_interfaces', 'symlink_install': False, 'test_result_base': None}
[0.654s] Level 5:colcon.colcon_core.verb:set package 'ramen_kitchen' build argument 'cmake_args' from command line to 'None'
[0.654s] Level 5:colcon.colcon_core.verb:set package 'ramen_kitchen' build argument 'cmake_target' from command line to 'None'
[0.654s] Level 5:colcon.colcon_core.verb:set package 'ramen_kitchen' build argument 'cmake_target_skip_unavailable' from command line to 'False'
[0.654s] Level 5:colcon.colcon_core.verb:set package 'ramen_kitchen' build argument 'cmake_clean_cache' from command line to 'False'
[0.654s] Level 5:colcon.colcon_core.verb:set package 'ramen_kitchen' build argument 'cmake_clean_first' from command line to 'False'
[0.654s] Level 5:colcon.colcon_core.verb:set package 'ramen_kitchen' build argument 'cmake_force_configure' from command line to 'False'
[0.654s] Level 5:colcon.colcon_core.verb:set package 'ramen_kitchen' build argument 'ament_cmake_args' from command line to 'None'
[0.654s] Level 5:colcon.colcon_core.verb:set package 'ramen_kitchen' build argument 'catkin_cmake_args' from command line to 'None'
[0.654s] Level 5:colcon.colcon_core.verb:set package 'ramen_kitchen' build argument 'catkin_skip_building_tests' from command line to 'False'
[0.654s] DEBUG:colcon.colcon_core.verb:Building package 'ramen_kitchen' with the following arguments: {'ament_cmake_args': None, 'build_base': '/home/you/ros2_term/build/ramen_kitchen', 'catkin_cmake_args': None, 'catkin_skip_building_tests': False, 'cmake_args': None, 'cmake_clean_cache': False, 'cmake_clean_first': False, 'cmake_force_configure': False, 'cmake_target': None, 'cmake_target_skip_unavailable': False, 'install_base': '/home/you/ros2_term/install/ramen_kitchen', 'merge_install': False, 'path': '/home/you/ros2_term/ramen_kitchen', 'symlink_install': False, 'test_result_base': None}
[0.654s] Level 5:colcon.colcon_core.verb:set package 'ramen_serving' build argument 'cmake_args' from command line to 'None'
[0.654s] Level 5:colcon.colcon_core.verb:set package 'ramen_serving' build argument 'cmake_target' from command line to 'None'
[0.655s] Level 5:colcon.colcon_core.verb:set package 'ramen_serving' build argument 'cmake_target_skip_unavailable' from command line to 'False'
[0.655s] Level 5:colcon.colcon_core.verb:set package 'ramen_serving' build argument 'cmake_clean_cache' from command line to 'False'
[0.655s] Level 5:colcon.colcon_core.verb:set package 'ramen_serving' build argument 'cmake_clean_first' from command line to 'False'
[0.655s] Level 5:colcon.colcon_core.verb:set package 'ramen_serving' build argument 'cmake_force_configure' from command line to 'False'
[0.655s] Level 5:colcon.colcon_core.verb:set package 'ramen_serving' build argument 'ament_cmake_args' from command line to 'None'
[0.655s] Level 5:colcon.colcon_core.verb:set package 'ramen_serving' build argument 'catkin_cmake_args' from command line to 'None'
[0.655s] Level 5:colcon.colcon_core.verb:set package 'ramen_serving' build argument 'catkin_skip_building_tests' from command line to 'False'
[0.655s] DEBUG:colcon.colcon_core.verb:Building package 'ramen_serving' with the following arguments: {'ament_cmake_args': None, 'build_base': '/home/you/ros2_term/build/ramen_serving', 'catkin_cmake_args': None, 'catkin_skip_building_tests': False, 'cmake_args': None, 'cmake_clean_cache': False, 'cmake_clean_first': False, 'cmake_force_configure': False, 'cmake_target': None, 'cmake_target_skip_unavailable': False, 'install_base': '/home/you/ros2_term/install/ramen_serving', 'merge_install': False, 'path': '/home/you/ros2_term/ramen_serving', 'symlink_install': False, 'test_result_base': None}
[0.655s] Level 5:colcon.colcon_core.verb:set package 'ramen_table' build argument 'cmake_args' from command line to 'None'
[0.655s] Level 5:colcon.colcon_core.verb:set package 'ramen_table' build argument 'cmake_target' from command line to 'None'
[0.655s] Level 5:colcon.colcon_core.verb:set package 'ramen_table' build argument 'cmake_target_skip_unavailable' from command line to 'False'
[0.655s] Level 5:colcon.colcon_core.verb:set package 'ramen_table' build argument 'cmake_clean_cache' from command line to 'False'
[0.655s] Level 5:colcon.colcon_core.verb:set package 'ramen_table' build argument 'cmake_clean_first' from command line to 'False'
[0.655s] Level 5:colcon.colcon_core.verb:set package 'ramen_table' build argument 'cmake_force_configure' from command line to 'False'
[0.655s] Level 5:colcon.colcon_core.verb:set package 'ramen_table' build argument 'ament_cmake_args' from command line to 'None'
[0.655s] Level 5:colcon.colcon_core.verb:set package 'ramen_table' build argument 'catkin_cmake_args' from command line to 'None'
[0.655s] Level 5:colcon.colcon_core.verb:set package 'ramen_table' build argument 'catkin_skip_building_tests' from command line to 'False'
[0.655s] DEBUG:colcon.colcon_core.verb:Building package 'ramen_table' with the following arguments: {'ament_cmake_args': None, 'build_base': '/home/you/ros2_term/build/ramen_table', 'catkin_cmake_args': None, 'catkin_skip_building_tests': False, 'cmake_args': None, 'cmake_clean_cache': False, 'cmake_clean_first': False, 'cmake_force_configure': False, 'cmake_target': None, 'cmake_target_skip_unavailable': False, 'install_base': '/home/you/ros2_term/install/ramen_table', 'merge_install': False, 'path': '/home/you/ros2_term/ramen_table', 'symlink_install': False, 'test_result_base': None}
[0.655s] INFO:colcon.colcon_core.executor:Executing jobs using 'parallel' executor
[0.656s] DEBUG:colcon.colcon_parallel_executor.executor.parallel:run_until_complete
[0.656s] INFO:colcon.colcon_ros.task.ament_cmake.build:Building ROS package in '/home/you/ros2_term/ramen_interfaces' with build type 'ament_cmake'
[0.656s] INFO:colcon.colcon_cmake.task.cmake.build:Building CMake package in '/home/you/ros2_term/ramen_interfaces'
[0.660s] INFO:colcon.colcon_core.plugin_system:Skipping extension 'colcon_core.shell.bat': Not used on non-Windows systems
[0.661s] INFO:colcon.colcon_core.shell:Skip shell extension 'powershell' for command environment: Not usable outside of PowerShell
[0.661s] DEBUG:colcon.colcon_core.shell:Skip shell extension 'dsv' for command environment
[0.670s] DEBUG:colcon.colcon_core.event_handler.log_command:Invoking command in '/home/you/ros2_term/build/ramen_interfaces': CMAKE_PREFIX_PATH=/opt/ros/humble /usr/bin/cmake /home/you/ros2_term/ramen_interfaces -DCMAKE_INSTALL_PREFIX=/home/you/ros2_term/install/ramen_interfaces
[2.298s] DEBUG:colcon.colcon_core.event_handler.log_command:Invoked command in '/home/you/ros2_term/build/ramen_interfaces' returned '0': CMAKE_PREFIX_PATH=/opt/ros/humble /usr/bin/cmake /home/you/ros2_term/ramen_interfaces -DCMAKE_INSTALL_PREFIX=/home/you/ros2_term/install/ramen_interfaces
[2.300s] DEBUG:colcon.colcon_core.event_handler.log_command:Invoking command in '/home/you/ros2_term/build/ramen_interfaces': CMAKE_PREFIX_PATH=/opt/ros/humble /usr/bin/cmake --build /home/you/ros2_term/build/ramen_interfaces -- -j4 -l4
[11.763s] DEBUG:colcon.colcon_core.event_handler.log_command:Invoked command in '/home/you/ros2_term/build/ramen_interfaces' returned '0': CMAKE_PREFIX_PATH=/opt/ros/humble /usr/bin/cmake --build /home/you/ros2_term/build/ramen_interfaces -- -j4 -l4
[11.771s] DEBUG:colcon.colcon_core.event_handler.log_command:Invoking command in '/home/you/ros2_term/build/ramen_interfaces': CMAKE_PREFIX_PATH=/opt/ros/humble /usr/bin/cmake --install /home/you/ros2_term/build/ramen_interfaces
[11.861s] Level 1:colcon.colcon_core.environment:create_environment_scripts_only(ramen_interfaces)
[11.862s] DEBUG:colcon.colcon_core.event_handler.log_command:Invoked command in '/home/you/ros2_term/build/ramen_interfaces' returned '0': CMAKE_PREFIX_PATH=/opt/ros/humble /usr/bin/cmake --install /home/you/ros2_term/build/ramen_interfaces
[11.867s] Level 1:colcon.colcon_core.environment:checking '/home/you/ros2_term/install/ramen_interfaces' for CMake module files
[11.867s] Level 1:colcon.colcon_core.environment:checking '/home/you/ros2_term/install/ramen_interfaces' for CMake config files
[11.868s] Level 1:colcon.colcon_core.shell:create_environment_hook('ramen_interfaces', 'cmake_prefix_path')
[11.868s] INFO:colcon.colcon_core.shell:Creating environment hook '/home/you/ros2_term/install/ramen_interfaces/share/ramen_interfaces/hook/cmake_prefix_path.ps1'
[11.869s] INFO:colcon.colcon_core.shell:Creating environment descriptor '/home/you/ros2_term/install/ramen_interfaces/share/ramen_interfaces/hook/cmake_prefix_path.dsv'
[11.869s] INFO:colcon.colcon_core.shell:Creating environment hook '/home/you/ros2_term/install/ramen_interfaces/share/ramen_interfaces/hook/cmake_prefix_path.sh'
[11.870s] Level 1:colcon.colcon_core.environment:checking '/home/you/ros2_term/install/ramen_interfaces/lib'
[11.870s] Level 1:colcon.colcon_core.shell:create_environment_hook('ramen_interfaces', 'ld_library_path_lib')
[11.870s] INFO:colcon.colcon_core.shell:Creating environment hook '/home/you/ros2_term/install/ramen_interfaces/share/ramen_interfaces/hook/ld_library_path_lib.ps1'
[11.870s] INFO:colcon.colcon_core.shell:Creating environment descriptor '/home/you/ros2_term/install/ramen_interfaces/share/ramen_interfaces/hook/ld_library_path_lib.dsv'
[11.871s] INFO:colcon.colcon_core.shell:Creating environment hook '/home/you/ros2_term/install/ramen_interfaces/share/ramen_interfaces/hook/ld_library_path_lib.sh'
[11.871s] Level 1:colcon.colcon_core.environment:checking '/home/you/ros2_term/install/ramen_interfaces/bin'
[11.871s] Level 1:colcon.colcon_core.environment:checking '/home/you/ros2_term/install/ramen_interfaces/lib/pkgconfig/ramen_interfaces.pc'
[11.871s] Level 1:colcon.colcon_core.environment:checking '/home/you/ros2_term/install/ramen_interfaces/lib/python3.10/site-packages'
[11.871s] Level 1:colcon.colcon_core.environment:checking '/home/you/ros2_term/install/ramen_interfaces/bin'
[11.872s] INFO:colcon.colcon_core.shell:Creating package script '/home/you/ros2_term/install/ramen_interfaces/share/ramen_interfaces/package.ps1'
[11.873s] INFO:colcon.colcon_core.shell:Creating package descriptor '/home/you/ros2_term/install/ramen_interfaces/share/ramen_interfaces/package.dsv'
[11.873s] INFO:colcon.colcon_core.shell:Creating package script '/home/you/ros2_term/install/ramen_interfaces/share/ramen_interfaces/package.sh'
[11.874s] INFO:colcon.colcon_core.shell:Creating package script '/home/you/ros2_term/install/ramen_interfaces/share/ramen_interfaces/package.bash'
[11.875s] INFO:colcon.colcon_core.shell:Creating package script '/home/you/ros2_term/install/ramen_interfaces/share/ramen_interfaces/package.zsh'
[11.876s] Level 1:colcon.colcon_core.environment:create_file_with_runtime_dependencies(/home/you/ros2_term/install/ramen_interfaces/share/colcon-core/packages/ramen_interfaces)
[11.877s] Level 1:colcon.colcon_core.environment:create_environment_scripts_only(ramen_interfaces)
[11.877s] Level 1:colcon.colcon_core.environment:checking '/home/you/ros2_term/install/ramen_interfaces' for CMake module files
[11.877s] Level 1:colcon.colcon_core.environment:checking '/home/you/ros2_term/install/ramen_interfaces' for CMake config files
[11.878s] Level 1:colcon.colcon_core.shell:create_environment_hook('ramen_interfaces', 'cmake_prefix_path')
[11.878s] INFO:colcon.colcon_core.shell:Creating environment hook '/home/you/ros2_term/install/ramen_interfaces/share/ramen_interfaces/hook/cmake_prefix_path.ps1'
[11.878s] INFO:colcon.colcon_core.shell:Creating environment descriptor '/home/you/ros2_term/install/ramen_interfaces/share/ramen_interfaces/hook/cmake_prefix_path.dsv'
[11.879s] INFO:colcon.colcon_core.shell:Creating environment hook '/home/you/ros2_term/install/ramen_interfaces/share/ramen_interfaces/hook/cmake_prefix_path.sh'
[11.879s] Level 1:colcon.colcon_core.environment:checking '/home/you/ros2_term/install/ramen_interfaces/lib'
[11.879s] Level 1:colcon.colcon_core.shell:create_environment_hook('ramen_interfaces', 'ld_library_path_lib')
[11.879s] INFO:colcon.colcon_core.shell:Creating environment hook '/home/you/ros2_term/install/ramen_interfaces/share/ramen_interfaces/hook/ld_library_path_lib.ps1'
[11.880s] INFO:colcon.colcon_core.shell:Creating environment descriptor '/home/you/ros2_term/install/ramen_interfaces/share/ramen_interfaces/hook/ld_library_path_lib.dsv'
[11.880s] INFO:colcon.colcon_core.shell:Creating environment hook '/home/you/ros2_term/install/ramen_interfaces/share/ramen_interfaces/hook/ld_library_path_lib.sh'
[11.881s] Level 1:colcon.colcon_core.environment:checking '/home/you/ros2_term/install/ramen_interfaces/bin'
[11.881s] Level 1:colcon.colcon_core.environment:checking '/home/you/ros2_term/install/ramen_interfaces/lib/pkgconfig/ramen_interfaces.pc'
[11.881s] Level 1:colcon.colcon_core.environment:checking '/home/you/ros2_term/install/ramen_interfaces/lib/python3.10/site-packages'
[11.881s] Level 1:colcon.colcon_core.environment:checking '/home/you/ros2_term/install/ramen_interfaces/bin'
[11.881s] INFO:colcon.colcon_core.shell:Creating package script '/home/you/ros2_term/install/ramen_interfaces/share/ramen_interfaces/package.ps1'
[11.882s] INFO:colcon.colcon_core.shell:Creating package descriptor '/home/you/ros2_term/install/ramen_interfaces/share/ramen_interfaces/package.dsv'
[11.882s] INFO:colcon.colcon_core.shell:Creating package script '/home/you/ros2_term/install/ramen_interfaces/share/ramen_interfaces/package.sh'
[11.883s] INFO:colcon.colcon_core.shell:Creating package script '/home/you/ros2_term/install/ramen_interfaces/share/ramen_interfaces/package.bash'
[11.883s] INFO:colcon.colcon_core.shell:Creating package script '/home/you/ros2_term/install/ramen_interfaces/share/ramen_interfaces/package.zsh'
[11.883s] Level 1:colcon.colcon_core.environment:create_file_with_runtime_dependencies(/home/you/ros2_term/install/ramen_interfaces/share/colcon-core/packages/ramen_interfaces)
[11.884s] INFO:colcon.colcon_ros.task.ament_python.build:Building ROS package in '/home/you/ros2_term/ramen_kitchen' with build type 'ament_python'
[11.884s] Level 1:colcon.colcon_core.shell:create_environment_hook('ramen_kitchen', 'ament_prefix_path')
[11.884s] INFO:colcon.colcon_core.shell:Creating environment hook '/home/you/ros2_term/install/ramen_kitchen/share/ramen_kitchen/hook/ament_prefix_path.ps1'
[11.885s] INFO:colcon.colcon_core.shell:Creating environment descriptor '/home/you/ros2_term/install/ramen_kitchen/share/ramen_kitchen/hook/ament_prefix_path.dsv'
[11.885s] INFO:colcon.colcon_core.shell:Creating environment hook '/home/you/ros2_term/install/ramen_kitchen/share/ramen_kitchen/hook/ament_prefix_path.sh'
[11.886s] INFO:colcon.colcon_core.shell:Skip shell extension 'powershell' for command environment: Not usable outside of PowerShell
[11.886s] DEBUG:colcon.colcon_core.shell:Skip shell extension 'dsv' for command environment
[11.888s] INFO:colcon.colcon_ros.task.ament_python.build:Building ROS package in '/home/you/ros2_term/ramen_serving' with build type 'ament_python'
[11.889s] Level 1:colcon.colcon_core.shell:create_environment_hook('ramen_serving', 'ament_prefix_path')
[11.889s] INFO:colcon.colcon_core.shell:Creating environment hook '/home/you/ros2_term/install/ramen_serving/share/ramen_serving/hook/ament_prefix_path.ps1'
[11.890s] INFO:colcon.colcon_core.shell:Creating environment descriptor '/home/you/ros2_term/install/ramen_serving/share/ramen_serving/hook/ament_prefix_path.dsv'
[11.890s] INFO:colcon.colcon_core.shell:Creating environment hook '/home/you/ros2_term/install/ramen_serving/share/ramen_serving/hook/ament_prefix_path.sh'
[11.892s] INFO:colcon.colcon_core.shell:Skip shell extension 'powershell' for command environment: Not usable outside of PowerShell
[11.892s] DEBUG:colcon.colcon_core.shell:Skip shell extension 'dsv' for command environment
[11.896s] INFO:colcon.colcon_ros.task.ament_python.build:Building ROS package in '/home/you/ros2_term/ramen_table' with build type 'ament_python'
[11.896s] Level 1:colcon.colcon_core.shell:create_environment_hook('ramen_table', 'ament_prefix_path')
[11.897s] INFO:colcon.colcon_core.shell:Creating environment hook '/home/you/ros2_term/install/ramen_table/share/ramen_table/hook/ament_prefix_path.ps1'
[11.899s] INFO:colcon.colcon_core.shell:Creating environment descriptor '/home/you/ros2_term/install/ramen_table/share/ramen_table/hook/ament_prefix_path.dsv'
[11.900s] INFO:colcon.colcon_core.shell:Creating environment hook '/home/you/ros2_term/install/ramen_table/share/ramen_table/hook/ament_prefix_path.sh'
[11.901s] INFO:colcon.colcon_core.shell:Skip shell extension 'powershell' for command environment: Not usable outside of PowerShell
[11.901s] DEBUG:colcon.colcon_core.shell:Skip shell extension 'dsv' for command environment
[12.221s] INFO:colcon.colcon_core.task.python.build:Building Python package in '/home/you/ros2_term/ramen_kitchen'
[12.221s] INFO:colcon.colcon_core.shell:Skip shell extension 'powershell' for command environment: Not usable outside of PowerShell
[12.221s] DEBUG:colcon.colcon_core.shell:Skip shell extension 'dsv' for command environment
[12.520s] INFO:colcon.colcon_core.task.python.build:Building Python package in '/home/you/ros2_term/ramen_serving'
[12.520s] INFO:colcon.colcon_core.shell:Skip shell extension 'powershell' for command environment: Not usable outside of PowerShell
[12.520s] DEBUG:colcon.colcon_core.shell:Skip shell extension 'dsv' for command environment
[12.819s] INFO:colcon.colcon_core.task.python.build:Building Python package in '/home/you/ros2_term/ramen_table'
[12.820s] INFO:colcon.colcon_core.shell:Skip shell extension 'powershell' for command environment: Not usable outside of PowerShell
[12.820s] DEBUG:colcon.colcon_core.shell:Skip shell extension 'dsv' for command environment
[13.644s] DEBUG:colcon.colcon_core.event_handler.log_command:Invoking command in '/home/you/ros2_term/ramen_serving': AMENT_PREFIX_PATH=/home/you/ros2_term/install/ramen_interfaces:${AMENT_PREFIX_PATH} CMAKE_PREFIX_PATH=/home/you/ros2_term/install/ramen_interfaces LD_LIBRARY_PATH=/home/you/ros2_term/install/ramen_interfaces/lib:${LD_LIBRARY_PATH} PYTHONPATH=/home/you/ros2_term/build/ramen_serving/prefix_override:/usr/lib/python3/dist-packages/colcon_core/task/python/colcon_distutils_commands:/home/you/ros2_term/install/ramen_serving/lib/python3.10/site-packages:/home/you/ros2_term/install/ramen_interfaces/local/lib/python3.10/dist-packages:${PYTHONPATH} /usr/bin/python3 -W ignore:setup.py install is deprecated -W ignore:easy_install command is deprecated setup.py egg_info --egg-base ../build/ramen_serving build --build-base /home/you/ros2_term/build/ramen_serving/build install --record /home/you/ros2_term/build/ramen_serving/install.log --single-version-externally-managed install_data
[13.673s] DEBUG:colcon.colcon_core.event_handler.log_command:Invoking command in '/home/you/ros2_term/ramen_kitchen': AMENT_PREFIX_PATH=/home/you/ros2_term/install/ramen_interfaces:${AMENT_PREFIX_PATH} CMAKE_PREFIX_PATH=/home/you/ros2_term/install/ramen_interfaces LD_LIBRARY_PATH=/home/you/ros2_term/install/ramen_interfaces/lib:${LD_LIBRARY_PATH} PYTHONPATH=/home/you/ros2_term/build/ramen_kitchen/prefix_override:/usr/lib/python3/dist-packages/colcon_core/task/python/colcon_distutils_commands:/home/you/ros2_term/install/ramen_kitchen/lib/python3.10/site-packages:/home/you/ros2_term/install/ramen_interfaces/local/lib/python3.10/dist-packages:${PYTHONPATH} /usr/bin/python3 -W ignore:setup.py install is deprecated -W ignore:easy_install command is deprecated setup.py egg_info --egg-base ../build/ramen_kitchen build --build-base /home/you/ros2_term/build/ramen_kitchen/build install --record /home/you/ros2_term/build/ramen_kitchen/install.log --single-version-externally-managed install_data
[13.679s] DEBUG:colcon.colcon_core.event_handler.log_command:Invoking command in '/home/you/ros2_term/ramen_table': AMENT_PREFIX_PATH=/home/you/ros2_term/install/ramen_interfaces:${AMENT_PREFIX_PATH} CMAKE_PREFIX_PATH=/home/you/ros2_term/install/ramen_interfaces LD_LIBRARY_PATH=/home/you/ros2_term/install/ramen_interfaces/lib:${LD_LIBRARY_PATH} PYTHONPATH=/home/you/ros2_term/build/ramen_table/prefix_override:/usr/lib/python3/dist-packages/colcon_core/task/python/colcon_distutils_commands:/home/you/ros2_term/install/ramen_table/lib/python3.10/site-packages:/home/you/ros2_term/install/ramen_interfaces/local/lib/python3.10/dist-packages:${PYTHONPATH} /usr/bin/python3 -W ignore:setup.py install is deprecated -W ignore:easy_install command is deprecated setup.py egg_info --egg-base ../build/ramen_table build --build-base /home/you/ros2_term/build/ramen_table/build install --record /home/you/ros2_term/build/ramen_table/install.log --single-version-externally-managed install_data
[14.078s] Level 1:colcon.colcon_core.environment:checking '/home/you/ros2_term/install/ramen_table' for CMake module files
[14.078s] DEBUG:colcon.colcon_core.event_handler.log_command:Invoked command in '/home/you/ros2_term/ramen_table' returned '0': AMENT_PREFIX_PATH=/home/you/ros2_term/install/ramen_interfaces:${AMENT_PREFIX_PATH} CMAKE_PREFIX_PATH=/home/you/ros2_term/install/ramen_interfaces LD_LIBRARY_PATH=/home/you/ros2_term/install/ramen_interfaces/lib:${LD_LIBRARY_PATH} PYTHONPATH=/home/you/ros2_term/build/ramen_table/prefix_override:/usr/lib/python3/dist-packages/colcon_core/task/python/colcon_distutils_commands:/home/you/ros2_term/install/ramen_table/lib/python3.10/site-packages:/home/you/ros2_term/install/ramen_interfaces/local/lib/python3.10/dist-packages:${PYTHONPATH} /usr/bin/python3 -W ignore:setup.py install is deprecated -W ignore:easy_install command is deprecated setup.py egg_info --egg-base ../build/ramen_table build --build-base /home/you/ros2_term/build/ramen_table/build install --record /home/you/ros2_term/build/ramen_table/install.log --single-version-externally-managed install_data
[14.079s] Level 1:colcon.colcon_core.environment:checking '/home/you/ros2_term/install/ramen_table' for CMake config files
[14.079s] Level 1:colcon.colcon_core.environment:checking '/home/you/ros2_term/install/ramen_table/lib'
[14.079s] Level 1:colcon.colcon_core.environment:checking '/home/you/ros2_term/install/ramen_table/bin'
[14.079s] Level 1:colcon.colcon_core.environment:checking '/home/you/ros2_term/install/ramen_table/lib/pkgconfig/ramen_table.pc'
[14.079s] Level 1:colcon.colcon_core.environment:checking '/home/you/ros2_term/install/ramen_table/lib/python3.10/site-packages'
[14.079s] Level 1:colcon.colcon_core.shell:create_environment_hook('ramen_table', 'pythonpath')
[14.080s] INFO:colcon.colcon_core.shell:Creating environment hook '/home/you/ros2_term/install/ramen_table/share/ramen_table/hook/pythonpath.ps1'
[14.080s] INFO:colcon.colcon_core.shell:Creating environment descriptor '/home/you/ros2_term/install/ramen_table/share/ramen_table/hook/pythonpath.dsv'
[14.081s] INFO:colcon.colcon_core.shell:Creating environment hook '/home/you/ros2_term/install/ramen_table/share/ramen_table/hook/pythonpath.sh'
[14.081s] Level 1:colcon.colcon_core.environment:checking '/home/you/ros2_term/install/ramen_table/bin'
[14.081s] Level 1:colcon.colcon_core.environment:create_environment_scripts_only(ramen_table)
[14.082s] INFO:colcon.colcon_core.shell:Creating package script '/home/you/ros2_term/install/ramen_table/share/ramen_table/package.ps1'
[14.082s] INFO:colcon.colcon_core.shell:Creating package descriptor '/home/you/ros2_term/install/ramen_table/share/ramen_table/package.dsv'
[14.083s] INFO:colcon.colcon_core.shell:Creating package script '/home/you/ros2_term/install/ramen_table/share/ramen_table/package.sh'
[14.083s] INFO:colcon.colcon_core.shell:Creating package script '/home/you/ros2_term/install/ramen_table/share/ramen_table/package.bash'
[14.084s] INFO:colcon.colcon_core.shell:Creating package script '/home/you/ros2_term/install/ramen_table/share/ramen_table/package.zsh'
[14.085s] Level 1:colcon.colcon_core.environment:create_file_with_runtime_dependencies(/home/you/ros2_term/install/ramen_table/share/colcon-core/packages/ramen_table)
[14.270s] Level 1:colcon.colcon_core.environment:checking '/home/you/ros2_term/install/ramen_serving' for CMake module files
[14.271s] DEBUG:colcon.colcon_core.event_handler.log_command:Invoked command in '/home/you/ros2_term/ramen_serving' returned '0': AMENT_PREFIX_PATH=/home/you/ros2_term/install/ramen_interfaces:${AMENT_PREFIX_PATH} CMAKE_PREFIX_PATH=/home/you/ros2_term/install/ramen_interfaces LD_LIBRARY_PATH=/home/you/ros2_term/install/ramen_interfaces/lib:${LD_LIBRARY_PATH} PYTHONPATH=/home/you/ros2_term/build/ramen_serving/prefix_override:/usr/lib/python3/dist-packages/colcon_core/task/python/colcon_distutils_commands:/home/you/ros2_term/install/ramen_serving/lib/python3.10/site-packages:/home/you/ros2_term/install/ramen_interfaces/local/lib/python3.10/dist-packages:${PYTHONPATH} /usr/bin/python3 -W ignore:setup.py install is deprecated -W ignore:easy_install command is deprecated setup.py egg_info --egg-base ../build/ramen_serving build --build-base /home/you/ros2_term/build/ramen_serving/build install --record /home/you/ros2_term/build/ramen_serving/install.log --single-version-externally-managed install_data
[14.271s] Level 1:colcon.colcon_core.environment:checking '/home/you/ros2_term/install/ramen_serving' for CMake config files
[14.271s] Level 1:colcon.colcon_core.environment:checking '/home/you/ros2_term/install/ramen_serving/lib'
[14.271s] Level 1:colcon.colcon_core.environment:checking '/home/you/ros2_term/install/ramen_serving/bin'
[14.271s] Level 1:colcon.colcon_core.environment:checking '/home/you/ros2_term/install/ramen_serving/lib/pkgconfig/ramen_serving.pc'
[14.272s] Level 1:colcon.colcon_core.environment:checking '/home/you/ros2_term/install/ramen_serving/lib/python3.10/site-packages'
[14.272s] Level 1:colcon.colcon_core.shell:create_environment_hook('ramen_serving', 'pythonpath')
[14.272s] INFO:colcon.colcon_core.shell:Creating environment hook '/home/you/ros2_term/install/ramen_serving/share/ramen_serving/hook/pythonpath.ps1'
[14.272s] INFO:colcon.colcon_core.shell:Creating environment descriptor '/home/you/ros2_term/install/ramen_serving/share/ramen_serving/hook/pythonpath.dsv'
[14.273s] INFO:colcon.colcon_core.shell:Creating environment hook '/home/you/ros2_term/install/ramen_serving/share/ramen_serving/hook/pythonpath.sh'
[14.274s] Level 1:colcon.colcon_core.environment:checking '/home/you/ros2_term/install/ramen_serving/bin'
[14.274s] Level 1:colcon.colcon_core.environment:create_environment_scripts_only(ramen_serving)
[14.274s] INFO:colcon.colcon_core.shell:Creating package script '/home/you/ros2_term/install/ramen_serving/share/ramen_serving/package.ps1'
[14.275s] INFO:colcon.colcon_core.shell:Creating package descriptor '/home/you/ros2_term/install/ramen_serving/share/ramen_serving/package.dsv'
[14.276s] INFO:colcon.colcon_core.shell:Creating package script '/home/you/ros2_term/install/ramen_serving/share/ramen_serving/package.sh'
[14.276s] INFO:colcon.colcon_core.shell:Creating package script '/home/you/ros2_term/install/ramen_serving/share/ramen_serving/package.bash'
[14.277s] INFO:colcon.colcon_core.shell:Creating package script '/home/you/ros2_term/install/ramen_serving/share/ramen_serving/package.zsh'
[14.277s] Level 1:colcon.colcon_core.environment:create_file_with_runtime_dependencies(/home/you/ros2_term/install/ramen_serving/share/colcon-core/packages/ramen_serving)
[14.287s] Level 1:colcon.colcon_core.environment:checking '/home/you/ros2_term/install/ramen_kitchen' for CMake module files
[14.287s] DEBUG:colcon.colcon_core.event_handler.log_command:Invoked command in '/home/you/ros2_term/ramen_kitchen' returned '0': AMENT_PREFIX_PATH=/home/you/ros2_term/install/ramen_interfaces:${AMENT_PREFIX_PATH} CMAKE_PREFIX_PATH=/home/you/ros2_term/install/ramen_interfaces LD_LIBRARY_PATH=/home/you/ros2_term/install/ramen_interfaces/lib:${LD_LIBRARY_PATH} PYTHONPATH=/home/you/ros2_term/build/ramen_kitchen/prefix_override:/usr/lib/python3/dist-packages/colcon_core/task/python/colcon_distutils_commands:/home/you/ros2_term/install/ramen_kitchen/lib/python3.10/site-packages:/home/you/ros2_term/install/ramen_interfaces/local/lib/python3.10/dist-packages:${PYTHONPATH} /usr/bin/python3 -W ignore:setup.py install is deprecated -W ignore:easy_install command is deprecated setup.py egg_info --egg-base ../build/ramen_kitchen build --build-base /home/you/ros2_term/build/ramen_kitchen/build install --record /home/you/ros2_term/build/ramen_kitchen/install.log --single-version-externally-managed install_data
[14.288s] Level 1:colcon.colcon_core.environment:checking '/home/you/ros2_term/install/ramen_kitchen' for CMake config files
[14.288s] Level 1:colcon.colcon_core.environment:checking '/home/you/ros2_term/install/ramen_kitchen/lib'
[14.288s] Level 1:colcon.colcon_core.environment:checking '/home/you/ros2_term/install/ramen_kitchen/bin'
[14.288s] Level 1:colcon.colcon_core.environment:checking '/home/you/ros2_term/install/ramen_kitchen/lib/pkgconfig/ramen_kitchen.pc'
[14.289s] Level 1:colcon.colcon_core.environment:checking '/home/you/ros2_term/install/ramen_kitchen/lib/python3.10/site-packages'
[14.289s] Level 1:colcon.colcon_core.shell:create_environment_hook('ramen_kitchen', 'pythonpath')
[14.289s] INFO:colcon.colcon_core.shell:Creating environment hook '/home/you/ros2_term/install/ramen_kitchen/share/ramen_kitchen/hook/pythonpath.ps1'
[14.289s] INFO:colcon.colcon_core.shell:Creating environment descriptor '/home/you/ros2_term/install/ramen_kitchen/share/ramen_kitchen/hook/pythonpath.dsv'
[14.289s] INFO:colcon.colcon_core.shell:Creating environment hook '/home/you/ros2_term/install/ramen_kitchen/share/ramen_kitchen/hook/pythonpath.sh'
[14.290s] Level 1:colcon.colcon_core.environment:checking '/home/you/ros2_term/install/ramen_kitchen/bin'
[14.290s] Level 1:colcon.colcon_core.environment:create_environment_scripts_only(ramen_kitchen)
[14.290s] INFO:colcon.colcon_core.shell:Creating package script '/home/you/ros2_term/install/ramen_kitchen/share/ramen_kitchen/package.ps1'
[14.290s] INFO:colcon.colcon_core.shell:Creating package descriptor '/home/you/ros2_term/install/ramen_kitchen/share/ramen_kitchen/package.dsv'
[14.291s] INFO:colcon.colcon_core.shell:Creating package script '/home/you/ros2_term/install/ramen_kitchen/share/ramen_kitchen/package.sh'
[14.291s] INFO:colcon.colcon_core.shell:Creating package script '/home/you/ros2_term/install/ramen_kitchen/share/ramen_kitchen/package.bash'
[14.291s] INFO:colcon.colcon_core.shell:Creating package script '/home/you/ros2_term/install/ramen_kitchen/share/ramen_kitchen/package.zsh'
[14.292s] Level 1:colcon.colcon_core.environment:create_file_with_runtime_dependencies(/home/you/ros2_term/install/ramen_kitchen/share/colcon-core/packages/ramen_kitchen)
[14.292s] DEBUG:colcon.colcon_parallel_executor.executor.parallel:closing loop
[14.292s] DEBUG:colcon.colcon_parallel_executor.executor.parallel:loop closed
[14.292s] DEBUG:colcon.colcon_parallel_executor.executor.parallel:run_until_complete finished with '0'
[14.292s] DEBUG:colcon.colcon_core.event_reactor:joining thread
[14.309s] INFO:colcon.colcon_core.plugin_system:Skipping extension 'colcon_notification.desktop_notification.terminal_notifier': Not used on non-Darwin systems
[14.309s] INFO:colcon.colcon_core.plugin_system:Skipping extension 'colcon_notification.desktop_notification.win32': Not used on non-Windows systems
[14.309s] INFO:colcon.colcon_notification.desktop_notification:Sending desktop notification using 'notify2'
[14.336s] DEBUG:colcon.colcon_core.event_reactor:joined thread
[14.337s] INFO:colcon.colcon_core.shell:Creating prefix script '/home/you/ros2_term/install/local_setup.ps1'
[14.338s] INFO:colcon.colcon_core.shell:Creating prefix util module '/home/you/ros2_term/install/_local_setup_util_ps1.py'
[14.339s] INFO:colcon.colcon_core.shell:Creating prefix chain script '/home/you/ros2_term/install/setup.ps1'
[14.341s] INFO:colcon.colcon_core.shell:Creating prefix script '/home/you/ros2_term/install/local_setup.sh'
[14.344s] INFO:colcon.colcon_core.shell:Creating prefix util module '/home/you/ros2_term/install/_local_setup_util_sh.py'
[14.344s] INFO:colcon.colcon_core.shell:Creating prefix chain script '/home/you/ros2_term/install/setup.sh'
[14.346s] INFO:colcon.colcon_core.shell:Creating prefix script '/home/you/ros2_term/install/local_setup.bash'
[14.347s] INFO:colcon.colcon_core.shell:Creating prefix chain script '/home/you/ros2_term/install/setup.bash'
[14.348s] INFO:colcon.colcon_core.shell:Creating prefix script '/home/you/ros2_term/install/local_setup.zsh'
[14.349s] INFO:colcon.colcon_core.shell:Creating prefix chain script '/home/you/ros2_term/install/setup.zsh'
