[1.786s] Invoking command in '/home/shiha/ros2_termproject/src/ramen_table': PYTHONPATH=/home/shiha/ros2_termproject/build/ramen_table/prefix_override:/usr/lib/python3/dist-packages/colcon_core/task/python/colcon_distutils_commands:/home/shiha/ros2_termproject/install/ramen_table/lib/python3.12/site-packages:/home/shiha/ros2_termproject/install/ramen_interfaces/lib/python3.12/site-packages:/home/shiha/ros2_termproject/install/ramen_table/lib/python3.12/site-packages:/home/shiha/ros2_termproject/install/ramen_serving/lib/python3.12/site-packages:/home/shiha/ros2_termproject/install/ramen_kitchen/lib/python3.12/site-packages:/home/shiha/my_ws/install/using_my_custom_interface_package/lib/python3.12/site-packages:/home/shiha/my_ws/install/time_sync_interface/lib/python3.12/site-packages:/home/shiha/my_ws/install/time_sync/lib/python3.12/site-packages:/home/shiha/my_ws/install/my_rclpy_package/lib/python3.12/site-packages:/home/shiha/my_ws/install/msg_interface_example/lib/python3.12/site-packages:/home/shiha/my_ws/install/learning_tf2/lib/python3.12/site-packages:/home/shiha/my_ws/install/gz_demo/lib/python3.12/site-packages:/opt/ros/jazzy/lib/python3.12/site-packages /usr/bin/python3 -W ignore:setup.py install is deprecated -W ignore:easy_install command is deprecated setup.py egg_info --egg-base ../../build/ramen_table build --build-base /home/shiha/ros2_termproject/build/ramen_table/build install --record /home/shiha/ros2_termproject/build/ramen_table/install.log --single-version-externally-managed install_data
[2.167s] running egg_info
[2.193s] writing ../../build/ramen_table/ramen_table.egg-info/PKG-INFO
[2.193s] writing dependency_links to ../../build/ramen_table/ramen_table.egg-info/dependency_links.txt
[2.193s] writing entry points to ../../build/ramen_table/ramen_table.egg-info/entry_points.txt
[2.194s] writing requirements to ../../build/ramen_table/ramen_table.egg-info/requires.txt
[2.194s] writing top-level names to ../../build/ramen_table/ramen_table.egg-info/top_level.txt
[2.233s] reading manifest file '../../build/ramen_table/ramen_table.egg-info/SOURCES.txt'
[2.234s] writing manifest file '../../build/ramen_table/ramen_table.egg-info/SOURCES.txt'
[2.234s] running build
[2.234s] running build_py
[2.234s] running install
[2.242s] running install_lib
[2.269s] running install_data
[2.269s] running install_egg_info
[2.295s] removing '/home/shiha/ros2_termproject/install/ramen_table/lib/python3.12/site-packages/ramen_table-0.0.0-py3.12.egg-info' (and everything under it)
[2.296s] Copying ../../build/ramen_table/ramen_table.egg-info to /home/shiha/ros2_termproject/install/ramen_table/lib/python3.12/site-packages/ramen_table-0.0.0-py3.12.egg-info
[2.298s] running install_scripts
[2.442s] Installing count_node script to /home/shiha/ros2_termproject/install/ramen_table/lib/ramen_table
[2.442s] Installing customer_node script to /home/shiha/ros2_termproject/install/ramen_table/lib/ramen_table
[2.442s] Installing order1_node script to /home/shiha/ros2_termproject/install/ramen_table/lib/ramen_table
[2.442s] Installing order_node script to /home/shiha/ros2_termproject/install/ramen_table/lib/ramen_table
[2.443s] writing list of installed files to '/home/shiha/ros2_termproject/build/ramen_table/install.log'
[2.484s] Invoked command in '/home/shiha/ros2_termproject/src/ramen_table' returned '0': PYTHONPATH=/home/shiha/ros2_termproject/build/ramen_table/prefix_override:/usr/lib/python3/dist-packages/colcon_core/task/python/colcon_distutils_commands:/home/shiha/ros2_termproject/install/ramen_table/lib/python3.12/site-packages:/home/shiha/ros2_termproject/install/ramen_interfaces/lib/python3.12/site-packages:/home/shiha/ros2_termproject/install/ramen_table/lib/python3.12/site-packages:/home/shiha/ros2_termproject/install/ramen_serving/lib/python3.12/site-packages:/home/shiha/ros2_termproject/install/ramen_kitchen/lib/python3.12/site-packages:/home/shiha/my_ws/install/using_my_custom_interface_package/lib/python3.12/site-packages:/home/shiha/my_ws/install/time_sync_interface/lib/python3.12/site-packages:/home/shiha/my_ws/install/time_sync/lib/python3.12/site-packages:/home/shiha/my_ws/install/my_rclpy_package/lib/python3.12/site-packages:/home/shiha/my_ws/install/msg_interface_example/lib/python3.12/site-packages:/home/shiha/my_ws/install/learning_tf2/lib/python3.12/site-packages:/home/shiha/my_ws/install/gz_demo/lib/python3.12/site-packages:/opt/ros/jazzy/lib/python3.12/site-packages /usr/bin/python3 -W ignore:setup.py install is deprecated -W ignore:easy_install command is deprecated setup.py egg_info --egg-base ../../build/ramen_table build --build-base /home/shiha/ros2_termproject/build/ramen_table/build install --record /home/shiha/ros2_termproject/build/ramen_table/install.log --single-version-externally-managed install_data
