[  1%] Built target ramen_interfaces__rosidl_generator_type_description
[  1%] Built target ament_cmake_python_copy_ramen_interfaces
[  3%] Built target ramen_interfaces__cpp
[ 25%] Built target ramen_interfaces__rosidl_generator_c
[ 34%] Built target ramen_interfaces__rosidl_typesupport_introspection_c
[ 53%] Built target ramen_interfaces__rosidl_typesupport_fastrtps_cpp
[ 53%] Built target ramen_interfaces__rosidl_typesupport_c
[ 62%] Built target ramen_interfaces__rosidl_typesupport_cpp
[ 71%] Built target ramen_interfaces__rosidl_typesupport_introspection_cpp
[ 81%] Built target ramen_interfaces__rosidl_typesupport_fastrtps_c
[ 81%] Built target ramen_interfaces
[ 82%] Built target ramen_interfaces__py
[ 90%] Built target ramen_interfaces__rosidl_generator_py
[ 93%] Built target ramen_interfaces_s__rosidl_typesupport_introspection_c
[ 96%] Built target ramen_interfaces_s__rosidl_typesupport_fastrtps_c
[100%] Built target ramen_interfaces_s__rosidl_typesupport_c
running egg_info
writing ramen_interfaces.egg-info/PKG-INFO
writing dependency_links to ramen_interfaces.egg-info/dependency_links.txt
writing top-level names to ramen_interfaces.egg-info/top_level.txt
reading manifest file 'ramen_interfaces.egg-info/SOURCES.txt'
writing manifest file 'ramen_interfaces.egg-info/SOURCES.txt'
[100%] Built target ament_cmake_python_build_ramen_interfaces_egg
-- Install configuration: ""
-- Up-to-date: /home/shiha/ros2_termproject/install/ramen_interfaces/share/ament_index/resource_index/rosidl_interfaces/ramen_interfaces
-- Up-to-date: /home/shiha/ros2_termproject/install/ramen_interfaces/share/ramen_interfaces/msg/RamenOrder.json
-- Up-to-date: /home/shiha/ros2_termproject/install/ramen_interfaces/share/ramen_interfaces/msg/CookedRamen.json
-- Up-to-date: /home/shiha/ros2_termproject/install/ramen_interfaces/share/ramen_interfaces/action/ServeRamen.json
-- Up-to-date: /home/shiha/ros2_termproject/install/ramen_interfaces/share/ramen_interfaces/action/RequestRemake.json
-- Up-to-date: /home/shiha/ros2_termproject/install/ramen_interfaces/include/ramen_interfaces/ramen_interfaces
-- Up-to-date: /home/shiha/ros2_termproject/install/ramen_interfaces/include/ramen_interfaces/ramen_interfaces/msg
-- Up-to-date: /home/shiha/ros2_termproject/install/ramen_interfaces/include/ramen_interfaces/ramen_interfaces/msg/cooked_ramen.h
-- Up-to-date: /home/shiha/ros2_termproject/install/ramen_interfaces/include/ramen_interfaces/ramen_interfaces/msg/ramen_order.h
-- Up-to-date: /home/shiha/ros2_termproject/install/ramen_interfaces/include/ramen_interfaces/ramen_interfaces/msg/rosidl_generator_c__visibility_control.h
-- Up-to-date: /home/shiha/ros2_termproject/install/ramen_interfaces/include/ramen_interfaces/ramen_interfaces/msg/detail
-- Up-to-date: /home/shiha/ros2_termproject/install/ramen_interfaces/include/ramen_interfaces/ramen_interfaces/msg/detail/cooked_ramen__type_support.c
-- Up-to-date: /home/shiha/ros2_termproject/install/ramen_interfaces/include/ramen_interfaces/ramen_interfaces/msg/detail/ramen_order__functions.h
-- Up-to-date: /home/shiha/ros2_termproject/install/ramen_interfaces/include/ramen_interfaces/ramen_interfaces/msg/detail/cooked_ramen__struct.h
-- Up-to-date: /home/shiha/ros2_termproject/install/ramen_interfaces/include/ramen_interfaces/ramen_interfaces/msg/detail/ramen_order__description.c
-- Up-to-date: /home/shiha/ros2_termproject/install/ramen_interfaces/include/ramen_interfaces/ramen_interfaces/msg/detail/cooked_ramen__type_support.h
-- Up-to-date: /home/shiha/ros2_termproject/install/ramen_interfaces/include/ramen_interfaces/ramen_interfaces/msg/detail/ramen_order__struct.h
-- Up-to-date: /home/shiha/ros2_termproject/install/ramen_interfaces/include/ramen_interfaces/ramen_interfaces/msg/detail/ramen_order__type_support.h
-- Up-to-date: /home/shiha/ros2_termproject/install/ramen_interfaces/include/ramen_interfaces/ramen_interfaces/msg/detail/cooked_ramen__functions.h
-- Up-to-date: /home/shiha/ros2_termproject/install/ramen_interfaces/include/ramen_interfaces/ramen_interfaces/msg/detail/ramen_order__functions.c
-- Up-to-date: /home/shiha/ros2_termproject/install/ramen_interfaces/include/ramen_interfaces/ramen_interfaces/msg/detail/cooked_ramen__description.c
-- Up-to-date: /home/shiha/ros2_termproject/install/ramen_interfaces/include/ramen_interfaces/ramen_interfaces/msg/detail/cooked_ramen__functions.c
-- Up-to-date: /home/shiha/ros2_termproject/install/ramen_interfaces/include/ramen_interfaces/ramen_interfaces/msg/detail/ramen_order__type_support.c
-- Up-to-date: /home/shiha/ros2_termproject/install/ramen_interfaces/include/ramen_interfaces/ramen_interfaces/action
-- Up-to-date: /home/shiha/ros2_termproject/install/ramen_interfaces/include/ramen_interfaces/ramen_interfaces/action/detail
-- Up-to-date: /home/shiha/ros2_termproject/install/ramen_interfaces/include/ramen_interfaces/ramen_interfaces/action/detail/request_remake__type_support.c
-- Up-to-date: /home/shiha/ros2_termproject/install/ramen_interfaces/include/ramen_interfaces/ramen_interfaces/action/detail/request_remake__type_support.h
-- Up-to-date: /home/shiha/ros2_termproject/install/ramen_interfaces/include/ramen_interfaces/ramen_interfaces/action/detail/serve_ramen__struct.h
-- Up-to-date: /home/shiha/ros2_termproject/install/ramen_interfaces/include/ramen_interfaces/ramen_interfaces/action/detail/serve_ramen__functions.h
-- Up-to-date: /home/shiha/ros2_termproject/install/ramen_interfaces/include/ramen_interfaces/ramen_interfaces/action/detail/request_remake__functions.c
-- Up-to-date: /home/shiha/ros2_termproject/install/ramen_interfaces/include/ramen_interfaces/ramen_interfaces/action/detail/serve_ramen__type_support.c
-- Up-to-date: /home/shiha/ros2_termproject/install/ramen_interfaces/include/ramen_interfaces/ramen_interfaces/action/detail/serve_ramen__functions.c
-- Up-to-date: /home/shiha/ros2_termproject/install/ramen_interfaces/include/ramen_interfaces/ramen_interfaces/action/detail/serve_ramen__type_support.h
-- Up-to-date: /home/shiha/ros2_termproject/install/ramen_interfaces/include/ramen_interfaces/ramen_interfaces/action/detail/serve_ramen__description.c
-- Up-to-date: /home/shiha/ros2_termproject/install/ramen_interfaces/include/ramen_interfaces/ramen_interfaces/action/detail/request_remake__functions.h
-- Up-to-date: /home/shiha/ros2_termproject/install/ramen_interfaces/include/ramen_interfaces/ramen_interfaces/action/detail/request_remake__struct.h
-- Up-to-date: /home/shiha/ros2_termproject/install/ramen_interfaces/include/ramen_interfaces/ramen_interfaces/action/detail/request_remake__description.c
-- Up-to-date: /home/shiha/ros2_termproject/install/ramen_interfaces/include/ramen_interfaces/ramen_interfaces/action/serve_ramen.h
-- Up-to-date: /home/shiha/ros2_termproject/install/ramen_interfaces/include/ramen_interfaces/ramen_interfaces/action/request_remake.h
-- Up-to-date: /home/shiha/ros2_termproject/install/ramen_interfaces/share/ramen_interfaces/environment/library_path.sh
-- Up-to-date: /home/shiha/ros2_termproject/install/ramen_interfaces/share/ramen_interfaces/environment/library_path.dsv
-- Up-to-date: /home/shiha/ros2_termproject/install/ramen_interfaces/lib/libramen_interfaces__rosidl_generator_c.so
-- Up-to-date: /home/shiha/ros2_termproject/install/ramen_interfaces/include/ramen_interfaces/ramen_interfaces
-- Up-to-date: /home/shiha/ros2_termproject/install/ramen_interfaces/include/ramen_interfaces/ramen_interfaces/msg
-- Up-to-date: /home/shiha/ros2_termproject/install/ramen_interfaces/include/ramen_interfaces/ramen_interfaces/msg/detail
-- Up-to-date: /home/shiha/ros2_termproject/install/ramen_interfaces/include/ramen_interfaces/ramen_interfaces/msg/detail/cooked_ramen__rosidl_typesupport_fastrtps_c.h
-- Up-to-date: /home/shiha/ros2_termproject/install/ramen_interfaces/include/ramen_interfaces/ramen_interfaces/msg/detail/ramen_order__rosidl_typesupport_fastrtps_c.h
-- Up-to-date: /home/shiha/ros2_termproject/install/ramen_interfaces/include/ramen_interfaces/ramen_interfaces/msg/rosidl_typesupport_fastrtps_c__visibility_control.h
-- Up-to-date: /home/shiha/ros2_termproject/install/ramen_interfaces/include/ramen_interfaces/ramen_interfaces/action
-- Up-to-date: /home/shiha/ros2_termproject/install/ramen_interfaces/include/ramen_interfaces/ramen_interfaces/action/detail
-- Up-to-date: /home/shiha/ros2_termproject/install/ramen_interfaces/include/ramen_interfaces/ramen_interfaces/action/detail/serve_ramen__rosidl_typesupport_fastrtps_c.h
-- Up-to-date: /home/shiha/ros2_termproject/install/ramen_interfaces/include/ramen_interfaces/ramen_interfaces/action/detail/request_remake__rosidl_typesupport_fastrtps_c.h
-- Up-to-date: /home/shiha/ros2_termproject/install/ramen_interfaces/lib/libramen_interfaces__rosidl_typesupport_fastrtps_c.so
-- Up-to-date: /home/shiha/ros2_termproject/install/ramen_interfaces/include/ramen_interfaces/ramen_interfaces
-- Up-to-date: /home/shiha/ros2_termproject/install/ramen_interfaces/include/ramen_interfaces/ramen_interfaces/msg
-- Up-to-date: /home/shiha/ros2_termproject/install/ramen_interfaces/include/ramen_interfaces/ramen_interfaces/msg/rosidl_typesupport_introspection_c__visibility_control.h
-- Up-to-date: /home/shiha/ros2_termproject/install/ramen_interfaces/include/ramen_interfaces/ramen_interfaces/msg/detail
-- Up-to-date: /home/shiha/ros2_termproject/install/ramen_interfaces/include/ramen_interfaces/ramen_interfaces/msg/detail/ramen_order__rosidl_typesupport_introspection_c.h
-- Up-to-date: /home/shiha/ros2_termproject/install/ramen_interfaces/include/ramen_interfaces/ramen_interfaces/msg/detail/cooked_ramen__type_support.c
-- Up-to-date: /home/shiha/ros2_termproject/install/ramen_interfaces/include/ramen_interfaces/ramen_interfaces/msg/detail/cooked_ramen__rosidl_typesupport_introspection_c.h
-- Up-to-date: /home/shiha/ros2_termproject/install/ramen_interfaces/include/ramen_interfaces/ramen_interfaces/msg/detail/ramen_order__type_support.c
-- Up-to-date: /home/shiha/ros2_termproject/install/ramen_interfaces/include/ramen_interfaces/ramen_interfaces/action
-- Up-to-date: /home/shiha/ros2_termproject/install/ramen_interfaces/include/ramen_interfaces/ramen_interfaces/action/detail
-- Up-to-date: /home/shiha/ros2_termproject/install/ramen_interfaces/include/ramen_interfaces/ramen_interfaces/action/detail/request_remake__type_support.c
-- Up-to-date: /home/shiha/ros2_termproject/install/ramen_interfaces/include/ramen_interfaces/ramen_interfaces/action/detail/serve_ramen__type_support.c
-- Up-to-date: /home/shiha/ros2_termproject/install/ramen_interfaces/include/ramen_interfaces/ramen_interfaces/action/detail/serve_ramen__rosidl_typesupport_introspection_c.h
-- Up-to-date: /home/shiha/ros2_termproject/install/ramen_interfaces/include/ramen_interfaces/ramen_interfaces/action/detail/request_remake__rosidl_typesupport_introspection_c.h
-- Up-to-date: /home/shiha/ros2_termproject/install/ramen_interfaces/lib/libramen_interfaces__rosidl_typesupport_introspection_c.so
-- Up-to-date: /home/shiha/ros2_termproject/install/ramen_interfaces/lib/libramen_interfaces__rosidl_typesupport_c.so
-- Up-to-date: /home/shiha/ros2_termproject/install/ramen_interfaces/include/ramen_interfaces/ramen_interfaces
-- Up-to-date: /home/shiha/ros2_termproject/install/ramen_interfaces/include/ramen_interfaces/ramen_interfaces/msg
-- Up-to-date: /home/shiha/ros2_termproject/install/ramen_interfaces/include/ramen_interfaces/ramen_interfaces/msg/cooked_ramen.hpp
-- Up-to-date: /home/shiha/ros2_termproject/install/ramen_interfaces/include/ramen_interfaces/ramen_interfaces/msg/rosidl_generator_cpp__visibility_control.hpp
-- Up-to-date: /home/shiha/ros2_termproject/install/ramen_interfaces/include/ramen_interfaces/ramen_interfaces/msg/detail
-- Up-to-date: /home/shiha/ros2_termproject/install/ramen_interfaces/include/ramen_interfaces/ramen_interfaces/msg/detail/cooked_ramen__type_support.hpp
-- Up-to-date: /home/shiha/ros2_termproject/install/ramen_interfaces/include/ramen_interfaces/ramen_interfaces/msg/detail/cooked_ramen__struct.hpp
-- Up-to-date: /home/shiha/ros2_termproject/install/ramen_interfaces/include/ramen_interfaces/ramen_interfaces/msg/detail/cooked_ramen__traits.hpp
-- Up-to-date: /home/shiha/ros2_termproject/install/ramen_interfaces/include/ramen_interfaces/ramen_interfaces/msg/detail/ramen_order__builder.hpp
-- Up-to-date: /home/shiha/ros2_termproject/install/ramen_interfaces/include/ramen_interfaces/ramen_interfaces/msg/detail/ramen_order__type_support.hpp
-- Up-to-date: /home/shiha/ros2_termproject/install/ramen_interfaces/include/ramen_interfaces/ramen_interfaces/msg/detail/cooked_ramen__builder.hpp
-- Up-to-date: /home/shiha/ros2_termproject/install/ramen_interfaces/include/ramen_interfaces/ramen_interfaces/msg/detail/ramen_order__struct.hpp
-- Up-to-date: /home/shiha/ros2_termproject/install/ramen_interfaces/include/ramen_interfaces/ramen_interfaces/msg/detail/ramen_order__traits.hpp
-- Up-to-date: /home/shiha/ros2_termproject/install/ramen_interfaces/include/ramen_interfaces/ramen_interfaces/msg/ramen_order.hpp
-- Up-to-date: /home/shiha/ros2_termproject/install/ramen_interfaces/include/ramen_interfaces/ramen_interfaces/action
-- Up-to-date: /home/shiha/ros2_termproject/install/ramen_interfaces/include/ramen_interfaces/ramen_interfaces/action/serve_ramen.hpp
-- Up-to-date: /home/shiha/ros2_termproject/install/ramen_interfaces/include/ramen_interfaces/ramen_interfaces/action/request_remake.hpp
-- Up-to-date: /home/shiha/ros2_termproject/install/ramen_interfaces/include/ramen_interfaces/ramen_interfaces/action/detail
-- Up-to-date: /home/shiha/ros2_termproject/install/ramen_interfaces/include/ramen_interfaces/ramen_interfaces/action/detail/serve_ramen__traits.hpp
-- Up-to-date: /home/shiha/ros2_termproject/install/ramen_interfaces/include/ramen_interfaces/ramen_interfaces/action/detail/serve_ramen__struct.hpp
-- Up-to-date: /home/shiha/ros2_termproject/install/ramen_interfaces/include/ramen_interfaces/ramen_interfaces/action/detail/request_remake__struct.hpp
-- Up-to-date: /home/shiha/ros2_termproject/install/ramen_interfaces/include/ramen_interfaces/ramen_interfaces/action/detail/request_remake__traits.hpp
-- Up-to-date: /home/shiha/ros2_termproject/install/ramen_interfaces/include/ramen_interfaces/ramen_interfaces/action/detail/serve_ramen__builder.hpp
-- Up-to-date: /home/shiha/ros2_termproject/install/ramen_interfaces/include/ramen_interfaces/ramen_interfaces/action/detail/request_remake__type_support.hpp
-- Up-to-date: /home/shiha/ros2_termproject/install/ramen_interfaces/include/ramen_interfaces/ramen_interfaces/action/detail/serve_ramen__type_support.hpp
-- Up-to-date: /home/shiha/ros2_termproject/install/ramen_interfaces/include/ramen_interfaces/ramen_interfaces/action/detail/request_remake__builder.hpp
-- Up-to-date: /home/shiha/ros2_termproject/install/ramen_interfaces/include/ramen_interfaces/ramen_interfaces
-- Up-to-date: /home/shiha/ros2_termproject/install/ramen_interfaces/include/ramen_interfaces/ramen_interfaces/msg
-- Up-to-date: /home/shiha/ros2_termproject/install/ramen_interfaces/include/ramen_interfaces/ramen_interfaces/msg/detail
-- Up-to-date: /home/shiha/ros2_termproject/install/ramen_interfaces/include/ramen_interfaces/ramen_interfaces/msg/detail/ramen_order__rosidl_typesupport_fastrtps_cpp.hpp
-- Up-to-date: /home/shiha/ros2_termproject/install/ramen_interfaces/include/ramen_interfaces/ramen_interfaces/msg/detail/dds_fastrtps
-- Up-to-date: /home/shiha/ros2_termproject/install/ramen_interfaces/include/ramen_interfaces/ramen_interfaces/msg/detail/cooked_ramen__rosidl_typesupport_fastrtps_cpp.hpp
-- Up-to-date: /home/shiha/ros2_termproject/install/ramen_interfaces/include/ramen_interfaces/ramen_interfaces/msg/rosidl_typesupport_fastrtps_cpp__visibility_control.h
-- Up-to-date: /home/shiha/ros2_termproject/install/ramen_interfaces/include/ramen_interfaces/ramen_interfaces/action
-- Up-to-date: /home/shiha/ros2_termproject/install/ramen_interfaces/include/ramen_interfaces/ramen_interfaces/action/detail
-- Up-to-date: /home/shiha/ros2_termproject/install/ramen_interfaces/include/ramen_interfaces/ramen_interfaces/action/detail/request_remake__rosidl_typesupport_fastrtps_cpp.hpp
-- Up-to-date: /home/shiha/ros2_termproject/install/ramen_interfaces/include/ramen_interfaces/ramen_interfaces/action/detail/dds_fastrtps
-- Up-to-date: /home/shiha/ros2_termproject/install/ramen_interfaces/include/ramen_interfaces/ramen_interfaces/action/detail/serve_ramen__rosidl_typesupport_fastrtps_cpp.hpp
-- Up-to-date: /home/shiha/ros2_termproject/install/ramen_interfaces/lib/libramen_interfaces__rosidl_typesupport_fastrtps_cpp.so
-- Up-to-date: /home/shiha/ros2_termproject/install/ramen_interfaces/include/ramen_interfaces/ramen_interfaces
-- Up-to-date: /home/shiha/ros2_termproject/install/ramen_interfaces/include/ramen_interfaces/ramen_interfaces/msg
-- Up-to-date: /home/shiha/ros2_termproject/install/ramen_interfaces/include/ramen_interfaces/ramen_interfaces/msg/detail
-- Up-to-date: /home/shiha/ros2_termproject/install/ramen_interfaces/include/ramen_interfaces/ramen_interfaces/msg/detail/ramen_order__rosidl_typesupport_introspection_cpp.hpp
-- Up-to-date: /home/shiha/ros2_termproject/install/ramen_interfaces/include/ramen_interfaces/ramen_interfaces/msg/detail/ramen_order__type_support.cpp
-- Up-to-date: /home/shiha/ros2_termproject/install/ramen_interfaces/include/ramen_interfaces/ramen_interfaces/msg/detail/cooked_ramen__type_support.cpp
-- Up-to-date: /home/shiha/ros2_termproject/install/ramen_interfaces/include/ramen_interfaces/ramen_interfaces/msg/detail/cooked_ramen__rosidl_typesupport_introspection_cpp.hpp
-- Up-to-date: /home/shiha/ros2_termproject/install/ramen_interfaces/include/ramen_interfaces/ramen_interfaces/action
-- Up-to-date: /home/shiha/ros2_termproject/install/ramen_interfaces/include/ramen_interfaces/ramen_interfaces/action/detail
-- Up-to-date: /home/shiha/ros2_termproject/install/ramen_interfaces/include/ramen_interfaces/ramen_interfaces/action/detail/request_remake__rosidl_typesupport_introspection_cpp.hpp
-- Up-to-date: /home/shiha/ros2_termproject/install/ramen_interfaces/include/ramen_interfaces/ramen_interfaces/action/detail/request_remake__type_support.cpp
-- Up-to-date: /home/shiha/ros2_termproject/install/ramen_interfaces/include/ramen_interfaces/ramen_interfaces/action/detail/serve_ramen__rosidl_typesupport_introspection_cpp.hpp
-- Up-to-date: /home/shiha/ros2_termproject/install/ramen_interfaces/include/ramen_interfaces/ramen_interfaces/action/detail/serve_ramen__type_support.cpp
-- Up-to-date: /home/shiha/ros2_termproject/install/ramen_interfaces/lib/libramen_interfaces__rosidl_typesupport_introspection_cpp.so
-- Up-to-date: /home/shiha/ros2_termproject/install/ramen_interfaces/lib/libramen_interfaces__rosidl_typesupport_cpp.so
-- Up-to-date: /home/shiha/ros2_termproject/install/ramen_interfaces/share/ramen_interfaces/environment/pythonpath.sh
-- Up-to-date: /home/shiha/ros2_termproject/install/ramen_interfaces/share/ramen_interfaces/environment/pythonpath.dsv
-- Up-to-date: /home/shiha/ros2_termproject/install/ramen_interfaces/lib/python3.12/site-packages/ramen_interfaces-0.0.0-py3.12.egg-info
-- Installing: /home/shiha/ros2_termproject/install/ramen_interfaces/lib/python3.12/site-packages/ramen_interfaces-0.0.0-py3.12.egg-info/dependency_links.txt
-- Installing: /home/shiha/ros2_termproject/install/ramen_interfaces/lib/python3.12/site-packages/ramen_interfaces-0.0.0-py3.12.egg-info/SOURCES.txt
-- Installing: /home/shiha/ros2_termproject/install/ramen_interfaces/lib/python3.12/site-packages/ramen_interfaces-0.0.0-py3.12.egg-info/top_level.txt
-- Installing: /home/shiha/ros2_termproject/install/ramen_interfaces/lib/python3.12/site-packages/ramen_interfaces-0.0.0-py3.12.egg-info/PKG-INFO
-- Up-to-date: /home/shiha/ros2_termproject/install/ramen_interfaces/lib/python3.12/site-packages/ramen_interfaces
-- Up-to-date: /home/shiha/ros2_termproject/install/ramen_interfaces/lib/python3.12/site-packages/ramen_interfaces/msg
-- Up-to-date: /home/shiha/ros2_termproject/install/ramen_interfaces/lib/python3.12/site-packages/ramen_interfaces/msg/_cooked_ramen.py
-- Up-to-date: /home/shiha/ros2_termproject/install/ramen_interfaces/lib/python3.12/site-packages/ramen_interfaces/msg/_ramen_order_s.c
-- Up-to-date: /home/shiha/ros2_termproject/install/ramen_interfaces/lib/python3.12/site-packages/ramen_interfaces/msg/_cooked_ramen_s.c
-- Up-to-date: /home/shiha/ros2_termproject/install/ramen_interfaces/lib/python3.12/site-packages/ramen_interfaces/msg/__init__.py
-- Up-to-date: /home/shiha/ros2_termproject/install/ramen_interfaces/lib/python3.12/site-packages/ramen_interfaces/msg/_ramen_order.py
-- Up-to-date: /home/shiha/ros2_termproject/install/ramen_interfaces/lib/python3.12/site-packages/ramen_interfaces/ramen_interfaces_s__rosidl_typesupport_fastrtps_c.so
-- Up-to-date: /home/shiha/ros2_termproject/install/ramen_interfaces/lib/python3.12/site-packages/ramen_interfaces/_ramen_interfaces_s.ep.rosidl_typesupport_c.c
-- Up-to-date: /home/shiha/ros2_termproject/install/ramen_interfaces/lib/python3.12/site-packages/ramen_interfaces/ramen_interfaces_s__rosidl_typesupport_introspection_c.so
-- Up-to-date: /home/shiha/ros2_termproject/install/ramen_interfaces/lib/python3.12/site-packages/ramen_interfaces/_ramen_interfaces_s.ep.rosidl_typesupport_introspection_c.c
-- Up-to-date: /home/shiha/ros2_termproject/install/ramen_interfaces/lib/python3.12/site-packages/ramen_interfaces/action
-- Up-to-date: /home/shiha/ros2_termproject/install/ramen_interfaces/lib/python3.12/site-packages/ramen_interfaces/action/_serve_ramen.py
-- Up-to-date: /home/shiha/ros2_termproject/install/ramen_interfaces/lib/python3.12/site-packages/ramen_interfaces/action/_request_remake.py
-- Up-to-date: /home/shiha/ros2_termproject/install/ramen_interfaces/lib/python3.12/site-packages/ramen_interfaces/action/_request_remake_s.c
-- Up-to-date: /home/shiha/ros2_termproject/install/ramen_interfaces/lib/python3.12/site-packages/ramen_interfaces/action/__init__.py
-- Up-to-date: /home/shiha/ros2_termproject/install/ramen_interfaces/lib/python3.12/site-packages/ramen_interfaces/action/_serve_ramen_s.c
-- Up-to-date: /home/shiha/ros2_termproject/install/ramen_interfaces/lib/python3.12/site-packages/ramen_interfaces/__init__.py
-- Up-to-date: /home/shiha/ros2_termproject/install/ramen_interfaces/lib/python3.12/site-packages/ramen_interfaces/ramen_interfaces_s__rosidl_typesupport_c.so
-- Up-to-date: /home/shiha/ros2_termproject/install/ramen_interfaces/lib/python3.12/site-packages/ramen_interfaces/_ramen_interfaces_s.ep.rosidl_typesupport_fastrtps_c.c
Listing '/home/shiha/ros2_termproject/install/ramen_interfaces/lib/python3.12/site-packages/ramen_interfaces'...
Listing '/home/shiha/ros2_termproject/install/ramen_interfaces/lib/python3.12/site-packages/ramen_interfaces/action'...
Listing '/home/shiha/ros2_termproject/install/ramen_interfaces/lib/python3.12/site-packages/ramen_interfaces/msg'...
-- Up-to-date: /home/shiha/ros2_termproject/install/ramen_interfaces/lib/python3.12/site-packages/ramen_interfaces/ramen_interfaces_s__rosidl_typesupport_fastrtps_c.so
-- Up-to-date: /home/shiha/ros2_termproject/install/ramen_interfaces/lib/python3.12/site-packages/ramen_interfaces/ramen_interfaces_s__rosidl_typesupport_introspection_c.so
-- Up-to-date: /home/shiha/ros2_termproject/install/ramen_interfaces/lib/python3.12/site-packages/ramen_interfaces/ramen_interfaces_s__rosidl_typesupport_c.so
-- Up-to-date: /home/shiha/ros2_termproject/install/ramen_interfaces/lib/libramen_interfaces__rosidl_generator_py.so
-- Up-to-date: /home/shiha/ros2_termproject/install/ramen_interfaces/share/ramen_interfaces/msg/RamenOrder.idl
-- Up-to-date: /home/shiha/ros2_termproject/install/ramen_interfaces/share/ramen_interfaces/msg/CookedRamen.idl
-- Up-to-date: /home/shiha/ros2_termproject/install/ramen_interfaces/share/ramen_interfaces/action/ServeRamen.idl
-- Up-to-date: /home/shiha/ros2_termproject/install/ramen_interfaces/share/ramen_interfaces/action/RequestRemake.idl
-- Up-to-date: /home/shiha/ros2_termproject/install/ramen_interfaces/share/ramen_interfaces/msg/RamenOrder.msg
-- Up-to-date: /home/shiha/ros2_termproject/install/ramen_interfaces/share/ramen_interfaces/msg/CookedRamen.msg
-- Up-to-date: /home/shiha/ros2_termproject/install/ramen_interfaces/share/ramen_interfaces/action/ServeRamen.action
-- Up-to-date: /home/shiha/ros2_termproject/install/ramen_interfaces/share/ramen_interfaces/action/RequestRemake.action
-- Up-to-date: /home/shiha/ros2_termproject/install/ramen_interfaces/share/ament_index/resource_index/package_run_dependencies/ramen_interfaces
-- Up-to-date: /home/shiha/ros2_termproject/install/ramen_interfaces/share/ament_index/resource_index/parent_prefix_path/ramen_interfaces
-- Up-to-date: /home/shiha/ros2_termproject/install/ramen_interfaces/share/ramen_interfaces/environment/ament_prefix_path.sh
-- Up-to-date: /home/shiha/ros2_termproject/install/ramen_interfaces/share/ramen_interfaces/environment/ament_prefix_path.dsv
-- Up-to-date: /home/shiha/ros2_termproject/install/ramen_interfaces/share/ramen_interfaces/environment/path.sh
-- Up-to-date: /home/shiha/ros2_termproject/install/ramen_interfaces/share/ramen_interfaces/environment/path.dsv
-- Up-to-date: /home/shiha/ros2_termproject/install/ramen_interfaces/share/ramen_interfaces/local_setup.bash
-- Up-to-date: /home/shiha/ros2_termproject/install/ramen_interfaces/share/ramen_interfaces/local_setup.sh
-- Up-to-date: /home/shiha/ros2_termproject/install/ramen_interfaces/share/ramen_interfaces/local_setup.zsh
-- Up-to-date: /home/shiha/ros2_termproject/install/ramen_interfaces/share/ramen_interfaces/local_setup.dsv
-- Installing: /home/shiha/ros2_termproject/install/ramen_interfaces/share/ramen_interfaces/package.dsv
-- Up-to-date: /home/shiha/ros2_termproject/install/ramen_interfaces/share/ament_index/resource_index/packages/ramen_interfaces
-- Up-to-date: /home/shiha/ros2_termproject/install/ramen_interfaces/share/ramen_interfaces/cmake/export_ramen_interfaces__rosidl_generator_cExport.cmake
-- Up-to-date: /home/shiha/ros2_termproject/install/ramen_interfaces/share/ramen_interfaces/cmake/export_ramen_interfaces__rosidl_generator_cExport-noconfig.cmake
-- Up-to-date: /home/shiha/ros2_termproject/install/ramen_interfaces/share/ramen_interfaces/cmake/export_ramen_interfaces__rosidl_typesupport_fastrtps_cExport.cmake
-- Up-to-date: /home/shiha/ros2_termproject/install/ramen_interfaces/share/ramen_interfaces/cmake/export_ramen_interfaces__rosidl_typesupport_fastrtps_cExport-noconfig.cmake
-- Up-to-date: /home/shiha/ros2_termproject/install/ramen_interfaces/share/ramen_interfaces/cmake/ramen_interfaces__rosidl_typesupport_introspection_cExport.cmake
-- Up-to-date: /home/shiha/ros2_termproject/install/ramen_interfaces/share/ramen_interfaces/cmake/ramen_interfaces__rosidl_typesupport_introspection_cExport-noconfig.cmake
-- Up-to-date: /home/shiha/ros2_termproject/install/ramen_interfaces/share/ramen_interfaces/cmake/ramen_interfaces__rosidl_typesupport_cExport.cmake
-- Up-to-date: /home/shiha/ros2_termproject/install/ramen_interfaces/share/ramen_interfaces/cmake/ramen_interfaces__rosidl_typesupport_cExport-noconfig.cmake
-- Up-to-date: /home/shiha/ros2_termproject/install/ramen_interfaces/share/ramen_interfaces/cmake/export_ramen_interfaces__rosidl_generator_cppExport.cmake
-- Up-to-date: /home/shiha/ros2_termproject/install/ramen_interfaces/share/ramen_interfaces/cmake/export_ramen_interfaces__rosidl_typesupport_fastrtps_cppExport.cmake
-- Up-to-date: /home/shiha/ros2_termproject/install/ramen_interfaces/share/ramen_interfaces/cmake/export_ramen_interfaces__rosidl_typesupport_fastrtps_cppExport-noconfig.cmake
-- Up-to-date: /home/shiha/ros2_termproject/install/ramen_interfaces/share/ramen_interfaces/cmake/ramen_interfaces__rosidl_typesupport_introspection_cppExport.cmake
-- Up-to-date: /home/shiha/ros2_termproject/install/ramen_interfaces/share/ramen_interfaces/cmake/ramen_interfaces__rosidl_typesupport_introspection_cppExport-noconfig.cmake
-- Up-to-date: /home/shiha/ros2_termproject/install/ramen_interfaces/share/ramen_interfaces/cmake/ramen_interfaces__rosidl_typesupport_cppExport.cmake
-- Up-to-date: /home/shiha/ros2_termproject/install/ramen_interfaces/share/ramen_interfaces/cmake/ramen_interfaces__rosidl_typesupport_cppExport-noconfig.cmake
-- Up-to-date: /home/shiha/ros2_termproject/install/ramen_interfaces/share/ramen_interfaces/cmake/export_ramen_interfaces__rosidl_generator_pyExport.cmake
-- Up-to-date: /home/shiha/ros2_termproject/install/ramen_interfaces/share/ramen_interfaces/cmake/export_ramen_interfaces__rosidl_generator_pyExport-noconfig.cmake
-- Up-to-date: /home/shiha/ros2_termproject/install/ramen_interfaces/share/ramen_interfaces/cmake/rosidl_cmake-extras.cmake
-- Up-to-date: /home/shiha/ros2_termproject/install/ramen_interfaces/share/ramen_interfaces/cmake/ament_cmake_export_dependencies-extras.cmake
-- Up-to-date: /home/shiha/ros2_termproject/install/ramen_interfaces/share/ramen_interfaces/cmake/ament_cmake_export_include_directories-extras.cmake
-- Up-to-date: /home/shiha/ros2_termproject/install/ramen_interfaces/share/ramen_interfaces/cmake/ament_cmake_export_libraries-extras.cmake
-- Up-to-date: /home/shiha/ros2_termproject/install/ramen_interfaces/share/ramen_interfaces/cmake/ament_cmake_export_targets-extras.cmake
-- Up-to-date: /home/shiha/ros2_termproject/install/ramen_interfaces/share/ramen_interfaces/cmake/rosidl_cmake_export_typesupport_targets-extras.cmake
-- Up-to-date: /home/shiha/ros2_termproject/install/ramen_interfaces/share/ramen_interfaces/cmake/rosidl_cmake_export_typesupport_libraries-extras.cmake
-- Up-to-date: /home/shiha/ros2_termproject/install/ramen_interfaces/share/ramen_interfaces/cmake/ramen_interfacesConfig.cmake
-- Up-to-date: /home/shiha/ros2_termproject/install/ramen_interfaces/share/ramen_interfaces/cmake/ramen_interfacesConfig-version.cmake
-- Up-to-date: /home/shiha/ros2_termproject/install/ramen_interfaces/share/ramen_interfaces/package.xml
