[0.013s] Invoking command in '/home/shiha/ros2_termproject/build/ramen_interfaces': CMAKE_PREFIX_PATH=${CMAKE_PREFIX_PATH}:/home/shiha/ros2_termproject/install/ramen_table:/home/shiha/ros2_termproject/install/ramen_serving:/home/shiha/ros2_termproject/install/ramen_kitchen:/home/shiha/my_ws/install/using_my_custom_interface_package:/home/shiha/my_ws/install/time_sync:/home/shiha/my_ws/install/my_rclpy_package:/home/shiha/my_ws/install/learning_tf2:/home/shiha/my_ws/install/gz_demo:/opt/ros/jazzy /usr/bin/cmake --build /home/shiha/ros2_termproject/build/ramen_interfaces -- -j18 -l18
[0.135s] [  1%] Built target ramen_interfaces__rosidl_generator_type_description
[0.152s] [  1%] Built target ament_cmake_python_copy_ramen_interfaces
[0.154s] [  3%] Built target ramen_interfaces__cpp
[0.163s] [ 25%] Built target ramen_interfaces__rosidl_generator_c
[0.191s] [ 34%] Built target ramen_interfaces__rosidl_typesupport_introspection_c
[0.194s] [ 53%] Built target ramen_interfaces__rosidl_typesupport_fastrtps_cpp
[0.195s] [ 53%] Built target ramen_interfaces__rosidl_typesupport_c
[0.195s] [ 62%] Built target ramen_interfaces__rosidl_typesupport_cpp
[0.197s] [ 71%] Built target ramen_interfaces__rosidl_typesupport_introspection_cpp
[0.199s] [ 81%] Built target ramen_interfaces__rosidl_typesupport_fastrtps_c
[0.218s] [ 81%] Built target ramen_interfaces
[0.237s] [ 82%] Built target ramen_interfaces__py
[0.262s] [ 90%] Built target ramen_interfaces__rosidl_generator_py
[0.285s] [ 93%] Built target ramen_interfaces_s__rosidl_typesupport_introspection_c
[0.285s] [ 96%] Built target ramen_interfaces_s__rosidl_typesupport_fastrtps_c
[0.287s] [100%] Built target ramen_interfaces_s__rosidl_typesupport_c
[0.327s] running egg_info
[0.341s] writing ramen_interfaces.egg-info/PKG-INFO
[0.341s] writing dependency_links to ramen_interfaces.egg-info/dependency_links.txt
[0.341s] writing top-level names to ramen_interfaces.egg-info/top_level.txt
[0.386s] reading manifest file 'ramen_interfaces.egg-info/SOURCES.txt'
[0.387s] writing manifest file 'ramen_interfaces.egg-info/SOURCES.txt'
[0.410s] [100%] Built target ament_cmake_python_build_ramen_interfaces_egg
[0.420s] Invoked command in '/home/shiha/ros2_termproject/build/ramen_interfaces' returned '0': CMAKE_PREFIX_PATH=${CMAKE_PREFIX_PATH}:/home/shiha/ros2_termproject/install/ramen_table:/home/shiha/ros2_termproject/install/ramen_serving:/home/shiha/ros2_termproject/install/ramen_kitchen:/home/shiha/my_ws/install/using_my_custom_interface_package:/home/shiha/my_ws/install/time_sync:/home/shiha/my_ws/install/my_rclpy_package:/home/shiha/my_ws/install/learning_tf2:/home/shiha/my_ws/install/gz_demo:/opt/ros/jazzy /usr/bin/cmake --build /home/shiha/ros2_termproject/build/ramen_interfaces -- -j18 -l18
[0.431s] Invoking command in '/home/shiha/ros2_termproject/build/ramen_interfaces': CMAKE_PREFIX_PATH=${CMAKE_PREFIX_PATH}:/home/shiha/ros2_termproject/install/ramen_table:/home/shiha/ros2_termproject/install/ramen_serving:/home/shiha/ros2_termproject/install/ramen_kitchen:/home/shiha/my_ws/install/using_my_custom_interface_package:/home/shiha/my_ws/install/time_sync:/home/shiha/my_ws/install/my_rclpy_package:/home/shiha/my_ws/install/learning_tf2:/home/shiha/my_ws/install/gz_demo:/opt/ros/jazzy /usr/bin/cmake --install /home/shiha/ros2_termproject/build/ramen_interfaces
[0.438s] -- Install configuration: ""
[0.439s] -- Up-to-date: /home/shiha/ros2_termproject/install/ramen_interfaces/share/ament_index/resource_index/rosidl_interfaces/ramen_interfaces
[0.439s] -- Up-to-date: /home/shiha/ros2_termproject/install/ramen_interfaces/share/ramen_interfaces/msg/RamenOrder.json
[0.440s] -- Up-to-date: /home/shiha/ros2_termproject/install/ramen_interfaces/share/ramen_interfaces/msg/CookedRamen.json
[0.440s] -- Up-to-date: /home/shiha/ros2_termproject/install/ramen_interfaces/share/ramen_interfaces/action/ServeRamen.json
[0.440s] -- Up-to-date: /home/shiha/ros2_termproject/install/ramen_interfaces/share/ramen_interfaces/action/RequestRemake.json
[0.440s] -- Up-to-date: /home/shiha/ros2_termproject/install/ramen_interfaces/include/ramen_interfaces/ramen_interfaces
[0.440s] -- Up-to-date: /home/shiha/ros2_termproject/install/ramen_interfaces/include/ramen_interfaces/ramen_interfaces/msg
[0.440s] -- Up-to-date: /home/shiha/ros2_termproject/install/ramen_interfaces/include/ramen_interfaces/ramen_interfaces/msg/cooked_ramen.h
[0.440s] -- Up-to-date: /home/shiha/ros2_termproject/install/ramen_interfaces/include/ramen_interfaces/ramen_interfaces/msg/ramen_order.h
[0.440s] -- Up-to-date: /home/shiha/ros2_termproject/install/ramen_interfaces/include/ramen_interfaces/ramen_interfaces/msg/rosidl_generator_c__visibility_control.h
[0.440s] -- Up-to-date: /home/shiha/ros2_termproject/install/ramen_interfaces/include/ramen_interfaces/ramen_interfaces/msg/detail
[0.441s] -- Up-to-date: /home/shiha/ros2_termproject/install/ramen_interfaces/include/ramen_interfaces/ramen_interfaces/msg/detail/cooked_ramen__type_support.c
[0.441s] -- Up-to-date: /home/shiha/ros2_termproject/install/ramen_interfaces/include/ramen_interfaces/ramen_interfaces/msg/detail/ramen_order__functions.h
[0.441s] -- Up-to-date: /home/shiha/ros2_termproject/install/ramen_interfaces/include/ramen_interfaces/ramen_interfaces/msg/detail/cooked_ramen__struct.h
[0.441s] -- Up-to-date: /home/shiha/ros2_termproject/install/ramen_interfaces/include/ramen_interfaces/ramen_interfaces/msg/detail/ramen_order__description.c
[0.442s] -- Up-to-date: /home/shiha/ros2_termproject/install/ramen_interfaces/include/ramen_interfaces/ramen_interfaces/msg/detail/cooked_ramen__type_support.h
[0.442s] -- Up-to-date: /home/shiha/ros2_termproject/install/ramen_interfaces/include/ramen_interfaces/ramen_interfaces/msg/detail/ramen_order__struct.h
[0.442s] -- Up-to-date: /home/shiha/ros2_termproject/install/ramen_interfaces/include/ramen_interfaces/ramen_interfaces/msg/detail/ramen_order__type_support.h
[0.442s] -- Up-to-date: /home/shiha/ros2_termproject/install/ramen_interfaces/include/ramen_interfaces/ramen_interfaces/msg/detail/cooked_ramen__functions.h
[0.442s] -- Up-to-date: /home/shiha/ros2_termproject/install/ramen_interfaces/include/ramen_interfaces/ramen_interfaces/msg/detail/ramen_order__functions.c
[0.442s] -- Up-to-date: /home/shiha/ros2_termproject/install/ramen_interfaces/include/ramen_interfaces/ramen_interfaces/msg/detail/cooked_ramen__description.c
[0.442s] -- Up-to-date: /home/shiha/ros2_termproject/install/ramen_interfaces/include/ramen_interfaces/ramen_interfaces/msg/detail/cooked_ramen__functions.c
[0.442s] -- Up-to-date: /home/shiha/ros2_termproject/install/ramen_interfaces/include/ramen_interfaces/ramen_interfaces/msg/detail/ramen_order__type_support.c
[0.442s] -- Up-to-date: /home/shiha/ros2_termproject/install/ramen_interfaces/include/ramen_interfaces/ramen_interfaces/action
[0.442s] -- Up-to-date: /home/shiha/ros2_termproject/install/ramen_interfaces/include/ramen_interfaces/ramen_interfaces/action/detail
[0.442s] -- Up-to-date: /home/shiha/ros2_termproject/install/ramen_interfaces/include/ramen_interfaces/ramen_interfaces/action/detail/request_remake__type_support.c
[0.443s] -- Up-to-date: /home/shiha/ros2_termproject/install/ramen_interfaces/include/ramen_interfaces/ramen_interfaces/action/detail/request_remake__type_support.h
[0.443s] -- Up-to-date: /home/shiha/ros2_termproject/install/ramen_interfaces/include/ramen_interfaces/ramen_interfaces/action/detail/serve_ramen__struct.h
[0.443s] -- Up-to-date: /home/shiha/ros2_termproject/install/ramen_interfaces/include/ramen_interfaces/ramen_interfaces/action/detail/serve_ramen__functions.h
[0.443s] -- Up-to-date: /home/shiha/ros2_termproject/install/ramen_interfaces/include/ramen_interfaces/ramen_interfaces/action/detail/request_remake__functions.c
[0.443s] -- Up-to-date: /home/shiha/ros2_termproject/install/ramen_interfaces/include/ramen_interfaces/ramen_interfaces/action/detail/serve_ramen__type_support.c
[0.443s] -- Up-to-date: /home/shiha/ros2_termproject/install/ramen_interfaces/include/ramen_interfaces/ramen_interfaces/action/detail/serve_ramen__functions.c
[0.443s] -- Up-to-date: /home/shiha/ros2_termproject/install/ramen_interfaces/include/ramen_interfaces/ramen_interfaces/action/detail/serve_ramen__type_support.h
[0.444s] -- Up-to-date: /home/shiha/ros2_termproject/install/ramen_interfaces/include/ramen_interfaces/ramen_interfaces/action/detail/serve_ramen__description.c
[0.444s] -- Up-to-date: /home/shiha/ros2_termproject/install/ramen_interfaces/include/ramen_interfaces/ramen_interfaces/action/detail/request_remake__functions.h
[0.444s] -- Up-to-date: /home/shiha/ros2_termproject/install/ramen_interfaces/include/ramen_interfaces/ramen_interfaces/action/detail/request_remake__struct.h
[0.444s] -- Up-to-date: /home/shiha/ros2_termproject/install/ramen_interfaces/include/ramen_interfaces/ramen_interfaces/action/detail/request_remake__description.c
[0.444s] -- Up-to-date: /home/shiha/ros2_termproject/install/ramen_interfaces/include/ramen_interfaces/ramen_interfaces/action/serve_ramen.h
[0.444s] -- Up-to-date: /home/shiha/ros2_termproject/install/ramen_interfaces/include/ramen_interfaces/ramen_interfaces/action/request_remake.h
[0.444s] -- Up-to-date: /home/shiha/ros2_termproject/install/ramen_interfaces/share/ramen_interfaces/environment/library_path.sh
[0.444s] -- Up-to-date: /home/shiha/ros2_termproject/install/ramen_interfaces/share/ramen_interfaces/environment/library_path.dsv
[0.444s] -- Up-to-date: /home/shiha/ros2_termproject/install/ramen_interfaces/lib/libramen_interfaces__rosidl_generator_c.so
[0.444s] -- Up-to-date: /home/shiha/ros2_termproject/install/ramen_interfaces/include/ramen_interfaces/ramen_interfaces
[0.444s] -- Up-to-date: /home/shiha/ros2_termproject/install/ramen_interfaces/include/ramen_interfaces/ramen_interfaces/msg
[0.444s] -- Up-to-date: /home/shiha/ros2_termproject/install/ramen_interfaces/include/ramen_interfaces/ramen_interfaces/msg/detail
[0.444s] -- Up-to-date: /home/shiha/ros2_termproject/install/ramen_interfaces/include/ramen_interfaces/ramen_interfaces/msg/detail/cooked_ramen__rosidl_typesupport_fastrtps_c.h
[0.444s] -- Up-to-date: /home/shiha/ros2_termproject/install/ramen_interfaces/include/ramen_interfaces/ramen_interfaces/msg/detail/ramen_order__rosidl_typesupport_fastrtps_c.h
[0.444s] -- Up-to-date: /home/shiha/ros2_termproject/install/ramen_interfaces/include/ramen_interfaces/ramen_interfaces/msg/rosidl_typesupport_fastrtps_c__visibility_control.h
[0.444s] -- Up-to-date: /home/shiha/ros2_termproject/install/ramen_interfaces/include/ramen_interfaces/ramen_interfaces/action
[0.444s] -- Up-to-date: /home/shiha/ros2_termproject/install/ramen_interfaces/include/ramen_interfaces/ramen_interfaces/action/detail
[0.444s] -- Up-to-date: /home/shiha/ros2_termproject/install/ramen_interfaces/include/ramen_interfaces/ramen_interfaces/action/detail/serve_ramen__rosidl_typesupport_fastrtps_c.h
[0.444s] -- Up-to-date: /home/shiha/ros2_termproject/install/ramen_interfaces/include/ramen_interfaces/ramen_interfaces/action/detail/request_remake__rosidl_typesupport_fastrtps_c.h
[0.444s] -- Up-to-date: /home/shiha/ros2_termproject/install/ramen_interfaces/lib/libramen_interfaces__rosidl_typesupport_fastrtps_c.so
[0.445s] -- Up-to-date: /home/shiha/ros2_termproject/install/ramen_interfaces/include/ramen_interfaces/ramen_interfaces
[0.445s] -- Up-to-date: /home/shiha/ros2_termproject/install/ramen_interfaces/include/ramen_interfaces/ramen_interfaces/msg
[0.445s] -- Up-to-date: /home/shiha/ros2_termproject/install/ramen_interfaces/include/ramen_interfaces/ramen_interfaces/msg/rosidl_typesupport_introspection_c__visibility_control.h
[0.445s] -- Up-to-date: /home/shiha/ros2_termproject/install/ramen_interfaces/include/ramen_interfaces/ramen_interfaces/msg/detail
[0.445s] -- Up-to-date: /home/shiha/ros2_termproject/install/ramen_interfaces/include/ramen_interfaces/ramen_interfaces/msg/detail/ramen_order__rosidl_typesupport_introspection_c.h
[0.445s] -- Up-to-date: /home/shiha/ros2_termproject/install/ramen_interfaces/include/ramen_interfaces/ramen_interfaces/msg/detail/cooked_ramen__type_support.c
[0.445s] -- Up-to-date: /home/shiha/ros2_termproject/install/ramen_interfaces/include/ramen_interfaces/ramen_interfaces/msg/detail/cooked_ramen__rosidl_typesupport_introspection_c.h
[0.445s] -- Up-to-date: /home/shiha/ros2_termproject/install/ramen_interfaces/include/ramen_interfaces/ramen_interfaces/msg/detail/ramen_order__type_support.c
[0.445s] -- Up-to-date: /home/shiha/ros2_termproject/install/ramen_interfaces/include/ramen_interfaces/ramen_interfaces/action
[0.446s] -- Up-to-date: /home/shiha/ros2_termproject/install/ramen_interfaces/include/ramen_interfaces/ramen_interfaces/action/detail
[0.446s] -- Up-to-date: /home/shiha/ros2_termproject/install/ramen_interfaces/include/ramen_interfaces/ramen_interfaces/action/detail/request_remake__type_support.c
[0.446s] -- Up-to-date: /home/shiha/ros2_termproject/install/ramen_interfaces/include/ramen_interfaces/ramen_interfaces/action/detail/serve_ramen__type_support.c
[0.446s] -- Up-to-date: /home/shiha/ros2_termproject/install/ramen_interfaces/include/ramen_interfaces/ramen_interfaces/action/detail/serve_ramen__rosidl_typesupport_introspection_c.h
[0.446s] -- Up-to-date: /home/shiha/ros2_termproject/install/ramen_interfaces/include/ramen_interfaces/ramen_interfaces/action/detail/request_remake__rosidl_typesupport_introspection_c.h
[0.446s] -- Up-to-date: /home/shiha/ros2_termproject/install/ramen_interfaces/lib/libramen_interfaces__rosidl_typesupport_introspection_c.so
[0.447s] -- Up-to-date: /home/shiha/ros2_termproject/install/ramen_interfaces/lib/libramen_interfaces__rosidl_typesupport_c.so
[0.447s] -- Up-to-date: /home/shiha/ros2_termproject/install/ramen_interfaces/include/ramen_interfaces/ramen_interfaces
[0.447s] -- Up-to-date: /home/shiha/ros2_termproject/install/ramen_interfaces/include/ramen_interfaces/ramen_interfaces/msg
[0.447s] -- Up-to-date: /home/shiha/ros2_termproject/install/ramen_interfaces/include/ramen_interfaces/ramen_interfaces/msg/cooked_ramen.hpp
[0.447s] -- Up-to-date: /home/shiha/ros2_termproject/install/ramen_interfaces/include/ramen_interfaces/ramen_interfaces/msg/rosidl_generator_cpp__visibility_control.hpp
[0.447s] -- Up-to-date: /home/shiha/ros2_termproject/install/ramen_interfaces/include/ramen_interfaces/ramen_interfaces/msg/detail
[0.448s] -- Up-to-date: /home/shiha/ros2_termproject/install/ramen_interfaces/include/ramen_interfaces/ramen_interfaces/msg/detail/cooked_ramen__type_support.hpp
[0.448s] -- Up-to-date: /home/shiha/ros2_termproject/install/ramen_interfaces/include/ramen_interfaces/ramen_interfaces/msg/detail/cooked_ramen__struct.hpp
[0.448s] -- Up-to-date: /home/shiha/ros2_termproject/install/ramen_interfaces/include/ramen_interfaces/ramen_interfaces/msg/detail/cooked_ramen__traits.hpp
[0.448s] -- Up-to-date: /home/shiha/ros2_termproject/install/ramen_interfaces/include/ramen_interfaces/ramen_interfaces/msg/detail/ramen_order__builder.hpp
[0.448s] -- Up-to-date: /home/shiha/ros2_termproject/install/ramen_interfaces/include/ramen_interfaces/ramen_interfaces/msg/detail/ramen_order__type_support.hpp
[0.448s] -- Up-to-date: /home/shiha/ros2_termproject/install/ramen_interfaces/include/ramen_interfaces/ramen_interfaces/msg/detail/cooked_ramen__builder.hpp
[0.448s] -- Up-to-date: /home/shiha/ros2_termproject/install/ramen_interfaces/include/ramen_interfaces/ramen_interfaces/msg/detail/ramen_order__struct.hpp
[0.448s] -- Up-to-date: /home/shiha/ros2_termproject/install/ramen_interfaces/include/ramen_interfaces/ramen_interfaces/msg/detail/ramen_order__traits.hpp
[0.448s] -- Up-to-date: /home/shiha/ros2_termproject/install/ramen_interfaces/include/ramen_interfaces/ramen_interfaces/msg/ramen_order.hpp
[0.448s] -- Up-to-date: /home/shiha/ros2_termproject/install/ramen_interfaces/include/ramen_interfaces/ramen_interfaces/action
[0.448s] -- Up-to-date: /home/shiha/ros2_termproject/install/ramen_interfaces/include/ramen_interfaces/ramen_interfaces/action/serve_ramen.hpp
[0.448s] -- Up-to-date: /home/shiha/ros2_termproject/install/ramen_interfaces/include/ramen_interfaces/ramen_interfaces/action/request_remake.hpp
[0.448s] -- Up-to-date: /home/shiha/ros2_termproject/install/ramen_interfaces/include/ramen_interfaces/ramen_interfaces/action/detail
[0.448s] -- Up-to-date: /home/shiha/ros2_termproject/install/ramen_interfaces/include/ramen_interfaces/ramen_interfaces/action/detail/serve_ramen__traits.hpp
[0.448s] -- Up-to-date: /home/shiha/ros2_termproject/install/ramen_interfaces/include/ramen_interfaces/ramen_interfaces/action/detail/serve_ramen__struct.hpp
[0.448s] -- Up-to-date: /home/shiha/ros2_termproject/install/ramen_interfaces/include/ramen_interfaces/ramen_interfaces/action/detail/request_remake__struct.hpp
[0.448s] -- Up-to-date: /home/shiha/ros2_termproject/install/ramen_interfaces/include/ramen_interfaces/ramen_interfaces/action/detail/request_remake__traits.hpp
[0.448s] -- Up-to-date: /home/shiha/ros2_termproject/install/ramen_interfaces/include/ramen_interfaces/ramen_interfaces/action/detail/serve_ramen__builder.hpp
[0.449s] -- Up-to-date: /home/shiha/ros2_termproject/install/ramen_interfaces/include/ramen_interfaces/ramen_interfaces/action/detail/request_remake__type_support.hpp
[0.449s] -- Up-to-date: /home/shiha/ros2_termproject/install/ramen_interfaces/include/ramen_interfaces/ramen_interfaces/action/detail/serve_ramen__type_support.hpp
[0.449s] -- Up-to-date: /home/shiha/ros2_termproject/install/ramen_interfaces/include/ramen_interfaces/ramen_interfaces/action/detail/request_remake__builder.hpp
[0.449s] -- Up-to-date: /home/shiha/ros2_termproject/install/ramen_interfaces/include/ramen_interfaces/ramen_interfaces
[0.449s] -- Up-to-date: /home/shiha/ros2_termproject/install/ramen_interfaces/include/ramen_interfaces/ramen_interfaces/msg
[0.449s] -- Up-to-date: /home/shiha/ros2_termproject/install/ramen_interfaces/include/ramen_interfaces/ramen_interfaces/msg/detail
[0.449s] -- Up-to-date: /home/shiha/ros2_termproject/install/ramen_interfaces/include/ramen_interfaces/ramen_interfaces/msg/detail/ramen_order__rosidl_typesupport_fastrtps_cpp.hpp
[0.449s] -- Up-to-date: /home/shiha/ros2_termproject/install/ramen_interfaces/include/ramen_interfaces/ramen_interfaces/msg/detail/dds_fastrtps
[0.449s] -- Up-to-date: /home/shiha/ros2_termproject/install/ramen_interfaces/include/ramen_interfaces/ramen_interfaces/msg/detail/cooked_ramen__rosidl_typesupport_fastrtps_cpp.hpp
[0.449s] -- Up-to-date: /home/shiha/ros2_termproject/install/ramen_interfaces/include/ramen_interfaces/ramen_interfaces/msg/rosidl_typesupport_fastrtps_cpp__visibility_control.h
[0.450s] -- Up-to-date: /home/shiha/ros2_termproject/install/ramen_interfaces/include/ramen_interfaces/ramen_interfaces/action
[0.450s] -- Up-to-date: /home/shiha/ros2_termproject/install/ramen_interfaces/include/ramen_interfaces/ramen_interfaces/action/detail
[0.450s] -- Up-to-date: /home/shiha/ros2_termproject/install/ramen_interfaces/include/ramen_interfaces/ramen_interfaces/action/detail/request_remake__rosidl_typesupport_fastrtps_cpp.hpp
[0.450s] -- Up-to-date: /home/shiha/ros2_termproject/install/ramen_interfaces/include/ramen_interfaces/ramen_interfaces/action/detail/dds_fastrtps
[0.450s] -- Up-to-date: /home/shiha/ros2_termproject/install/ramen_interfaces/include/ramen_interfaces/ramen_interfaces/action/detail/serve_ramen__rosidl_typesupport_fastrtps_cpp.hpp
[0.450s] -- Up-to-date: /home/shiha/ros2_termproject/install/ramen_interfaces/lib/libramen_interfaces__rosidl_typesupport_fastrtps_cpp.so
[0.450s] -- Up-to-date: /home/shiha/ros2_termproject/install/ramen_interfaces/include/ramen_interfaces/ramen_interfaces
[0.450s] -- Up-to-date: /home/shiha/ros2_termproject/install/ramen_interfaces/include/ramen_interfaces/ramen_interfaces/msg
[0.451s] -- Up-to-date: /home/shiha/ros2_termproject/install/ramen_interfaces/include/ramen_interfaces/ramen_interfaces/msg/detail
[0.451s] -- Up-to-date: /home/shiha/ros2_termproject/install/ramen_interfaces/include/ramen_interfaces/ramen_interfaces/msg/detail/ramen_order__rosidl_typesupport_introspection_cpp.hpp
[0.451s] -- Up-to-date: /home/shiha/ros2_termproject/install/ramen_interfaces/include/ramen_interfaces/ramen_interfaces/msg/detail/ramen_order__type_support.cpp
[0.451s] -- Up-to-date: /home/shiha/ros2_termproject/install/ramen_interfaces/include/ramen_interfaces/ramen_interfaces/msg/detail/cooked_ramen__type_support.cpp
[0.451s] -- Up-to-date: /home/shiha/ros2_termproject/install/ramen_interfaces/include/ramen_interfaces/ramen_interfaces/msg/detail/cooked_ramen__rosidl_typesupport_introspection_cpp.hpp
[0.451s] -- Up-to-date: /home/shiha/ros2_termproject/install/ramen_interfaces/include/ramen_interfaces/ramen_interfaces/action
[0.451s] -- Up-to-date: /home/shiha/ros2_termproject/install/ramen_interfaces/include/ramen_interfaces/ramen_interfaces/action/detail
[0.451s] -- Up-to-date: /home/shiha/ros2_termproject/install/ramen_interfaces/include/ramen_interfaces/ramen_interfaces/action/detail/request_remake__rosidl_typesupport_introspection_cpp.hpp
[0.451s] -- Up-to-date: /home/shiha/ros2_termproject/install/ramen_interfaces/include/ramen_interfaces/ramen_interfaces/action/detail/request_remake__type_support.cpp
[0.451s] -- Up-to-date: /home/shiha/ros2_termproject/install/ramen_interfaces/include/ramen_interfaces/ramen_interfaces/action/detail/serve_ramen__rosidl_typesupport_introspection_cpp.hpp
[0.451s] -- Up-to-date: /home/shiha/ros2_termproject/install/ramen_interfaces/include/ramen_interfaces/ramen_interfaces/action/detail/serve_ramen__type_support.cpp
[0.451s] -- Up-to-date: /home/shiha/ros2_termproject/install/ramen_interfaces/lib/libramen_interfaces__rosidl_typesupport_introspection_cpp.so
[0.451s] -- Up-to-date: /home/shiha/ros2_termproject/install/ramen_interfaces/lib/libramen_interfaces__rosidl_typesupport_cpp.so
[0.452s] -- Up-to-date: /home/shiha/ros2_termproject/install/ramen_interfaces/share/ramen_interfaces/environment/pythonpath.sh
[0.452s] -- Up-to-date: /home/shiha/ros2_termproject/install/ramen_interfaces/share/ramen_interfaces/environment/pythonpath.dsv
[0.452s] -- Up-to-date: /home/shiha/ros2_termproject/install/ramen_interfaces/lib/python3.12/site-packages/ramen_interfaces-0.0.0-py3.12.egg-info
[0.452s] -- Installing: /home/shiha/ros2_termproject/install/ramen_interfaces/lib/python3.12/site-packages/ramen_interfaces-0.0.0-py3.12.egg-info/dependency_links.txt
[0.452s] -- Installing: /home/shiha/ros2_termproject/install/ramen_interfaces/lib/python3.12/site-packages/ramen_interfaces-0.0.0-py3.12.egg-info/SOURCES.txt
[0.452s] -- Installing: /home/shiha/ros2_termproject/install/ramen_interfaces/lib/python3.12/site-packages/ramen_interfaces-0.0.0-py3.12.egg-info/top_level.txt
[0.452s] -- Installing: /home/shiha/ros2_termproject/install/ramen_interfaces/lib/python3.12/site-packages/ramen_interfaces-0.0.0-py3.12.egg-info/PKG-INFO
[0.452s] -- Up-to-date: /home/shiha/ros2_termproject/install/ramen_interfaces/lib/python3.12/site-packages/ramen_interfaces
[0.452s] -- Up-to-date: /home/shiha/ros2_termproject/install/ramen_interfaces/lib/python3.12/site-packages/ramen_interfaces/msg
[0.452s] -- Up-to-date: /home/shiha/ros2_termproject/install/ramen_interfaces/lib/python3.12/site-packages/ramen_interfaces/msg/_cooked_ramen.py
[0.452s] -- Up-to-date: /home/shiha/ros2_termproject/install/ramen_interfaces/lib/python3.12/site-packages/ramen_interfaces/msg/_ramen_order_s.c
[0.453s] -- Up-to-date: /home/shiha/ros2_termproject/install/ramen_interfaces/lib/python3.12/site-packages/ramen_interfaces/msg/_cooked_ramen_s.c
[0.453s] -- Up-to-date: /home/shiha/ros2_termproject/install/ramen_interfaces/lib/python3.12/site-packages/ramen_interfaces/msg/__init__.py
[0.453s] -- Up-to-date: /home/shiha/ros2_termproject/install/ramen_interfaces/lib/python3.12/site-packages/ramen_interfaces/msg/_ramen_order.py
[0.453s] -- Up-to-date: /home/shiha/ros2_termproject/install/ramen_interfaces/lib/python3.12/site-packages/ramen_interfaces/ramen_interfaces_s__rosidl_typesupport_fastrtps_c.so
[0.453s] -- Up-to-date: /home/shiha/ros2_termproject/install/ramen_interfaces/lib/python3.12/site-packages/ramen_interfaces/_ramen_interfaces_s.ep.rosidl_typesupport_c.c
[0.453s] -- Up-to-date: /home/shiha/ros2_termproject/install/ramen_interfaces/lib/python3.12/site-packages/ramen_interfaces/ramen_interfaces_s__rosidl_typesupport_introspection_c.so
[0.453s] -- Up-to-date: /home/shiha/ros2_termproject/install/ramen_interfaces/lib/python3.12/site-packages/ramen_interfaces/_ramen_interfaces_s.ep.rosidl_typesupport_introspection_c.c
[0.453s] -- Up-to-date: /home/shiha/ros2_termproject/install/ramen_interfaces/lib/python3.12/site-packages/ramen_interfaces/action
[0.453s] -- Up-to-date: /home/shiha/ros2_termproject/install/ramen_interfaces/lib/python3.12/site-packages/ramen_interfaces/action/_serve_ramen.py
[0.453s] -- Up-to-date: /home/shiha/ros2_termproject/install/ramen_interfaces/lib/python3.12/site-packages/ramen_interfaces/action/_request_remake.py
[0.453s] -- Up-to-date: /home/shiha/ros2_termproject/install/ramen_interfaces/lib/python3.12/site-packages/ramen_interfaces/action/_request_remake_s.c
[0.453s] -- Up-to-date: /home/shiha/ros2_termproject/install/ramen_interfaces/lib/python3.12/site-packages/ramen_interfaces/action/__init__.py
[0.453s] -- Up-to-date: /home/shiha/ros2_termproject/install/ramen_interfaces/lib/python3.12/site-packages/ramen_interfaces/action/_serve_ramen_s.c
[0.453s] -- Up-to-date: /home/shiha/ros2_termproject/install/ramen_interfaces/lib/python3.12/site-packages/ramen_interfaces/__init__.py
[0.453s] -- Up-to-date: /home/shiha/ros2_termproject/install/ramen_interfaces/lib/python3.12/site-packages/ramen_interfaces/ramen_interfaces_s__rosidl_typesupport_c.so
[0.453s] -- Up-to-date: /home/shiha/ros2_termproject/install/ramen_interfaces/lib/python3.12/site-packages/ramen_interfaces/_ramen_interfaces_s.ep.rosidl_typesupport_fastrtps_c.c
[0.482s] Listing '/home/shiha/ros2_termproject/install/ramen_interfaces/lib/python3.12/site-packages/ramen_interfaces'...
[0.483s] Listing '/home/shiha/ros2_termproject/install/ramen_interfaces/lib/python3.12/site-packages/ramen_interfaces/action'...
[0.483s] Listing '/home/shiha/ros2_termproject/install/ramen_interfaces/lib/python3.12/site-packages/ramen_interfaces/msg'...
[0.488s] -- Up-to-date: /home/shiha/ros2_termproject/install/ramen_interfaces/lib/python3.12/site-packages/ramen_interfaces/ramen_interfaces_s__rosidl_typesupport_fastrtps_c.so
[0.489s] -- Up-to-date: /home/shiha/ros2_termproject/install/ramen_interfaces/lib/python3.12/site-packages/ramen_interfaces/ramen_interfaces_s__rosidl_typesupport_introspection_c.so
[0.491s] -- Up-to-date: /home/shiha/ros2_termproject/install/ramen_interfaces/lib/python3.12/site-packages/ramen_interfaces/ramen_interfaces_s__rosidl_typesupport_c.so
[0.491s] -- Up-to-date: /home/shiha/ros2_termproject/install/ramen_interfaces/lib/libramen_interfaces__rosidl_generator_py.so
[0.492s] -- Up-to-date: /home/shiha/ros2_termproject/install/ramen_interfaces/share/ramen_interfaces/msg/RamenOrder.idl
[0.492s] -- Up-to-date: /home/shiha/ros2_termproject/install/ramen_interfaces/share/ramen_interfaces/msg/CookedRamen.idl
[0.492s] -- Up-to-date: /home/shiha/ros2_termproject/install/ramen_interfaces/share/ramen_interfaces/action/ServeRamen.idl
[0.492s] -- Up-to-date: /home/shiha/ros2_termproject/install/ramen_interfaces/share/ramen_interfaces/action/RequestRemake.idl
[0.492s] -- Up-to-date: /home/shiha/ros2_termproject/install/ramen_interfaces/share/ramen_interfaces/msg/RamenOrder.msg
[0.492s] -- Up-to-date: /home/shiha/ros2_termproject/install/ramen_interfaces/share/ramen_interfaces/msg/CookedRamen.msg
[0.492s] -- Up-to-date: /home/shiha/ros2_termproject/install/ramen_interfaces/share/ramen_interfaces/action/ServeRamen.action
[0.492s] -- Up-to-date: /home/shiha/ros2_termproject/install/ramen_interfaces/share/ramen_interfaces/action/RequestRemake.action
[0.492s] -- Up-to-date: /home/shiha/ros2_termproject/install/ramen_interfaces/share/ament_index/resource_index/package_run_dependencies/ramen_interfaces
[0.492s] -- Up-to-date: /home/shiha/ros2_termproject/install/ramen_interfaces/share/ament_index/resource_index/parent_prefix_path/ramen_interfaces
[0.493s] -- Up-to-date: /home/shiha/ros2_termproject/install/ramen_interfaces/share/ramen_interfaces/environment/ament_prefix_path.sh
[0.493s] -- Up-to-date: /home/shiha/ros2_termproject/install/ramen_interfaces/share/ramen_interfaces/environment/ament_prefix_path.dsv
[0.493s] -- Up-to-date: /home/shiha/ros2_termproject/install/ramen_interfaces/share/ramen_interfaces/environment/path.sh
[0.493s] -- Up-to-date: /home/shiha/ros2_termproject/install/ramen_interfaces/share/ramen_interfaces/environment/path.dsv
[0.493s] -- Up-to-date: /home/shiha/ros2_termproject/install/ramen_interfaces/share/ramen_interfaces/local_setup.bash
[0.493s] -- Up-to-date: /home/shiha/ros2_termproject/install/ramen_interfaces/share/ramen_interfaces/local_setup.sh
[0.493s] -- Up-to-date: /home/shiha/ros2_termproject/install/ramen_interfaces/share/ramen_interfaces/local_setup.zsh
[0.493s] -- Up-to-date: /home/shiha/ros2_termproject/install/ramen_interfaces/share/ramen_interfaces/local_setup.dsv
[0.493s] -- Installing: /home/shiha/ros2_termproject/install/ramen_interfaces/share/ramen_interfaces/package.dsv
[0.493s] -- Up-to-date: /home/shiha/ros2_termproject/install/ramen_interfaces/share/ament_index/resource_index/packages/ramen_interfaces
[0.494s] -- Up-to-date: /home/shiha/ros2_termproject/install/ramen_interfaces/share/ramen_interfaces/cmake/export_ramen_interfaces__rosidl_generator_cExport.cmake
[0.494s] -- Up-to-date: /home/shiha/ros2_termproject/install/ramen_interfaces/share/ramen_interfaces/cmake/export_ramen_interfaces__rosidl_generator_cExport-noconfig.cmake
[0.494s] -- Up-to-date: /home/shiha/ros2_termproject/install/ramen_interfaces/share/ramen_interfaces/cmake/export_ramen_interfaces__rosidl_typesupport_fastrtps_cExport.cmake
[0.494s] -- Up-to-date: /home/shiha/ros2_termproject/install/ramen_interfaces/share/ramen_interfaces/cmake/export_ramen_interfaces__rosidl_typesupport_fastrtps_cExport-noconfig.cmake
[0.495s] -- Up-to-date: /home/shiha/ros2_termproject/install/ramen_interfaces/share/ramen_interfaces/cmake/ramen_interfaces__rosidl_typesupport_introspection_cExport.cmake
[0.495s] -- Up-to-date: /home/shiha/ros2_termproject/install/ramen_interfaces/share/ramen_interfaces/cmake/ramen_interfaces__rosidl_typesupport_introspection_cExport-noconfig.cmake
[0.496s] -- Up-to-date: /home/shiha/ros2_termproject/install/ramen_interfaces/share/ramen_interfaces/cmake/ramen_interfaces__rosidl_typesupport_cExport.cmake
[0.496s] -- Up-to-date: /home/shiha/ros2_termproject/install/ramen_interfaces/share/ramen_interfaces/cmake/ramen_interfaces__rosidl_typesupport_cExport-noconfig.cmake
[0.496s] -- Up-to-date: /home/shiha/ros2_termproject/install/ramen_interfaces/share/ramen_interfaces/cmake/export_ramen_interfaces__rosidl_generator_cppExport.cmake
[0.496s] -- Up-to-date: /home/shiha/ros2_termproject/install/ramen_interfaces/share/ramen_interfaces/cmake/export_ramen_interfaces__rosidl_typesupport_fastrtps_cppExport.cmake
[0.497s] -- Up-to-date: /home/shiha/ros2_termproject/install/ramen_interfaces/share/ramen_interfaces/cmake/export_ramen_interfaces__rosidl_typesupport_fastrtps_cppExport-noconfig.cmake
[0.497s] -- Up-to-date: /home/shiha/ros2_termproject/install/ramen_interfaces/share/ramen_interfaces/cmake/ramen_interfaces__rosidl_typesupport_introspection_cppExport.cmake
[0.497s] -- Up-to-date: /home/shiha/ros2_termproject/install/ramen_interfaces/share/ramen_interfaces/cmake/ramen_interfaces__rosidl_typesupport_introspection_cppExport-noconfig.cmake
[0.497s] -- Up-to-date: /home/shiha/ros2_termproject/install/ramen_interfaces/share/ramen_interfaces/cmake/ramen_interfaces__rosidl_typesupport_cppExport.cmake
[0.498s] -- Up-to-date: /home/shiha/ros2_termproject/install/ramen_interfaces/share/ramen_interfaces/cmake/ramen_interfaces__rosidl_typesupport_cppExport-noconfig.cmake
[0.498s] -- Up-to-date: /home/shiha/ros2_termproject/install/ramen_interfaces/share/ramen_interfaces/cmake/export_ramen_interfaces__rosidl_generator_pyExport.cmake
[0.498s] -- Up-to-date: /home/shiha/ros2_termproject/install/ramen_interfaces/share/ramen_interfaces/cmake/export_ramen_interfaces__rosidl_generator_pyExport-noconfig.cmake
[0.498s] -- Up-to-date: /home/shiha/ros2_termproject/install/ramen_interfaces/share/ramen_interfaces/cmake/rosidl_cmake-extras.cmake
[0.498s] -- Up-to-date: /home/shiha/ros2_termproject/install/ramen_interfaces/share/ramen_interfaces/cmake/ament_cmake_export_dependencies-extras.cmake
[0.498s] -- Up-to-date: /home/shiha/ros2_termproject/install/ramen_interfaces/share/ramen_interfaces/cmake/ament_cmake_export_include_directories-extras.cmake
[0.498s] -- Up-to-date: /home/shiha/ros2_termproject/install/ramen_interfaces/share/ramen_interfaces/cmake/ament_cmake_export_libraries-extras.cmake
[0.499s] -- Up-to-date: /home/shiha/ros2_termproject/install/ramen_interfaces/share/ramen_interfaces/cmake/ament_cmake_export_targets-extras.cmake
[0.499s] -- Up-to-date: /home/shiha/ros2_termproject/install/ramen_interfaces/share/ramen_interfaces/cmake/rosidl_cmake_export_typesupport_targets-extras.cmake
[0.499s] -- Up-to-date: /home/shiha/ros2_termproject/install/ramen_interfaces/share/ramen_interfaces/cmake/rosidl_cmake_export_typesupport_libraries-extras.cmake
[0.499s] -- Up-to-date: /home/shiha/ros2_termproject/install/ramen_interfaces/share/ramen_interfaces/cmake/ramen_interfacesConfig.cmake
[0.499s] -- Up-to-date: /home/shiha/ros2_termproject/install/ramen_interfaces/share/ramen_interfaces/cmake/ramen_interfacesConfig-version.cmake
[0.499s] -- Up-to-date: /home/shiha/ros2_termproject/install/ramen_interfaces/share/ramen_interfaces/package.xml
[0.501s] Invoked command in '/home/shiha/ros2_termproject/build/ramen_interfaces' returned '0': CMAKE_PREFIX_PATH=${CMAKE_PREFIX_PATH}:/home/shiha/ros2_termproject/install/ramen_table:/home/shiha/ros2_termproject/install/ramen_serving:/home/shiha/ros2_termproject/install/ramen_kitchen:/home/shiha/my_ws/install/using_my_custom_interface_package:/home/shiha/my_ws/install/time_sync:/home/shiha/my_ws/install/my_rclpy_package:/home/shiha/my_ws/install/learning_tf2:/home/shiha/my_ws/install/gz_demo:/opt/ros/jazzy /usr/bin/cmake --install /home/shiha/ros2_termproject/build/ramen_interfaces
