-- The C compiler identification is GNU 11.4.0
-- The CXX compiler identification is GNU 11.4.0
-- Detecting C compiler ABI info
-- Detecting C compiler ABI info - done
-- Check for working C compiler: /usr/bin/cc - skipped
-- Detecting C compile features
-- Detecting C compile features - done
-- Detecting CXX compiler ABI info
-- Detecting CXX compiler ABI info - done
-- Check for working CXX compiler: /usr/bin/c++ - skipped
-- Detecting CXX compile features
-- Detecting CXX compile features - done
-- Found ament_cmake: 1.3.12 (/opt/ros/humble/share/ament_cmake/cmake)
-- Found Python3: /usr/bin/python3 (found version "3.10.12") found components: Interpreter 
-- Found rosidl_default_generators: 1.2.0 (/opt/ros/humble/share/rosidl_default_generators/cmake)
-- Using all available rosidl_typesupport_c: rosidl_typesupport_fastrtps_c;rosidl_typesupport_introspection_c
-- Found rosidl_adapter: 3.1.7 (/opt/ros/humble/share/rosidl_adapter/cmake)
-- Using all available rosidl_typesupport_cpp: rosidl_typesupport_fastrtps_cpp;rosidl_typesupport_introspection_cpp
-- Found action_msgs: 1.2.2 (/opt/ros/humble/share/action_msgs/cmake)
-- Found ament_cmake_ros: 0.10.0 (/opt/ros/humble/share/ament_cmake_ros/cmake)
-- Using all available rosidl_typesupport_c: rosidl_typesupport_fastrtps_c;rosidl_typesupport_introspection_c
-- Using all available rosidl_typesupport_cpp: rosidl_typesupport_fastrtps_cpp;rosidl_typesupport_introspection_cpp
-- Found PythonInterp: /usr/bin/python3 (found suitable version "3.10.12", minimum required is "3.6") 
-- Found python_cmake_module: 0.10.0 (/opt/ros/humble/share/python_cmake_module/cmake)
-- Found PythonLibs: /usr/lib/x86_64-linux-gnu/libpython3.10.so (found suitable version "3.10.12", minimum required is "3.5") 
-- Using PYTHON_EXECUTABLE: /usr/bin/python3
-- Using PYTHON_INCLUDE_DIRS: /usr/include/python3.10
-- Using PYTHON_LIBRARIES: /usr/lib/x86_64-linux-gnu/libpython3.10.so
-- Found PythonExtra: .so  
-- Found ament_lint_auto: 0.12.14 (/opt/ros/humble/share/ament_lint_auto/cmake)
-- Added test 'copyright' to check source files copyright and LICENSE
-- Added test 'lint_cmake' to check CMake code style
-- Added test 'xmllint' to check XML markup files
-- Configuring done
-- Generating done
-- Build files have been written to: /home/you/ros2_term/build/ramen_interfaces
[  1%] [34m[1mGenerating C code for ROS interfaces[0m
[  3%] [34m[1mGenerating C++ code for ROS interfaces[0m
[  3%] Built target ament_cmake_python_copy_ramen_interfaces
running egg_info
creating ramen_interfaces.egg-info
writing ramen_interfaces.egg-info/PKG-INFO
writing dependency_links to ramen_interfaces.egg-info/dependency_links.txt
writing top-level names to ramen_interfaces.egg-info/top_level.txt
writing manifest file 'ramen_interfaces.egg-info/SOURCES.txt'
reading manifest file 'ramen_interfaces.egg-info/SOURCES.txt'
writing manifest file 'ramen_interfaces.egg-info/SOURCES.txt'
[  3%] Built target ament_cmake_python_build_ramen_interfaces_egg
[  3%] Built target ramen_interfaces__cpp
[  5%] [34m[1mGenerating C++ type support dispatch for ROS interfaces[0m
[  7%] [34m[1mGenerating C++ type support for eProsima Fast-RTPS[0m
[  9%] [34m[1mGenerating C++ introspection for ROS interfaces[0m
[ 10%] [32mBuilding C object CMakeFiles/ramen_interfaces__rosidl_generator_c.dir/rosidl_generator_c/ramen_interfaces/msg/detail/ramen_order__functions.c.o[0m
[ 12%] [32mBuilding C object CMakeFiles/ramen_interfaces__rosidl_generator_c.dir/rosidl_generator_c/ramen_interfaces/msg/detail/cooked_ramen__functions.c.o[0m
[ 14%] [32mBuilding C object CMakeFiles/ramen_interfaces__rosidl_generator_c.dir/rosidl_generator_c/ramen_interfaces/action/detail/serve_ramen__functions.c.o[0m
[ 16%] [32mBuilding C object CMakeFiles/ramen_interfaces__rosidl_generator_c.dir/rosidl_generator_c/ramen_interfaces/action/detail/request_remake__functions.c.o[0m
[ 18%] [32m[1mLinking C shared library libramen_interfaces__rosidl_generator_c.so[0m
[ 18%] Built target ramen_interfaces__rosidl_generator_c
[ 20%] [34m[1mGenerating C type support for eProsima Fast-RTPS[0m
[ 21%] [32mBuilding CXX object CMakeFiles/ramen_interfaces__rosidl_typesupport_cpp.dir/rosidl_typesupport_cpp/ramen_interfaces/msg/ramen_order__type_support.cpp.o[0m
[ 23%] [32mBuilding CXX object CMakeFiles/ramen_interfaces__rosidl_typesupport_introspection_cpp.dir/rosidl_typesupport_introspection_cpp/ramen_interfaces/msg/detail/ramen_order__type_support.cpp.o[0m
[ 25%] [32mBuilding CXX object CMakeFiles/ramen_interfaces__rosidl_typesupport_fastrtps_cpp.dir/rosidl_typesupport_fastrtps_cpp/ramen_interfaces/msg/detail/dds_fastrtps/ramen_order__type_support.cpp.o[0m
[ 27%] [32mBuilding CXX object CMakeFiles/ramen_interfaces__rosidl_typesupport_cpp.dir/rosidl_typesupport_cpp/ramen_interfaces/msg/cooked_ramen__type_support.cpp.o[0m
[ 29%] [32mBuilding CXX object CMakeFiles/ramen_interfaces__rosidl_typesupport_cpp.dir/rosidl_typesupport_cpp/ramen_interfaces/action/serve_ramen__type_support.cpp.o[0m
[ 30%] [32mBuilding CXX object CMakeFiles/ramen_interfaces__rosidl_typesupport_introspection_cpp.dir/rosidl_typesupport_introspection_cpp/ramen_interfaces/msg/detail/cooked_ramen__type_support.cpp.o[0m
[ 32%] [32mBuilding CXX object CMakeFiles/ramen_interfaces__rosidl_typesupport_fastrtps_c.dir/rosidl_typesupport_fastrtps_c/ramen_interfaces/msg/detail/ramen_order__type_support_c.cpp.o[0m
[ 34%] [32mBuilding CXX object CMakeFiles/ramen_interfaces__rosidl_typesupport_fastrtps_cpp.dir/rosidl_typesupport_fastrtps_cpp/ramen_interfaces/msg/detail/dds_fastrtps/cooked_ramen__type_support.cpp.o[0m
[ 36%] [32mBuilding CXX object CMakeFiles/ramen_interfaces__rosidl_typesupport_introspection_cpp.dir/rosidl_typesupport_introspection_cpp/ramen_interfaces/action/detail/serve_ramen__type_support.cpp.o[0m
[ 38%] [32mBuilding CXX object CMakeFiles/ramen_interfaces__rosidl_typesupport_fastrtps_c.dir/rosidl_typesupport_fastrtps_c/ramen_interfaces/msg/detail/cooked_ramen__type_support_c.cpp.o[0m
[ 40%] [32mBuilding CXX object CMakeFiles/ramen_interfaces__rosidl_typesupport_cpp.dir/rosidl_typesupport_cpp/ramen_interfaces/action/request_remake__type_support.cpp.o[0m
[ 41%] [32mBuilding CXX object CMakeFiles/ramen_interfaces__rosidl_typesupport_fastrtps_cpp.dir/rosidl_typesupport_fastrtps_cpp/ramen_interfaces/action/detail/dds_fastrtps/serve_ramen__type_support.cpp.o[0m
[ 43%] [32mBuilding CXX object CMakeFiles/ramen_interfaces__rosidl_typesupport_fastrtps_c.dir/rosidl_typesupport_fastrtps_c/ramen_interfaces/action/detail/serve_ramen__type_support_c.cpp.o[0m
[ 45%] [32m[1mLinking CXX shared library libramen_interfaces__rosidl_typesupport_cpp.so[0m
[ 45%] Built target ramen_interfaces__rosidl_typesupport_cpp
[ 47%] [32mBuilding CXX object CMakeFiles/ramen_interfaces__rosidl_typesupport_fastrtps_c.dir/rosidl_typesupport_fastrtps_c/ramen_interfaces/action/detail/request_remake__type_support_c.cpp.o[0m
[ 49%] [32mBuilding CXX object CMakeFiles/ramen_interfaces__rosidl_typesupport_introspection_cpp.dir/rosidl_typesupport_introspection_cpp/ramen_interfaces/action/detail/request_remake__type_support.cpp.o[0m
[ 50%] [32mBuilding CXX object CMakeFiles/ramen_interfaces__rosidl_typesupport_fastrtps_cpp.dir/rosidl_typesupport_fastrtps_cpp/ramen_interfaces/action/detail/dds_fastrtps/request_remake__type_support.cpp.o[0m
[ 52%] [34m[1mGenerating C introspection for ROS interfaces[0m
[ 54%] [32m[1mLinking CXX shared library libramen_interfaces__rosidl_typesupport_fastrtps_c.so[0m
[ 54%] Built target ramen_interfaces__rosidl_typesupport_fastrtps_c
[ 56%] [34m[1mGenerating C type support dispatch for ROS interfaces[0m
[ 58%] [32m[1mLinking CXX shared library libramen_interfaces__rosidl_typesupport_introspection_cpp.so[0m
[ 58%] Built target ramen_interfaces__rosidl_typesupport_introspection_cpp
[ 60%] [32m[1mLinking CXX shared library libramen_interfaces__rosidl_typesupport_fastrtps_cpp.so[0m
[ 60%] Built target ramen_interfaces__rosidl_typesupport_fastrtps_cpp
[ 65%] [32mBuilding C object CMakeFiles/ramen_interfaces__rosidl_typesupport_introspection_c.dir/rosidl_typesupport_introspection_c/ramen_interfaces/msg/detail/cooked_ramen__type_support.c.o[0m
[ 65%] [32mBuilding C object CMakeFiles/ramen_interfaces__rosidl_typesupport_introspection_c.dir/rosidl_typesupport_introspection_c/ramen_interfaces/msg/detail/ramen_order__type_support.c.o[0m
[ 65%] [32mBuilding C object CMakeFiles/ramen_interfaces__rosidl_typesupport_introspection_c.dir/rosidl_typesupport_introspection_c/ramen_interfaces/action/detail/serve_ramen__type_support.c.o[0m
[ 67%] [32mBuilding C object CMakeFiles/ramen_interfaces__rosidl_typesupport_introspection_c.dir/rosidl_typesupport_introspection_c/ramen_interfaces/action/detail/request_remake__type_support.c.o[0m
[ 69%] [32m[1mLinking C shared library libramen_interfaces__rosidl_typesupport_introspection_c.so[0m
[ 69%] Built target ramen_interfaces__rosidl_typesupport_introspection_c
[ 70%] [32mBuilding CXX object CMakeFiles/ramen_interfaces__rosidl_typesupport_c.dir/rosidl_typesupport_c/ramen_interfaces/msg/cooked_ramen__type_support.cpp.o[0m
[ 74%] [32mBuilding CXX object CMakeFiles/ramen_interfaces__rosidl_typesupport_c.dir/rosidl_typesupport_c/ramen_interfaces/action/serve_ramen__type_support.cpp.o[0m
[ 74%] [32mBuilding CXX object CMakeFiles/ramen_interfaces__rosidl_typesupport_c.dir/rosidl_typesupport_c/ramen_interfaces/action/request_remake__type_support.cpp.o[0m
[ 76%] [32mBuilding CXX object CMakeFiles/ramen_interfaces__rosidl_typesupport_c.dir/rosidl_typesupport_c/ramen_interfaces/msg/ramen_order__type_support.cpp.o[0m
[ 78%] [32m[1mLinking CXX shared library libramen_interfaces__rosidl_typesupport_c.so[0m
[ 78%] Built target ramen_interfaces__rosidl_typesupport_c
[ 78%] Built target ramen_interfaces
[ 80%] [34m[1mGenerating Python code for ROS interfaces[0m
[ 80%] Built target ramen_interfaces__py
[ 81%] [32mBuilding C object CMakeFiles/ramen_interfaces__rosidl_generator_py.dir/rosidl_generator_py/ramen_interfaces/action/_serve_ramen_s.c.o[0m
[ 85%] [32mBuilding C object CMakeFiles/ramen_interfaces__rosidl_generator_py.dir/rosidl_generator_py/ramen_interfaces/msg/_ramen_order_s.c.o[0m
[ 85%] [32mBuilding C object CMakeFiles/ramen_interfaces__rosidl_generator_py.dir/rosidl_generator_py/ramen_interfaces/msg/_cooked_ramen_s.c.o[0m
[ 87%] [32mBuilding C object CMakeFiles/ramen_interfaces__rosidl_generator_py.dir/rosidl_generator_py/ramen_interfaces/action/_request_remake_s.c.o[0m
[ 89%] [32m[1mLinking C shared library rosidl_generator_py/ramen_interfaces/libramen_interfaces__rosidl_generator_py.so[0m
[ 89%] Built target ramen_interfaces__rosidl_generator_py
[ 90%] [32mBuilding C object CMakeFiles/ramen_interfaces__rosidl_typesupport_fastrtps_c__pyext.dir/rosidl_generator_py/ramen_interfaces/_ramen_interfaces_s.ep.rosidl_typesupport_fastrtps_c.c.o[0m
[ 92%] [32mBuilding C object CMakeFiles/ramen_interfaces__rosidl_typesupport_introspection_c__pyext.dir/rosidl_generator_py/ramen_interfaces/_ramen_interfaces_s.ep.rosidl_typesupport_introspection_c.c.o[0m
[ 94%] [32mBuilding C object CMakeFiles/ramen_interfaces__rosidl_typesupport_c__pyext.dir/rosidl_generator_py/ramen_interfaces/_ramen_interfaces_s.ep.rosidl_typesupport_c.c.o[0m
[ 96%] [32m[1mLinking C shared library rosidl_generator_py/ramen_interfaces/ramen_interfaces_s__rosidl_typesupport_fastrtps_c.cpython-310-x86_64-linux-gnu.so[0m
[ 96%] Built target ramen_interfaces__rosidl_typesupport_fastrtps_c__pyext
[ 98%] [32m[1mLinking C shared library rosidl_generator_py/ramen_interfaces/ramen_interfaces_s__rosidl_typesupport_introspection_c.cpython-310-x86_64-linux-gnu.so[0m
[100%] [32m[1mLinking C shared library rosidl_generator_py/ramen_interfaces/ramen_interfaces_s__rosidl_typesupport_c.cpython-310-x86_64-linux-gnu.so[0m
[100%] Built target ramen_interfaces__rosidl_typesupport_introspection_c__pyext
[100%] Built target ramen_interfaces__rosidl_typesupport_c__pyext
-- Install configuration: ""
-- Installing: /home/you/ros2_term/install/ramen_interfaces/share/ament_index/resource_index/rosidl_interfaces/ramen_interfaces
-- Installing: /home/you/ros2_term/install/ramen_interfaces/include/ramen_interfaces/ramen_interfaces
-- Installing: /home/you/ros2_term/install/ramen_interfaces/include/ramen_interfaces/ramen_interfaces/action
-- Installing: /home/you/ros2_term/install/ramen_interfaces/include/ramen_interfaces/ramen_interfaces/action/serve_ramen.h
-- Installing: /home/you/ros2_term/install/ramen_interfaces/include/ramen_interfaces/ramen_interfaces/action/request_remake.h
-- Installing: /home/you/ros2_term/install/ramen_interfaces/include/ramen_interfaces/ramen_interfaces/action/detail
-- Installing: /home/you/ros2_term/install/ramen_interfaces/include/ramen_interfaces/ramen_interfaces/action/detail/serve_ramen__functions.h
-- Installing: /home/you/ros2_term/install/ramen_interfaces/include/ramen_interfaces/ramen_interfaces/action/detail/serve_ramen__functions.c
-- Installing: /home/you/ros2_term/install/ramen_interfaces/include/ramen_interfaces/ramen_interfaces/action/detail/request_remake__functions.c
-- Installing: /home/you/ros2_term/install/ramen_interfaces/include/ramen_interfaces/ramen_interfaces/action/detail/serve_ramen__struct.h
-- Installing: /home/you/ros2_term/install/ramen_interfaces/include/ramen_interfaces/ramen_interfaces/action/detail/request_remake__functions.h
-- Installing: /home/you/ros2_term/install/ramen_interfaces/include/ramen_interfaces/ramen_interfaces/action/detail/request_remake__struct.h
-- Installing: /home/you/ros2_term/install/ramen_interfaces/include/ramen_interfaces/ramen_interfaces/action/detail/request_remake__type_support.h
-- Installing: /home/you/ros2_term/install/ramen_interfaces/include/ramen_interfaces/ramen_interfaces/action/detail/serve_ramen__type_support.h
-- Installing: /home/you/ros2_term/install/ramen_interfaces/include/ramen_interfaces/ramen_interfaces/msg
-- Installing: /home/you/ros2_term/install/ramen_interfaces/include/ramen_interfaces/ramen_interfaces/msg/cooked_ramen.h
-- Installing: /home/you/ros2_term/install/ramen_interfaces/include/ramen_interfaces/ramen_interfaces/msg/detail
-- Installing: /home/you/ros2_term/install/ramen_interfaces/include/ramen_interfaces/ramen_interfaces/msg/detail/cooked_ramen__functions.c
-- Installing: /home/you/ros2_term/install/ramen_interfaces/include/ramen_interfaces/ramen_interfaces/msg/detail/ramen_order__functions.h
-- Installing: /home/you/ros2_term/install/ramen_interfaces/include/ramen_interfaces/ramen_interfaces/msg/detail/ramen_order__type_support.h
-- Installing: /home/you/ros2_term/install/ramen_interfaces/include/ramen_interfaces/ramen_interfaces/msg/detail/cooked_ramen__type_support.h
-- Installing: /home/you/ros2_term/install/ramen_interfaces/include/ramen_interfaces/ramen_interfaces/msg/detail/ramen_order__functions.c
-- Installing: /home/you/ros2_term/install/ramen_interfaces/include/ramen_interfaces/ramen_interfaces/msg/detail/ramen_order__struct.h
-- Installing: /home/you/ros2_term/install/ramen_interfaces/include/ramen_interfaces/ramen_interfaces/msg/detail/cooked_ramen__struct.h
-- Installing: /home/you/ros2_term/install/ramen_interfaces/include/ramen_interfaces/ramen_interfaces/msg/detail/cooked_ramen__functions.h
-- Installing: /home/you/ros2_term/install/ramen_interfaces/include/ramen_interfaces/ramen_interfaces/msg/ramen_order.h
-- Installing: /home/you/ros2_term/install/ramen_interfaces/include/ramen_interfaces/ramen_interfaces/msg/rosidl_generator_c__visibility_control.h
-- Installing: /home/you/ros2_term/install/ramen_interfaces/share/ramen_interfaces/environment/library_path.sh
-- Installing: /home/you/ros2_term/install/ramen_interfaces/share/ramen_interfaces/environment/library_path.dsv
-- Installing: /home/you/ros2_term/install/ramen_interfaces/lib/libramen_interfaces__rosidl_generator_c.so
-- Set runtime path of "/home/you/ros2_term/install/ramen_interfaces/lib/libramen_interfaces__rosidl_generator_c.so" to ""
-- Up-to-date: /home/you/ros2_term/install/ramen_interfaces/include/ramen_interfaces/ramen_interfaces
-- Up-to-date: /home/you/ros2_term/install/ramen_interfaces/include/ramen_interfaces/ramen_interfaces/action
-- Up-to-date: /home/you/ros2_term/install/ramen_interfaces/include/ramen_interfaces/ramen_interfaces/action/detail
-- Installing: /home/you/ros2_term/install/ramen_interfaces/include/ramen_interfaces/ramen_interfaces/action/detail/request_remake__rosidl_typesupport_fastrtps_c.h
-- Installing: /home/you/ros2_term/install/ramen_interfaces/include/ramen_interfaces/ramen_interfaces/action/detail/serve_ramen__rosidl_typesupport_fastrtps_c.h
-- Up-to-date: /home/you/ros2_term/install/ramen_interfaces/include/ramen_interfaces/ramen_interfaces/msg
-- Up-to-date: /home/you/ros2_term/install/ramen_interfaces/include/ramen_interfaces/ramen_interfaces/msg/detail
-- Installing: /home/you/ros2_term/install/ramen_interfaces/include/ramen_interfaces/ramen_interfaces/msg/detail/ramen_order__rosidl_typesupport_fastrtps_c.h
-- Installing: /home/you/ros2_term/install/ramen_interfaces/include/ramen_interfaces/ramen_interfaces/msg/detail/cooked_ramen__rosidl_typesupport_fastrtps_c.h
-- Installing: /home/you/ros2_term/install/ramen_interfaces/include/ramen_interfaces/ramen_interfaces/msg/rosidl_typesupport_fastrtps_c__visibility_control.h
-- Installing: /home/you/ros2_term/install/ramen_interfaces/lib/libramen_interfaces__rosidl_typesupport_fastrtps_c.so
-- Set runtime path of "/home/you/ros2_term/install/ramen_interfaces/lib/libramen_interfaces__rosidl_typesupport_fastrtps_c.so" to ""
-- Up-to-date: /home/you/ros2_term/install/ramen_interfaces/include/ramen_interfaces/ramen_interfaces
-- Up-to-date: /home/you/ros2_term/install/ramen_interfaces/include/ramen_interfaces/ramen_interfaces/action
-- Up-to-date: /home/you/ros2_term/install/ramen_interfaces/include/ramen_interfaces/ramen_interfaces/action/detail
-- Installing: /home/you/ros2_term/install/ramen_interfaces/include/ramen_interfaces/ramen_interfaces/action/detail/serve_ramen__rosidl_typesupport_introspection_c.h
-- Installing: /home/you/ros2_term/install/ramen_interfaces/include/ramen_interfaces/ramen_interfaces/action/detail/request_remake__rosidl_typesupport_introspection_c.h
-- Installing: /home/you/ros2_term/install/ramen_interfaces/include/ramen_interfaces/ramen_interfaces/action/detail/serve_ramen__type_support.c
-- Installing: /home/you/ros2_term/install/ramen_interfaces/include/ramen_interfaces/ramen_interfaces/action/detail/request_remake__type_support.c
-- Up-to-date: /home/you/ros2_term/install/ramen_interfaces/include/ramen_interfaces/ramen_interfaces/msg
-- Installing: /home/you/ros2_term/install/ramen_interfaces/include/ramen_interfaces/ramen_interfaces/msg/rosidl_typesupport_introspection_c__visibility_control.h
-- Up-to-date: /home/you/ros2_term/install/ramen_interfaces/include/ramen_interfaces/ramen_interfaces/msg/detail
-- Installing: /home/you/ros2_term/install/ramen_interfaces/include/ramen_interfaces/ramen_interfaces/msg/detail/cooked_ramen__rosidl_typesupport_introspection_c.h
-- Installing: /home/you/ros2_term/install/ramen_interfaces/include/ramen_interfaces/ramen_interfaces/msg/detail/cooked_ramen__type_support.c
-- Installing: /home/you/ros2_term/install/ramen_interfaces/include/ramen_interfaces/ramen_interfaces/msg/detail/ramen_order__rosidl_typesupport_introspection_c.h
-- Installing: /home/you/ros2_term/install/ramen_interfaces/include/ramen_interfaces/ramen_interfaces/msg/detail/ramen_order__type_support.c
-- Installing: /home/you/ros2_term/install/ramen_interfaces/lib/libramen_interfaces__rosidl_typesupport_introspection_c.so
-- Set runtime path of "/home/you/ros2_term/install/ramen_interfaces/lib/libramen_interfaces__rosidl_typesupport_introspection_c.so" to ""
-- Installing: /home/you/ros2_term/install/ramen_interfaces/lib/libramen_interfaces__rosidl_typesupport_c.so
-- Set runtime path of "/home/you/ros2_term/install/ramen_interfaces/lib/libramen_interfaces__rosidl_typesupport_c.so" to ""
-- Up-to-date: /home/you/ros2_term/install/ramen_interfaces/include/ramen_interfaces/ramen_interfaces
-- Up-to-date: /home/you/ros2_term/install/ramen_interfaces/include/ramen_interfaces/ramen_interfaces/action
-- Installing: /home/you/ros2_term/install/ramen_interfaces/include/ramen_interfaces/ramen_interfaces/action/request_remake.hpp
-- Installing: /home/you/ros2_term/install/ramen_interfaces/include/ramen_interfaces/ramen_interfaces/action/serve_ramen.hpp
-- Up-to-date: /home/you/ros2_term/install/ramen_interfaces/include/ramen_interfaces/ramen_interfaces/action/detail
-- Installing: /home/you/ros2_term/install/ramen_interfaces/include/ramen_interfaces/ramen_interfaces/action/detail/request_remake__traits.hpp
-- Installing: /home/you/ros2_term/install/ramen_interfaces/include/ramen_interfaces/ramen_interfaces/action/detail/serve_ramen__traits.hpp
-- Installing: /home/you/ros2_term/install/ramen_interfaces/include/ramen_interfaces/ramen_interfaces/action/detail/request_remake__struct.hpp
-- Installing: /home/you/ros2_term/install/ramen_interfaces/include/ramen_interfaces/ramen_interfaces/action/detail/serve_ramen__builder.hpp
-- Installing: /home/you/ros2_term/install/ramen_interfaces/include/ramen_interfaces/ramen_interfaces/action/detail/serve_ramen__type_support.hpp
-- Installing: /home/you/ros2_term/install/ramen_interfaces/include/ramen_interfaces/ramen_interfaces/action/detail/serve_ramen__struct.hpp
-- Installing: /home/you/ros2_term/install/ramen_interfaces/include/ramen_interfaces/ramen_interfaces/action/detail/request_remake__builder.hpp
-- Installing: /home/you/ros2_term/install/ramen_interfaces/include/ramen_interfaces/ramen_interfaces/action/detail/request_remake__type_support.hpp
-- Up-to-date: /home/you/ros2_term/install/ramen_interfaces/include/ramen_interfaces/ramen_interfaces/msg
-- Installing: /home/you/ros2_term/install/ramen_interfaces/include/ramen_interfaces/ramen_interfaces/msg/ramen_order.hpp
-- Installing: /home/you/ros2_term/install/ramen_interfaces/include/ramen_interfaces/ramen_interfaces/msg/rosidl_generator_cpp__visibility_control.hpp
-- Installing: /home/you/ros2_term/install/ramen_interfaces/include/ramen_interfaces/ramen_interfaces/msg/cooked_ramen.hpp
-- Up-to-date: /home/you/ros2_term/install/ramen_interfaces/include/ramen_interfaces/ramen_interfaces/msg/detail
-- Installing: /home/you/ros2_term/install/ramen_interfaces/include/ramen_interfaces/ramen_interfaces/msg/detail/ramen_order__traits.hpp
-- Installing: /home/you/ros2_term/install/ramen_interfaces/include/ramen_interfaces/ramen_interfaces/msg/detail/ramen_order__builder.hpp
-- Installing: /home/you/ros2_term/install/ramen_interfaces/include/ramen_interfaces/ramen_interfaces/msg/detail/cooked_ramen__struct.hpp
-- Installing: /home/you/ros2_term/install/ramen_interfaces/include/ramen_interfaces/ramen_interfaces/msg/detail/ramen_order__type_support.hpp
-- Installing: /home/you/ros2_term/install/ramen_interfaces/include/ramen_interfaces/ramen_interfaces/msg/detail/cooked_ramen__type_support.hpp
-- Installing: /home/you/ros2_term/install/ramen_interfaces/include/ramen_interfaces/ramen_interfaces/msg/detail/cooked_ramen__builder.hpp
-- Installing: /home/you/ros2_term/install/ramen_interfaces/include/ramen_interfaces/ramen_interfaces/msg/detail/ramen_order__struct.hpp
-- Installing: /home/you/ros2_term/install/ramen_interfaces/include/ramen_interfaces/ramen_interfaces/msg/detail/cooked_ramen__traits.hpp
-- Up-to-date: /home/you/ros2_term/install/ramen_interfaces/include/ramen_interfaces/ramen_interfaces
-- Up-to-date: /home/you/ros2_term/install/ramen_interfaces/include/ramen_interfaces/ramen_interfaces/action
-- Up-to-date: /home/you/ros2_term/install/ramen_interfaces/include/ramen_interfaces/ramen_interfaces/action/detail
-- Installing: /home/you/ros2_term/install/ramen_interfaces/include/ramen_interfaces/ramen_interfaces/action/detail/dds_fastrtps
-- Installing: /home/you/ros2_term/install/ramen_interfaces/include/ramen_interfaces/ramen_interfaces/action/detail/request_remake__rosidl_typesupport_fastrtps_cpp.hpp
-- Installing: /home/you/ros2_term/install/ramen_interfaces/include/ramen_interfaces/ramen_interfaces/action/detail/serve_ramen__rosidl_typesupport_fastrtps_cpp.hpp
-- Up-to-date: /home/you/ros2_term/install/ramen_interfaces/include/ramen_interfaces/ramen_interfaces/msg
-- Installing: /home/you/ros2_term/install/ramen_interfaces/include/ramen_interfaces/ramen_interfaces/msg/rosidl_typesupport_fastrtps_cpp__visibility_control.h
-- Up-to-date: /home/you/ros2_term/install/ramen_interfaces/include/ramen_interfaces/ramen_interfaces/msg/detail
-- Installing: /home/you/ros2_term/install/ramen_interfaces/include/ramen_interfaces/ramen_interfaces/msg/detail/cooked_ramen__rosidl_typesupport_fastrtps_cpp.hpp
-- Installing: /home/you/ros2_term/install/ramen_interfaces/include/ramen_interfaces/ramen_interfaces/msg/detail/dds_fastrtps
-- Installing: /home/you/ros2_term/install/ramen_interfaces/include/ramen_interfaces/ramen_interfaces/msg/detail/ramen_order__rosidl_typesupport_fastrtps_cpp.hpp
-- Installing: /home/you/ros2_term/install/ramen_interfaces/lib/libramen_interfaces__rosidl_typesupport_fastrtps_cpp.so
-- Set runtime path of "/home/you/ros2_term/install/ramen_interfaces/lib/libramen_interfaces__rosidl_typesupport_fastrtps_cpp.so" to ""
-- Up-to-date: /home/you/ros2_term/install/ramen_interfaces/include/ramen_interfaces/ramen_interfaces
-- Up-to-date: /home/you/ros2_term/install/ramen_interfaces/include/ramen_interfaces/ramen_interfaces/action
-- Up-to-date: /home/you/ros2_term/install/ramen_interfaces/include/ramen_interfaces/ramen_interfaces/action/detail
-- Installing: /home/you/ros2_term/install/ramen_interfaces/include/ramen_interfaces/ramen_interfaces/action/detail/serve_ramen__type_support.cpp
-- Installing: /home/you/ros2_term/install/ramen_interfaces/include/ramen_interfaces/ramen_interfaces/action/detail/serve_ramen__rosidl_typesupport_introspection_cpp.hpp
-- Installing: /home/you/ros2_term/install/ramen_interfaces/include/ramen_interfaces/ramen_interfaces/action/detail/request_remake__rosidl_typesupport_introspection_cpp.hpp
-- Installing: /home/you/ros2_term/install/ramen_interfaces/include/ramen_interfaces/ramen_interfaces/action/detail/request_remake__type_support.cpp
-- Up-to-date: /home/you/ros2_term/install/ramen_interfaces/include/ramen_interfaces/ramen_interfaces/msg
-- Up-to-date: /home/you/ros2_term/install/ramen_interfaces/include/ramen_interfaces/ramen_interfaces/msg/detail
-- Installing: /home/you/ros2_term/install/ramen_interfaces/include/ramen_interfaces/ramen_interfaces/msg/detail/cooked_ramen__rosidl_typesupport_introspection_cpp.hpp
-- Installing: /home/you/ros2_term/install/ramen_interfaces/include/ramen_interfaces/ramen_interfaces/msg/detail/ramen_order__type_support.cpp
-- Installing: /home/you/ros2_term/install/ramen_interfaces/include/ramen_interfaces/ramen_interfaces/msg/detail/cooked_ramen__type_support.cpp
-- Installing: /home/you/ros2_term/install/ramen_interfaces/include/ramen_interfaces/ramen_interfaces/msg/detail/ramen_order__rosidl_typesupport_introspection_cpp.hpp
-- Installing: /home/you/ros2_term/install/ramen_interfaces/lib/libramen_interfaces__rosidl_typesupport_introspection_cpp.so
-- Set runtime path of "/home/you/ros2_term/install/ramen_interfaces/lib/libramen_interfaces__rosidl_typesupport_introspection_cpp.so" to ""
-- Installing: /home/you/ros2_term/install/ramen_interfaces/lib/libramen_interfaces__rosidl_typesupport_cpp.so
-- Set runtime path of "/home/you/ros2_term/install/ramen_interfaces/lib/libramen_interfaces__rosidl_typesupport_cpp.so" to ""
-- Installing: /home/you/ros2_term/install/ramen_interfaces/share/ramen_interfaces/environment/pythonpath.sh
-- Installing: /home/you/ros2_term/install/ramen_interfaces/share/ramen_interfaces/environment/pythonpath.dsv
-- Installing: /home/you/ros2_term/install/ramen_interfaces/local/lib/python3.10/dist-packages/ramen_interfaces-0.0.0-py3.10.egg-info
-- Installing: /home/you/ros2_term/install/ramen_interfaces/local/lib/python3.10/dist-packages/ramen_interfaces-0.0.0-py3.10.egg-info/PKG-INFO
-- Installing: /home/you/ros2_term/install/ramen_interfaces/local/lib/python3.10/dist-packages/ramen_interfaces-0.0.0-py3.10.egg-info/dependency_links.txt
-- Installing: /home/you/ros2_term/install/ramen_interfaces/local/lib/python3.10/dist-packages/ramen_interfaces-0.0.0-py3.10.egg-info/SOURCES.txt
-- Installing: /home/you/ros2_term/install/ramen_interfaces/local/lib/python3.10/dist-packages/ramen_interfaces-0.0.0-py3.10.egg-info/top_level.txt
-- Installing: /home/you/ros2_term/install/ramen_interfaces/local/lib/python3.10/dist-packages/ramen_interfaces
-- Installing: /home/you/ros2_term/install/ramen_interfaces/local/lib/python3.10/dist-packages/ramen_interfaces/_ramen_interfaces_s.ep.rosidl_typesupport_fastrtps_c.c
-- Installing: /home/you/ros2_term/install/ramen_interfaces/local/lib/python3.10/dist-packages/ramen_interfaces/_ramen_interfaces_s.ep.rosidl_typesupport_introspection_c.c
-- Installing: /home/you/ros2_term/install/ramen_interfaces/local/lib/python3.10/dist-packages/ramen_interfaces/__init__.py
-- Installing: /home/you/ros2_term/install/ramen_interfaces/local/lib/python3.10/dist-packages/ramen_interfaces/ramen_interfaces_s__rosidl_typesupport_fastrtps_c.cpython-310-x86_64-linux-gnu.so
-- Installing: /home/you/ros2_term/install/ramen_interfaces/local/lib/python3.10/dist-packages/ramen_interfaces/libramen_interfaces__rosidl_generator_py.so
-- Installing: /home/you/ros2_term/install/ramen_interfaces/local/lib/python3.10/dist-packages/ramen_interfaces/ramen_interfaces_s__rosidl_typesupport_introspection_c.cpython-310-x86_64-linux-gnu.so
-- Installing: /home/you/ros2_term/install/ramen_interfaces/local/lib/python3.10/dist-packages/ramen_interfaces/action
-- Installing: /home/you/ros2_term/install/ramen_interfaces/local/lib/python3.10/dist-packages/ramen_interfaces/action/_request_remake.py
-- Installing: /home/you/ros2_term/install/ramen_interfaces/local/lib/python3.10/dist-packages/ramen_interfaces/action/_request_remake_s.c
-- Installing: /home/you/ros2_term/install/ramen_interfaces/local/lib/python3.10/dist-packages/ramen_interfaces/action/_serve_ramen_s.c
-- Installing: /home/you/ros2_term/install/ramen_interfaces/local/lib/python3.10/dist-packages/ramen_interfaces/action/__init__.py
-- Installing: /home/you/ros2_term/install/ramen_interfaces/local/lib/python3.10/dist-packages/ramen_interfaces/action/_serve_ramen.py
-- Installing: /home/you/ros2_term/install/ramen_interfaces/local/lib/python3.10/dist-packages/ramen_interfaces/msg
-- Installing: /home/you/ros2_term/install/ramen_interfaces/local/lib/python3.10/dist-packages/ramen_interfaces/msg/_cooked_ramen.py
-- Installing: /home/you/ros2_term/install/ramen_interfaces/local/lib/python3.10/dist-packages/ramen_interfaces/msg/_ramen_order_s.c
-- Installing: /home/you/ros2_term/install/ramen_interfaces/local/lib/python3.10/dist-packages/ramen_interfaces/msg/_cooked_ramen_s.c
-- Installing: /home/you/ros2_term/install/ramen_interfaces/local/lib/python3.10/dist-packages/ramen_interfaces/msg/__init__.py
-- Installing: /home/you/ros2_term/install/ramen_interfaces/local/lib/python3.10/dist-packages/ramen_interfaces/msg/_ramen_order.py
-- Installing: /home/you/ros2_term/install/ramen_interfaces/local/lib/python3.10/dist-packages/ramen_interfaces/_ramen_interfaces_s.ep.rosidl_typesupport_c.c
-- Installing: /home/you/ros2_term/install/ramen_interfaces/local/lib/python3.10/dist-packages/ramen_interfaces/ramen_interfaces_s__rosidl_typesupport_c.cpython-310-x86_64-linux-gnu.so
Listing '/home/you/ros2_term/install/ramen_interfaces/local/lib/python3.10/dist-packages/ramen_interfaces'...
Compiling '/home/you/ros2_term/install/ramen_interfaces/local/lib/python3.10/dist-packages/ramen_interfaces/__init__.py'...
Listing '/home/you/ros2_term/install/ramen_interfaces/local/lib/python3.10/dist-packages/ramen_interfaces/action'...
Compiling '/home/you/ros2_term/install/ramen_interfaces/local/lib/python3.10/dist-packages/ramen_interfaces/action/__init__.py'...
Compiling '/home/you/ros2_term/install/ramen_interfaces/local/lib/python3.10/dist-packages/ramen_interfaces/action/_request_remake.py'...
Compiling '/home/you/ros2_term/install/ramen_interfaces/local/lib/python3.10/dist-packages/ramen_interfaces/action/_serve_ramen.py'...
Listing '/home/you/ros2_term/install/ramen_interfaces/local/lib/python3.10/dist-packages/ramen_interfaces/msg'...
Compiling '/home/you/ros2_term/install/ramen_interfaces/local/lib/python3.10/dist-packages/ramen_interfaces/msg/__init__.py'...
Compiling '/home/you/ros2_term/install/ramen_interfaces/local/lib/python3.10/dist-packages/ramen_interfaces/msg/_cooked_ramen.py'...
Compiling '/home/you/ros2_term/install/ramen_interfaces/local/lib/python3.10/dist-packages/ramen_interfaces/msg/_ramen_order.py'...
-- Installing: /home/you/ros2_term/install/ramen_interfaces/local/lib/python3.10/dist-packages/ramen_interfaces/ramen_interfaces_s__rosidl_typesupport_fastrtps_c.cpython-310-x86_64-linux-gnu.so
-- Set runtime path of "/home/you/ros2_term/install/ramen_interfaces/local/lib/python3.10/dist-packages/ramen_interfaces/ramen_interfaces_s__rosidl_typesupport_fastrtps_c.cpython-310-x86_64-linux-gnu.so" to ""
-- Installing: /home/you/ros2_term/install/ramen_interfaces/local/lib/python3.10/dist-packages/ramen_interfaces/ramen_interfaces_s__rosidl_typesupport_introspection_c.cpython-310-x86_64-linux-gnu.so
-- Set runtime path of "/home/you/ros2_term/install/ramen_interfaces/local/lib/python3.10/dist-packages/ramen_interfaces/ramen_interfaces_s__rosidl_typesupport_introspection_c.cpython-310-x86_64-linux-gnu.so" to ""
-- Installing: /home/you/ros2_term/install/ramen_interfaces/local/lib/python3.10/dist-packages/ramen_interfaces/ramen_interfaces_s__rosidl_typesupport_c.cpython-310-x86_64-linux-gnu.so
-- Set runtime path of "/home/you/ros2_term/install/ramen_interfaces/local/lib/python3.10/dist-packages/ramen_interfaces/ramen_interfaces_s__rosidl_typesupport_c.cpython-310-x86_64-linux-gnu.so" to ""
-- Installing: /home/you/ros2_term/install/ramen_interfaces/lib/libramen_interfaces__rosidl_generator_py.so
-- Set runtime path of "/home/you/ros2_term/install/ramen_interfaces/lib/libramen_interfaces__rosidl_generator_py.so" to ""
-- Installing: /home/you/ros2_term/install/ramen_interfaces/share/ramen_interfaces/msg/RamenOrder.idl
-- Installing: /home/you/ros2_term/install/ramen_interfaces/share/ramen_interfaces/msg/CookedRamen.idl
-- Installing: /home/you/ros2_term/install/ramen_interfaces/share/ramen_interfaces/action/ServeRamen.idl
-- Installing: /home/you/ros2_term/install/ramen_interfaces/share/ramen_interfaces/action/RequestRemake.idl
-- Installing: /home/you/ros2_term/install/ramen_interfaces/share/ramen_interfaces/msg/RamenOrder.msg
-- Installing: /home/you/ros2_term/install/ramen_interfaces/share/ramen_interfaces/msg/CookedRamen.msg
-- Installing: /home/you/ros2_term/install/ramen_interfaces/share/ramen_interfaces/action/ServeRamen.action
-- Installing: /home/you/ros2_term/install/ramen_interfaces/share/ramen_interfaces/action/RequestRemake.action
-- Installing: /home/you/ros2_term/install/ramen_interfaces/share/ament_index/resource_index/package_run_dependencies/ramen_interfaces
-- Installing: /home/you/ros2_term/install/ramen_interfaces/share/ament_index/resource_index/parent_prefix_path/ramen_interfaces
-- Installing: /home/you/ros2_term/install/ramen_interfaces/share/ramen_interfaces/environment/ament_prefix_path.sh
-- Installing: /home/you/ros2_term/install/ramen_interfaces/share/ramen_interfaces/environment/ament_prefix_path.dsv
-- Installing: /home/you/ros2_term/install/ramen_interfaces/share/ramen_interfaces/environment/path.sh
-- Installing: /home/you/ros2_term/install/ramen_interfaces/share/ramen_interfaces/environment/path.dsv
-- Installing: /home/you/ros2_term/install/ramen_interfaces/share/ramen_interfaces/local_setup.bash
-- Installing: /home/you/ros2_term/install/ramen_interfaces/share/ramen_interfaces/local_setup.sh
-- Installing: /home/you/ros2_term/install/ramen_interfaces/share/ramen_interfaces/local_setup.zsh
-- Installing: /home/you/ros2_term/install/ramen_interfaces/share/ramen_interfaces/local_setup.dsv
-- Installing: /home/you/ros2_term/install/ramen_interfaces/share/ramen_interfaces/package.dsv
-- Installing: /home/you/ros2_term/install/ramen_interfaces/share/ament_index/resource_index/packages/ramen_interfaces
-- Installing: /home/you/ros2_term/install/ramen_interfaces/share/ramen_interfaces/cmake/export_ramen_interfaces__rosidl_generator_cExport.cmake
-- Installing: /home/you/ros2_term/install/ramen_interfaces/share/ramen_interfaces/cmake/export_ramen_interfaces__rosidl_generator_cExport-noconfig.cmake
-- Installing: /home/you/ros2_term/install/ramen_interfaces/share/ramen_interfaces/cmake/export_ramen_interfaces__rosidl_typesupport_fastrtps_cExport.cmake
-- Installing: /home/you/ros2_term/install/ramen_interfaces/share/ramen_interfaces/cmake/export_ramen_interfaces__rosidl_typesupport_fastrtps_cExport-noconfig.cmake
-- Installing: /home/you/ros2_term/install/ramen_interfaces/share/ramen_interfaces/cmake/ramen_interfaces__rosidl_typesupport_introspection_cExport.cmake
-- Installing: /home/you/ros2_term/install/ramen_interfaces/share/ramen_interfaces/cmake/ramen_interfaces__rosidl_typesupport_introspection_cExport-noconfig.cmake
-- Installing: /home/you/ros2_term/install/ramen_interfaces/share/ramen_interfaces/cmake/ramen_interfaces__rosidl_typesupport_cExport.cmake
-- Installing: /home/you/ros2_term/install/ramen_interfaces/share/ramen_interfaces/cmake/ramen_interfaces__rosidl_typesupport_cExport-noconfig.cmake
-- Installing: /home/you/ros2_term/install/ramen_interfaces/share/ramen_interfaces/cmake/export_ramen_interfaces__rosidl_generator_cppExport.cmake
-- Installing: /home/you/ros2_term/install/ramen_interfaces/share/ramen_interfaces/cmake/export_ramen_interfaces__rosidl_typesupport_fastrtps_cppExport.cmake
-- Installing: /home/you/ros2_term/install/ramen_interfaces/share/ramen_interfaces/cmake/export_ramen_interfaces__rosidl_typesupport_fastrtps_cppExport-noconfig.cmake
-- Installing: /home/you/ros2_term/install/ramen_interfaces/share/ramen_interfaces/cmake/ramen_interfaces__rosidl_typesupport_introspection_cppExport.cmake
-- Installing: /home/you/ros2_term/install/ramen_interfaces/share/ramen_interfaces/cmake/ramen_interfaces__rosidl_typesupport_introspection_cppExport-noconfig.cmake
-- Installing: /home/you/ros2_term/install/ramen_interfaces/share/ramen_interfaces/cmake/ramen_interfaces__rosidl_typesupport_cppExport.cmake
-- Installing: /home/you/ros2_term/install/ramen_interfaces/share/ramen_interfaces/cmake/ramen_interfaces__rosidl_typesupport_cppExport-noconfig.cmake
-- Installing: /home/you/ros2_term/install/ramen_interfaces/share/ramen_interfaces/cmake/export_ramen_interfaces__rosidl_generator_pyExport.cmake
-- Installing: /home/you/ros2_term/install/ramen_interfaces/share/ramen_interfaces/cmake/export_ramen_interfaces__rosidl_generator_pyExport-noconfig.cmake
-- Installing: /home/you/ros2_term/install/ramen_interfaces/share/ramen_interfaces/cmake/rosidl_cmake-extras.cmake
-- Installing: /home/you/ros2_term/install/ramen_interfaces/share/ramen_interfaces/cmake/ament_cmake_export_dependencies-extras.cmake
-- Installing: /home/you/ros2_term/install/ramen_interfaces/share/ramen_interfaces/cmake/ament_cmake_export_include_directories-extras.cmake
-- Installing: /home/you/ros2_term/install/ramen_interfaces/share/ramen_interfaces/cmake/ament_cmake_export_libraries-extras.cmake
-- Installing: /home/you/ros2_term/install/ramen_interfaces/share/ramen_interfaces/cmake/ament_cmake_export_targets-extras.cmake
-- Installing: /home/you/ros2_term/install/ramen_interfaces/share/ramen_interfaces/cmake/rosidl_cmake_export_typesupport_targets-extras.cmake
-- Installing: /home/you/ros2_term/install/ramen_interfaces/share/ramen_interfaces/cmake/rosidl_cmake_export_typesupport_libraries-extras.cmake
-- Installing: /home/you/ros2_term/install/ramen_interfaces/share/ramen_interfaces/cmake/ramen_interfacesConfig.cmake
-- Installing: /home/you/ros2_term/install/ramen_interfaces/share/ramen_interfaces/cmake/ramen_interfacesConfig-version.cmake
-- Installing: /home/you/ros2_term/install/ramen_interfaces/share/ramen_interfaces/package.xml
