[0.013s] Invoking command in '/home/you/ros2_term/build/ramen_interfaces': CMAKE_PREFIX_PATH=/opt/ros/humble /usr/bin/cmake /home/you/ros2_term/ramen_interfaces -DCMAKE_INSTALL_PREFIX=/home/you/ros2_term/install/ramen_interfaces
[0.095s] -- The C compiler identification is GNU 11.4.0
[0.175s] -- The CXX compiler identification is GNU 11.4.0
[0.184s] -- Detecting C compiler ABI info
[0.248s] -- Detecting C compiler ABI info - done
[0.257s] -- Check for working C compiler: /usr/bin/cc - skipped
[0.257s] -- Detecting C compile features
[0.258s] -- Detecting C compile features - done
[0.261s] -- Detecting CXX compiler ABI info
[0.336s] -- Detecting CXX compiler ABI info - done
[0.346s] -- Check for working CXX compiler: /usr/bin/c++ - skipped
[0.346s] -- Detecting CXX compile features
[0.346s] -- Detecting CXX compile features - done
[0.352s] -- Found ament_cmake: 1.3.12 (/opt/ros/humble/share/ament_cmake/cmake)
[0.498s] -- Found Python3: /usr/bin/python3 (found version "3.10.12") found components: Interpreter 
[0.598s] -- Found rosidl_default_generators: 1.2.0 (/opt/ros/humble/share/rosidl_default_generators/cmake)
[0.602s] -- Using all available rosidl_typesupport_c: rosidl_typesupport_fastrtps_c;rosidl_typesupport_introspection_c
[0.612s] -- Found rosidl_adapter: 3.1.7 (/opt/ros/humble/share/rosidl_adapter/cmake)
[0.665s] -- Using all available rosidl_typesupport_cpp: rosidl_typesupport_fastrtps_cpp;rosidl_typesupport_introspection_cpp
[0.702s] -- Found action_msgs: 1.2.2 (/opt/ros/humble/share/action_msgs/cmake)
[1.019s] -- Found ament_cmake_ros: 0.10.0 (/opt/ros/humble/share/ament_cmake_ros/cmake)
[1.198s] -- Using all available rosidl_typesupport_c: rosidl_typesupport_fastrtps_c;rosidl_typesupport_introspection_c
[1.436s] -- Using all available rosidl_typesupport_cpp: rosidl_typesupport_fastrtps_cpp;rosidl_typesupport_introspection_cpp
[1.457s] -- Found PythonInterp: /usr/bin/python3 (found suitable version "3.10.12", minimum required is "3.6") 
[1.459s] -- Found python_cmake_module: 0.10.0 (/opt/ros/humble/share/python_cmake_module/cmake)
[1.484s] -- Found PythonLibs: /usr/lib/x86_64-linux-gnu/libpython3.10.so (found suitable version "3.10.12", minimum required is "3.5") 
[1.484s] -- Using PYTHON_EXECUTABLE: /usr/bin/python3
[1.484s] -- Using PYTHON_INCLUDE_DIRS: /usr/include/python3.10
[1.484s] -- Using PYTHON_LIBRARIES: /usr/lib/x86_64-linux-gnu/libpython3.10.so
[1.503s] -- Found PythonExtra: .so  
[1.546s] -- Found ament_lint_auto: 0.12.14 (/opt/ros/humble/share/ament_lint_auto/cmake)
[1.574s] -- Added test 'copyright' to check source files copyright and LICENSE
[1.576s] -- Added test 'lint_cmake' to check CMake code style
[1.577s] -- Added test 'xmllint' to check XML markup files
[1.580s] -- Configuring done
[1.616s] -- Generating done
[1.630s] -- Build files have been written to: /home/you/ros2_term/build/ramen_interfaces
[1.641s] Invoked command in '/home/you/ros2_term/build/ramen_interfaces' returned '0': CMAKE_PREFIX_PATH=/opt/ros/humble /usr/bin/cmake /home/you/ros2_term/ramen_interfaces -DCMAKE_INSTALL_PREFIX=/home/you/ros2_term/install/ramen_interfaces
[1.643s] Invoking command in '/home/you/ros2_term/build/ramen_interfaces': CMAKE_PREFIX_PATH=/opt/ros/humble /usr/bin/cmake --build /home/you/ros2_term/build/ramen_interfaces -- -j4 -l4
[1.680s] [  1%] [34m[1mGenerating C code for ROS interfaces[0m
[1.692s] [  3%] [34m[1mGenerating C++ code for ROS interfaces[0m
[1.694s] [  3%] Built target ament_cmake_python_copy_ramen_interfaces
[2.284s] running egg_info
[2.285s] creating ramen_interfaces.egg-info
[2.285s] writing ramen_interfaces.egg-info/PKG-INFO
[2.285s] writing dependency_links to ramen_interfaces.egg-info/dependency_links.txt
[2.285s] writing top-level names to ramen_interfaces.egg-info/top_level.txt
[2.286s] writing manifest file 'ramen_interfaces.egg-info/SOURCES.txt'
[2.289s] reading manifest file 'ramen_interfaces.egg-info/SOURCES.txt'
[2.289s] writing manifest file 'ramen_interfaces.egg-info/SOURCES.txt'
[2.322s] [  3%] Built target ament_cmake_python_build_ramen_interfaces_egg
[3.035s] [  3%] Built target ramen_interfaces__cpp
[3.054s] [  5%] [34m[1mGenerating C++ type support dispatch for ROS interfaces[0m
[3.059s] [  7%] [34m[1mGenerating C++ type support for eProsima Fast-RTPS[0m
[3.059s] [  9%] [34m[1mGenerating C++ introspection for ROS interfaces[0m
[3.183s] [ 10%] [32mBuilding C object CMakeFiles/ramen_interfaces__rosidl_generator_c.dir/rosidl_generator_c/ramen_interfaces/msg/detail/ramen_order__functions.c.o[0m
[3.281s] [ 12%] [32mBuilding C object CMakeFiles/ramen_interfaces__rosidl_generator_c.dir/rosidl_generator_c/ramen_interfaces/msg/detail/cooked_ramen__functions.c.o[0m
[3.361s] [ 14%] [32mBuilding C object CMakeFiles/ramen_interfaces__rosidl_generator_c.dir/rosidl_generator_c/ramen_interfaces/action/detail/serve_ramen__functions.c.o[0m
[3.595s] [ 16%] [32mBuilding C object CMakeFiles/ramen_interfaces__rosidl_generator_c.dir/rosidl_generator_c/ramen_interfaces/action/detail/request_remake__functions.c.o[0m
[3.818s] [ 18%] [32m[1mLinking C shared library libramen_interfaces__rosidl_generator_c.so[0m
[3.891s] [ 18%] Built target ramen_interfaces__rosidl_generator_c
[3.905s] [ 20%] [34m[1mGenerating C type support for eProsima Fast-RTPS[0m
[4.235s] [ 21%] [32mBuilding CXX object CMakeFiles/ramen_interfaces__rosidl_typesupport_cpp.dir/rosidl_typesupport_cpp/ramen_interfaces/msg/ramen_order__type_support.cpp.o[0m
[4.527s] [ 23%] [32mBuilding CXX object CMakeFiles/ramen_interfaces__rosidl_typesupport_introspection_cpp.dir/rosidl_typesupport_introspection_cpp/ramen_interfaces/msg/detail/ramen_order__type_support.cpp.o[0m
[4.820s] [ 25%] [32mBuilding CXX object CMakeFiles/ramen_interfaces__rosidl_typesupport_fastrtps_cpp.dir/rosidl_typesupport_fastrtps_cpp/ramen_interfaces/msg/detail/dds_fastrtps/ramen_order__type_support.cpp.o[0m
[4.848s] [ 27%] [32mBuilding CXX object CMakeFiles/ramen_interfaces__rosidl_typesupport_cpp.dir/rosidl_typesupport_cpp/ramen_interfaces/msg/cooked_ramen__type_support.cpp.o[0m
[5.273s] [ 29%] [32mBuilding CXX object CMakeFiles/ramen_interfaces__rosidl_typesupport_cpp.dir/rosidl_typesupport_cpp/ramen_interfaces/action/serve_ramen__type_support.cpp.o[0m
[5.311s] [ 30%] [32mBuilding CXX object CMakeFiles/ramen_interfaces__rosidl_typesupport_introspection_cpp.dir/rosidl_typesupport_introspection_cpp/ramen_interfaces/msg/detail/cooked_ramen__type_support.cpp.o[0m
[5.484s] [ 32%] [32mBuilding CXX object CMakeFiles/ramen_interfaces__rosidl_typesupport_fastrtps_c.dir/rosidl_typesupport_fastrtps_c/ramen_interfaces/msg/detail/ramen_order__type_support_c.cpp.o[0m
[5.594s] [ 34%] [32mBuilding CXX object CMakeFiles/ramen_interfaces__rosidl_typesupport_fastrtps_cpp.dir/rosidl_typesupport_fastrtps_cpp/ramen_interfaces/msg/detail/dds_fastrtps/cooked_ramen__type_support.cpp.o[0m
[5.972s] [ 36%] [32mBuilding CXX object CMakeFiles/ramen_interfaces__rosidl_typesupport_introspection_cpp.dir/rosidl_typesupport_introspection_cpp/ramen_interfaces/action/detail/serve_ramen__type_support.cpp.o[0m
[6.052s] [ 38%] [32mBuilding CXX object CMakeFiles/ramen_interfaces__rosidl_typesupport_fastrtps_c.dir/rosidl_typesupport_fastrtps_c/ramen_interfaces/msg/detail/cooked_ramen__type_support_c.cpp.o[0m
[6.080s] [ 40%] [32mBuilding CXX object CMakeFiles/ramen_interfaces__rosidl_typesupport_cpp.dir/rosidl_typesupport_cpp/ramen_interfaces/action/request_remake__type_support.cpp.o[0m
[6.279s] [ 41%] [32mBuilding CXX object CMakeFiles/ramen_interfaces__rosidl_typesupport_fastrtps_cpp.dir/rosidl_typesupport_fastrtps_cpp/ramen_interfaces/action/detail/dds_fastrtps/serve_ramen__type_support.cpp.o[0m
[6.586s] [ 43%] [32mBuilding CXX object CMakeFiles/ramen_interfaces__rosidl_typesupport_fastrtps_c.dir/rosidl_typesupport_fastrtps_c/ramen_interfaces/action/detail/serve_ramen__type_support_c.cpp.o[0m
[6.877s] [ 45%] [32m[1mLinking CXX shared library libramen_interfaces__rosidl_typesupport_cpp.so[0m
[6.943s] [ 45%] Built target ramen_interfaces__rosidl_typesupport_cpp
[6.957s] [ 47%] [32mBuilding CXX object CMakeFiles/ramen_interfaces__rosidl_typesupport_fastrtps_c.dir/rosidl_typesupport_fastrtps_c/ramen_interfaces/action/detail/request_remake__type_support_c.cpp.o[0m
[6.972s] [ 49%] [32mBuilding CXX object CMakeFiles/ramen_interfaces__rosidl_typesupport_introspection_cpp.dir/rosidl_typesupport_introspection_cpp/ramen_interfaces/action/detail/request_remake__type_support.cpp.o[0m
[7.214s] [ 50%] [32mBuilding CXX object CMakeFiles/ramen_interfaces__rosidl_typesupport_fastrtps_cpp.dir/rosidl_typesupport_fastrtps_cpp/ramen_interfaces/action/detail/dds_fastrtps/request_remake__type_support.cpp.o[0m
[7.308s] [ 52%] [34m[1mGenerating C introspection for ROS interfaces[0m
[7.644s] [ 54%] [32m[1mLinking CXX shared library libramen_interfaces__rosidl_typesupport_fastrtps_c.so[0m
[7.838s] [ 54%] Built target ramen_interfaces__rosidl_typesupport_fastrtps_c
[7.853s] [ 56%] [34m[1mGenerating C type support dispatch for ROS interfaces[0m
[8.000s] [ 58%] [32m[1mLinking CXX shared library libramen_interfaces__rosidl_typesupport_introspection_cpp.so[0m
[8.145s] [ 58%] Built target ramen_interfaces__rosidl_typesupport_introspection_cpp
[8.165s] [ 60%] [32m[1mLinking CXX shared library libramen_interfaces__rosidl_typesupport_fastrtps_cpp.so[0m
[8.298s] [ 60%] Built target ramen_interfaces__rosidl_typesupport_fastrtps_cpp
[8.544s] [ 65%] [32mBuilding C object CMakeFiles/ramen_interfaces__rosidl_typesupport_introspection_c.dir/rosidl_typesupport_introspection_c/ramen_interfaces/msg/detail/cooked_ramen__type_support.c.o[0m
[8.544s] [ 65%] [32mBuilding C object CMakeFiles/ramen_interfaces__rosidl_typesupport_introspection_c.dir/rosidl_typesupport_introspection_c/ramen_interfaces/msg/detail/ramen_order__type_support.c.o[0m
[8.544s] [ 65%] [32mBuilding C object CMakeFiles/ramen_interfaces__rosidl_typesupport_introspection_c.dir/rosidl_typesupport_introspection_c/ramen_interfaces/action/detail/serve_ramen__type_support.c.o[0m
[8.591s] [ 67%] [32mBuilding C object CMakeFiles/ramen_interfaces__rosidl_typesupport_introspection_c.dir/rosidl_typesupport_introspection_c/ramen_interfaces/action/detail/request_remake__type_support.c.o[0m
[8.637s] [ 69%] [32m[1mLinking C shared library libramen_interfaces__rosidl_typesupport_introspection_c.so[0m
[8.670s] [ 69%] Built target ramen_interfaces__rosidl_typesupport_introspection_c
[8.714s] [ 70%] [32mBuilding CXX object CMakeFiles/ramen_interfaces__rosidl_typesupport_c.dir/rosidl_typesupport_c/ramen_interfaces/msg/cooked_ramen__type_support.cpp.o[0m
[8.714s] [ 74%] [32mBuilding CXX object CMakeFiles/ramen_interfaces__rosidl_typesupport_c.dir/rosidl_typesupport_c/ramen_interfaces/action/serve_ramen__type_support.cpp.o[0m
[8.715s] [ 74%] [32mBuilding CXX object CMakeFiles/ramen_interfaces__rosidl_typesupport_c.dir/rosidl_typesupport_c/ramen_interfaces/action/request_remake__type_support.cpp.o[0m
[8.715s] [ 76%] [32mBuilding CXX object CMakeFiles/ramen_interfaces__rosidl_typesupport_c.dir/rosidl_typesupport_c/ramen_interfaces/msg/ramen_order__type_support.cpp.o[0m
[8.770s] [ 78%] [32m[1mLinking CXX shared library libramen_interfaces__rosidl_typesupport_c.so[0m
[8.809s] [ 78%] Built target ramen_interfaces__rosidl_typesupport_c
[8.825s] [ 78%] Built target ramen_interfaces
[8.843s] [ 80%] [34m[1mGenerating Python code for ROS interfaces[0m
[10.493s] [ 80%] Built target ramen_interfaces__py
[10.513s] [ 81%] [32mBuilding C object CMakeFiles/ramen_interfaces__rosidl_generator_py.dir/rosidl_generator_py/ramen_interfaces/action/_serve_ramen_s.c.o[0m
[10.513s] [ 85%] [32mBuilding C object CMakeFiles/ramen_interfaces__rosidl_generator_py.dir/rosidl_generator_py/ramen_interfaces/msg/_ramen_order_s.c.o[0m
[10.513s] [ 85%] [32mBuilding C object CMakeFiles/ramen_interfaces__rosidl_generator_py.dir/rosidl_generator_py/ramen_interfaces/msg/_cooked_ramen_s.c.o[0m
[10.516s] [ 87%] [32mBuilding C object CMakeFiles/ramen_interfaces__rosidl_generator_py.dir/rosidl_generator_py/ramen_interfaces/action/_request_remake_s.c.o[0m
[10.760s] [ 89%] [32m[1mLinking C shared library rosidl_generator_py/ramen_interfaces/libramen_interfaces__rosidl_generator_py.so[0m
[10.800s] [ 89%] Built target ramen_interfaces__rosidl_generator_py
[10.820s] [ 90%] [32mBuilding C object CMakeFiles/ramen_interfaces__rosidl_typesupport_fastrtps_c__pyext.dir/rosidl_generator_py/ramen_interfaces/_ramen_interfaces_s.ep.rosidl_typesupport_fastrtps_c.c.o[0m
[10.821s] [ 92%] [32mBuilding C object CMakeFiles/ramen_interfaces__rosidl_typesupport_introspection_c__pyext.dir/rosidl_generator_py/ramen_interfaces/_ramen_interfaces_s.ep.rosidl_typesupport_introspection_c.c.o[0m
[10.824s] [ 94%] [32mBuilding C object CMakeFiles/ramen_interfaces__rosidl_typesupport_c__pyext.dir/rosidl_generator_py/ramen_interfaces/_ramen_interfaces_s.ep.rosidl_typesupport_c.c.o[0m
[10.984s] [ 96%] [32m[1mLinking C shared library rosidl_generator_py/ramen_interfaces/ramen_interfaces_s__rosidl_typesupport_fastrtps_c.cpython-310-x86_64-linux-gnu.so[0m
[11.022s] [ 96%] Built target ramen_interfaces__rosidl_typesupport_fastrtps_c__pyext
[11.051s] [ 98%] [32m[1mLinking C shared library rosidl_generator_py/ramen_interfaces/ramen_interfaces_s__rosidl_typesupport_introspection_c.cpython-310-x86_64-linux-gnu.so[0m
[11.051s] [100%] [32m[1mLinking C shared library rosidl_generator_py/ramen_interfaces/ramen_interfaces_s__rosidl_typesupport_c.cpython-310-x86_64-linux-gnu.so[0m
[11.093s] [100%] Built target ramen_interfaces__rosidl_typesupport_introspection_c__pyext
[11.094s] [100%] Built target ramen_interfaces__rosidl_typesupport_c__pyext
[11.106s] Invoked command in '/home/you/ros2_term/build/ramen_interfaces' returned '0': CMAKE_PREFIX_PATH=/opt/ros/humble /usr/bin/cmake --build /home/you/ros2_term/build/ramen_interfaces -- -j4 -l4
[11.114s] Invoking command in '/home/you/ros2_term/build/ramen_interfaces': CMAKE_PREFIX_PATH=/opt/ros/humble /usr/bin/cmake --install /home/you/ros2_term/build/ramen_interfaces
[11.121s] -- Install configuration: ""
[11.121s] -- Installing: /home/you/ros2_term/install/ramen_interfaces/share/ament_index/resource_index/rosidl_interfaces/ramen_interfaces
[11.121s] -- Installing: /home/you/ros2_term/install/ramen_interfaces/include/ramen_interfaces/ramen_interfaces
[11.121s] -- Installing: /home/you/ros2_term/install/ramen_interfaces/include/ramen_interfaces/ramen_interfaces/action
[11.121s] -- Installing: /home/you/ros2_term/install/ramen_interfaces/include/ramen_interfaces/ramen_interfaces/action/serve_ramen.h
[11.121s] -- Installing: /home/you/ros2_term/install/ramen_interfaces/include/ramen_interfaces/ramen_interfaces/action/request_remake.h
[11.122s] -- Installing: /home/you/ros2_term/install/ramen_interfaces/include/ramen_interfaces/ramen_interfaces/action/detail
[11.122s] -- Installing: /home/you/ros2_term/install/ramen_interfaces/include/ramen_interfaces/ramen_interfaces/action/detail/serve_ramen__functions.h
[11.122s] -- Installing: /home/you/ros2_term/install/ramen_interfaces/include/ramen_interfaces/ramen_interfaces/action/detail/serve_ramen__functions.c
[11.122s] -- Installing: /home/you/ros2_term/install/ramen_interfaces/include/ramen_interfaces/ramen_interfaces/action/detail/request_remake__functions.c
[11.122s] -- Installing: /home/you/ros2_term/install/ramen_interfaces/include/ramen_interfaces/ramen_interfaces/action/detail/serve_ramen__struct.h
[11.122s] -- Installing: /home/you/ros2_term/install/ramen_interfaces/include/ramen_interfaces/ramen_interfaces/action/detail/request_remake__functions.h
[11.122s] -- Installing: /home/you/ros2_term/install/ramen_interfaces/include/ramen_interfaces/ramen_interfaces/action/detail/request_remake__struct.h
[11.123s] -- Installing: /home/you/ros2_term/install/ramen_interfaces/include/ramen_interfaces/ramen_interfaces/action/detail/request_remake__type_support.h
[11.123s] -- Installing: /home/you/ros2_term/install/ramen_interfaces/include/ramen_interfaces/ramen_interfaces/action/detail/serve_ramen__type_support.h
[11.123s] -- Installing: /home/you/ros2_term/install/ramen_interfaces/include/ramen_interfaces/ramen_interfaces/msg
[11.123s] -- Installing: /home/you/ros2_term/install/ramen_interfaces/include/ramen_interfaces/ramen_interfaces/msg/cooked_ramen.h
[11.123s] -- Installing: /home/you/ros2_term/install/ramen_interfaces/include/ramen_interfaces/ramen_interfaces/msg/detail
[11.123s] -- Installing: /home/you/ros2_term/install/ramen_interfaces/include/ramen_interfaces/ramen_interfaces/msg/detail/cooked_ramen__functions.c
[11.123s] -- Installing: /home/you/ros2_term/install/ramen_interfaces/include/ramen_interfaces/ramen_interfaces/msg/detail/ramen_order__functions.h
[11.123s] -- Installing: /home/you/ros2_term/install/ramen_interfaces/include/ramen_interfaces/ramen_interfaces/msg/detail/ramen_order__type_support.h
[11.123s] -- Installing: /home/you/ros2_term/install/ramen_interfaces/include/ramen_interfaces/ramen_interfaces/msg/detail/cooked_ramen__type_support.h
[11.124s] -- Installing: /home/you/ros2_term/install/ramen_interfaces/include/ramen_interfaces/ramen_interfaces/msg/detail/ramen_order__functions.c
[11.124s] -- Installing: /home/you/ros2_term/install/ramen_interfaces/include/ramen_interfaces/ramen_interfaces/msg/detail/ramen_order__struct.h
[11.124s] -- Installing: /home/you/ros2_term/install/ramen_interfaces/include/ramen_interfaces/ramen_interfaces/msg/detail/cooked_ramen__struct.h
[11.124s] -- Installing: /home/you/ros2_term/install/ramen_interfaces/include/ramen_interfaces/ramen_interfaces/msg/detail/cooked_ramen__functions.h
[11.124s] -- Installing: /home/you/ros2_term/install/ramen_interfaces/include/ramen_interfaces/ramen_interfaces/msg/ramen_order.h
[11.124s] -- Installing: /home/you/ros2_term/install/ramen_interfaces/include/ramen_interfaces/ramen_interfaces/msg/rosidl_generator_c__visibility_control.h
[11.124s] -- Installing: /home/you/ros2_term/install/ramen_interfaces/share/ramen_interfaces/environment/library_path.sh
[11.125s] -- Installing: /home/you/ros2_term/install/ramen_interfaces/share/ramen_interfaces/environment/library_path.dsv
[11.125s] -- Installing: /home/you/ros2_term/install/ramen_interfaces/lib/libramen_interfaces__rosidl_generator_c.so
[11.125s] -- Set runtime path of "/home/you/ros2_term/install/ramen_interfaces/lib/libramen_interfaces__rosidl_generator_c.so" to ""
[11.125s] -- Up-to-date: /home/you/ros2_term/install/ramen_interfaces/include/ramen_interfaces/ramen_interfaces
[11.125s] -- Up-to-date: /home/you/ros2_term/install/ramen_interfaces/include/ramen_interfaces/ramen_interfaces/action
[11.125s] -- Up-to-date: /home/you/ros2_term/install/ramen_interfaces/include/ramen_interfaces/ramen_interfaces/action/detail
[11.126s] -- Installing: /home/you/ros2_term/install/ramen_interfaces/include/ramen_interfaces/ramen_interfaces/action/detail/request_remake__rosidl_typesupport_fastrtps_c.h
[11.126s] -- Installing: /home/you/ros2_term/install/ramen_interfaces/include/ramen_interfaces/ramen_interfaces/action/detail/serve_ramen__rosidl_typesupport_fastrtps_c.h
[11.126s] -- Up-to-date: /home/you/ros2_term/install/ramen_interfaces/include/ramen_interfaces/ramen_interfaces/msg
[11.126s] -- Up-to-date: /home/you/ros2_term/install/ramen_interfaces/include/ramen_interfaces/ramen_interfaces/msg/detail
[11.126s] -- Installing: /home/you/ros2_term/install/ramen_interfaces/include/ramen_interfaces/ramen_interfaces/msg/detail/ramen_order__rosidl_typesupport_fastrtps_c.h
[11.126s] -- Installing: /home/you/ros2_term/install/ramen_interfaces/include/ramen_interfaces/ramen_interfaces/msg/detail/cooked_ramen__rosidl_typesupport_fastrtps_c.h
[11.126s] -- Installing: /home/you/ros2_term/install/ramen_interfaces/include/ramen_interfaces/ramen_interfaces/msg/rosidl_typesupport_fastrtps_c__visibility_control.h
[11.126s] -- Installing: /home/you/ros2_term/install/ramen_interfaces/lib/libramen_interfaces__rosidl_typesupport_fastrtps_c.so
[11.126s] -- Set runtime path of "/home/you/ros2_term/install/ramen_interfaces/lib/libramen_interfaces__rosidl_typesupport_fastrtps_c.so" to ""
[11.127s] -- Up-to-date: /home/you/ros2_term/install/ramen_interfaces/include/ramen_interfaces/ramen_interfaces
[11.127s] -- Up-to-date: /home/you/ros2_term/install/ramen_interfaces/include/ramen_interfaces/ramen_interfaces/action
[11.127s] -- Up-to-date: /home/you/ros2_term/install/ramen_interfaces/include/ramen_interfaces/ramen_interfaces/action/detail
[11.127s] -- Installing: /home/you/ros2_term/install/ramen_interfaces/include/ramen_interfaces/ramen_interfaces/action/detail/serve_ramen__rosidl_typesupport_introspection_c.h
[11.127s] -- Installing: /home/you/ros2_term/install/ramen_interfaces/include/ramen_interfaces/ramen_interfaces/action/detail/request_remake__rosidl_typesupport_introspection_c.h
[11.127s] -- Installing: /home/you/ros2_term/install/ramen_interfaces/include/ramen_interfaces/ramen_interfaces/action/detail/serve_ramen__type_support.c
[11.127s] -- Installing: /home/you/ros2_term/install/ramen_interfaces/include/ramen_interfaces/ramen_interfaces/action/detail/request_remake__type_support.c
[11.127s] -- Up-to-date: /home/you/ros2_term/install/ramen_interfaces/include/ramen_interfaces/ramen_interfaces/msg
[11.127s] -- Installing: /home/you/ros2_term/install/ramen_interfaces/include/ramen_interfaces/ramen_interfaces/msg/rosidl_typesupport_introspection_c__visibility_control.h
[11.128s] -- Up-to-date: /home/you/ros2_term/install/ramen_interfaces/include/ramen_interfaces/ramen_interfaces/msg/detail
[11.128s] -- Installing: /home/you/ros2_term/install/ramen_interfaces/include/ramen_interfaces/ramen_interfaces/msg/detail/cooked_ramen__rosidl_typesupport_introspection_c.h
[11.128s] -- Installing: /home/you/ros2_term/install/ramen_interfaces/include/ramen_interfaces/ramen_interfaces/msg/detail/cooked_ramen__type_support.c
[11.128s] -- Installing: /home/you/ros2_term/install/ramen_interfaces/include/ramen_interfaces/ramen_interfaces/msg/detail/ramen_order__rosidl_typesupport_introspection_c.h
[11.128s] -- Installing: /home/you/ros2_term/install/ramen_interfaces/include/ramen_interfaces/ramen_interfaces/msg/detail/ramen_order__type_support.c
[11.128s] -- Installing: /home/you/ros2_term/install/ramen_interfaces/lib/libramen_interfaces__rosidl_typesupport_introspection_c.so
[11.128s] -- Set runtime path of "/home/you/ros2_term/install/ramen_interfaces/lib/libramen_interfaces__rosidl_typesupport_introspection_c.so" to ""
[11.129s] -- Installing: /home/you/ros2_term/install/ramen_interfaces/lib/libramen_interfaces__rosidl_typesupport_c.so
[11.129s] -- Set runtime path of "/home/you/ros2_term/install/ramen_interfaces/lib/libramen_interfaces__rosidl_typesupport_c.so" to ""
[11.129s] -- Up-to-date: /home/you/ros2_term/install/ramen_interfaces/include/ramen_interfaces/ramen_interfaces
[11.129s] -- Up-to-date: /home/you/ros2_term/install/ramen_interfaces/include/ramen_interfaces/ramen_interfaces/action
[11.129s] -- Installing: /home/you/ros2_term/install/ramen_interfaces/include/ramen_interfaces/ramen_interfaces/action/request_remake.hpp
[11.129s] -- Installing: /home/you/ros2_term/install/ramen_interfaces/include/ramen_interfaces/ramen_interfaces/action/serve_ramen.hpp
[11.129s] -- Up-to-date: /home/you/ros2_term/install/ramen_interfaces/include/ramen_interfaces/ramen_interfaces/action/detail
[11.129s] -- Installing: /home/you/ros2_term/install/ramen_interfaces/include/ramen_interfaces/ramen_interfaces/action/detail/request_remake__traits.hpp
[11.130s] -- Installing: /home/you/ros2_term/install/ramen_interfaces/include/ramen_interfaces/ramen_interfaces/action/detail/serve_ramen__traits.hpp
[11.130s] -- Installing: /home/you/ros2_term/install/ramen_interfaces/include/ramen_interfaces/ramen_interfaces/action/detail/request_remake__struct.hpp
[11.130s] -- Installing: /home/you/ros2_term/install/ramen_interfaces/include/ramen_interfaces/ramen_interfaces/action/detail/serve_ramen__builder.hpp
[11.130s] -- Installing: /home/you/ros2_term/install/ramen_interfaces/include/ramen_interfaces/ramen_interfaces/action/detail/serve_ramen__type_support.hpp
[11.130s] -- Installing: /home/you/ros2_term/install/ramen_interfaces/include/ramen_interfaces/ramen_interfaces/action/detail/serve_ramen__struct.hpp
[11.130s] -- Installing: /home/you/ros2_term/install/ramen_interfaces/include/ramen_interfaces/ramen_interfaces/action/detail/request_remake__builder.hpp
[11.130s] -- Installing: /home/you/ros2_term/install/ramen_interfaces/include/ramen_interfaces/ramen_interfaces/action/detail/request_remake__type_support.hpp
[11.130s] -- Up-to-date: /home/you/ros2_term/install/ramen_interfaces/include/ramen_interfaces/ramen_interfaces/msg
[11.130s] -- Installing: /home/you/ros2_term/install/ramen_interfaces/include/ramen_interfaces/ramen_interfaces/msg/ramen_order.hpp
[11.131s] -- Installing: /home/you/ros2_term/install/ramen_interfaces/include/ramen_interfaces/ramen_interfaces/msg/rosidl_generator_cpp__visibility_control.hpp
[11.131s] -- Installing: /home/you/ros2_term/install/ramen_interfaces/include/ramen_interfaces/ramen_interfaces/msg/cooked_ramen.hpp
[11.131s] -- Up-to-date: /home/you/ros2_term/install/ramen_interfaces/include/ramen_interfaces/ramen_interfaces/msg/detail
[11.131s] -- Installing: /home/you/ros2_term/install/ramen_interfaces/include/ramen_interfaces/ramen_interfaces/msg/detail/ramen_order__traits.hpp
[11.131s] -- Installing: /home/you/ros2_term/install/ramen_interfaces/include/ramen_interfaces/ramen_interfaces/msg/detail/ramen_order__builder.hpp
[11.131s] -- Installing: /home/you/ros2_term/install/ramen_interfaces/include/ramen_interfaces/ramen_interfaces/msg/detail/cooked_ramen__struct.hpp
[11.131s] -- Installing: /home/you/ros2_term/install/ramen_interfaces/include/ramen_interfaces/ramen_interfaces/msg/detail/ramen_order__type_support.hpp
[11.131s] -- Installing: /home/you/ros2_term/install/ramen_interfaces/include/ramen_interfaces/ramen_interfaces/msg/detail/cooked_ramen__type_support.hpp
[11.131s] -- Installing: /home/you/ros2_term/install/ramen_interfaces/include/ramen_interfaces/ramen_interfaces/msg/detail/cooked_ramen__builder.hpp
[11.132s] -- Installing: /home/you/ros2_term/install/ramen_interfaces/include/ramen_interfaces/ramen_interfaces/msg/detail/ramen_order__struct.hpp
[11.132s] -- Installing: /home/you/ros2_term/install/ramen_interfaces/include/ramen_interfaces/ramen_interfaces/msg/detail/cooked_ramen__traits.hpp
[11.132s] -- Up-to-date: /home/you/ros2_term/install/ramen_interfaces/include/ramen_interfaces/ramen_interfaces
[11.132s] -- Up-to-date: /home/you/ros2_term/install/ramen_interfaces/include/ramen_interfaces/ramen_interfaces/action
[11.132s] -- Up-to-date: /home/you/ros2_term/install/ramen_interfaces/include/ramen_interfaces/ramen_interfaces/action/detail
[11.132s] -- Installing: /home/you/ros2_term/install/ramen_interfaces/include/ramen_interfaces/ramen_interfaces/action/detail/dds_fastrtps
[11.132s] -- Installing: /home/you/ros2_term/install/ramen_interfaces/include/ramen_interfaces/ramen_interfaces/action/detail/request_remake__rosidl_typesupport_fastrtps_cpp.hpp
[11.132s] -- Installing: /home/you/ros2_term/install/ramen_interfaces/include/ramen_interfaces/ramen_interfaces/action/detail/serve_ramen__rosidl_typesupport_fastrtps_cpp.hpp
[11.132s] -- Up-to-date: /home/you/ros2_term/install/ramen_interfaces/include/ramen_interfaces/ramen_interfaces/msg
[11.133s] -- Installing: /home/you/ros2_term/install/ramen_interfaces/include/ramen_interfaces/ramen_interfaces/msg/rosidl_typesupport_fastrtps_cpp__visibility_control.h
[11.133s] -- Up-to-date: /home/you/ros2_term/install/ramen_interfaces/include/ramen_interfaces/ramen_interfaces/msg/detail
[11.133s] -- Installing: /home/you/ros2_term/install/ramen_interfaces/include/ramen_interfaces/ramen_interfaces/msg/detail/cooked_ramen__rosidl_typesupport_fastrtps_cpp.hpp
[11.133s] -- Installing: /home/you/ros2_term/install/ramen_interfaces/include/ramen_interfaces/ramen_interfaces/msg/detail/dds_fastrtps
[11.133s] -- Installing: /home/you/ros2_term/install/ramen_interfaces/include/ramen_interfaces/ramen_interfaces/msg/detail/ramen_order__rosidl_typesupport_fastrtps_cpp.hpp
[11.133s] -- Installing: /home/you/ros2_term/install/ramen_interfaces/lib/libramen_interfaces__rosidl_typesupport_fastrtps_cpp.so
[11.133s] -- Set runtime path of "/home/you/ros2_term/install/ramen_interfaces/lib/libramen_interfaces__rosidl_typesupport_fastrtps_cpp.so" to ""
[11.134s] -- Up-to-date: /home/you/ros2_term/install/ramen_interfaces/include/ramen_interfaces/ramen_interfaces
[11.134s] -- Up-to-date: /home/you/ros2_term/install/ramen_interfaces/include/ramen_interfaces/ramen_interfaces/action
[11.134s] -- Up-to-date: /home/you/ros2_term/install/ramen_interfaces/include/ramen_interfaces/ramen_interfaces/action/detail
[11.134s] -- Installing: /home/you/ros2_term/install/ramen_interfaces/include/ramen_interfaces/ramen_interfaces/action/detail/serve_ramen__type_support.cpp
[11.134s] -- Installing: /home/you/ros2_term/install/ramen_interfaces/include/ramen_interfaces/ramen_interfaces/action/detail/serve_ramen__rosidl_typesupport_introspection_cpp.hpp
[11.134s] -- Installing: /home/you/ros2_term/install/ramen_interfaces/include/ramen_interfaces/ramen_interfaces/action/detail/request_remake__rosidl_typesupport_introspection_cpp.hpp
[11.134s] -- Installing: /home/you/ros2_term/install/ramen_interfaces/include/ramen_interfaces/ramen_interfaces/action/detail/request_remake__type_support.cpp
[11.134s] -- Up-to-date: /home/you/ros2_term/install/ramen_interfaces/include/ramen_interfaces/ramen_interfaces/msg
[11.134s] -- Up-to-date: /home/you/ros2_term/install/ramen_interfaces/include/ramen_interfaces/ramen_interfaces/msg/detail
[11.134s] -- Installing: /home/you/ros2_term/install/ramen_interfaces/include/ramen_interfaces/ramen_interfaces/msg/detail/cooked_ramen__rosidl_typesupport_introspection_cpp.hpp
[11.134s] -- Installing: /home/you/ros2_term/install/ramen_interfaces/include/ramen_interfaces/ramen_interfaces/msg/detail/ramen_order__type_support.cpp
[11.134s] -- Installing: /home/you/ros2_term/install/ramen_interfaces/include/ramen_interfaces/ramen_interfaces/msg/detail/cooked_ramen__type_support.cpp
[11.135s] -- Installing: /home/you/ros2_term/install/ramen_interfaces/include/ramen_interfaces/ramen_interfaces/msg/detail/ramen_order__rosidl_typesupport_introspection_cpp.hpp
[11.135s] -- Installing: /home/you/ros2_term/install/ramen_interfaces/lib/libramen_interfaces__rosidl_typesupport_introspection_cpp.so
[11.135s] -- Set runtime path of "/home/you/ros2_term/install/ramen_interfaces/lib/libramen_interfaces__rosidl_typesupport_introspection_cpp.so" to ""
[11.135s] -- Installing: /home/you/ros2_term/install/ramen_interfaces/lib/libramen_interfaces__rosidl_typesupport_cpp.so
[11.135s] -- Set runtime path of "/home/you/ros2_term/install/ramen_interfaces/lib/libramen_interfaces__rosidl_typesupport_cpp.so" to ""
[11.136s] -- Installing: /home/you/ros2_term/install/ramen_interfaces/share/ramen_interfaces/environment/pythonpath.sh
[11.136s] -- Installing: /home/you/ros2_term/install/ramen_interfaces/share/ramen_interfaces/environment/pythonpath.dsv
[11.136s] -- Installing: /home/you/ros2_term/install/ramen_interfaces/local/lib/python3.10/dist-packages/ramen_interfaces-0.0.0-py3.10.egg-info
[11.136s] -- Installing: /home/you/ros2_term/install/ramen_interfaces/local/lib/python3.10/dist-packages/ramen_interfaces-0.0.0-py3.10.egg-info/PKG-INFO
[11.136s] -- Installing: /home/you/ros2_term/install/ramen_interfaces/local/lib/python3.10/dist-packages/ramen_interfaces-0.0.0-py3.10.egg-info/dependency_links.txt
[11.136s] -- Installing: /home/you/ros2_term/install/ramen_interfaces/local/lib/python3.10/dist-packages/ramen_interfaces-0.0.0-py3.10.egg-info/SOURCES.txt
[11.136s] -- Installing: /home/you/ros2_term/install/ramen_interfaces/local/lib/python3.10/dist-packages/ramen_interfaces-0.0.0-py3.10.egg-info/top_level.txt
[11.136s] -- Installing: /home/you/ros2_term/install/ramen_interfaces/local/lib/python3.10/dist-packages/ramen_interfaces
[11.137s] -- Installing: /home/you/ros2_term/install/ramen_interfaces/local/lib/python3.10/dist-packages/ramen_interfaces/_ramen_interfaces_s.ep.rosidl_typesupport_fastrtps_c.c
[11.137s] -- Installing: /home/you/ros2_term/install/ramen_interfaces/local/lib/python3.10/dist-packages/ramen_interfaces/_ramen_interfaces_s.ep.rosidl_typesupport_introspection_c.c
[11.137s] -- Installing: /home/you/ros2_term/install/ramen_interfaces/local/lib/python3.10/dist-packages/ramen_interfaces/__init__.py
[11.137s] -- Installing: /home/you/ros2_term/install/ramen_interfaces/local/lib/python3.10/dist-packages/ramen_interfaces/ramen_interfaces_s__rosidl_typesupport_fastrtps_c.cpython-310-x86_64-linux-gnu.so
[11.137s] -- Installing: /home/you/ros2_term/install/ramen_interfaces/local/lib/python3.10/dist-packages/ramen_interfaces/libramen_interfaces__rosidl_generator_py.so
[11.137s] -- Installing: /home/you/ros2_term/install/ramen_interfaces/local/lib/python3.10/dist-packages/ramen_interfaces/ramen_interfaces_s__rosidl_typesupport_introspection_c.cpython-310-x86_64-linux-gnu.so
[11.137s] -- Installing: /home/you/ros2_term/install/ramen_interfaces/local/lib/python3.10/dist-packages/ramen_interfaces/action
[11.138s] -- Installing: /home/you/ros2_term/install/ramen_interfaces/local/lib/python3.10/dist-packages/ramen_interfaces/action/_request_remake.py
[11.138s] -- Installing: /home/you/ros2_term/install/ramen_interfaces/local/lib/python3.10/dist-packages/ramen_interfaces/action/_request_remake_s.c
[11.138s] -- Installing: /home/you/ros2_term/install/ramen_interfaces/local/lib/python3.10/dist-packages/ramen_interfaces/action/_serve_ramen_s.c
[11.138s] -- Installing: /home/you/ros2_term/install/ramen_interfaces/local/lib/python3.10/dist-packages/ramen_interfaces/action/__init__.py
[11.138s] -- Installing: /home/you/ros2_term/install/ramen_interfaces/local/lib/python3.10/dist-packages/ramen_interfaces/action/_serve_ramen.py
[11.138s] -- Installing: /home/you/ros2_term/install/ramen_interfaces/local/lib/python3.10/dist-packages/ramen_interfaces/msg
[11.138s] -- Installing: /home/you/ros2_term/install/ramen_interfaces/local/lib/python3.10/dist-packages/ramen_interfaces/msg/_cooked_ramen.py
[11.138s] -- Installing: /home/you/ros2_term/install/ramen_interfaces/local/lib/python3.10/dist-packages/ramen_interfaces/msg/_ramen_order_s.c
[11.139s] -- Installing: /home/you/ros2_term/install/ramen_interfaces/local/lib/python3.10/dist-packages/ramen_interfaces/msg/_cooked_ramen_s.c
[11.139s] -- Installing: /home/you/ros2_term/install/ramen_interfaces/local/lib/python3.10/dist-packages/ramen_interfaces/msg/__init__.py
[11.139s] -- Installing: /home/you/ros2_term/install/ramen_interfaces/local/lib/python3.10/dist-packages/ramen_interfaces/msg/_ramen_order.py
[11.139s] -- Installing: /home/you/ros2_term/install/ramen_interfaces/local/lib/python3.10/dist-packages/ramen_interfaces/_ramen_interfaces_s.ep.rosidl_typesupport_c.c
[11.139s] -- Installing: /home/you/ros2_term/install/ramen_interfaces/local/lib/python3.10/dist-packages/ramen_interfaces/ramen_interfaces_s__rosidl_typesupport_c.cpython-310-x86_64-linux-gnu.so
[11.189s] Listing '/home/you/ros2_term/install/ramen_interfaces/local/lib/python3.10/dist-packages/ramen_interfaces'...
[11.189s] Compiling '/home/you/ros2_term/install/ramen_interfaces/local/lib/python3.10/dist-packages/ramen_interfaces/__init__.py'...
[11.189s] Listing '/home/you/ros2_term/install/ramen_interfaces/local/lib/python3.10/dist-packages/ramen_interfaces/action'...
[11.190s] Compiling '/home/you/ros2_term/install/ramen_interfaces/local/lib/python3.10/dist-packages/ramen_interfaces/action/__init__.py'...
[11.190s] Compiling '/home/you/ros2_term/install/ramen_interfaces/local/lib/python3.10/dist-packages/ramen_interfaces/action/_request_remake.py'...
[11.190s] Compiling '/home/you/ros2_term/install/ramen_interfaces/local/lib/python3.10/dist-packages/ramen_interfaces/action/_serve_ramen.py'...
[11.190s] Listing '/home/you/ros2_term/install/ramen_interfaces/local/lib/python3.10/dist-packages/ramen_interfaces/msg'...
[11.190s] Compiling '/home/you/ros2_term/install/ramen_interfaces/local/lib/python3.10/dist-packages/ramen_interfaces/msg/__init__.py'...
[11.190s] Compiling '/home/you/ros2_term/install/ramen_interfaces/local/lib/python3.10/dist-packages/ramen_interfaces/msg/_cooked_ramen.py'...
[11.190s] Compiling '/home/you/ros2_term/install/ramen_interfaces/local/lib/python3.10/dist-packages/ramen_interfaces/msg/_ramen_order.py'...
[11.195s] -- Installing: /home/you/ros2_term/install/ramen_interfaces/local/lib/python3.10/dist-packages/ramen_interfaces/ramen_interfaces_s__rosidl_typesupport_fastrtps_c.cpython-310-x86_64-linux-gnu.so
[11.195s] -- Set runtime path of "/home/you/ros2_term/install/ramen_interfaces/local/lib/python3.10/dist-packages/ramen_interfaces/ramen_interfaces_s__rosidl_typesupport_fastrtps_c.cpython-310-x86_64-linux-gnu.so" to ""
[11.195s] -- Installing: /home/you/ros2_term/install/ramen_interfaces/local/lib/python3.10/dist-packages/ramen_interfaces/ramen_interfaces_s__rosidl_typesupport_introspection_c.cpython-310-x86_64-linux-gnu.so
[11.195s] -- Set runtime path of "/home/you/ros2_term/install/ramen_interfaces/local/lib/python3.10/dist-packages/ramen_interfaces/ramen_interfaces_s__rosidl_typesupport_introspection_c.cpython-310-x86_64-linux-gnu.so" to ""
[11.195s] -- Installing: /home/you/ros2_term/install/ramen_interfaces/local/lib/python3.10/dist-packages/ramen_interfaces/ramen_interfaces_s__rosidl_typesupport_c.cpython-310-x86_64-linux-gnu.so
[11.196s] -- Set runtime path of "/home/you/ros2_term/install/ramen_interfaces/local/lib/python3.10/dist-packages/ramen_interfaces/ramen_interfaces_s__rosidl_typesupport_c.cpython-310-x86_64-linux-gnu.so" to ""
[11.196s] -- Installing: /home/you/ros2_term/install/ramen_interfaces/lib/libramen_interfaces__rosidl_generator_py.so
[11.196s] -- Set runtime path of "/home/you/ros2_term/install/ramen_interfaces/lib/libramen_interfaces__rosidl_generator_py.so" to ""
[11.196s] -- Installing: /home/you/ros2_term/install/ramen_interfaces/share/ramen_interfaces/msg/RamenOrder.idl
[11.196s] -- Installing: /home/you/ros2_term/install/ramen_interfaces/share/ramen_interfaces/msg/CookedRamen.idl
[11.197s] -- Installing: /home/you/ros2_term/install/ramen_interfaces/share/ramen_interfaces/action/ServeRamen.idl
[11.197s] -- Installing: /home/you/ros2_term/install/ramen_interfaces/share/ramen_interfaces/action/RequestRemake.idl
[11.197s] -- Installing: /home/you/ros2_term/install/ramen_interfaces/share/ramen_interfaces/msg/RamenOrder.msg
[11.197s] -- Installing: /home/you/ros2_term/install/ramen_interfaces/share/ramen_interfaces/msg/CookedRamen.msg
[11.197s] -- Installing: /home/you/ros2_term/install/ramen_interfaces/share/ramen_interfaces/action/ServeRamen.action
[11.197s] -- Installing: /home/you/ros2_term/install/ramen_interfaces/share/ramen_interfaces/action/RequestRemake.action
[11.197s] -- Installing: /home/you/ros2_term/install/ramen_interfaces/share/ament_index/resource_index/package_run_dependencies/ramen_interfaces
[11.198s] -- Installing: /home/you/ros2_term/install/ramen_interfaces/share/ament_index/resource_index/parent_prefix_path/ramen_interfaces
[11.198s] -- Installing: /home/you/ros2_term/install/ramen_interfaces/share/ramen_interfaces/environment/ament_prefix_path.sh
[11.198s] -- Installing: /home/you/ros2_term/install/ramen_interfaces/share/ramen_interfaces/environment/ament_prefix_path.dsv
[11.198s] -- Installing: /home/you/ros2_term/install/ramen_interfaces/share/ramen_interfaces/environment/path.sh
[11.198s] -- Installing: /home/you/ros2_term/install/ramen_interfaces/share/ramen_interfaces/environment/path.dsv
[11.198s] -- Installing: /home/you/ros2_term/install/ramen_interfaces/share/ramen_interfaces/local_setup.bash
[11.198s] -- Installing: /home/you/ros2_term/install/ramen_interfaces/share/ramen_interfaces/local_setup.sh
[11.199s] -- Installing: /home/you/ros2_term/install/ramen_interfaces/share/ramen_interfaces/local_setup.zsh
[11.199s] -- Installing: /home/you/ros2_term/install/ramen_interfaces/share/ramen_interfaces/local_setup.dsv
[11.199s] -- Installing: /home/you/ros2_term/install/ramen_interfaces/share/ramen_interfaces/package.dsv
[11.199s] -- Installing: /home/you/ros2_term/install/ramen_interfaces/share/ament_index/resource_index/packages/ramen_interfaces
[11.199s] -- Installing: /home/you/ros2_term/install/ramen_interfaces/share/ramen_interfaces/cmake/export_ramen_interfaces__rosidl_generator_cExport.cmake
[11.199s] -- Installing: /home/you/ros2_term/install/ramen_interfaces/share/ramen_interfaces/cmake/export_ramen_interfaces__rosidl_generator_cExport-noconfig.cmake
[11.200s] -- Installing: /home/you/ros2_term/install/ramen_interfaces/share/ramen_interfaces/cmake/export_ramen_interfaces__rosidl_typesupport_fastrtps_cExport.cmake
[11.200s] -- Installing: /home/you/ros2_term/install/ramen_interfaces/share/ramen_interfaces/cmake/export_ramen_interfaces__rosidl_typesupport_fastrtps_cExport-noconfig.cmake
[11.200s] -- Installing: /home/you/ros2_term/install/ramen_interfaces/share/ramen_interfaces/cmake/ramen_interfaces__rosidl_typesupport_introspection_cExport.cmake
[11.200s] -- Installing: /home/you/ros2_term/install/ramen_interfaces/share/ramen_interfaces/cmake/ramen_interfaces__rosidl_typesupport_introspection_cExport-noconfig.cmake
[11.200s] -- Installing: /home/you/ros2_term/install/ramen_interfaces/share/ramen_interfaces/cmake/ramen_interfaces__rosidl_typesupport_cExport.cmake
[11.200s] -- Installing: /home/you/ros2_term/install/ramen_interfaces/share/ramen_interfaces/cmake/ramen_interfaces__rosidl_typesupport_cExport-noconfig.cmake
[11.201s] -- Installing: /home/you/ros2_term/install/ramen_interfaces/share/ramen_interfaces/cmake/export_ramen_interfaces__rosidl_generator_cppExport.cmake
[11.201s] -- Installing: /home/you/ros2_term/install/ramen_interfaces/share/ramen_interfaces/cmake/export_ramen_interfaces__rosidl_typesupport_fastrtps_cppExport.cmake
[11.201s] -- Installing: /home/you/ros2_term/install/ramen_interfaces/share/ramen_interfaces/cmake/export_ramen_interfaces__rosidl_typesupport_fastrtps_cppExport-noconfig.cmake
[11.201s] -- Installing: /home/you/ros2_term/install/ramen_interfaces/share/ramen_interfaces/cmake/ramen_interfaces__rosidl_typesupport_introspection_cppExport.cmake
[11.201s] -- Installing: /home/you/ros2_term/install/ramen_interfaces/share/ramen_interfaces/cmake/ramen_interfaces__rosidl_typesupport_introspection_cppExport-noconfig.cmake
[11.201s] -- Installing: /home/you/ros2_term/install/ramen_interfaces/share/ramen_interfaces/cmake/ramen_interfaces__rosidl_typesupport_cppExport.cmake
[11.202s] -- Installing: /home/you/ros2_term/install/ramen_interfaces/share/ramen_interfaces/cmake/ramen_interfaces__rosidl_typesupport_cppExport-noconfig.cmake
[11.202s] -- Installing: /home/you/ros2_term/install/ramen_interfaces/share/ramen_interfaces/cmake/export_ramen_interfaces__rosidl_generator_pyExport.cmake
[11.202s] -- Installing: /home/you/ros2_term/install/ramen_interfaces/share/ramen_interfaces/cmake/export_ramen_interfaces__rosidl_generator_pyExport-noconfig.cmake
[11.202s] -- Installing: /home/you/ros2_term/install/ramen_interfaces/share/ramen_interfaces/cmake/rosidl_cmake-extras.cmake
[11.202s] -- Installing: /home/you/ros2_term/install/ramen_interfaces/share/ramen_interfaces/cmake/ament_cmake_export_dependencies-extras.cmake
[11.202s] -- Installing: /home/you/ros2_term/install/ramen_interfaces/share/ramen_interfaces/cmake/ament_cmake_export_include_directories-extras.cmake
[11.202s] -- Installing: /home/you/ros2_term/install/ramen_interfaces/share/ramen_interfaces/cmake/ament_cmake_export_libraries-extras.cmake
[11.202s] -- Installing: /home/you/ros2_term/install/ramen_interfaces/share/ramen_interfaces/cmake/ament_cmake_export_targets-extras.cmake
[11.202s] -- Installing: /home/you/ros2_term/install/ramen_interfaces/share/ramen_interfaces/cmake/rosidl_cmake_export_typesupport_targets-extras.cmake
[11.203s] -- Installing: /home/you/ros2_term/install/ramen_interfaces/share/ramen_interfaces/cmake/rosidl_cmake_export_typesupport_libraries-extras.cmake
[11.203s] -- Installing: /home/you/ros2_term/install/ramen_interfaces/share/ramen_interfaces/cmake/ramen_interfacesConfig.cmake
[11.203s] -- Installing: /home/you/ros2_term/install/ramen_interfaces/share/ramen_interfaces/cmake/ramen_interfacesConfig-version.cmake
[11.203s] -- Installing: /home/you/ros2_term/install/ramen_interfaces/share/ramen_interfaces/package.xml
[11.205s] Invoked command in '/home/you/ros2_term/build/ramen_interfaces' returned '0': CMAKE_PREFIX_PATH=/opt/ros/humble /usr/bin/cmake --install /home/you/ros2_term/build/ramen_interfaces
