[0.009s] Invoking command in '/home/shiha/ros2_termproject/build/ramen_interfaces': CMAKE_PREFIX_PATH=${CMAKE_PREFIX_PATH}:/home/shiha/ros2_termproject/install/ramen_table:/home/shiha/ros2_termproject/install/ramen_serving:/home/shiha/ros2_termproject/install/ramen_kitchen:/home/shiha/my_ws/install/using_my_custom_interface_package:/home/shiha/my_ws/install/time_sync:/home/shiha/my_ws/install/my_rclpy_package:/home/shiha/my_ws/install/learning_tf2:/home/shiha/my_ws/install/gz_demo:/opt/ros/jazzy /usr/bin/cmake --build /home/shiha/ros2_termproject/build/ramen_interfaces -- -j18 -l18
[0.056s] [  1%] Built target ramen_interfaces__rosidl_generator_type_description
[0.065s] [  1%] Built target ament_cmake_python_copy_ramen_interfaces
[0.074s] [  2%] Built target ramen_interfaces__cpp
[0.077s] [ 25%] Built target ramen_interfaces__rosidl_generator_c
[0.097s] [ 35%] Built target ramen_interfaces__rosidl_typesupport_c
[0.104s] [ 44%] Built target ramen_interfaces__rosidl_typesupport_fastrtps_c
[0.104s] [ 54%] Built target ramen_interfaces__rosidl_typesupport_fastrtps_cpp
[0.106s] [ 63%] Built target ramen_interfaces__rosidl_typesupport_cpp
[0.108s] [ 72%] Built target ramen_interfaces__rosidl_typesupport_introspection_cpp
[0.108s] [ 82%] Built target ramen_interfaces__rosidl_typesupport_introspection_c
[0.126s] [ 82%] Built target ramen_interfaces
[0.144s] [ 83%] Built target ramen_interfaces__py
[0.165s] [ 91%] Built target ramen_interfaces__rosidl_generator_py
[0.184s] [ 94%] Built target ramen_interfaces_s__rosidl_typesupport_introspection_c
[0.184s] [ 97%] Built target ramen_interfaces_s__rosidl_typesupport_c
[0.185s] [100%] Built target ramen_interfaces_s__rosidl_typesupport_fastrtps_c
[0.236s] running egg_info
[0.250s] writing ramen_interfaces.egg-info/PKG-INFO
[0.250s] writing dependency_links to ramen_interfaces.egg-info/dependency_links.txt
[0.250s] writing top-level names to ramen_interfaces.egg-info/top_level.txt
[0.293s] reading manifest file 'ramen_interfaces.egg-info/SOURCES.txt'
[0.293s] writing manifest file 'ramen_interfaces.egg-info/SOURCES.txt'
[0.316s] [100%] Built target ament_cmake_python_build_ramen_interfaces_egg
[0.326s] Invoked command in '/home/shiha/ros2_termproject/build/ramen_interfaces' returned '0': CMAKE_PREFIX_PATH=${CMAKE_PREFIX_PATH}:/home/shiha/ros2_termproject/install/ramen_table:/home/shiha/ros2_termproject/install/ramen_serving:/home/shiha/ros2_termproject/install/ramen_kitchen:/home/shiha/my_ws/install/using_my_custom_interface_package:/home/shiha/my_ws/install/time_sync:/home/shiha/my_ws/install/my_rclpy_package:/home/shiha/my_ws/install/learning_tf2:/home/shiha/my_ws/install/gz_demo:/opt/ros/jazzy /usr/bin/cmake --build /home/shiha/ros2_termproject/build/ramen_interfaces -- -j18 -l18
[0.335s] Invoking command in '/home/shiha/ros2_termproject/build/ramen_interfaces': CMAKE_PREFIX_PATH=${CMAKE_PREFIX_PATH}:/home/shiha/ros2_termproject/install/ramen_table:/home/shiha/ros2_termproject/install/ramen_serving:/home/shiha/ros2_termproject/install/ramen_kitchen:/home/shiha/my_ws/install/using_my_custom_interface_package:/home/shiha/my_ws/install/time_sync:/home/shiha/my_ws/install/my_rclpy_package:/home/shiha/my_ws/install/learning_tf2:/home/shiha/my_ws/install/gz_demo:/opt/ros/jazzy /usr/bin/cmake --install /home/shiha/ros2_termproject/build/ramen_interfaces
[0.342s] -- Install configuration: ""
[0.343s] -- Up-to-date: /home/shiha/ros2_termproject/install/ramen_interfaces/share/ament_index/resource_index/rosidl_interfaces/ramen_interfaces
[0.343s] -- Up-to-date: /home/shiha/ros2_termproject/install/ramen_interfaces/share/ramen_interfaces/msg/RamenOrder.json
[0.343s] -- Up-to-date: /home/shiha/ros2_termproject/install/ramen_interfaces/share/ramen_interfaces/msg/CookedRamen.json
[0.343s] -- Up-to-date: /home/shiha/ros2_termproject/install/ramen_interfaces/share/ramen_interfaces/action/ServeRamen.json
[0.343s] -- Up-to-date: /home/shiha/ros2_termproject/install/ramen_interfaces/share/ramen_interfaces/action/RequestRemake.json
[0.343s] -- Up-to-date: /home/shiha/ros2_termproject/install/ramen_interfaces/share/ramen_interfaces/srv/PayOrder.json
[0.343s] -- Up-to-date: /home/shiha/ros2_termproject/install/ramen_interfaces/include/ramen_interfaces/ramen_interfaces
[0.344s] -- Up-to-date: /home/shiha/ros2_termproject/install/ramen_interfaces/include/ramen_interfaces/ramen_interfaces/msg
[0.344s] -- Up-to-date: /home/shiha/ros2_termproject/install/ramen_interfaces/include/ramen_interfaces/ramen_interfaces/msg/cooked_ramen.h
[0.344s] -- Up-to-date: /home/shiha/ros2_termproject/install/ramen_interfaces/include/ramen_interfaces/ramen_interfaces/msg/ramen_order.h
[0.344s] -- Up-to-date: /home/shiha/ros2_termproject/install/ramen_interfaces/include/ramen_interfaces/ramen_interfaces/msg/rosidl_generator_c__visibility_control.h
[0.344s] -- Up-to-date: /home/shiha/ros2_termproject/install/ramen_interfaces/include/ramen_interfaces/ramen_interfaces/msg/detail
[0.344s] -- Installing: /home/shiha/ros2_termproject/install/ramen_interfaces/include/ramen_interfaces/ramen_interfaces/msg/detail/cooked_ramen__type_support.c
[0.344s] -- Up-to-date: /home/shiha/ros2_termproject/install/ramen_interfaces/include/ramen_interfaces/ramen_interfaces/msg/detail/ramen_order__functions.h
[0.344s] -- Up-to-date: /home/shiha/ros2_termproject/install/ramen_interfaces/include/ramen_interfaces/ramen_interfaces/msg/detail/cooked_ramen__struct.h
[0.344s] -- Up-to-date: /home/shiha/ros2_termproject/install/ramen_interfaces/include/ramen_interfaces/ramen_interfaces/msg/detail/ramen_order__description.c
[0.344s] -- Up-to-date: /home/shiha/ros2_termproject/install/ramen_interfaces/include/ramen_interfaces/ramen_interfaces/msg/detail/cooked_ramen__type_support.h
[0.344s] -- Up-to-date: /home/shiha/ros2_termproject/install/ramen_interfaces/include/ramen_interfaces/ramen_interfaces/msg/detail/ramen_order__struct.h
[0.345s] -- Up-to-date: /home/shiha/ros2_termproject/install/ramen_interfaces/include/ramen_interfaces/ramen_interfaces/msg/detail/ramen_order__type_support.h
[0.345s] -- Up-to-date: /home/shiha/ros2_termproject/install/ramen_interfaces/include/ramen_interfaces/ramen_interfaces/msg/detail/cooked_ramen__functions.h
[0.345s] -- Up-to-date: /home/shiha/ros2_termproject/install/ramen_interfaces/include/ramen_interfaces/ramen_interfaces/msg/detail/ramen_order__functions.c
[0.345s] -- Up-to-date: /home/shiha/ros2_termproject/install/ramen_interfaces/include/ramen_interfaces/ramen_interfaces/msg/detail/cooked_ramen__description.c
[0.345s] -- Up-to-date: /home/shiha/ros2_termproject/install/ramen_interfaces/include/ramen_interfaces/ramen_interfaces/msg/detail/cooked_ramen__functions.c
[0.345s] -- Installing: /home/shiha/ros2_termproject/install/ramen_interfaces/include/ramen_interfaces/ramen_interfaces/msg/detail/ramen_order__type_support.c
[0.345s] -- Up-to-date: /home/shiha/ros2_termproject/install/ramen_interfaces/include/ramen_interfaces/ramen_interfaces/action
[0.345s] -- Up-to-date: /home/shiha/ros2_termproject/install/ramen_interfaces/include/ramen_interfaces/ramen_interfaces/action/detail
[0.345s] -- Installing: /home/shiha/ros2_termproject/install/ramen_interfaces/include/ramen_interfaces/ramen_interfaces/action/detail/request_remake__type_support.c
[0.345s] -- Up-to-date: /home/shiha/ros2_termproject/install/ramen_interfaces/include/ramen_interfaces/ramen_interfaces/action/detail/request_remake__type_support.h
[0.345s] -- Up-to-date: /home/shiha/ros2_termproject/install/ramen_interfaces/include/ramen_interfaces/ramen_interfaces/action/detail/serve_ramen__struct.h
[0.345s] -- Up-to-date: /home/shiha/ros2_termproject/install/ramen_interfaces/include/ramen_interfaces/ramen_interfaces/action/detail/serve_ramen__functions.h
[0.346s] -- Up-to-date: /home/shiha/ros2_termproject/install/ramen_interfaces/include/ramen_interfaces/ramen_interfaces/action/detail/request_remake__functions.c
[0.346s] -- Installing: /home/shiha/ros2_termproject/install/ramen_interfaces/include/ramen_interfaces/ramen_interfaces/action/detail/serve_ramen__type_support.c
[0.346s] -- Up-to-date: /home/shiha/ros2_termproject/install/ramen_interfaces/include/ramen_interfaces/ramen_interfaces/action/detail/serve_ramen__functions.c
[0.346s] -- Up-to-date: /home/shiha/ros2_termproject/install/ramen_interfaces/include/ramen_interfaces/ramen_interfaces/action/detail/serve_ramen__type_support.h
[0.346s] -- Up-to-date: /home/shiha/ros2_termproject/install/ramen_interfaces/include/ramen_interfaces/ramen_interfaces/action/detail/serve_ramen__description.c
[0.346s] -- Up-to-date: /home/shiha/ros2_termproject/install/ramen_interfaces/include/ramen_interfaces/ramen_interfaces/action/detail/request_remake__functions.h
[0.347s] -- Up-to-date: /home/shiha/ros2_termproject/install/ramen_interfaces/include/ramen_interfaces/ramen_interfaces/action/detail/request_remake__struct.h
[0.347s] -- Up-to-date: /home/shiha/ros2_termproject/install/ramen_interfaces/include/ramen_interfaces/ramen_interfaces/action/detail/request_remake__description.c
[0.347s] -- Up-to-date: /home/shiha/ros2_termproject/install/ramen_interfaces/include/ramen_interfaces/ramen_interfaces/action/serve_ramen.h
[0.347s] -- Up-to-date: /home/shiha/ros2_termproject/install/ramen_interfaces/include/ramen_interfaces/ramen_interfaces/action/request_remake.h
[0.347s] -- Up-to-date: /home/shiha/ros2_termproject/install/ramen_interfaces/include/ramen_interfaces/ramen_interfaces/srv
[0.347s] -- Up-to-date: /home/shiha/ros2_termproject/install/ramen_interfaces/include/ramen_interfaces/ramen_interfaces/srv/detail
[0.347s] -- Up-to-date: /home/shiha/ros2_termproject/install/ramen_interfaces/include/ramen_interfaces/ramen_interfaces/srv/detail/pay_order__description.c
[0.347s] -- Installing: /home/shiha/ros2_termproject/install/ramen_interfaces/include/ramen_interfaces/ramen_interfaces/srv/detail/pay_order__type_support.c
[0.347s] -- Up-to-date: /home/shiha/ros2_termproject/install/ramen_interfaces/include/ramen_interfaces/ramen_interfaces/srv/detail/pay_order__type_support.h
[0.348s] -- Up-to-date: /home/shiha/ros2_termproject/install/ramen_interfaces/include/ramen_interfaces/ramen_interfaces/srv/detail/pay_order__struct.h
[0.348s] -- Up-to-date: /home/shiha/ros2_termproject/install/ramen_interfaces/include/ramen_interfaces/ramen_interfaces/srv/detail/pay_order__functions.c
[0.348s] -- Up-to-date: /home/shiha/ros2_termproject/install/ramen_interfaces/include/ramen_interfaces/ramen_interfaces/srv/detail/pay_order__functions.h
[0.348s] -- Up-to-date: /home/shiha/ros2_termproject/install/ramen_interfaces/include/ramen_interfaces/ramen_interfaces/srv/pay_order.h
[0.348s] -- Up-to-date: /home/shiha/ros2_termproject/install/ramen_interfaces/share/ramen_interfaces/environment/library_path.sh
[0.348s] -- Up-to-date: /home/shiha/ros2_termproject/install/ramen_interfaces/share/ramen_interfaces/environment/library_path.dsv
[0.349s] -- Up-to-date: /home/shiha/ros2_termproject/install/ramen_interfaces/lib/libramen_interfaces__rosidl_generator_c.so
[0.349s] -- Up-to-date: /home/shiha/ros2_termproject/install/ramen_interfaces/include/ramen_interfaces/ramen_interfaces
[0.349s] -- Up-to-date: /home/shiha/ros2_termproject/install/ramen_interfaces/include/ramen_interfaces/ramen_interfaces/msg
[0.349s] -- Up-to-date: /home/shiha/ros2_termproject/install/ramen_interfaces/include/ramen_interfaces/ramen_interfaces/msg/detail
[0.349s] -- Up-to-date: /home/shiha/ros2_termproject/install/ramen_interfaces/include/ramen_interfaces/ramen_interfaces/msg/detail/cooked_ramen__rosidl_typesupport_fastrtps_c.h
[0.349s] -- Up-to-date: /home/shiha/ros2_termproject/install/ramen_interfaces/include/ramen_interfaces/ramen_interfaces/msg/detail/ramen_order__rosidl_typesupport_fastrtps_c.h
[0.350s] -- Up-to-date: /home/shiha/ros2_termproject/install/ramen_interfaces/include/ramen_interfaces/ramen_interfaces/msg/rosidl_typesupport_fastrtps_c__visibility_control.h
[0.350s] -- Up-to-date: /home/shiha/ros2_termproject/install/ramen_interfaces/include/ramen_interfaces/ramen_interfaces/action
[0.350s] -- Up-to-date: /home/shiha/ros2_termproject/install/ramen_interfaces/include/ramen_interfaces/ramen_interfaces/action/detail
[0.350s] -- Up-to-date: /home/shiha/ros2_termproject/install/ramen_interfaces/include/ramen_interfaces/ramen_interfaces/action/detail/serve_ramen__rosidl_typesupport_fastrtps_c.h
[0.351s] -- Up-to-date: /home/shiha/ros2_termproject/install/ramen_interfaces/include/ramen_interfaces/ramen_interfaces/action/detail/request_remake__rosidl_typesupport_fastrtps_c.h
[0.351s] -- Up-to-date: /home/shiha/ros2_termproject/install/ramen_interfaces/include/ramen_interfaces/ramen_interfaces/srv
[0.351s] -- Up-to-date: /home/shiha/ros2_termproject/install/ramen_interfaces/include/ramen_interfaces/ramen_interfaces/srv/detail
[0.351s] -- Up-to-date: /home/shiha/ros2_termproject/install/ramen_interfaces/include/ramen_interfaces/ramen_interfaces/srv/detail/pay_order__rosidl_typesupport_fastrtps_c.h
[0.351s] -- Up-to-date: /home/shiha/ros2_termproject/install/ramen_interfaces/lib/libramen_interfaces__rosidl_typesupport_fastrtps_c.so
[0.351s] -- Up-to-date: /home/shiha/ros2_termproject/install/ramen_interfaces/include/ramen_interfaces/ramen_interfaces
[0.351s] -- Up-to-date: /home/shiha/ros2_termproject/install/ramen_interfaces/include/ramen_interfaces/ramen_interfaces/msg
[0.351s] -- Up-to-date: /home/shiha/ros2_termproject/install/ramen_interfaces/include/ramen_interfaces/ramen_interfaces/msg/rosidl_typesupport_introspection_c__visibility_control.h
[0.351s] -- Up-to-date: /home/shiha/ros2_termproject/install/ramen_interfaces/include/ramen_interfaces/ramen_interfaces/msg/detail
[0.352s] -- Up-to-date: /home/shiha/ros2_termproject/install/ramen_interfaces/include/ramen_interfaces/ramen_interfaces/msg/detail/ramen_order__rosidl_typesupport_introspection_c.h
[0.352s] -- Installing: /home/shiha/ros2_termproject/install/ramen_interfaces/include/ramen_interfaces/ramen_interfaces/msg/detail/cooked_ramen__type_support.c
[0.352s] -- Up-to-date: /home/shiha/ros2_termproject/install/ramen_interfaces/include/ramen_interfaces/ramen_interfaces/msg/detail/cooked_ramen__rosidl_typesupport_introspection_c.h
[0.352s] -- Installing: /home/shiha/ros2_termproject/install/ramen_interfaces/include/ramen_interfaces/ramen_interfaces/msg/detail/ramen_order__type_support.c
[0.352s] -- Up-to-date: /home/shiha/ros2_termproject/install/ramen_interfaces/include/ramen_interfaces/ramen_interfaces/action
[0.352s] -- Up-to-date: /home/shiha/ros2_termproject/install/ramen_interfaces/include/ramen_interfaces/ramen_interfaces/action/detail
[0.352s] -- Installing: /home/shiha/ros2_termproject/install/ramen_interfaces/include/ramen_interfaces/ramen_interfaces/action/detail/request_remake__type_support.c
[0.352s] -- Installing: /home/shiha/ros2_termproject/install/ramen_interfaces/include/ramen_interfaces/ramen_interfaces/action/detail/serve_ramen__type_support.c
[0.352s] -- Up-to-date: /home/shiha/ros2_termproject/install/ramen_interfaces/include/ramen_interfaces/ramen_interfaces/action/detail/serve_ramen__rosidl_typesupport_introspection_c.h
[0.352s] -- Up-to-date: /home/shiha/ros2_termproject/install/ramen_interfaces/include/ramen_interfaces/ramen_interfaces/action/detail/request_remake__rosidl_typesupport_introspection_c.h
[0.352s] -- Up-to-date: /home/shiha/ros2_termproject/install/ramen_interfaces/include/ramen_interfaces/ramen_interfaces/srv
[0.352s] -- Up-to-date: /home/shiha/ros2_termproject/install/ramen_interfaces/include/ramen_interfaces/ramen_interfaces/srv/detail
[0.352s] -- Installing: /home/shiha/ros2_termproject/install/ramen_interfaces/include/ramen_interfaces/ramen_interfaces/srv/detail/pay_order__type_support.c
[0.352s] -- Up-to-date: /home/shiha/ros2_termproject/install/ramen_interfaces/include/ramen_interfaces/ramen_interfaces/srv/detail/pay_order__rosidl_typesupport_introspection_c.h
[0.352s] -- Up-to-date: /home/shiha/ros2_termproject/install/ramen_interfaces/lib/libramen_interfaces__rosidl_typesupport_introspection_c.so
[0.353s] -- Up-to-date: /home/shiha/ros2_termproject/install/ramen_interfaces/lib/libramen_interfaces__rosidl_typesupport_c.so
[0.353s] -- Up-to-date: /home/shiha/ros2_termproject/install/ramen_interfaces/include/ramen_interfaces/ramen_interfaces
[0.353s] -- Up-to-date: /home/shiha/ros2_termproject/install/ramen_interfaces/include/ramen_interfaces/ramen_interfaces/msg
[0.353s] -- Up-to-date: /home/shiha/ros2_termproject/install/ramen_interfaces/include/ramen_interfaces/ramen_interfaces/msg/cooked_ramen.hpp
[0.353s] -- Up-to-date: /home/shiha/ros2_termproject/install/ramen_interfaces/include/ramen_interfaces/ramen_interfaces/msg/rosidl_generator_cpp__visibility_control.hpp
[0.353s] -- Up-to-date: /home/shiha/ros2_termproject/install/ramen_interfaces/include/ramen_interfaces/ramen_interfaces/msg/detail
[0.353s] -- Up-to-date: /home/shiha/ros2_termproject/install/ramen_interfaces/include/ramen_interfaces/ramen_interfaces/msg/detail/cooked_ramen__type_support.hpp
[0.353s] -- Up-to-date: /home/shiha/ros2_termproject/install/ramen_interfaces/include/ramen_interfaces/ramen_interfaces/msg/detail/cooked_ramen__struct.hpp
[0.353s] -- Up-to-date: /home/shiha/ros2_termproject/install/ramen_interfaces/include/ramen_interfaces/ramen_interfaces/msg/detail/cooked_ramen__traits.hpp
[0.353s] -- Up-to-date: /home/shiha/ros2_termproject/install/ramen_interfaces/include/ramen_interfaces/ramen_interfaces/msg/detail/ramen_order__builder.hpp
[0.353s] -- Up-to-date: /home/shiha/ros2_termproject/install/ramen_interfaces/include/ramen_interfaces/ramen_interfaces/msg/detail/ramen_order__type_support.hpp
[0.353s] -- Up-to-date: /home/shiha/ros2_termproject/install/ramen_interfaces/include/ramen_interfaces/ramen_interfaces/msg/detail/cooked_ramen__builder.hpp
[0.353s] -- Up-to-date: /home/shiha/ros2_termproject/install/ramen_interfaces/include/ramen_interfaces/ramen_interfaces/msg/detail/ramen_order__struct.hpp
[0.353s] -- Up-to-date: /home/shiha/ros2_termproject/install/ramen_interfaces/include/ramen_interfaces/ramen_interfaces/msg/detail/ramen_order__traits.hpp
[0.353s] -- Up-to-date: /home/shiha/ros2_termproject/install/ramen_interfaces/include/ramen_interfaces/ramen_interfaces/msg/ramen_order.hpp
[0.353s] -- Up-to-date: /home/shiha/ros2_termproject/install/ramen_interfaces/include/ramen_interfaces/ramen_interfaces/action
[0.353s] -- Up-to-date: /home/shiha/ros2_termproject/install/ramen_interfaces/include/ramen_interfaces/ramen_interfaces/action/serve_ramen.hpp
[0.353s] -- Up-to-date: /home/shiha/ros2_termproject/install/ramen_interfaces/include/ramen_interfaces/ramen_interfaces/action/request_remake.hpp
[0.353s] -- Up-to-date: /home/shiha/ros2_termproject/install/ramen_interfaces/include/ramen_interfaces/ramen_interfaces/action/detail
[0.353s] -- Up-to-date: /home/shiha/ros2_termproject/install/ramen_interfaces/include/ramen_interfaces/ramen_interfaces/action/detail/serve_ramen__traits.hpp
[0.353s] -- Up-to-date: /home/shiha/ros2_termproject/install/ramen_interfaces/include/ramen_interfaces/ramen_interfaces/action/detail/serve_ramen__struct.hpp
[0.353s] -- Up-to-date: /home/shiha/ros2_termproject/install/ramen_interfaces/include/ramen_interfaces/ramen_interfaces/action/detail/request_remake__struct.hpp
[0.353s] -- Up-to-date: /home/shiha/ros2_termproject/install/ramen_interfaces/include/ramen_interfaces/ramen_interfaces/action/detail/request_remake__traits.hpp
[0.353s] -- Up-to-date: /home/shiha/ros2_termproject/install/ramen_interfaces/include/ramen_interfaces/ramen_interfaces/action/detail/serve_ramen__builder.hpp
[0.353s] -- Up-to-date: /home/shiha/ros2_termproject/install/ramen_interfaces/include/ramen_interfaces/ramen_interfaces/action/detail/request_remake__type_support.hpp
[0.353s] -- Up-to-date: /home/shiha/ros2_termproject/install/ramen_interfaces/include/ramen_interfaces/ramen_interfaces/action/detail/serve_ramen__type_support.hpp
[0.353s] -- Up-to-date: /home/shiha/ros2_termproject/install/ramen_interfaces/include/ramen_interfaces/ramen_interfaces/action/detail/request_remake__builder.hpp
[0.354s] -- Up-to-date: /home/shiha/ros2_termproject/install/ramen_interfaces/include/ramen_interfaces/ramen_interfaces/srv
[0.354s] -- Up-to-date: /home/shiha/ros2_termproject/install/ramen_interfaces/include/ramen_interfaces/ramen_interfaces/srv/detail
[0.354s] -- Up-to-date: /home/shiha/ros2_termproject/install/ramen_interfaces/include/ramen_interfaces/ramen_interfaces/srv/detail/pay_order__builder.hpp
[0.354s] -- Up-to-date: /home/shiha/ros2_termproject/install/ramen_interfaces/include/ramen_interfaces/ramen_interfaces/srv/detail/pay_order__type_support.hpp
[0.354s] -- Up-to-date: /home/shiha/ros2_termproject/install/ramen_interfaces/include/ramen_interfaces/ramen_interfaces/srv/detail/pay_order__traits.hpp
[0.354s] -- Up-to-date: /home/shiha/ros2_termproject/install/ramen_interfaces/include/ramen_interfaces/ramen_interfaces/srv/detail/pay_order__struct.hpp
[0.354s] -- Up-to-date: /home/shiha/ros2_termproject/install/ramen_interfaces/include/ramen_interfaces/ramen_interfaces/srv/pay_order.hpp
[0.354s] -- Up-to-date: /home/shiha/ros2_termproject/install/ramen_interfaces/include/ramen_interfaces/ramen_interfaces
[0.354s] -- Up-to-date: /home/shiha/ros2_termproject/install/ramen_interfaces/include/ramen_interfaces/ramen_interfaces/msg
[0.354s] -- Up-to-date: /home/shiha/ros2_termproject/install/ramen_interfaces/include/ramen_interfaces/ramen_interfaces/msg/detail
[0.354s] -- Up-to-date: /home/shiha/ros2_termproject/install/ramen_interfaces/include/ramen_interfaces/ramen_interfaces/msg/detail/ramen_order__rosidl_typesupport_fastrtps_cpp.hpp
[0.354s] -- Up-to-date: /home/shiha/ros2_termproject/install/ramen_interfaces/include/ramen_interfaces/ramen_interfaces/msg/detail/dds_fastrtps
[0.354s] -- Up-to-date: /home/shiha/ros2_termproject/install/ramen_interfaces/include/ramen_interfaces/ramen_interfaces/msg/detail/cooked_ramen__rosidl_typesupport_fastrtps_cpp.hpp
[0.354s] -- Up-to-date: /home/shiha/ros2_termproject/install/ramen_interfaces/include/ramen_interfaces/ramen_interfaces/msg/rosidl_typesupport_fastrtps_cpp__visibility_control.h
[0.354s] -- Up-to-date: /home/shiha/ros2_termproject/install/ramen_interfaces/include/ramen_interfaces/ramen_interfaces/action
[0.354s] -- Up-to-date: /home/shiha/ros2_termproject/install/ramen_interfaces/include/ramen_interfaces/ramen_interfaces/action/detail
[0.354s] -- Up-to-date: /home/shiha/ros2_termproject/install/ramen_interfaces/include/ramen_interfaces/ramen_interfaces/action/detail/request_remake__rosidl_typesupport_fastrtps_cpp.hpp
[0.354s] -- Up-to-date: /home/shiha/ros2_termproject/install/ramen_interfaces/include/ramen_interfaces/ramen_interfaces/action/detail/dds_fastrtps
[0.354s] -- Up-to-date: /home/shiha/ros2_termproject/install/ramen_interfaces/include/ramen_interfaces/ramen_interfaces/action/detail/serve_ramen__rosidl_typesupport_fastrtps_cpp.hpp
[0.354s] -- Up-to-date: /home/shiha/ros2_termproject/install/ramen_interfaces/include/ramen_interfaces/ramen_interfaces/srv
[0.354s] -- Up-to-date: /home/shiha/ros2_termproject/install/ramen_interfaces/include/ramen_interfaces/ramen_interfaces/srv/detail
[0.355s] -- Up-to-date: /home/shiha/ros2_termproject/install/ramen_interfaces/include/ramen_interfaces/ramen_interfaces/srv/detail/dds_fastrtps
[0.355s] -- Up-to-date: /home/shiha/ros2_termproject/install/ramen_interfaces/include/ramen_interfaces/ramen_interfaces/srv/detail/pay_order__rosidl_typesupport_fastrtps_cpp.hpp
[0.355s] -- Up-to-date: /home/shiha/ros2_termproject/install/ramen_interfaces/lib/libramen_interfaces__rosidl_typesupport_fastrtps_cpp.so
[0.355s] -- Up-to-date: /home/shiha/ros2_termproject/install/ramen_interfaces/include/ramen_interfaces/ramen_interfaces
[0.355s] -- Up-to-date: /home/shiha/ros2_termproject/install/ramen_interfaces/include/ramen_interfaces/ramen_interfaces/msg
[0.355s] -- Up-to-date: /home/shiha/ros2_termproject/install/ramen_interfaces/include/ramen_interfaces/ramen_interfaces/msg/detail
[0.355s] -- Up-to-date: /home/shiha/ros2_termproject/install/ramen_interfaces/include/ramen_interfaces/ramen_interfaces/msg/detail/ramen_order__rosidl_typesupport_introspection_cpp.hpp
[0.355s] -- Up-to-date: /home/shiha/ros2_termproject/install/ramen_interfaces/include/ramen_interfaces/ramen_interfaces/msg/detail/ramen_order__type_support.cpp
[0.355s] -- Up-to-date: /home/shiha/ros2_termproject/install/ramen_interfaces/include/ramen_interfaces/ramen_interfaces/msg/detail/cooked_ramen__type_support.cpp
[0.355s] -- Up-to-date: /home/shiha/ros2_termproject/install/ramen_interfaces/include/ramen_interfaces/ramen_interfaces/msg/detail/cooked_ramen__rosidl_typesupport_introspection_cpp.hpp
[0.356s] -- Up-to-date: /home/shiha/ros2_termproject/install/ramen_interfaces/include/ramen_interfaces/ramen_interfaces/action
[0.356s] -- Up-to-date: /home/shiha/ros2_termproject/install/ramen_interfaces/include/ramen_interfaces/ramen_interfaces/action/detail
[0.356s] -- Up-to-date: /home/shiha/ros2_termproject/install/ramen_interfaces/include/ramen_interfaces/ramen_interfaces/action/detail/request_remake__rosidl_typesupport_introspection_cpp.hpp
[0.356s] -- Up-to-date: /home/shiha/ros2_termproject/install/ramen_interfaces/include/ramen_interfaces/ramen_interfaces/action/detail/request_remake__type_support.cpp
[0.357s] -- Up-to-date: /home/shiha/ros2_termproject/install/ramen_interfaces/include/ramen_interfaces/ramen_interfaces/action/detail/serve_ramen__rosidl_typesupport_introspection_cpp.hpp
[0.357s] -- Up-to-date: /home/shiha/ros2_termproject/install/ramen_interfaces/include/ramen_interfaces/ramen_interfaces/action/detail/serve_ramen__type_support.cpp
[0.357s] -- Up-to-date: /home/shiha/ros2_termproject/install/ramen_interfaces/include/ramen_interfaces/ramen_interfaces/srv
[0.357s] -- Up-to-date: /home/shiha/ros2_termproject/install/ramen_interfaces/include/ramen_interfaces/ramen_interfaces/srv/detail
[0.357s] -- Up-to-date: /home/shiha/ros2_termproject/install/ramen_interfaces/include/ramen_interfaces/ramen_interfaces/srv/detail/pay_order__rosidl_typesupport_introspection_cpp.hpp
[0.357s] -- Up-to-date: /home/shiha/ros2_termproject/install/ramen_interfaces/include/ramen_interfaces/ramen_interfaces/srv/detail/pay_order__type_support.cpp
[0.357s] -- Up-to-date: /home/shiha/ros2_termproject/install/ramen_interfaces/lib/libramen_interfaces__rosidl_typesupport_introspection_cpp.so
[0.357s] -- Up-to-date: /home/shiha/ros2_termproject/install/ramen_interfaces/lib/libramen_interfaces__rosidl_typesupport_cpp.so
[0.357s] -- Up-to-date: /home/shiha/ros2_termproject/install/ramen_interfaces/share/ramen_interfaces/environment/pythonpath.sh
[0.357s] -- Up-to-date: /home/shiha/ros2_termproject/install/ramen_interfaces/share/ramen_interfaces/environment/pythonpath.dsv
[0.357s] -- Up-to-date: /home/shiha/ros2_termproject/install/ramen_interfaces/lib/python3.12/site-packages/ramen_interfaces-0.0.0-py3.12.egg-info
[0.357s] -- Installing: /home/shiha/ros2_termproject/install/ramen_interfaces/lib/python3.12/site-packages/ramen_interfaces-0.0.0-py3.12.egg-info/dependency_links.txt
[0.357s] -- Installing: /home/shiha/ros2_termproject/install/ramen_interfaces/lib/python3.12/site-packages/ramen_interfaces-0.0.0-py3.12.egg-info/SOURCES.txt
[0.357s] -- Installing: /home/shiha/ros2_termproject/install/ramen_interfaces/lib/python3.12/site-packages/ramen_interfaces-0.0.0-py3.12.egg-info/top_level.txt
[0.357s] -- Installing: /home/shiha/ros2_termproject/install/ramen_interfaces/lib/python3.12/site-packages/ramen_interfaces-0.0.0-py3.12.egg-info/PKG-INFO
[0.357s] -- Up-to-date: /home/shiha/ros2_termproject/install/ramen_interfaces/lib/python3.12/site-packages/ramen_interfaces
[0.357s] -- Up-to-date: /home/shiha/ros2_termproject/install/ramen_interfaces/lib/python3.12/site-packages/ramen_interfaces/msg
[0.357s] -- Up-to-date: /home/shiha/ros2_termproject/install/ramen_interfaces/lib/python3.12/site-packages/ramen_interfaces/msg/_cooked_ramen.py
[0.357s] -- Up-to-date: /home/shiha/ros2_termproject/install/ramen_interfaces/lib/python3.12/site-packages/ramen_interfaces/msg/_ramen_order_s.c
[0.357s] -- Up-to-date: /home/shiha/ros2_termproject/install/ramen_interfaces/lib/python3.12/site-packages/ramen_interfaces/msg/_cooked_ramen_s.c
[0.357s] -- Up-to-date: /home/shiha/ros2_termproject/install/ramen_interfaces/lib/python3.12/site-packages/ramen_interfaces/msg/__init__.py
[0.357s] -- Up-to-date: /home/shiha/ros2_termproject/install/ramen_interfaces/lib/python3.12/site-packages/ramen_interfaces/msg/_ramen_order.py
[0.357s] -- Up-to-date: /home/shiha/ros2_termproject/install/ramen_interfaces/lib/python3.12/site-packages/ramen_interfaces/ramen_interfaces_s__rosidl_typesupport_fastrtps_c.so
[0.357s] -- Up-to-date: /home/shiha/ros2_termproject/install/ramen_interfaces/lib/python3.12/site-packages/ramen_interfaces/_ramen_interfaces_s.ep.rosidl_typesupport_c.c
[0.357s] -- Up-to-date: /home/shiha/ros2_termproject/install/ramen_interfaces/lib/python3.12/site-packages/ramen_interfaces/ramen_interfaces_s__rosidl_typesupport_introspection_c.so
[0.358s] -- Up-to-date: /home/shiha/ros2_termproject/install/ramen_interfaces/lib/python3.12/site-packages/ramen_interfaces/_ramen_interfaces_s.ep.rosidl_typesupport_introspection_c.c
[0.358s] -- Up-to-date: /home/shiha/ros2_termproject/install/ramen_interfaces/lib/python3.12/site-packages/ramen_interfaces/action
[0.358s] -- Up-to-date: /home/shiha/ros2_termproject/install/ramen_interfaces/lib/python3.12/site-packages/ramen_interfaces/action/_serve_ramen.py
[0.358s] -- Up-to-date: /home/shiha/ros2_termproject/install/ramen_interfaces/lib/python3.12/site-packages/ramen_interfaces/action/_request_remake.py
[0.358s] -- Up-to-date: /home/shiha/ros2_termproject/install/ramen_interfaces/lib/python3.12/site-packages/ramen_interfaces/action/_request_remake_s.c
[0.358s] -- Up-to-date: /home/shiha/ros2_termproject/install/ramen_interfaces/lib/python3.12/site-packages/ramen_interfaces/action/__init__.py
[0.358s] -- Up-to-date: /home/shiha/ros2_termproject/install/ramen_interfaces/lib/python3.12/site-packages/ramen_interfaces/action/_serve_ramen_s.c
[0.358s] -- Up-to-date: /home/shiha/ros2_termproject/install/ramen_interfaces/lib/python3.12/site-packages/ramen_interfaces/srv
[0.358s] -- Up-to-date: /home/shiha/ros2_termproject/install/ramen_interfaces/lib/python3.12/site-packages/ramen_interfaces/srv/_pay_order.py
[0.358s] -- Up-to-date: /home/shiha/ros2_termproject/install/ramen_interfaces/lib/python3.12/site-packages/ramen_interfaces/srv/_pay_order_s.c
[0.358s] -- Up-to-date: /home/shiha/ros2_termproject/install/ramen_interfaces/lib/python3.12/site-packages/ramen_interfaces/srv/__init__.py
[0.358s] -- Up-to-date: /home/shiha/ros2_termproject/install/ramen_interfaces/lib/python3.12/site-packages/ramen_interfaces/__init__.py
[0.358s] -- Up-to-date: /home/shiha/ros2_termproject/install/ramen_interfaces/lib/python3.12/site-packages/ramen_interfaces/ramen_interfaces_s__rosidl_typesupport_c.so
[0.358s] -- Up-to-date: /home/shiha/ros2_termproject/install/ramen_interfaces/lib/python3.12/site-packages/ramen_interfaces/_ramen_interfaces_s.ep.rosidl_typesupport_fastrtps_c.c
[0.379s] Listing '/home/shiha/ros2_termproject/install/ramen_interfaces/lib/python3.12/site-packages/ramen_interfaces'...
[0.379s] Listing '/home/shiha/ros2_termproject/install/ramen_interfaces/lib/python3.12/site-packages/ramen_interfaces/action'...
[0.379s] Listing '/home/shiha/ros2_termproject/install/ramen_interfaces/lib/python3.12/site-packages/ramen_interfaces/msg'...
[0.379s] Listing '/home/shiha/ros2_termproject/install/ramen_interfaces/lib/python3.12/site-packages/ramen_interfaces/srv'...
[0.384s] -- Up-to-date: /home/shiha/ros2_termproject/install/ramen_interfaces/lib/python3.12/site-packages/ramen_interfaces/ramen_interfaces_s__rosidl_typesupport_fastrtps_c.so
[0.384s] -- Up-to-date: /home/shiha/ros2_termproject/install/ramen_interfaces/lib/python3.12/site-packages/ramen_interfaces/ramen_interfaces_s__rosidl_typesupport_introspection_c.so
[0.384s] -- Up-to-date: /home/shiha/ros2_termproject/install/ramen_interfaces/lib/python3.12/site-packages/ramen_interfaces/ramen_interfaces_s__rosidl_typesupport_c.so
[0.384s] -- Up-to-date: /home/shiha/ros2_termproject/install/ramen_interfaces/lib/libramen_interfaces__rosidl_generator_py.so
[0.384s] -- Up-to-date: /home/shiha/ros2_termproject/install/ramen_interfaces/share/ramen_interfaces/msg/RamenOrder.idl
[0.384s] -- Up-to-date: /home/shiha/ros2_termproject/install/ramen_interfaces/share/ramen_interfaces/msg/CookedRamen.idl
[0.384s] -- Up-to-date: /home/shiha/ros2_termproject/install/ramen_interfaces/share/ramen_interfaces/action/ServeRamen.idl
[0.384s] -- Up-to-date: /home/shiha/ros2_termproject/install/ramen_interfaces/share/ramen_interfaces/action/RequestRemake.idl
[0.385s] -- Up-to-date: /home/shiha/ros2_termproject/install/ramen_interfaces/share/ramen_interfaces/srv/PayOrder.idl
[0.385s] -- Up-to-date: /home/shiha/ros2_termproject/install/ramen_interfaces/share/ramen_interfaces/msg/RamenOrder.msg
[0.385s] -- Up-to-date: /home/shiha/ros2_termproject/install/ramen_interfaces/share/ramen_interfaces/msg/CookedRamen.msg
[0.385s] -- Up-to-date: /home/shiha/ros2_termproject/install/ramen_interfaces/share/ramen_interfaces/action/ServeRamen.action
[0.385s] -- Up-to-date: /home/shiha/ros2_termproject/install/ramen_interfaces/share/ramen_interfaces/action/RequestRemake.action
[0.385s] -- Up-to-date: /home/shiha/ros2_termproject/install/ramen_interfaces/share/ramen_interfaces/srv/PayOrder.srv
[0.386s] -- Up-to-date: /home/shiha/ros2_termproject/install/ramen_interfaces/share/ament_index/resource_index/package_run_dependencies/ramen_interfaces
[0.386s] -- Up-to-date: /home/shiha/ros2_termproject/install/ramen_interfaces/share/ament_index/resource_index/parent_prefix_path/ramen_interfaces
[0.386s] -- Up-to-date: /home/shiha/ros2_termproject/install/ramen_interfaces/share/ramen_interfaces/environment/ament_prefix_path.sh
[0.386s] -- Up-to-date: /home/shiha/ros2_termproject/install/ramen_interfaces/share/ramen_interfaces/environment/ament_prefix_path.dsv
[0.386s] -- Up-to-date: /home/shiha/ros2_termproject/install/ramen_interfaces/share/ramen_interfaces/environment/path.sh
[0.386s] -- Up-to-date: /home/shiha/ros2_termproject/install/ramen_interfaces/share/ramen_interfaces/environment/path.dsv
[0.386s] -- Up-to-date: /home/shiha/ros2_termproject/install/ramen_interfaces/share/ramen_interfaces/local_setup.bash
[0.386s] -- Up-to-date: /home/shiha/ros2_termproject/install/ramen_interfaces/share/ramen_interfaces/local_setup.sh
[0.386s] -- Up-to-date: /home/shiha/ros2_termproject/install/ramen_interfaces/share/ramen_interfaces/local_setup.zsh
[0.386s] -- Up-to-date: /home/shiha/ros2_termproject/install/ramen_interfaces/share/ramen_interfaces/local_setup.dsv
[0.386s] -- Installing: /home/shiha/ros2_termproject/install/ramen_interfaces/share/ramen_interfaces/package.dsv
[0.386s] -- Up-to-date: /home/shiha/ros2_termproject/install/ramen_interfaces/share/ament_index/resource_index/packages/ramen_interfaces
[0.386s] -- Up-to-date: /home/shiha/ros2_termproject/install/ramen_interfaces/share/ramen_interfaces/cmake/export_ramen_interfaces__rosidl_generator_cExport.cmake
[0.386s] -- Up-to-date: /home/shiha/ros2_termproject/install/ramen_interfaces/share/ramen_interfaces/cmake/export_ramen_interfaces__rosidl_generator_cExport-noconfig.cmake
[0.386s] -- Up-to-date: /home/shiha/ros2_termproject/install/ramen_interfaces/share/ramen_interfaces/cmake/export_ramen_interfaces__rosidl_typesupport_fastrtps_cExport.cmake
[0.386s] -- Up-to-date: /home/shiha/ros2_termproject/install/ramen_interfaces/share/ramen_interfaces/cmake/export_ramen_interfaces__rosidl_typesupport_fastrtps_cExport-noconfig.cmake
[0.387s] -- Up-to-date: /home/shiha/ros2_termproject/install/ramen_interfaces/share/ramen_interfaces/cmake/ramen_interfaces__rosidl_typesupport_introspection_cExport.cmake
[0.387s] -- Up-to-date: /home/shiha/ros2_termproject/install/ramen_interfaces/share/ramen_interfaces/cmake/ramen_interfaces__rosidl_typesupport_introspection_cExport-noconfig.cmake
[0.387s] -- Up-to-date: /home/shiha/ros2_termproject/install/ramen_interfaces/share/ramen_interfaces/cmake/ramen_interfaces__rosidl_typesupport_cExport.cmake
[0.387s] -- Up-to-date: /home/shiha/ros2_termproject/install/ramen_interfaces/share/ramen_interfaces/cmake/ramen_interfaces__rosidl_typesupport_cExport-noconfig.cmake
[0.387s] -- Up-to-date: /home/shiha/ros2_termproject/install/ramen_interfaces/share/ramen_interfaces/cmake/export_ramen_interfaces__rosidl_generator_cppExport.cmake
[0.387s] -- Up-to-date: /home/shiha/ros2_termproject/install/ramen_interfaces/share/ramen_interfaces/cmake/export_ramen_interfaces__rosidl_typesupport_fastrtps_cppExport.cmake
[0.387s] -- Up-to-date: /home/shiha/ros2_termproject/install/ramen_interfaces/share/ramen_interfaces/cmake/export_ramen_interfaces__rosidl_typesupport_fastrtps_cppExport-noconfig.cmake
[0.387s] -- Up-to-date: /home/shiha/ros2_termproject/install/ramen_interfaces/share/ramen_interfaces/cmake/ramen_interfaces__rosidl_typesupport_introspection_cppExport.cmake
[0.387s] -- Up-to-date: /home/shiha/ros2_termproject/install/ramen_interfaces/share/ramen_interfaces/cmake/ramen_interfaces__rosidl_typesupport_introspection_cppExport-noconfig.cmake
[0.387s] -- Up-to-date: /home/shiha/ros2_termproject/install/ramen_interfaces/share/ramen_interfaces/cmake/ramen_interfaces__rosidl_typesupport_cppExport.cmake
[0.387s] -- Up-to-date: /home/shiha/ros2_termproject/install/ramen_interfaces/share/ramen_interfaces/cmake/ramen_interfaces__rosidl_typesupport_cppExport-noconfig.cmake
[0.387s] -- Up-to-date: /home/shiha/ros2_termproject/install/ramen_interfaces/share/ramen_interfaces/cmake/export_ramen_interfaces__rosidl_generator_pyExport.cmake
[0.387s] -- Up-to-date: /home/shiha/ros2_termproject/install/ramen_interfaces/share/ramen_interfaces/cmake/export_ramen_interfaces__rosidl_generator_pyExport-noconfig.cmake
[0.387s] -- Up-to-date: /home/shiha/ros2_termproject/install/ramen_interfaces/share/ramen_interfaces/cmake/rosidl_cmake-extras.cmake
[0.387s] -- Up-to-date: /home/shiha/ros2_termproject/install/ramen_interfaces/share/ramen_interfaces/cmake/ament_cmake_export_dependencies-extras.cmake
[0.387s] -- Up-to-date: /home/shiha/ros2_termproject/install/ramen_interfaces/share/ramen_interfaces/cmake/ament_cmake_export_include_directories-extras.cmake
[0.387s] -- Up-to-date: /home/shiha/ros2_termproject/install/ramen_interfaces/share/ramen_interfaces/cmake/ament_cmake_export_libraries-extras.cmake
[0.387s] -- Up-to-date: /home/shiha/ros2_termproject/install/ramen_interfaces/share/ramen_interfaces/cmake/ament_cmake_export_targets-extras.cmake
[0.387s] -- Up-to-date: /home/shiha/ros2_termproject/install/ramen_interfaces/share/ramen_interfaces/cmake/rosidl_cmake_export_typesupport_targets-extras.cmake
[0.387s] -- Up-to-date: /home/shiha/ros2_termproject/install/ramen_interfaces/share/ramen_interfaces/cmake/rosidl_cmake_export_typesupport_libraries-extras.cmake
[0.387s] -- Up-to-date: /home/shiha/ros2_termproject/install/ramen_interfaces/share/ramen_interfaces/cmake/ramen_interfacesConfig.cmake
[0.387s] -- Up-to-date: /home/shiha/ros2_termproject/install/ramen_interfaces/share/ramen_interfaces/cmake/ramen_interfacesConfig-version.cmake
[0.387s] -- Up-to-date: /home/shiha/ros2_termproject/install/ramen_interfaces/share/ramen_interfaces/package.xml
[0.389s] Invoked command in '/home/shiha/ros2_termproject/build/ramen_interfaces' returned '0': CMAKE_PREFIX_PATH=${CMAKE_PREFIX_PATH}:/home/shiha/ros2_termproject/install/ramen_table:/home/shiha/ros2_termproject/install/ramen_serving:/home/shiha/ros2_termproject/install/ramen_kitchen:/home/shiha/my_ws/install/using_my_custom_interface_package:/home/shiha/my_ws/install/time_sync:/home/shiha/my_ws/install/my_rclpy_package:/home/shiha/my_ws/install/learning_tf2:/home/shiha/my_ws/install/gz_demo:/opt/ros/jazzy /usr/bin/cmake --install /home/shiha/ros2_termproject/build/ramen_interfaces
