[1.289s] Invoking command in '/home/shiha/ros2_termproject/src/ramen_serving': AMENT_PREFIX_PATH=/home/shiha/ros2_termproject/install/ramen_interfaces:${AMENT_PREFIX_PATH} CMAKE_PREFIX_PATH=/home/shiha/ros2_termproject/install/ramen_interfaces:${CMAKE_PREFIX_PATH} LD_LIBRARY_PATH=/home/shiha/ros2_termproject/install/ramen_interfaces/lib:${LD_LIBRARY_PATH} PYTHONPATH=/home/shiha/ros2_termproject/build/ramen_serving/prefix_override:/usr/lib/python3/dist-packages/colcon_core/task/python/colcon_distutils_commands:/home/shiha/ros2_termproject/install/ramen_serving/lib/python3.12/site-packages:/home/shiha/ros2_termproject/install/ramen_interfaces/lib/python3.12/site-packages:${PYTHONPATH} /usr/bin/python3 -W ignore:setup.py install is deprecated -W ignore:easy_install command is deprecated setup.py egg_info --egg-base ../../build/ramen_serving build --build-base /home/shiha/ros2_termproject/build/ramen_serving/build install --record /home/shiha/ros2_termproject/build/ramen_serving/install.log --single-version-externally-managed install_data
[1.542s] running egg_info
[1.542s] creating ../../build/ramen_serving/ramen_serving.egg-info
[1.560s] writing ../../build/ramen_serving/ramen_serving.egg-info/PKG-INFO
[1.560s] writing dependency_links to ../../build/ramen_serving/ramen_serving.egg-info/dependency_links.txt
[1.560s] writing entry points to ../../build/ramen_serving/ramen_serving.egg-info/entry_points.txt
[1.561s] writing requirements to ../../build/ramen_serving/ramen_serving.egg-info/requires.txt
[1.561s] writing top-level names to ../../build/ramen_serving/ramen_serving.egg-info/top_level.txt
[1.561s] writing manifest file '../../build/ramen_serving/ramen_serving.egg-info/SOURCES.txt'
[1.595s] reading manifest file '../../build/ramen_serving/ramen_serving.egg-info/SOURCES.txt'
[1.595s] writing manifest file '../../build/ramen_serving/ramen_serving.egg-info/SOURCES.txt'
[1.596s] running build
[1.596s] running build_py
[1.596s] creating /home/shiha/ros2_termproject/build/ramen_serving/build
[1.596s] creating /home/shiha/ros2_termproject/build/ramen_serving/build/lib
[1.597s] creating /home/shiha/ros2_termproject/build/ramen_serving/build/lib/ramen_serving
[1.597s] copying ramen_serving/__init__.py -> /home/shiha/ros2_termproject/build/ramen_serving/build/lib/ramen_serving
[1.597s] copying ramen_serving/robot_node.py -> /home/shiha/ros2_termproject/build/ramen_serving/build/lib/ramen_serving
[1.598s] running install
[1.604s] running install_lib
[1.624s] creating /home/shiha/ros2_termproject/install/ramen_serving/lib/python3.12/site-packages/ramen_serving
[1.624s] copying /home/shiha/ros2_termproject/build/ramen_serving/build/lib/ramen_serving/__init__.py -> /home/shiha/ros2_termproject/install/ramen_serving/lib/python3.12/site-packages/ramen_serving
[1.624s] copying /home/shiha/ros2_termproject/build/ramen_serving/build/lib/ramen_serving/robot_node.py -> /home/shiha/ros2_termproject/install/ramen_serving/lib/python3.12/site-packages/ramen_serving
[1.625s] byte-compiling /home/shiha/ros2_termproject/install/ramen_serving/lib/python3.12/site-packages/ramen_serving/__init__.py to __init__.cpython-312.pyc
[1.626s] byte-compiling /home/shiha/ros2_termproject/install/ramen_serving/lib/python3.12/site-packages/ramen_serving/robot_node.py to robot_node.cpython-312.pyc
[1.629s] running install_data
[1.629s] creating /home/shiha/ros2_termproject/install/ramen_serving/share/ament_index
[1.629s] creating /home/shiha/ros2_termproject/install/ramen_serving/share/ament_index/resource_index
[1.630s] creating /home/shiha/ros2_termproject/install/ramen_serving/share/ament_index/resource_index/packages
[1.630s] copying resource/ramen_serving -> /home/shiha/ros2_termproject/install/ramen_serving/share/ament_index/resource_index/packages
[1.630s] copying package.xml -> /home/shiha/ros2_termproject/install/ramen_serving/share/ramen_serving
[1.630s] running install_egg_info
[1.657s] Copying ../../build/ramen_serving/ramen_serving.egg-info to /home/shiha/ros2_termproject/install/ramen_serving/lib/python3.12/site-packages/ramen_serving-0.0.0-py3.12.egg-info
[1.660s] running install_scripts
[1.757s] Installing robot_node script to /home/shiha/ros2_termproject/install/ramen_serving/lib/ramen_serving
[1.758s] writing list of installed files to '/home/shiha/ros2_termproject/build/ramen_serving/install.log'
[1.798s] Invoked command in '/home/shiha/ros2_termproject/src/ramen_serving' returned '0': AMENT_PREFIX_PATH=/home/shiha/ros2_termproject/install/ramen_interfaces:${AMENT_PREFIX_PATH} CMAKE_PREFIX_PATH=/home/shiha/ros2_termproject/install/ramen_interfaces:${CMAKE_PREFIX_PATH} LD_LIBRARY_PATH=/home/shiha/ros2_termproject/install/ramen_interfaces/lib:${LD_LIBRARY_PATH} PYTHONPATH=/home/shiha/ros2_termproject/build/ramen_serving/prefix_override:/usr/lib/python3/dist-packages/colcon_core/task/python/colcon_distutils_commands:/home/shiha/ros2_termproject/install/ramen_serving/lib/python3.12/site-packages:/home/shiha/ros2_termproject/install/ramen_interfaces/lib/python3.12/site-packages:${PYTHONPATH} /usr/bin/python3 -W ignore:setup.py install is deprecated -W ignore:easy_install command is deprecated setup.py egg_info --egg-base ../../build/ramen_serving build --build-base /home/shiha/ros2_termproject/build/ramen_serving/build install --record /home/shiha/ros2_termproject/build/ramen_serving/install.log --single-version-externally-managed install_data
