[1.552s] Invoking command in '/home/shiha/ros2_termproject/src/ramen_kitchen': PYTHONPATH=/home/shiha/ros2_termproject/build/ramen_kitchen/prefix_override:/usr/lib/python3/dist-packages/colcon_core/task/python/colcon_distutils_commands:/home/shiha/ros2_termproject/install/ramen_kitchen/lib/python3.12/site-packages:/home/shiha/ros2_termproject/install/ramen_interfaces/lib/python3.12/site-packages:/home/shiha/ros2_termproject/install/ramen_table/lib/python3.12/site-packages:/home/shiha/ros2_termproject/install/ramen_serving/lib/python3.12/site-packages:/home/shiha/ros2_termproject/install/ramen_kitchen/lib/python3.12/site-packages:/home/shiha/my_ws/install/using_my_custom_interface_package/lib/python3.12/site-packages:/home/shiha/my_ws/install/time_sync_interface/lib/python3.12/site-packages:/home/shiha/my_ws/install/time_sync/lib/python3.12/site-packages:/home/shiha/my_ws/install/my_rclpy_package/lib/python3.12/site-packages:/home/shiha/my_ws/install/msg_interface_example/lib/python3.12/site-packages:/home/shiha/my_ws/install/learning_tf2/lib/python3.12/site-packages:/home/shiha/my_ws/install/gz_demo/lib/python3.12/site-packages:/opt/ros/jazzy/lib/python3.12/site-packages /usr/bin/python3 -W ignore:setup.py install is deprecated -W ignore:easy_install command is deprecated setup.py egg_info --egg-base ../../build/ramen_kitchen build --build-base /home/shiha/ros2_termproject/build/ramen_kitchen/build install --record /home/shiha/ros2_termproject/build/ramen_kitchen/install.log --single-version-externally-managed install_data
[1.901s] running egg_info
[1.928s] writing ../../build/ramen_kitchen/ramen_kitchen.egg-info/PKG-INFO
[1.929s] writing dependency_links to ../../build/ramen_kitchen/ramen_kitchen.egg-info/dependency_links.txt
[1.929s] writing entry points to ../../build/ramen_kitchen/ramen_kitchen.egg-info/entry_points.txt
[1.929s] writing requirements to ../../build/ramen_kitchen/ramen_kitchen.egg-info/requires.txt
[1.930s] writing top-level names to ../../build/ramen_kitchen/ramen_kitchen.egg-info/top_level.txt
[1.978s] reading manifest file '../../build/ramen_kitchen/ramen_kitchen.egg-info/SOURCES.txt'
[1.979s] writing manifest file '../../build/ramen_kitchen/ramen_kitchen.egg-info/SOURCES.txt'
[1.980s] running build
[1.980s] running build_py
[1.980s] running install
[1.989s] running install_lib
[2.019s] running install_data
[2.020s] running install_egg_info
[2.052s] removing '/home/shiha/ros2_termproject/install/ramen_kitchen/lib/python3.12/site-packages/ramen_kitchen-0.0.0-py3.12.egg-info' (and everything under it)
[2.053s] Copying ../../build/ramen_kitchen/ramen_kitchen.egg-info to /home/shiha/ros2_termproject/install/ramen_kitchen/lib/python3.12/site-packages/ramen_kitchen-0.0.0-py3.12.egg-info
[2.054s] running install_scripts
[2.228s] Installing kitchen_node script to /home/shiha/ros2_termproject/install/ramen_kitchen/lib/ramen_kitchen
[2.228s] writing list of installed files to '/home/shiha/ros2_termproject/build/ramen_kitchen/install.log'
[2.269s] Invoked command in '/home/shiha/ros2_termproject/src/ramen_kitchen' returned '0': PYTHONPATH=/home/shiha/ros2_termproject/build/ramen_kitchen/prefix_override:/usr/lib/python3/dist-packages/colcon_core/task/python/colcon_distutils_commands:/home/shiha/ros2_termproject/install/ramen_kitchen/lib/python3.12/site-packages:/home/shiha/ros2_termproject/install/ramen_interfaces/lib/python3.12/site-packages:/home/shiha/ros2_termproject/install/ramen_table/lib/python3.12/site-packages:/home/shiha/ros2_termproject/install/ramen_serving/lib/python3.12/site-packages:/home/shiha/ros2_termproject/install/ramen_kitchen/lib/python3.12/site-packages:/home/shiha/my_ws/install/using_my_custom_interface_package/lib/python3.12/site-packages:/home/shiha/my_ws/install/time_sync_interface/lib/python3.12/site-packages:/home/shiha/my_ws/install/time_sync/lib/python3.12/site-packages:/home/shiha/my_ws/install/my_rclpy_package/lib/python3.12/site-packages:/home/shiha/my_ws/install/msg_interface_example/lib/python3.12/site-packages:/home/shiha/my_ws/install/learning_tf2/lib/python3.12/site-packages:/home/shiha/my_ws/install/gz_demo/lib/python3.12/site-packages:/opt/ros/jazzy/lib/python3.12/site-packages /usr/bin/python3 -W ignore:setup.py install is deprecated -W ignore:easy_install command is deprecated setup.py egg_info --egg-base ../../build/ramen_kitchen build --build-base /home/shiha/ros2_termproject/build/ramen_kitchen/build install --record /home/shiha/ros2_termproject/build/ramen_kitchen/install.log --single-version-externally-managed install_data
