[1.745s] Invoking command in '/home/shiha/ros2_termproject/src/ramen_serving': PYTHONPATH=/home/shiha/ros2_termproject/build/ramen_serving/prefix_override:/usr/lib/python3/dist-packages/colcon_core/task/python/colcon_distutils_commands:/home/shiha/ros2_termproject/install/ramen_serving/lib/python3.12/site-packages:/home/shiha/ros2_termproject/install/ramen_interfaces/lib/python3.12/site-packages:/home/shiha/ros2_termproject/install/ramen_table/lib/python3.12/site-packages:/home/shiha/ros2_termproject/install/ramen_serving/lib/python3.12/site-packages:/home/shiha/ros2_termproject/install/ramen_kitchen/lib/python3.12/site-packages:/home/shiha/my_ws/install/using_my_custom_interface_package/lib/python3.12/site-packages:/home/shiha/my_ws/install/time_sync_interface/lib/python3.12/site-packages:/home/shiha/my_ws/install/time_sync/lib/python3.12/site-packages:/home/shiha/my_ws/install/my_rclpy_package/lib/python3.12/site-packages:/home/shiha/my_ws/install/msg_interface_example/lib/python3.12/site-packages:/home/shiha/my_ws/install/learning_tf2/lib/python3.12/site-packages:/home/shiha/my_ws/install/gz_demo/lib/python3.12/site-packages:/opt/ros/jazzy/lib/python3.12/site-packages /usr/bin/python3 -W ignore:setup.py install is deprecated -W ignore:easy_install command is deprecated setup.py egg_info --egg-base ../../build/ramen_serving build --build-base /home/shiha/ros2_termproject/build/ramen_serving/build install --record /home/shiha/ros2_termproject/build/ramen_serving/install.log --single-version-externally-managed install_data
[2.083s] running egg_info
[2.097s] writing ../../build/ramen_serving/ramen_serving.egg-info/PKG-INFO
[2.098s] writing dependency_links to ../../build/ramen_serving/ramen_serving.egg-info/dependency_links.txt
[2.098s] writing entry points to ../../build/ramen_serving/ramen_serving.egg-info/entry_points.txt
[2.098s] writing requirements to ../../build/ramen_serving/ramen_serving.egg-info/requires.txt
[2.098s] writing top-level names to ../../build/ramen_serving/ramen_serving.egg-info/top_level.txt
[2.144s] reading manifest file '../../build/ramen_serving/ramen_serving.egg-info/SOURCES.txt'
[2.145s] writing manifest file '../../build/ramen_serving/ramen_serving.egg-info/SOURCES.txt'
[2.146s] running build
[2.146s] running build_py
[2.146s] running install
[2.156s] running install_lib
[2.182s] running install_data
[2.182s] running install_egg_info
[2.206s] removing '/home/shiha/ros2_termproject/install/ramen_serving/lib/python3.12/site-packages/ramen_serving-0.0.0-py3.12.egg-info' (and everything under it)
[2.206s] Copying ../../build/ramen_serving/ramen_serving.egg-info to /home/shiha/ros2_termproject/install/ramen_serving/lib/python3.12/site-packages/ramen_serving-0.0.0-py3.12.egg-info
[2.207s] running install_scripts
[2.377s] Installing robot_node script to /home/shiha/ros2_termproject/install/ramen_serving/lib/ramen_serving
[2.377s] writing list of installed files to '/home/shiha/ros2_termproject/build/ramen_serving/install.log'
[2.410s] Invoked command in '/home/shiha/ros2_termproject/src/ramen_serving' returned '0': PYTHONPATH=/home/shiha/ros2_termproject/build/ramen_serving/prefix_override:/usr/lib/python3/dist-packages/colcon_core/task/python/colcon_distutils_commands:/home/shiha/ros2_termproject/install/ramen_serving/lib/python3.12/site-packages:/home/shiha/ros2_termproject/install/ramen_interfaces/lib/python3.12/site-packages:/home/shiha/ros2_termproject/install/ramen_table/lib/python3.12/site-packages:/home/shiha/ros2_termproject/install/ramen_serving/lib/python3.12/site-packages:/home/shiha/ros2_termproject/install/ramen_kitchen/lib/python3.12/site-packages:/home/shiha/my_ws/install/using_my_custom_interface_package/lib/python3.12/site-packages:/home/shiha/my_ws/install/time_sync_interface/lib/python3.12/site-packages:/home/shiha/my_ws/install/time_sync/lib/python3.12/site-packages:/home/shiha/my_ws/install/my_rclpy_package/lib/python3.12/site-packages:/home/shiha/my_ws/install/msg_interface_example/lib/python3.12/site-packages:/home/shiha/my_ws/install/learning_tf2/lib/python3.12/site-packages:/home/shiha/my_ws/install/gz_demo/lib/python3.12/site-packages:/opt/ros/jazzy/lib/python3.12/site-packages /usr/bin/python3 -W ignore:setup.py install is deprecated -W ignore:easy_install command is deprecated setup.py egg_info --egg-base ../../build/ramen_serving build --build-base /home/shiha/ros2_termproject/build/ramen_serving/build install --record /home/shiha/ros2_termproject/build/ramen_serving/install.log --single-version-externally-managed install_data
