[0.152s] DEBUG:colcon:Command line arguments: ['/usr/bin/colcon', 'build']
[0.153s] DEBUG:colcon:Parsed command line arguments: Namespace(log_base=None, log_level=None, verb_name='build', build_base='build', install_base='install', merge_install=False, symlink_install=False, test_result_base=None, continue_on_error=False, executor='parallel', parallel_workers=18, event_handlers=None, ignore_user_meta=False, metas=['./colcon.meta'], base_paths=['.'], packages_ignore=None, packages_ignore_regex=None, paths=None, packages_up_to=None, packages_up_to_regex=None, packages_above=None, packages_above_and_dependencies=None, packages_above_depth=None, packages_select_by_dep=None, packages_skip_by_dep=None, packages_skip_up_to=None, packages_select_build_failed=False, packages_skip_build_finished=False, packages_select_test_failures=False, packages_skip_test_passed=False, packages_select=None, packages_skip=None, packages_select_regex=None, packages_skip_regex=None, packages_start=None, packages_end=None, allow_overriding=[], cmake_args=None, cmake_target=None, cmake_target_skip_unavailable=False, cmake_clean_cache=False, cmake_clean_first=False, cmake_force_configure=False, ament_cmake_args=None, catkin_cmake_args=None, catkin_skip_building_tests=False, mixin_files=None, mixin=None, verb_parser=<colcon_mixin.mixin.mixin_argument.MixinArgumentDecorator object at 0x7e3c0607b5f0>, verb_extension=<colcon_core.verb.build.BuildVerb object at 0x7e3c06022900>, main=<bound method BuildVerb.main of <colcon_core.verb.build.BuildVerb object at 0x7e3c06022900>>, mixin_verb=('build',))
[0.197s] Level 1:colcon.colcon_core.package_discovery:discover_packages(colcon_meta) check parameters
[0.197s] Level 1:colcon.colcon_core.package_discovery:discover_packages(recursive) check parameters
[0.197s] Level 1:colcon.colcon_core.package_discovery:discover_packages(ignore) check parameters
[0.197s] Level 1:colcon.colcon_core.package_discovery:discover_packages(path) check parameters
[0.197s] Level 1:colcon.colcon_core.package_discovery:discover_packages(colcon_meta) discover
[0.197s] Level 1:colcon.colcon_core.package_discovery:discover_packages(recursive) discover
[0.197s] INFO:colcon.colcon_core.package_discovery:Crawling recursively for packages in '/home/shiha/ros2_termproject'
[0.197s] Level 1:colcon.colcon_core.package_identification:_identify(.) by extensions ['ignore', 'ignore_ament_install']
[0.198s] Level 1:colcon.colcon_core.package_identification:_identify(.) by extension 'ignore'
[0.198s] Level 1:colcon.colcon_core.package_identification:_identify(.) by extension 'ignore_ament_install'
[0.198s] Level 1:colcon.colcon_core.package_identification:_identify(.) by extensions ['colcon_pkg']
[0.198s] Level 1:colcon.colcon_core.package_identification:_identify(.) by extension 'colcon_pkg'
[0.198s] Level 1:colcon.colcon_core.package_identification:_identify(.) by extensions ['colcon_meta']
[0.198s] Level 1:colcon.colcon_core.package_identification:_identify(.) by extension 'colcon_meta'
[0.198s] Level 1:colcon.colcon_core.package_identification:_identify(.) by extensions ['ros']
[0.198s] Level 1:colcon.colcon_core.package_identification:_identify(.) by extension 'ros'
[0.221s] Level 1:colcon.colcon_core.package_identification:_identify(.) by extensions ['cmake', 'python']
[0.221s] Level 1:colcon.colcon_core.package_identification:_identify(.) by extension 'cmake'
[0.221s] Level 1:colcon.colcon_core.package_identification:_identify(.) by extension 'python'
[0.221s] Level 1:colcon.colcon_core.package_identification:_identify(.) by extensions ['python_setup_py']
[0.221s] Level 1:colcon.colcon_core.package_identification:_identify(.) by extension 'python_setup_py'
[0.221s] Level 1:colcon.colcon_core.package_identification:_identify(build) by extensions ['ignore', 'ignore_ament_install']
[0.221s] Level 1:colcon.colcon_core.package_identification:_identify(build) by extension 'ignore'
[0.221s] Level 1:colcon.colcon_core.package_identification:_identify(build) ignored
[0.221s] Level 1:colcon.colcon_core.package_identification:_identify(install) by extensions ['ignore', 'ignore_ament_install']
[0.221s] Level 1:colcon.colcon_core.package_identification:_identify(install) by extension 'ignore'
[0.221s] Level 1:colcon.colcon_core.package_identification:_identify(install) ignored
[0.221s] Level 1:colcon.colcon_core.package_identification:_identify(log) by extensions ['ignore', 'ignore_ament_install']
[0.221s] Level 1:colcon.colcon_core.package_identification:_identify(log) by extension 'ignore'
[0.221s] Level 1:colcon.colcon_core.package_identification:_identify(log) ignored
[0.221s] Level 1:colcon.colcon_core.package_identification:_identify(src) by extensions ['ignore', 'ignore_ament_install']
[0.221s] Level 1:colcon.colcon_core.package_identification:_identify(src) by extension 'ignore'
[0.221s] Level 1:colcon.colcon_core.package_identification:_identify(src) by extension 'ignore_ament_install'
[0.222s] Level 1:colcon.colcon_core.package_identification:_identify(src) by extensions ['colcon_pkg']
[0.222s] Level 1:colcon.colcon_core.package_identification:_identify(src) by extension 'colcon_pkg'
[0.222s] Level 1:colcon.colcon_core.package_identification:_identify(src) by extensions ['colcon_meta']
[0.222s] Level 1:colcon.colcon_core.package_identification:_identify(src) by extension 'colcon_meta'
[0.222s] Level 1:colcon.colcon_core.package_identification:_identify(src) by extensions ['ros']
[0.222s] Level 1:colcon.colcon_core.package_identification:_identify(src) by extension 'ros'
[0.222s] Level 1:colcon.colcon_core.package_identification:_identify(src) by extensions ['cmake', 'python']
[0.222s] Level 1:colcon.colcon_core.package_identification:_identify(src) by extension 'cmake'
[0.222s] Level 1:colcon.colcon_core.package_identification:_identify(src) by extension 'python'
[0.222s] Level 1:colcon.colcon_core.package_identification:_identify(src) by extensions ['python_setup_py']
[0.222s] Level 1:colcon.colcon_core.package_identification:_identify(src) by extension 'python_setup_py'
[0.222s] Level 1:colcon.colcon_core.package_identification:_identify(src/ramen_interfaces) by extensions ['ignore', 'ignore_ament_install']
[0.222s] Level 1:colcon.colcon_core.package_identification:_identify(src/ramen_interfaces) by extension 'ignore'
[0.222s] Level 1:colcon.colcon_core.package_identification:_identify(src/ramen_interfaces) by extension 'ignore_ament_install'
[0.222s] Level 1:colcon.colcon_core.package_identification:_identify(src/ramen_interfaces) by extensions ['colcon_pkg']
[0.222s] Level 1:colcon.colcon_core.package_identification:_identify(src/ramen_interfaces) by extension 'colcon_pkg'
[0.222s] Level 1:colcon.colcon_core.package_identification:_identify(src/ramen_interfaces) by extensions ['colcon_meta']
[0.222s] Level 1:colcon.colcon_core.package_identification:_identify(src/ramen_interfaces) by extension 'colcon_meta'
[0.222s] Level 1:colcon.colcon_core.package_identification:_identify(src/ramen_interfaces) by extensions ['ros']
[0.222s] Level 1:colcon.colcon_core.package_identification:_identify(src/ramen_interfaces) by extension 'ros'
[0.224s] DEBUG:colcon.colcon_core.package_identification:Package 'src/ramen_interfaces' with type 'ros.ament_cmake' and name 'ramen_interfaces'
[0.224s] Level 1:colcon.colcon_core.package_identification:_identify(src/ramen_kitchen) by extensions ['ignore', 'ignore_ament_install']
[0.224s] Level 1:colcon.colcon_core.package_identification:_identify(src/ramen_kitchen) by extension 'ignore'
[0.224s] Level 1:colcon.colcon_core.package_identification:_identify(src/ramen_kitchen) by extension 'ignore_ament_install'
[0.224s] Level 1:colcon.colcon_core.package_identification:_identify(src/ramen_kitchen) by extensions ['colcon_pkg']
[0.224s] Level 1:colcon.colcon_core.package_identification:_identify(src/ramen_kitchen) by extension 'colcon_pkg'
[0.224s] Level 1:colcon.colcon_core.package_identification:_identify(src/ramen_kitchen) by extensions ['colcon_meta']
[0.224s] Level 1:colcon.colcon_core.package_identification:_identify(src/ramen_kitchen) by extension 'colcon_meta'
[0.224s] Level 1:colcon.colcon_core.package_identification:_identify(src/ramen_kitchen) by extensions ['ros']
[0.224s] Level 1:colcon.colcon_core.package_identification:_identify(src/ramen_kitchen) by extension 'ros'
[0.225s] DEBUG:colcon.colcon_core.package_identification:Package 'src/ramen_kitchen' with type 'ros.ament_python' and name 'ramen_kitchen'
[0.225s] Level 1:colcon.colcon_core.package_identification:_identify(src/ramen_serving) by extensions ['ignore', 'ignore_ament_install']
[0.225s] Level 1:colcon.colcon_core.package_identification:_identify(src/ramen_serving) by extension 'ignore'
[0.225s] Level 1:colcon.colcon_core.package_identification:_identify(src/ramen_serving) by extension 'ignore_ament_install'
[0.225s] Level 1:colcon.colcon_core.package_identification:_identify(src/ramen_serving) by extensions ['colcon_pkg']
[0.225s] Level 1:colcon.colcon_core.package_identification:_identify(src/ramen_serving) by extension 'colcon_pkg'
[0.225s] Level 1:colcon.colcon_core.package_identification:_identify(src/ramen_serving) by extensions ['colcon_meta']
[0.225s] Level 1:colcon.colcon_core.package_identification:_identify(src/ramen_serving) by extension 'colcon_meta'
[0.225s] Level 1:colcon.colcon_core.package_identification:_identify(src/ramen_serving) by extensions ['ros']
[0.225s] Level 1:colcon.colcon_core.package_identification:_identify(src/ramen_serving) by extension 'ros'
[0.225s] DEBUG:colcon.colcon_core.package_identification:Package 'src/ramen_serving' with type 'ros.ament_python' and name 'ramen_serving'
[0.225s] Level 1:colcon.colcon_core.package_identification:_identify(src/ramen_table) by extensions ['ignore', 'ignore_ament_install']
[0.225s] Level 1:colcon.colcon_core.package_identification:_identify(src/ramen_table) by extension 'ignore'
[0.226s] Level 1:colcon.colcon_core.package_identification:_identify(src/ramen_table) by extension 'ignore_ament_install'
[0.226s] Level 1:colcon.colcon_core.package_identification:_identify(src/ramen_table) by extensions ['colcon_pkg']
[0.226s] Level 1:colcon.colcon_core.package_identification:_identify(src/ramen_table) by extension 'colcon_pkg'
[0.226s] Level 1:colcon.colcon_core.package_identification:_identify(src/ramen_table) by extensions ['colcon_meta']
[0.226s] Level 1:colcon.colcon_core.package_identification:_identify(src/ramen_table) by extension 'colcon_meta'
[0.226s] Level 1:colcon.colcon_core.package_identification:_identify(src/ramen_table) by extensions ['ros']
[0.226s] Level 1:colcon.colcon_core.package_identification:_identify(src/ramen_table) by extension 'ros'
[0.226s] DEBUG:colcon.colcon_core.package_identification:Package 'src/ramen_table' with type 'ros.ament_python' and name 'ramen_table'
[0.226s] Level 1:colcon.colcon_core.package_discovery:discover_packages(recursive) using defaults
[0.226s] Level 1:colcon.colcon_core.package_discovery:discover_packages(ignore) discover
[0.226s] Level 1:colcon.colcon_core.package_discovery:discover_packages(ignore) using defaults
[0.226s] Level 1:colcon.colcon_core.package_discovery:discover_packages(path) discover
[0.226s] Level 1:colcon.colcon_core.package_discovery:discover_packages(path) using defaults
[0.243s] Level 1:colcon.colcon_core.package_discovery:discover_packages(prefix_path) check parameters
[0.243s] Level 1:colcon.colcon_core.package_discovery:discover_packages(prefix_path) discover
[0.244s] DEBUG:colcon.colcon_installed_package_information.package_discovery:Found 4 installed packages in /home/shiha/ros2_termproject/install
[0.245s] DEBUG:colcon.colcon_installed_package_information.package_discovery:Found 7 installed packages in /home/shiha/my_ws/install
[0.246s] DEBUG:colcon.colcon_installed_package_information.package_discovery:Found 402 installed packages in /opt/ros/jazzy
[0.247s] Level 1:colcon.colcon_core.package_discovery:discover_packages(prefix_path) using defaults
[0.284s] Level 5:colcon.colcon_core.verb:set package 'ramen_interfaces' build argument 'cmake_args' from command line to 'None'
[0.284s] Level 5:colcon.colcon_core.verb:set package 'ramen_interfaces' build argument 'cmake_target' from command line to 'None'
[0.284s] Level 5:colcon.colcon_core.verb:set package 'ramen_interfaces' build argument 'cmake_target_skip_unavailable' from command line to 'False'
[0.284s] Level 5:colcon.colcon_core.verb:set package 'ramen_interfaces' build argument 'cmake_clean_cache' from command line to 'False'
[0.284s] Level 5:colcon.colcon_core.verb:set package 'ramen_interfaces' build argument 'cmake_clean_first' from command line to 'False'
[0.284s] Level 5:colcon.colcon_core.verb:set package 'ramen_interfaces' build argument 'cmake_force_configure' from command line to 'False'
[0.284s] Level 5:colcon.colcon_core.verb:set package 'ramen_interfaces' build argument 'ament_cmake_args' from command line to 'None'
[0.284s] Level 5:colcon.colcon_core.verb:set package 'ramen_interfaces' build argument 'catkin_cmake_args' from command line to 'None'
[0.284s] Level 5:colcon.colcon_core.verb:set package 'ramen_interfaces' build argument 'catkin_skip_building_tests' from command line to 'False'
[0.284s] DEBUG:colcon.colcon_core.verb:Building package 'ramen_interfaces' with the following arguments: {'ament_cmake_args': None, 'build_base': '/home/shiha/ros2_termproject/build/ramen_interfaces', 'catkin_cmake_args': None, 'catkin_skip_building_tests': False, 'cmake_args': None, 'cmake_clean_cache': False, 'cmake_clean_first': False, 'cmake_force_configure': False, 'cmake_target': None, 'cmake_target_skip_unavailable': False, 'install_base': '/home/shiha/ros2_termproject/install/ramen_interfaces', 'merge_install': False, 'path': '/home/shiha/ros2_termproject/src/ramen_interfaces', 'symlink_install': False, 'test_result_base': None}
[0.285s] Level 5:colcon.colcon_core.verb:set package 'ramen_kitchen' build argument 'cmake_args' from command line to 'None'
[0.285s] Level 5:colcon.colcon_core.verb:set package 'ramen_kitchen' build argument 'cmake_target' from command line to 'None'
[0.285s] Level 5:colcon.colcon_core.verb:set package 'ramen_kitchen' build argument 'cmake_target_skip_unavailable' from command line to 'False'
[0.285s] Level 5:colcon.colcon_core.verb:set package 'ramen_kitchen' build argument 'cmake_clean_cache' from command line to 'False'
[0.285s] Level 5:colcon.colcon_core.verb:set package 'ramen_kitchen' build argument 'cmake_clean_first' from command line to 'False'
[0.285s] Level 5:colcon.colcon_core.verb:set package 'ramen_kitchen' build argument 'cmake_force_configure' from command line to 'False'
[0.285s] Level 5:colcon.colcon_core.verb:set package 'ramen_kitchen' build argument 'ament_cmake_args' from command line to 'None'
[0.285s] Level 5:colcon.colcon_core.verb:set package 'ramen_kitchen' build argument 'catkin_cmake_args' from command line to 'None'
[0.285s] Level 5:colcon.colcon_core.verb:set package 'ramen_kitchen' build argument 'catkin_skip_building_tests' from command line to 'False'
[0.285s] DEBUG:colcon.colcon_core.verb:Building package 'ramen_kitchen' with the following arguments: {'ament_cmake_args': None, 'build_base': '/home/shiha/ros2_termproject/build/ramen_kitchen', 'catkin_cmake_args': None, 'catkin_skip_building_tests': False, 'cmake_args': None, 'cmake_clean_cache': False, 'cmake_clean_first': False, 'cmake_force_configure': False, 'cmake_target': None, 'cmake_target_skip_unavailable': False, 'install_base': '/home/shiha/ros2_termproject/install/ramen_kitchen', 'merge_install': False, 'path': '/home/shiha/ros2_termproject/src/ramen_kitchen', 'symlink_install': False, 'test_result_base': None}
[0.285s] Level 5:colcon.colcon_core.verb:set package 'ramen_serving' build argument 'cmake_args' from command line to 'None'
[0.285s] Level 5:colcon.colcon_core.verb:set package 'ramen_serving' build argument 'cmake_target' from command line to 'None'
[0.285s] Level 5:colcon.colcon_core.verb:set package 'ramen_serving' build argument 'cmake_target_skip_unavailable' from command line to 'False'
[0.285s] Level 5:colcon.colcon_core.verb:set package 'ramen_serving' build argument 'cmake_clean_cache' from command line to 'False'
[0.285s] Level 5:colcon.colcon_core.verb:set package 'ramen_serving' build argument 'cmake_clean_first' from command line to 'False'
[0.285s] Level 5:colcon.colcon_core.verb:set package 'ramen_serving' build argument 'cmake_force_configure' from command line to 'False'
[0.285s] Level 5:colcon.colcon_core.verb:set package 'ramen_serving' build argument 'ament_cmake_args' from command line to 'None'
[0.285s] Level 5:colcon.colcon_core.verb:set package 'ramen_serving' build argument 'catkin_cmake_args' from command line to 'None'
[0.285s] Level 5:colcon.colcon_core.verb:set package 'ramen_serving' build argument 'catkin_skip_building_tests' from command line to 'False'
[0.285s] DEBUG:colcon.colcon_core.verb:Building package 'ramen_serving' with the following arguments: {'ament_cmake_args': None, 'build_base': '/home/shiha/ros2_termproject/build/ramen_serving', 'catkin_cmake_args': None, 'catkin_skip_building_tests': False, 'cmake_args': None, 'cmake_clean_cache': False, 'cmake_clean_first': False, 'cmake_force_configure': False, 'cmake_target': None, 'cmake_target_skip_unavailable': False, 'install_base': '/home/shiha/ros2_termproject/install/ramen_serving', 'merge_install': False, 'path': '/home/shiha/ros2_termproject/src/ramen_serving', 'symlink_install': False, 'test_result_base': None}
[0.285s] Level 5:colcon.colcon_core.verb:set package 'ramen_table' build argument 'cmake_args' from command line to 'None'
[0.285s] Level 5:colcon.colcon_core.verb:set package 'ramen_table' build argument 'cmake_target' from command line to 'None'
[0.285s] Level 5:colcon.colcon_core.verb:set package 'ramen_table' build argument 'cmake_target_skip_unavailable' from command line to 'False'
[0.285s] Level 5:colcon.colcon_core.verb:set package 'ramen_table' build argument 'cmake_clean_cache' from command line to 'False'
[0.285s] Level 5:colcon.colcon_core.verb:set package 'ramen_table' build argument 'cmake_clean_first' from command line to 'False'
[0.285s] Level 5:colcon.colcon_core.verb:set package 'ramen_table' build argument 'cmake_force_configure' from command line to 'False'
[0.285s] Level 5:colcon.colcon_core.verb:set package 'ramen_table' build argument 'ament_cmake_args' from command line to 'None'
[0.285s] Level 5:colcon.colcon_core.verb:set package 'ramen_table' build argument 'catkin_cmake_args' from command line to 'None'
[0.285s] Level 5:colcon.colcon_core.verb:set package 'ramen_table' build argument 'catkin_skip_building_tests' from command line to 'False'
[0.285s] DEBUG:colcon.colcon_core.verb:Building package 'ramen_table' with the following arguments: {'ament_cmake_args': None, 'build_base': '/home/shiha/ros2_termproject/build/ramen_table', 'catkin_cmake_args': None, 'catkin_skip_building_tests': False, 'cmake_args': None, 'cmake_clean_cache': False, 'cmake_clean_first': False, 'cmake_force_configure': False, 'cmake_target': None, 'cmake_target_skip_unavailable': False, 'install_base': '/home/shiha/ros2_termproject/install/ramen_table', 'merge_install': False, 'path': '/home/shiha/ros2_termproject/src/ramen_table', 'symlink_install': False, 'test_result_base': None}
[0.285s] INFO:colcon.colcon_core.executor:Executing jobs using 'parallel' executor
[0.286s] DEBUG:colcon.colcon_parallel_executor.executor.parallel:run_until_complete
[0.287s] INFO:colcon.colcon_ros.task.ament_cmake.build:Building ROS package in '/home/shiha/ros2_termproject/src/ramen_interfaces' with build type 'ament_cmake'
[0.287s] INFO:colcon.colcon_cmake.task.cmake.build:Building CMake package in '/home/shiha/ros2_termproject/src/ramen_interfaces'
[0.289s] INFO:colcon.colcon_core.plugin_system:Skipping extension 'colcon_core.shell.bat': Not used on non-Windows systems
[0.289s] INFO:colcon.colcon_core.shell:Skip shell extension 'powershell' for command environment: Not usable outside of PowerShell
[0.289s] DEBUG:colcon.colcon_core.shell:Skip shell extension 'dsv' for command environment
[0.298s] DEBUG:colcon.colcon_core.event_handler.log_command:Invoking command in '/home/shiha/ros2_termproject/build/ramen_interfaces': CMAKE_PREFIX_PATH=${CMAKE_PREFIX_PATH}:/home/shiha/ros2_termproject/install/ramen_table:/home/shiha/ros2_termproject/install/ramen_serving:/home/shiha/ros2_termproject/install/ramen_kitchen:/home/shiha/my_ws/install/using_my_custom_interface_package:/home/shiha/my_ws/install/time_sync:/home/shiha/my_ws/install/my_rclpy_package:/home/shiha/my_ws/install/learning_tf2:/home/shiha/my_ws/install/gz_demo:/opt/ros/jazzy /usr/bin/cmake --build /home/shiha/ros2_termproject/build/ramen_interfaces -- -j18 -l18
[0.635s] DEBUG:colcon.colcon_core.event_handler.log_command:Invoked command in '/home/shiha/ros2_termproject/build/ramen_interfaces' returned '0': CMAKE_PREFIX_PATH=${CMAKE_PREFIX_PATH}:/home/shiha/ros2_termproject/install/ramen_table:/home/shiha/ros2_termproject/install/ramen_serving:/home/shiha/ros2_termproject/install/ramen_kitchen:/home/shiha/my_ws/install/using_my_custom_interface_package:/home/shiha/my_ws/install/time_sync:/home/shiha/my_ws/install/my_rclpy_package:/home/shiha/my_ws/install/learning_tf2:/home/shiha/my_ws/install/gz_demo:/opt/ros/jazzy /usr/bin/cmake --build /home/shiha/ros2_termproject/build/ramen_interfaces -- -j18 -l18
[0.643s] DEBUG:colcon.colcon_core.event_handler.log_command:Invoking command in '/home/shiha/ros2_termproject/build/ramen_interfaces': CMAKE_PREFIX_PATH=${CMAKE_PREFIX_PATH}:/home/shiha/ros2_termproject/install/ramen_table:/home/shiha/ros2_termproject/install/ramen_serving:/home/shiha/ros2_termproject/install/ramen_kitchen:/home/shiha/my_ws/install/using_my_custom_interface_package:/home/shiha/my_ws/install/time_sync:/home/shiha/my_ws/install/my_rclpy_package:/home/shiha/my_ws/install/learning_tf2:/home/shiha/my_ws/install/gz_demo:/opt/ros/jazzy /usr/bin/cmake --install /home/shiha/ros2_termproject/build/ramen_interfaces
[0.694s] Level 1:colcon.colcon_core.environment:create_environment_scripts_only(ramen_interfaces)
[0.694s] DEBUG:colcon.colcon_core.event_handler.log_command:Invoked command in '/home/shiha/ros2_termproject/build/ramen_interfaces' returned '0': CMAKE_PREFIX_PATH=${CMAKE_PREFIX_PATH}:/home/shiha/ros2_termproject/install/ramen_table:/home/shiha/ros2_termproject/install/ramen_serving:/home/shiha/ros2_termproject/install/ramen_kitchen:/home/shiha/my_ws/install/using_my_custom_interface_package:/home/shiha/my_ws/install/time_sync:/home/shiha/my_ws/install/my_rclpy_package:/home/shiha/my_ws/install/learning_tf2:/home/shiha/my_ws/install/gz_demo:/opt/ros/jazzy /usr/bin/cmake --install /home/shiha/ros2_termproject/build/ramen_interfaces
[0.695s] Level 1:colcon.colcon_core.environment:checking '/home/shiha/ros2_termproject/install/ramen_interfaces' for CMake module files
[0.696s] Level 1:colcon.colcon_core.environment:checking '/home/shiha/ros2_termproject/install/ramen_interfaces' for CMake config files
[0.696s] Level 1:colcon.colcon_core.shell:create_environment_hook('ramen_interfaces', 'cmake_prefix_path')
[0.696s] INFO:colcon.colcon_core.shell:Creating environment hook '/home/shiha/ros2_termproject/install/ramen_interfaces/share/ramen_interfaces/hook/cmake_prefix_path.ps1'
[0.697s] INFO:colcon.colcon_core.shell:Creating environment descriptor '/home/shiha/ros2_termproject/install/ramen_interfaces/share/ramen_interfaces/hook/cmake_prefix_path.dsv'
[0.697s] INFO:colcon.colcon_core.shell:Creating environment hook '/home/shiha/ros2_termproject/install/ramen_interfaces/share/ramen_interfaces/hook/cmake_prefix_path.sh'
[0.697s] Level 1:colcon.colcon_core.environment:checking '/home/shiha/ros2_termproject/install/ramen_interfaces/lib'
[0.698s] Level 1:colcon.colcon_core.shell:create_environment_hook('ramen_interfaces', 'ld_library_path_lib')
[0.698s] INFO:colcon.colcon_core.shell:Creating environment hook '/home/shiha/ros2_termproject/install/ramen_interfaces/share/ramen_interfaces/hook/ld_library_path_lib.ps1'
[0.698s] INFO:colcon.colcon_core.shell:Creating environment descriptor '/home/shiha/ros2_termproject/install/ramen_interfaces/share/ramen_interfaces/hook/ld_library_path_lib.dsv'
[0.698s] INFO:colcon.colcon_core.shell:Creating environment hook '/home/shiha/ros2_termproject/install/ramen_interfaces/share/ramen_interfaces/hook/ld_library_path_lib.sh'
[0.698s] Level 1:colcon.colcon_core.environment:checking '/home/shiha/ros2_termproject/install/ramen_interfaces/bin'
[0.698s] Level 1:colcon.colcon_core.environment:checking '/home/shiha/ros2_termproject/install/ramen_interfaces/lib/pkgconfig/ramen_interfaces.pc'
[0.699s] Level 1:colcon.colcon_core.environment:checking '/home/shiha/ros2_termproject/install/ramen_interfaces/lib/python3.12/site-packages'
[0.699s] Level 1:colcon.colcon_core.shell:create_environment_hook('ramen_interfaces', 'pythonpath')
[0.699s] INFO:colcon.colcon_core.shell:Creating environment hook '/home/shiha/ros2_termproject/install/ramen_interfaces/share/ramen_interfaces/hook/pythonpath.ps1'
[0.699s] INFO:colcon.colcon_core.shell:Creating environment descriptor '/home/shiha/ros2_termproject/install/ramen_interfaces/share/ramen_interfaces/hook/pythonpath.dsv'
[0.699s] INFO:colcon.colcon_core.shell:Creating environment hook '/home/shiha/ros2_termproject/install/ramen_interfaces/share/ramen_interfaces/hook/pythonpath.sh'
[0.699s] Level 1:colcon.colcon_core.environment:checking '/home/shiha/ros2_termproject/install/ramen_interfaces/bin'
[0.700s] INFO:colcon.colcon_core.shell:Creating package script '/home/shiha/ros2_termproject/install/ramen_interfaces/share/ramen_interfaces/package.ps1'
[0.700s] INFO:colcon.colcon_core.shell:Creating package descriptor '/home/shiha/ros2_termproject/install/ramen_interfaces/share/ramen_interfaces/package.dsv'
[0.700s] INFO:colcon.colcon_core.shell:Creating package script '/home/shiha/ros2_termproject/install/ramen_interfaces/share/ramen_interfaces/package.sh'
[0.701s] INFO:colcon.colcon_core.shell:Creating package script '/home/shiha/ros2_termproject/install/ramen_interfaces/share/ramen_interfaces/package.bash'
[0.701s] INFO:colcon.colcon_core.shell:Creating package script '/home/shiha/ros2_termproject/install/ramen_interfaces/share/ramen_interfaces/package.zsh'
[0.701s] Level 1:colcon.colcon_core.environment:create_file_with_runtime_dependencies(/home/shiha/ros2_termproject/install/ramen_interfaces/share/colcon-core/packages/ramen_interfaces)
[0.702s] Level 1:colcon.colcon_core.environment:create_environment_scripts_only(ramen_interfaces)
[0.702s] Level 1:colcon.colcon_core.environment:checking '/home/shiha/ros2_termproject/install/ramen_interfaces' for CMake module files
[0.702s] Level 1:colcon.colcon_core.environment:checking '/home/shiha/ros2_termproject/install/ramen_interfaces' for CMake config files
[0.702s] Level 1:colcon.colcon_core.shell:create_environment_hook('ramen_interfaces', 'cmake_prefix_path')
[0.702s] INFO:colcon.colcon_core.shell:Creating environment hook '/home/shiha/ros2_termproject/install/ramen_interfaces/share/ramen_interfaces/hook/cmake_prefix_path.ps1'
[0.703s] INFO:colcon.colcon_core.shell:Creating environment descriptor '/home/shiha/ros2_termproject/install/ramen_interfaces/share/ramen_interfaces/hook/cmake_prefix_path.dsv'
[0.703s] INFO:colcon.colcon_core.shell:Creating environment hook '/home/shiha/ros2_termproject/install/ramen_interfaces/share/ramen_interfaces/hook/cmake_prefix_path.sh'
[0.703s] Level 1:colcon.colcon_core.environment:checking '/home/shiha/ros2_termproject/install/ramen_interfaces/lib'
[0.703s] Level 1:colcon.colcon_core.shell:create_environment_hook('ramen_interfaces', 'ld_library_path_lib')
[0.704s] INFO:colcon.colcon_core.shell:Creating environment hook '/home/shiha/ros2_termproject/install/ramen_interfaces/share/ramen_interfaces/hook/ld_library_path_lib.ps1'
[0.704s] INFO:colcon.colcon_core.shell:Creating environment descriptor '/home/shiha/ros2_termproject/install/ramen_interfaces/share/ramen_interfaces/hook/ld_library_path_lib.dsv'
[0.704s] INFO:colcon.colcon_core.shell:Creating environment hook '/home/shiha/ros2_termproject/install/ramen_interfaces/share/ramen_interfaces/hook/ld_library_path_lib.sh'
[0.704s] Level 1:colcon.colcon_core.environment:checking '/home/shiha/ros2_termproject/install/ramen_interfaces/bin'
[0.704s] Level 1:colcon.colcon_core.environment:checking '/home/shiha/ros2_termproject/install/ramen_interfaces/lib/pkgconfig/ramen_interfaces.pc'
[0.704s] Level 1:colcon.colcon_core.environment:checking '/home/shiha/ros2_termproject/install/ramen_interfaces/lib/python3.12/site-packages'
[0.705s] Level 1:colcon.colcon_core.shell:create_environment_hook('ramen_interfaces', 'pythonpath')
[0.705s] INFO:colcon.colcon_core.shell:Creating environment hook '/home/shiha/ros2_termproject/install/ramen_interfaces/share/ramen_interfaces/hook/pythonpath.ps1'
[0.705s] INFO:colcon.colcon_core.shell:Creating environment descriptor '/home/shiha/ros2_termproject/install/ramen_interfaces/share/ramen_interfaces/hook/pythonpath.dsv'
[0.705s] INFO:colcon.colcon_core.shell:Creating environment hook '/home/shiha/ros2_termproject/install/ramen_interfaces/share/ramen_interfaces/hook/pythonpath.sh'
[0.705s] Level 1:colcon.colcon_core.environment:checking '/home/shiha/ros2_termproject/install/ramen_interfaces/bin'
[0.705s] INFO:colcon.colcon_core.shell:Creating package script '/home/shiha/ros2_termproject/install/ramen_interfaces/share/ramen_interfaces/package.ps1'
[0.706s] INFO:colcon.colcon_core.shell:Creating package descriptor '/home/shiha/ros2_termproject/install/ramen_interfaces/share/ramen_interfaces/package.dsv'
[0.706s] INFO:colcon.colcon_core.shell:Creating package script '/home/shiha/ros2_termproject/install/ramen_interfaces/share/ramen_interfaces/package.sh'
[0.706s] INFO:colcon.colcon_core.shell:Creating package script '/home/shiha/ros2_termproject/install/ramen_interfaces/share/ramen_interfaces/package.bash'
[0.707s] INFO:colcon.colcon_core.shell:Creating package script '/home/shiha/ros2_termproject/install/ramen_interfaces/share/ramen_interfaces/package.zsh'
[0.707s] Level 1:colcon.colcon_core.environment:create_file_with_runtime_dependencies(/home/shiha/ros2_termproject/install/ramen_interfaces/share/colcon-core/packages/ramen_interfaces)
[0.707s] INFO:colcon.colcon_ros.task.ament_python.build:Building ROS package in '/home/shiha/ros2_termproject/src/ramen_kitchen' with build type 'ament_python'
[0.708s] Level 1:colcon.colcon_core.shell:create_environment_hook('ramen_kitchen', 'ament_prefix_path')
[0.708s] INFO:colcon.colcon_core.shell:Creating environment hook '/home/shiha/ros2_termproject/install/ramen_kitchen/share/ramen_kitchen/hook/ament_prefix_path.ps1'
[0.708s] INFO:colcon.colcon_core.shell:Creating environment descriptor '/home/shiha/ros2_termproject/install/ramen_kitchen/share/ramen_kitchen/hook/ament_prefix_path.dsv'
[0.709s] INFO:colcon.colcon_core.shell:Creating environment hook '/home/shiha/ros2_termproject/install/ramen_kitchen/share/ramen_kitchen/hook/ament_prefix_path.sh'
[0.709s] INFO:colcon.colcon_core.shell:Skip shell extension 'powershell' for command environment: Not usable outside of PowerShell
[0.709s] DEBUG:colcon.colcon_core.shell:Skip shell extension 'dsv' for command environment
[0.712s] INFO:colcon.colcon_ros.task.ament_python.build:Building ROS package in '/home/shiha/ros2_termproject/src/ramen_serving' with build type 'ament_python'
[0.712s] Level 1:colcon.colcon_core.shell:create_environment_hook('ramen_serving', 'ament_prefix_path')
[0.712s] INFO:colcon.colcon_core.shell:Creating environment hook '/home/shiha/ros2_termproject/install/ramen_serving/share/ramen_serving/hook/ament_prefix_path.ps1'
[0.712s] INFO:colcon.colcon_core.shell:Creating environment descriptor '/home/shiha/ros2_termproject/install/ramen_serving/share/ramen_serving/hook/ament_prefix_path.dsv'
[0.713s] INFO:colcon.colcon_core.shell:Creating environment hook '/home/shiha/ros2_termproject/install/ramen_serving/share/ramen_serving/hook/ament_prefix_path.sh'
[0.713s] INFO:colcon.colcon_core.shell:Skip shell extension 'powershell' for command environment: Not usable outside of PowerShell
[0.713s] DEBUG:colcon.colcon_core.shell:Skip shell extension 'dsv' for command environment
[0.716s] INFO:colcon.colcon_ros.task.ament_python.build:Building ROS package in '/home/shiha/ros2_termproject/src/ramen_table' with build type 'ament_python'
[0.716s] Level 1:colcon.colcon_core.shell:create_environment_hook('ramen_table', 'ament_prefix_path')
[0.716s] INFO:colcon.colcon_core.shell:Creating environment hook '/home/shiha/ros2_termproject/install/ramen_table/share/ramen_table/hook/ament_prefix_path.ps1'
[0.717s] INFO:colcon.colcon_core.shell:Creating environment descriptor '/home/shiha/ros2_termproject/install/ramen_table/share/ramen_table/hook/ament_prefix_path.dsv'
[0.717s] INFO:colcon.colcon_core.shell:Creating environment hook '/home/shiha/ros2_termproject/install/ramen_table/share/ramen_table/hook/ament_prefix_path.sh'
[0.717s] INFO:colcon.colcon_core.shell:Skip shell extension 'powershell' for command environment: Not usable outside of PowerShell
[0.717s] DEBUG:colcon.colcon_core.shell:Skip shell extension 'dsv' for command environment
[0.934s] INFO:colcon.colcon_core.task.python.build:Building Python package in '/home/shiha/ros2_termproject/src/ramen_kitchen'
[0.934s] INFO:colcon.colcon_core.shell:Skip shell extension 'powershell' for command environment: Not usable outside of PowerShell
[0.934s] DEBUG:colcon.colcon_core.shell:Skip shell extension 'dsv' for command environment
[1.100s] INFO:colcon.colcon_core.task.python.build:Building Python package in '/home/shiha/ros2_termproject/src/ramen_serving'
[1.100s] INFO:colcon.colcon_core.shell:Skip shell extension 'powershell' for command environment: Not usable outside of PowerShell
[1.100s] DEBUG:colcon.colcon_core.shell:Skip shell extension 'dsv' for command environment
[1.259s] INFO:colcon.colcon_core.task.python.build:Building Python package in '/home/shiha/ros2_termproject/src/ramen_table'
[1.259s] INFO:colcon.colcon_core.shell:Skip shell extension 'powershell' for command environment: Not usable outside of PowerShell
[1.259s] DEBUG:colcon.colcon_core.shell:Skip shell extension 'dsv' for command environment
[1.719s] DEBUG:colcon.colcon_core.event_handler.log_command:Invoking command in '/home/shiha/ros2_termproject/src/ramen_serving': PYTHONPATH=/home/shiha/ros2_termproject/build/ramen_serving/prefix_override:/usr/lib/python3/dist-packages/colcon_core/task/python/colcon_distutils_commands:/home/shiha/ros2_termproject/install/ramen_serving/lib/python3.12/site-packages:/home/shiha/ros2_termproject/install/ramen_interfaces/lib/python3.12/site-packages:/home/shiha/ros2_termproject/install/ramen_table/lib/python3.12/site-packages:/home/shiha/ros2_termproject/install/ramen_serving/lib/python3.12/site-packages:/home/shiha/ros2_termproject/install/ramen_kitchen/lib/python3.12/site-packages:/home/shiha/my_ws/install/using_my_custom_interface_package/lib/python3.12/site-packages:/home/shiha/my_ws/install/time_sync_interface/lib/python3.12/site-packages:/home/shiha/my_ws/install/time_sync/lib/python3.12/site-packages:/home/shiha/my_ws/install/my_rclpy_package/lib/python3.12/site-packages:/home/shiha/my_ws/install/msg_interface_example/lib/python3.12/site-packages:/home/shiha/my_ws/install/learning_tf2/lib/python3.12/site-packages:/home/shiha/my_ws/install/gz_demo/lib/python3.12/site-packages:/opt/ros/jazzy/lib/python3.12/site-packages /usr/bin/python3 -W ignore:setup.py install is deprecated -W ignore:easy_install command is deprecated setup.py egg_info --egg-base ../../build/ramen_serving build --build-base /home/shiha/ros2_termproject/build/ramen_serving/build install --record /home/shiha/ros2_termproject/build/ramen_serving/install.log --single-version-externally-managed install_data
[1.743s] DEBUG:colcon.colcon_core.event_handler.log_command:Invoking command in '/home/shiha/ros2_termproject/src/ramen_kitchen': PYTHONPATH=/home/shiha/ros2_termproject/build/ramen_kitchen/prefix_override:/usr/lib/python3/dist-packages/colcon_core/task/python/colcon_distutils_commands:/home/shiha/ros2_termproject/install/ramen_kitchen/lib/python3.12/site-packages:/home/shiha/ros2_termproject/install/ramen_interfaces/lib/python3.12/site-packages:/home/shiha/ros2_termproject/install/ramen_table/lib/python3.12/site-packages:/home/shiha/ros2_termproject/install/ramen_serving/lib/python3.12/site-packages:/home/shiha/ros2_termproject/install/ramen_kitchen/lib/python3.12/site-packages:/home/shiha/my_ws/install/using_my_custom_interface_package/lib/python3.12/site-packages:/home/shiha/my_ws/install/time_sync_interface/lib/python3.12/site-packages:/home/shiha/my_ws/install/time_sync/lib/python3.12/site-packages:/home/shiha/my_ws/install/my_rclpy_package/lib/python3.12/site-packages:/home/shiha/my_ws/install/msg_interface_example/lib/python3.12/site-packages:/home/shiha/my_ws/install/learning_tf2/lib/python3.12/site-packages:/home/shiha/my_ws/install/gz_demo/lib/python3.12/site-packages:/opt/ros/jazzy/lib/python3.12/site-packages /usr/bin/python3 -W ignore:setup.py install is deprecated -W ignore:easy_install command is deprecated setup.py egg_info --egg-base ../../build/ramen_kitchen build --build-base /home/shiha/ros2_termproject/build/ramen_kitchen/build install --record /home/shiha/ros2_termproject/build/ramen_kitchen/install.log --single-version-externally-managed install_data
[1.810s] DEBUG:colcon.colcon_core.event_handler.log_command:Invoking command in '/home/shiha/ros2_termproject/src/ramen_table': PYTHONPATH=/home/shiha/ros2_termproject/build/ramen_table/prefix_override:/usr/lib/python3/dist-packages/colcon_core/task/python/colcon_distutils_commands:/home/shiha/ros2_termproject/install/ramen_table/lib/python3.12/site-packages:/home/shiha/ros2_termproject/install/ramen_interfaces/lib/python3.12/site-packages:/home/shiha/ros2_termproject/install/ramen_table/lib/python3.12/site-packages:/home/shiha/ros2_termproject/install/ramen_serving/lib/python3.12/site-packages:/home/shiha/ros2_termproject/install/ramen_kitchen/lib/python3.12/site-packages:/home/shiha/my_ws/install/using_my_custom_interface_package/lib/python3.12/site-packages:/home/shiha/my_ws/install/time_sync_interface/lib/python3.12/site-packages:/home/shiha/my_ws/install/time_sync/lib/python3.12/site-packages:/home/shiha/my_ws/install/my_rclpy_package/lib/python3.12/site-packages:/home/shiha/my_ws/install/msg_interface_example/lib/python3.12/site-packages:/home/shiha/my_ws/install/learning_tf2/lib/python3.12/site-packages:/home/shiha/my_ws/install/gz_demo/lib/python3.12/site-packages:/opt/ros/jazzy/lib/python3.12/site-packages /usr/bin/python3 -W ignore:setup.py install is deprecated -W ignore:easy_install command is deprecated setup.py egg_info --egg-base ../../build/ramen_table build --build-base /home/shiha/ros2_termproject/build/ramen_table/build install --record /home/shiha/ros2_termproject/build/ramen_table/install.log --single-version-externally-managed install_data
[2.131s] Level 1:colcon.colcon_core.environment:checking '/home/shiha/ros2_termproject/install/ramen_serving' for CMake module files
[2.131s] DEBUG:colcon.colcon_core.event_handler.log_command:Invoked command in '/home/shiha/ros2_termproject/src/ramen_serving' returned '0': PYTHONPATH=/home/shiha/ros2_termproject/build/ramen_serving/prefix_override:/usr/lib/python3/dist-packages/colcon_core/task/python/colcon_distutils_commands:/home/shiha/ros2_termproject/install/ramen_serving/lib/python3.12/site-packages:/home/shiha/ros2_termproject/install/ramen_interfaces/lib/python3.12/site-packages:/home/shiha/ros2_termproject/install/ramen_table/lib/python3.12/site-packages:/home/shiha/ros2_termproject/install/ramen_serving/lib/python3.12/site-packages:/home/shiha/ros2_termproject/install/ramen_kitchen/lib/python3.12/site-packages:/home/shiha/my_ws/install/using_my_custom_interface_package/lib/python3.12/site-packages:/home/shiha/my_ws/install/time_sync_interface/lib/python3.12/site-packages:/home/shiha/my_ws/install/time_sync/lib/python3.12/site-packages:/home/shiha/my_ws/install/my_rclpy_package/lib/python3.12/site-packages:/home/shiha/my_ws/install/msg_interface_example/lib/python3.12/site-packages:/home/shiha/my_ws/install/learning_tf2/lib/python3.12/site-packages:/home/shiha/my_ws/install/gz_demo/lib/python3.12/site-packages:/opt/ros/jazzy/lib/python3.12/site-packages /usr/bin/python3 -W ignore:setup.py install is deprecated -W ignore:easy_install command is deprecated setup.py egg_info --egg-base ../../build/ramen_serving build --build-base /home/shiha/ros2_termproject/build/ramen_serving/build install --record /home/shiha/ros2_termproject/build/ramen_serving/install.log --single-version-externally-managed install_data
[2.132s] Level 1:colcon.colcon_core.environment:checking '/home/shiha/ros2_termproject/install/ramen_serving' for CMake config files
[2.132s] Level 1:colcon.colcon_core.environment:checking '/home/shiha/ros2_termproject/install/ramen_serving/lib'
[2.132s] Level 1:colcon.colcon_core.environment:checking '/home/shiha/ros2_termproject/install/ramen_serving/bin'
[2.132s] Level 1:colcon.colcon_core.environment:checking '/home/shiha/ros2_termproject/install/ramen_serving/lib/pkgconfig/ramen_serving.pc'
[2.132s] Level 1:colcon.colcon_core.environment:checking '/home/shiha/ros2_termproject/install/ramen_serving/lib/python3.12/site-packages'
[2.132s] Level 1:colcon.colcon_core.shell:create_environment_hook('ramen_serving', 'pythonpath')
[2.132s] INFO:colcon.colcon_core.shell:Creating environment hook '/home/shiha/ros2_termproject/install/ramen_serving/share/ramen_serving/hook/pythonpath.ps1'
[2.133s] INFO:colcon.colcon_core.shell:Creating environment descriptor '/home/shiha/ros2_termproject/install/ramen_serving/share/ramen_serving/hook/pythonpath.dsv'
[2.133s] INFO:colcon.colcon_core.shell:Creating environment hook '/home/shiha/ros2_termproject/install/ramen_serving/share/ramen_serving/hook/pythonpath.sh'
[2.133s] Level 1:colcon.colcon_core.environment:checking '/home/shiha/ros2_termproject/install/ramen_serving/bin'
[2.134s] Level 1:colcon.colcon_core.environment:create_environment_scripts_only(ramen_serving)
[2.134s] INFO:colcon.colcon_core.shell:Creating package script '/home/shiha/ros2_termproject/install/ramen_serving/share/ramen_serving/package.ps1'
[2.134s] INFO:colcon.colcon_core.shell:Creating package descriptor '/home/shiha/ros2_termproject/install/ramen_serving/share/ramen_serving/package.dsv'
[2.134s] INFO:colcon.colcon_core.shell:Creating package script '/home/shiha/ros2_termproject/install/ramen_serving/share/ramen_serving/package.sh'
[2.135s] INFO:colcon.colcon_core.shell:Creating package script '/home/shiha/ros2_termproject/install/ramen_serving/share/ramen_serving/package.bash'
[2.135s] INFO:colcon.colcon_core.shell:Creating package script '/home/shiha/ros2_termproject/install/ramen_serving/share/ramen_serving/package.zsh'
[2.135s] Level 1:colcon.colcon_core.environment:create_file_with_runtime_dependencies(/home/shiha/ros2_termproject/install/ramen_serving/share/colcon-core/packages/ramen_serving)
[2.160s] Level 1:colcon.colcon_core.environment:checking '/home/shiha/ros2_termproject/install/ramen_kitchen' for CMake module files
[2.160s] DEBUG:colcon.colcon_core.event_handler.log_command:Invoked command in '/home/shiha/ros2_termproject/src/ramen_kitchen' returned '0': PYTHONPATH=/home/shiha/ros2_termproject/build/ramen_kitchen/prefix_override:/usr/lib/python3/dist-packages/colcon_core/task/python/colcon_distutils_commands:/home/shiha/ros2_termproject/install/ramen_kitchen/lib/python3.12/site-packages:/home/shiha/ros2_termproject/install/ramen_interfaces/lib/python3.12/site-packages:/home/shiha/ros2_termproject/install/ramen_table/lib/python3.12/site-packages:/home/shiha/ros2_termproject/install/ramen_serving/lib/python3.12/site-packages:/home/shiha/ros2_termproject/install/ramen_kitchen/lib/python3.12/site-packages:/home/shiha/my_ws/install/using_my_custom_interface_package/lib/python3.12/site-packages:/home/shiha/my_ws/install/time_sync_interface/lib/python3.12/site-packages:/home/shiha/my_ws/install/time_sync/lib/python3.12/site-packages:/home/shiha/my_ws/install/my_rclpy_package/lib/python3.12/site-packages:/home/shiha/my_ws/install/msg_interface_example/lib/python3.12/site-packages:/home/shiha/my_ws/install/learning_tf2/lib/python3.12/site-packages:/home/shiha/my_ws/install/gz_demo/lib/python3.12/site-packages:/opt/ros/jazzy/lib/python3.12/site-packages /usr/bin/python3 -W ignore:setup.py install is deprecated -W ignore:easy_install command is deprecated setup.py egg_info --egg-base ../../build/ramen_kitchen build --build-base /home/shiha/ros2_termproject/build/ramen_kitchen/build install --record /home/shiha/ros2_termproject/build/ramen_kitchen/install.log --single-version-externally-managed install_data
[2.161s] Level 1:colcon.colcon_core.environment:checking '/home/shiha/ros2_termproject/install/ramen_kitchen' for CMake config files
[2.161s] Level 1:colcon.colcon_core.environment:checking '/home/shiha/ros2_termproject/install/ramen_kitchen/lib'
[2.161s] Level 1:colcon.colcon_core.environment:checking '/home/shiha/ros2_termproject/install/ramen_kitchen/bin'
[2.161s] Level 1:colcon.colcon_core.environment:checking '/home/shiha/ros2_termproject/install/ramen_kitchen/lib/pkgconfig/ramen_kitchen.pc'
[2.161s] Level 1:colcon.colcon_core.environment:checking '/home/shiha/ros2_termproject/install/ramen_kitchen/lib/python3.12/site-packages'
[2.161s] Level 1:colcon.colcon_core.shell:create_environment_hook('ramen_kitchen', 'pythonpath')
[2.161s] INFO:colcon.colcon_core.shell:Creating environment hook '/home/shiha/ros2_termproject/install/ramen_kitchen/share/ramen_kitchen/hook/pythonpath.ps1'
[2.162s] INFO:colcon.colcon_core.shell:Creating environment descriptor '/home/shiha/ros2_termproject/install/ramen_kitchen/share/ramen_kitchen/hook/pythonpath.dsv'
[2.162s] INFO:colcon.colcon_core.shell:Creating environment hook '/home/shiha/ros2_termproject/install/ramen_kitchen/share/ramen_kitchen/hook/pythonpath.sh'
[2.163s] Level 1:colcon.colcon_core.environment:checking '/home/shiha/ros2_termproject/install/ramen_kitchen/bin'
[2.163s] Level 1:colcon.colcon_core.environment:create_environment_scripts_only(ramen_kitchen)
[2.163s] INFO:colcon.colcon_core.shell:Creating package script '/home/shiha/ros2_termproject/install/ramen_kitchen/share/ramen_kitchen/package.ps1'
[2.164s] INFO:colcon.colcon_core.shell:Creating package descriptor '/home/shiha/ros2_termproject/install/ramen_kitchen/share/ramen_kitchen/package.dsv'
[2.164s] INFO:colcon.colcon_core.shell:Creating package script '/home/shiha/ros2_termproject/install/ramen_kitchen/share/ramen_kitchen/package.sh'
[2.164s] INFO:colcon.colcon_core.shell:Creating package script '/home/shiha/ros2_termproject/install/ramen_kitchen/share/ramen_kitchen/package.bash'
[2.165s] INFO:colcon.colcon_core.shell:Creating package script '/home/shiha/ros2_termproject/install/ramen_kitchen/share/ramen_kitchen/package.zsh'
[2.165s] Level 1:colcon.colcon_core.environment:create_file_with_runtime_dependencies(/home/shiha/ros2_termproject/install/ramen_kitchen/share/colcon-core/packages/ramen_kitchen)
[2.270s] Level 1:colcon.colcon_core.environment:checking '/home/shiha/ros2_termproject/install/ramen_table' for CMake module files
[2.270s] DEBUG:colcon.colcon_core.event_handler.log_command:Invoked command in '/home/shiha/ros2_termproject/src/ramen_table' returned '0': PYTHONPATH=/home/shiha/ros2_termproject/build/ramen_table/prefix_override:/usr/lib/python3/dist-packages/colcon_core/task/python/colcon_distutils_commands:/home/shiha/ros2_termproject/install/ramen_table/lib/python3.12/site-packages:/home/shiha/ros2_termproject/install/ramen_interfaces/lib/python3.12/site-packages:/home/shiha/ros2_termproject/install/ramen_table/lib/python3.12/site-packages:/home/shiha/ros2_termproject/install/ramen_serving/lib/python3.12/site-packages:/home/shiha/ros2_termproject/install/ramen_kitchen/lib/python3.12/site-packages:/home/shiha/my_ws/install/using_my_custom_interface_package/lib/python3.12/site-packages:/home/shiha/my_ws/install/time_sync_interface/lib/python3.12/site-packages:/home/shiha/my_ws/install/time_sync/lib/python3.12/site-packages:/home/shiha/my_ws/install/my_rclpy_package/lib/python3.12/site-packages:/home/shiha/my_ws/install/msg_interface_example/lib/python3.12/site-packages:/home/shiha/my_ws/install/learning_tf2/lib/python3.12/site-packages:/home/shiha/my_ws/install/gz_demo/lib/python3.12/site-packages:/opt/ros/jazzy/lib/python3.12/site-packages /usr/bin/python3 -W ignore:setup.py install is deprecated -W ignore:easy_install command is deprecated setup.py egg_info --egg-base ../../build/ramen_table build --build-base /home/shiha/ros2_termproject/build/ramen_table/build install --record /home/shiha/ros2_termproject/build/ramen_table/install.log --single-version-externally-managed install_data
[2.271s] Level 1:colcon.colcon_core.environment:checking '/home/shiha/ros2_termproject/install/ramen_table' for CMake config files
[2.271s] Level 1:colcon.colcon_core.environment:checking '/home/shiha/ros2_termproject/install/ramen_table/lib'
[2.271s] Level 1:colcon.colcon_core.environment:checking '/home/shiha/ros2_termproject/install/ramen_table/bin'
[2.271s] Level 1:colcon.colcon_core.environment:checking '/home/shiha/ros2_termproject/install/ramen_table/lib/pkgconfig/ramen_table.pc'
[2.272s] Level 1:colcon.colcon_core.environment:checking '/home/shiha/ros2_termproject/install/ramen_table/lib/python3.12/site-packages'
[2.272s] Level 1:colcon.colcon_core.shell:create_environment_hook('ramen_table', 'pythonpath')
[2.272s] INFO:colcon.colcon_core.shell:Creating environment hook '/home/shiha/ros2_termproject/install/ramen_table/share/ramen_table/hook/pythonpath.ps1'
[2.272s] INFO:colcon.colcon_core.shell:Creating environment descriptor '/home/shiha/ros2_termproject/install/ramen_table/share/ramen_table/hook/pythonpath.dsv'
[2.273s] INFO:colcon.colcon_core.shell:Creating environment hook '/home/shiha/ros2_termproject/install/ramen_table/share/ramen_table/hook/pythonpath.sh'
[2.273s] Level 1:colcon.colcon_core.environment:checking '/home/shiha/ros2_termproject/install/ramen_table/bin'
[2.274s] Level 1:colcon.colcon_core.environment:create_environment_scripts_only(ramen_table)
[2.274s] INFO:colcon.colcon_core.shell:Creating package script '/home/shiha/ros2_termproject/install/ramen_table/share/ramen_table/package.ps1'
[2.275s] INFO:colcon.colcon_core.shell:Creating package descriptor '/home/shiha/ros2_termproject/install/ramen_table/share/ramen_table/package.dsv'
[2.275s] INFO:colcon.colcon_core.shell:Creating package script '/home/shiha/ros2_termproject/install/ramen_table/share/ramen_table/package.sh'
[2.276s] INFO:colcon.colcon_core.shell:Creating package script '/home/shiha/ros2_termproject/install/ramen_table/share/ramen_table/package.bash'
[2.276s] INFO:colcon.colcon_core.shell:Creating package script '/home/shiha/ros2_termproject/install/ramen_table/share/ramen_table/package.zsh'
[2.277s] Level 1:colcon.colcon_core.environment:create_file_with_runtime_dependencies(/home/shiha/ros2_termproject/install/ramen_table/share/colcon-core/packages/ramen_table)
[2.277s] DEBUG:colcon.colcon_parallel_executor.executor.parallel:closing loop
[2.278s] DEBUG:colcon.colcon_parallel_executor.executor.parallel:loop closed
[2.278s] DEBUG:colcon.colcon_parallel_executor.executor.parallel:run_until_complete finished with '0'
[2.279s] DEBUG:colcon.colcon_core.event_reactor:joining thread
[2.306s] INFO:colcon.colcon_core.plugin_system:Skipping extension 'colcon_notification.desktop_notification.notify_send': Could not find 'notify-send'
[2.306s] INFO:colcon.colcon_core.plugin_system:Skipping extension 'colcon_notification.desktop_notification.terminal_notifier': Not used on non-Darwin systems
[2.306s] INFO:colcon.colcon_core.plugin_system:Skipping extension 'colcon_notification.desktop_notification.win32': Not used on non-Windows systems
[2.306s] INFO:colcon.colcon_notification.desktop_notification:Sending desktop notification using 'notify2'
[2.307s] DEBUG:colcon.colcon_notification.desktop_notification.notify2:Failed to initialize notify2: org.freedesktop.DBus.Error.ServiceUnknown: The name org.freedesktop.Notifications was not provided by any .service files
[2.307s] DEBUG:colcon.colcon_core.event_reactor:joined thread
[2.307s] INFO:colcon.colcon_core.shell:Creating prefix script '/home/shiha/ros2_termproject/install/local_setup.ps1'
[2.308s] INFO:colcon.colcon_core.shell:Creating prefix util module '/home/shiha/ros2_termproject/install/_local_setup_util_ps1.py'
[2.310s] INFO:colcon.colcon_core.shell:Creating prefix chain script '/home/shiha/ros2_termproject/install/setup.ps1'
[2.312s] INFO:colcon.colcon_core.shell:Creating prefix script '/home/shiha/ros2_termproject/install/local_setup.sh'
[2.313s] INFO:colcon.colcon_core.shell:Creating prefix util module '/home/shiha/ros2_termproject/install/_local_setup_util_sh.py'
[2.314s] INFO:colcon.colcon_core.shell:Creating prefix chain script '/home/shiha/ros2_termproject/install/setup.sh'
[2.315s] INFO:colcon.colcon_core.shell:Creating prefix script '/home/shiha/ros2_termproject/install/local_setup.bash'
[2.316s] INFO:colcon.colcon_core.shell:Creating prefix chain script '/home/shiha/ros2_termproject/install/setup.bash'
[2.317s] INFO:colcon.colcon_core.shell:Creating prefix script '/home/shiha/ros2_termproject/install/local_setup.zsh'
[2.317s] INFO:colcon.colcon_core.shell:Creating prefix chain script '/home/shiha/ros2_termproject/install/setup.zsh'
