[0.111s] DEBUG:colcon:Command line arguments: ['/usr/bin/colcon', 'build']
[0.111s] DEBUG:colcon:Parsed command line arguments: Namespace(log_base=None, log_level=None, verb_name='build', build_base='build', install_base='install', merge_install=False, symlink_install=False, test_result_base=None, continue_on_error=False, executor='parallel', parallel_workers=18, event_handlers=None, ignore_user_meta=False, metas=['./colcon.meta'], base_paths=['.'], packages_ignore=None, packages_ignore_regex=None, paths=None, packages_up_to=None, packages_up_to_regex=None, packages_above=None, packages_above_and_dependencies=None, packages_above_depth=None, packages_select_by_dep=None, packages_skip_by_dep=None, packages_skip_up_to=None, packages_select_build_failed=False, packages_skip_build_finished=False, packages_select_test_failures=False, packages_skip_test_passed=False, packages_select=None, packages_skip=None, packages_select_regex=None, packages_skip_regex=None, packages_start=None, packages_end=None, allow_overriding=[], cmake_args=None, cmake_target=None, cmake_target_skip_unavailable=False, cmake_clean_cache=False, cmake_clean_first=False, cmake_force_configure=False, ament_cmake_args=None, catkin_cmake_args=None, catkin_skip_building_tests=False, mixin_files=None, mixin=None, verb_parser=<colcon_mixin.mixin.mixin_argument.MixinArgumentDecorator object at 0x7e15ac077740>, verb_extension=<colcon_core.verb.build.BuildVerb object at 0x7e15ac01eab0>, main=<bound method BuildVerb.main of <colcon_core.verb.build.BuildVerb object at 0x7e15ac01eab0>>, mixin_verb=('build',))
[0.139s] Level 1:colcon.colcon_core.package_discovery:discover_packages(colcon_meta) check parameters
[0.139s] Level 1:colcon.colcon_core.package_discovery:discover_packages(recursive) check parameters
[0.139s] Level 1:colcon.colcon_core.package_discovery:discover_packages(ignore) check parameters
[0.139s] Level 1:colcon.colcon_core.package_discovery:discover_packages(path) check parameters
[0.139s] Level 1:colcon.colcon_core.package_discovery:discover_packages(colcon_meta) discover
[0.139s] Level 1:colcon.colcon_core.package_discovery:discover_packages(recursive) discover
[0.139s] INFO:colcon.colcon_core.package_discovery:Crawling recursively for packages in '/home/shiha/ros2_termproject'
[0.139s] Level 1:colcon.colcon_core.package_identification:_identify(.) by extensions ['ignore', 'ignore_ament_install']
[0.139s] Level 1:colcon.colcon_core.package_identification:_identify(.) by extension 'ignore'
[0.139s] Level 1:colcon.colcon_core.package_identification:_identify(.) by extension 'ignore_ament_install'
[0.139s] Level 1:colcon.colcon_core.package_identification:_identify(.) by extensions ['colcon_pkg']
[0.139s] Level 1:colcon.colcon_core.package_identification:_identify(.) by extension 'colcon_pkg'
[0.139s] Level 1:colcon.colcon_core.package_identification:_identify(.) by extensions ['colcon_meta']
[0.139s] Level 1:colcon.colcon_core.package_identification:_identify(.) by extension 'colcon_meta'
[0.139s] Level 1:colcon.colcon_core.package_identification:_identify(.) by extensions ['ros']
[0.139s] Level 1:colcon.colcon_core.package_identification:_identify(.) by extension 'ros'
[0.160s] Level 1:colcon.colcon_core.package_identification:_identify(.) by extensions ['cmake', 'python']
[0.160s] Level 1:colcon.colcon_core.package_identification:_identify(.) by extension 'cmake'
[0.160s] Level 1:colcon.colcon_core.package_identification:_identify(.) by extension 'python'
[0.160s] Level 1:colcon.colcon_core.package_identification:_identify(.) by extensions ['python_setup_py']
[0.160s] Level 1:colcon.colcon_core.package_identification:_identify(.) by extension 'python_setup_py'
[0.160s] Level 1:colcon.colcon_core.package_identification:_identify(build) by extensions ['ignore', 'ignore_ament_install']
[0.160s] Level 1:colcon.colcon_core.package_identification:_identify(build) by extension 'ignore'
[0.160s] Level 1:colcon.colcon_core.package_identification:_identify(build) ignored
[0.161s] Level 1:colcon.colcon_core.package_identification:_identify(install) by extensions ['ignore', 'ignore_ament_install']
[0.161s] Level 1:colcon.colcon_core.package_identification:_identify(install) by extension 'ignore'
[0.161s] Level 1:colcon.colcon_core.package_identification:_identify(install) ignored
[0.161s] Level 1:colcon.colcon_core.package_identification:_identify(log) by extensions ['ignore', 'ignore_ament_install']
[0.161s] Level 1:colcon.colcon_core.package_identification:_identify(log) by extension 'ignore'
[0.161s] Level 1:colcon.colcon_core.package_identification:_identify(log) ignored
[0.161s] Level 1:colcon.colcon_core.package_identification:_identify(src) by extensions ['ignore', 'ignore_ament_install']
[0.161s] Level 1:colcon.colcon_core.package_identification:_identify(src) by extension 'ignore'
[0.161s] Level 1:colcon.colcon_core.package_identification:_identify(src) by extension 'ignore_ament_install'
[0.161s] Level 1:colcon.colcon_core.package_identification:_identify(src) by extensions ['colcon_pkg']
[0.161s] Level 1:colcon.colcon_core.package_identification:_identify(src) by extension 'colcon_pkg'
[0.161s] Level 1:colcon.colcon_core.package_identification:_identify(src) by extensions ['colcon_meta']
[0.161s] Level 1:colcon.colcon_core.package_identification:_identify(src) by extension 'colcon_meta'
[0.161s] Level 1:colcon.colcon_core.package_identification:_identify(src) by extensions ['ros']
[0.161s] Level 1:colcon.colcon_core.package_identification:_identify(src) by extension 'ros'
[0.161s] Level 1:colcon.colcon_core.package_identification:_identify(src) by extensions ['cmake', 'python']
[0.161s] Level 1:colcon.colcon_core.package_identification:_identify(src) by extension 'cmake'
[0.161s] Level 1:colcon.colcon_core.package_identification:_identify(src) by extension 'python'
[0.161s] Level 1:colcon.colcon_core.package_identification:_identify(src) by extensions ['python_setup_py']
[0.161s] Level 1:colcon.colcon_core.package_identification:_identify(src) by extension 'python_setup_py'
[0.161s] Level 1:colcon.colcon_core.package_identification:_identify(src/ramen_interfaces) by extensions ['ignore', 'ignore_ament_install']
[0.161s] Level 1:colcon.colcon_core.package_identification:_identify(src/ramen_interfaces) by extension 'ignore'
[0.161s] Level 1:colcon.colcon_core.package_identification:_identify(src/ramen_interfaces) by extension 'ignore_ament_install'
[0.161s] Level 1:colcon.colcon_core.package_identification:_identify(src/ramen_interfaces) by extensions ['colcon_pkg']
[0.161s] Level 1:colcon.colcon_core.package_identification:_identify(src/ramen_interfaces) by extension 'colcon_pkg'
[0.161s] Level 1:colcon.colcon_core.package_identification:_identify(src/ramen_interfaces) by extensions ['colcon_meta']
[0.161s] Level 1:colcon.colcon_core.package_identification:_identify(src/ramen_interfaces) by extension 'colcon_meta'
[0.161s] Level 1:colcon.colcon_core.package_identification:_identify(src/ramen_interfaces) by extensions ['ros']
[0.161s] Level 1:colcon.colcon_core.package_identification:_identify(src/ramen_interfaces) by extension 'ros'
[0.163s] DEBUG:colcon.colcon_core.package_identification:Package 'src/ramen_interfaces' with type 'ros.ament_cmake' and name 'ramen_interfaces'
[0.163s] Level 1:colcon.colcon_core.package_identification:_identify(src/ramen_kitchen) by extensions ['ignore', 'ignore_ament_install']
[0.163s] Level 1:colcon.colcon_core.package_identification:_identify(src/ramen_kitchen) by extension 'ignore'
[0.163s] Level 1:colcon.colcon_core.package_identification:_identify(src/ramen_kitchen) by extension 'ignore_ament_install'
[0.163s] Level 1:colcon.colcon_core.package_identification:_identify(src/ramen_kitchen) by extensions ['colcon_pkg']
[0.163s] Level 1:colcon.colcon_core.package_identification:_identify(src/ramen_kitchen) by extension 'colcon_pkg'
[0.163s] Level 1:colcon.colcon_core.package_identification:_identify(src/ramen_kitchen) by extensions ['colcon_meta']
[0.164s] Level 1:colcon.colcon_core.package_identification:_identify(src/ramen_kitchen) by extension 'colcon_meta'
[0.164s] Level 1:colcon.colcon_core.package_identification:_identify(src/ramen_kitchen) by extensions ['ros']
[0.164s] Level 1:colcon.colcon_core.package_identification:_identify(src/ramen_kitchen) by extension 'ros'
[0.164s] DEBUG:colcon.colcon_core.package_identification:Package 'src/ramen_kitchen' with type 'ros.ament_python' and name 'ramen_kitchen'
[0.164s] Level 1:colcon.colcon_core.package_identification:_identify(src/ramen_serving) by extensions ['ignore', 'ignore_ament_install']
[0.164s] Level 1:colcon.colcon_core.package_identification:_identify(src/ramen_serving) by extension 'ignore'
[0.164s] Level 1:colcon.colcon_core.package_identification:_identify(src/ramen_serving) by extension 'ignore_ament_install'
[0.164s] Level 1:colcon.colcon_core.package_identification:_identify(src/ramen_serving) by extensions ['colcon_pkg']
[0.164s] Level 1:colcon.colcon_core.package_identification:_identify(src/ramen_serving) by extension 'colcon_pkg'
[0.164s] Level 1:colcon.colcon_core.package_identification:_identify(src/ramen_serving) by extensions ['colcon_meta']
[0.164s] Level 1:colcon.colcon_core.package_identification:_identify(src/ramen_serving) by extension 'colcon_meta'
[0.164s] Level 1:colcon.colcon_core.package_identification:_identify(src/ramen_serving) by extensions ['ros']
[0.164s] Level 1:colcon.colcon_core.package_identification:_identify(src/ramen_serving) by extension 'ros'
[0.165s] DEBUG:colcon.colcon_core.package_identification:Package 'src/ramen_serving' with type 'ros.ament_python' and name 'ramen_serving'
[0.165s] Level 1:colcon.colcon_core.package_identification:_identify(src/ramen_table) by extensions ['ignore', 'ignore_ament_install']
[0.165s] Level 1:colcon.colcon_core.package_identification:_identify(src/ramen_table) by extension 'ignore'
[0.165s] Level 1:colcon.colcon_core.package_identification:_identify(src/ramen_table) by extension 'ignore_ament_install'
[0.165s] Level 1:colcon.colcon_core.package_identification:_identify(src/ramen_table) by extensions ['colcon_pkg']
[0.165s] Level 1:colcon.colcon_core.package_identification:_identify(src/ramen_table) by extension 'colcon_pkg'
[0.165s] Level 1:colcon.colcon_core.package_identification:_identify(src/ramen_table) by extensions ['colcon_meta']
[0.165s] Level 1:colcon.colcon_core.package_identification:_identify(src/ramen_table) by extension 'colcon_meta'
[0.165s] Level 1:colcon.colcon_core.package_identification:_identify(src/ramen_table) by extensions ['ros']
[0.165s] Level 1:colcon.colcon_core.package_identification:_identify(src/ramen_table) by extension 'ros'
[0.165s] DEBUG:colcon.colcon_core.package_identification:Package 'src/ramen_table' with type 'ros.ament_python' and name 'ramen_table'
[0.165s] Level 1:colcon.colcon_core.package_discovery:discover_packages(recursive) using defaults
[0.165s] Level 1:colcon.colcon_core.package_discovery:discover_packages(ignore) discover
[0.165s] Level 1:colcon.colcon_core.package_discovery:discover_packages(ignore) using defaults
[0.165s] Level 1:colcon.colcon_core.package_discovery:discover_packages(path) discover
[0.165s] Level 1:colcon.colcon_core.package_discovery:discover_packages(path) using defaults
[0.180s] Level 1:colcon.colcon_core.package_discovery:discover_packages(prefix_path) check parameters
[0.180s] Level 1:colcon.colcon_core.package_discovery:discover_packages(prefix_path) discover
[0.181s] DEBUG:colcon.colcon_installed_package_information.package_discovery:Found 4 installed packages in /home/shiha/ros2_termproject/install
[0.182s] DEBUG:colcon.colcon_installed_package_information.package_discovery:Found 7 installed packages in /home/shiha/my_ws/install
[0.183s] DEBUG:colcon.colcon_installed_package_information.package_discovery:Found 402 installed packages in /opt/ros/jazzy
[0.184s] Level 1:colcon.colcon_core.package_discovery:discover_packages(prefix_path) using defaults
[0.217s] Level 5:colcon.colcon_core.verb:set package 'ramen_interfaces' build argument 'cmake_args' from command line to 'None'
[0.217s] Level 5:colcon.colcon_core.verb:set package 'ramen_interfaces' build argument 'cmake_target' from command line to 'None'
[0.217s] Level 5:colcon.colcon_core.verb:set package 'ramen_interfaces' build argument 'cmake_target_skip_unavailable' from command line to 'False'
[0.217s] Level 5:colcon.colcon_core.verb:set package 'ramen_interfaces' build argument 'cmake_clean_cache' from command line to 'False'
[0.217s] Level 5:colcon.colcon_core.verb:set package 'ramen_interfaces' build argument 'cmake_clean_first' from command line to 'False'
[0.217s] Level 5:colcon.colcon_core.verb:set package 'ramen_interfaces' build argument 'cmake_force_configure' from command line to 'False'
[0.217s] Level 5:colcon.colcon_core.verb:set package 'ramen_interfaces' build argument 'ament_cmake_args' from command line to 'None'
[0.217s] Level 5:colcon.colcon_core.verb:set package 'ramen_interfaces' build argument 'catkin_cmake_args' from command line to 'None'
[0.217s] Level 5:colcon.colcon_core.verb:set package 'ramen_interfaces' build argument 'catkin_skip_building_tests' from command line to 'False'
[0.218s] DEBUG:colcon.colcon_core.verb:Building package 'ramen_interfaces' with the following arguments: {'ament_cmake_args': None, 'build_base': '/home/shiha/ros2_termproject/build/ramen_interfaces', 'catkin_cmake_args': None, 'catkin_skip_building_tests': False, 'cmake_args': None, 'cmake_clean_cache': False, 'cmake_clean_first': False, 'cmake_force_configure': False, 'cmake_target': None, 'cmake_target_skip_unavailable': False, 'install_base': '/home/shiha/ros2_termproject/install/ramen_interfaces', 'merge_install': False, 'path': '/home/shiha/ros2_termproject/src/ramen_interfaces', 'symlink_install': False, 'test_result_base': None}
[0.218s] Level 5:colcon.colcon_core.verb:set package 'ramen_kitchen' build argument 'cmake_args' from command line to 'None'
[0.218s] Level 5:colcon.colcon_core.verb:set package 'ramen_kitchen' build argument 'cmake_target' from command line to 'None'
[0.218s] Level 5:colcon.colcon_core.verb:set package 'ramen_kitchen' build argument 'cmake_target_skip_unavailable' from command line to 'False'
[0.218s] Level 5:colcon.colcon_core.verb:set package 'ramen_kitchen' build argument 'cmake_clean_cache' from command line to 'False'
[0.218s] Level 5:colcon.colcon_core.verb:set package 'ramen_kitchen' build argument 'cmake_clean_first' from command line to 'False'
[0.218s] Level 5:colcon.colcon_core.verb:set package 'ramen_kitchen' build argument 'cmake_force_configure' from command line to 'False'
[0.218s] Level 5:colcon.colcon_core.verb:set package 'ramen_kitchen' build argument 'ament_cmake_args' from command line to 'None'
[0.218s] Level 5:colcon.colcon_core.verb:set package 'ramen_kitchen' build argument 'catkin_cmake_args' from command line to 'None'
[0.218s] Level 5:colcon.colcon_core.verb:set package 'ramen_kitchen' build argument 'catkin_skip_building_tests' from command line to 'False'
[0.218s] DEBUG:colcon.colcon_core.verb:Building package 'ramen_kitchen' with the following arguments: {'ament_cmake_args': None, 'build_base': '/home/shiha/ros2_termproject/build/ramen_kitchen', 'catkin_cmake_args': None, 'catkin_skip_building_tests': False, 'cmake_args': None, 'cmake_clean_cache': False, 'cmake_clean_first': False, 'cmake_force_configure': False, 'cmake_target': None, 'cmake_target_skip_unavailable': False, 'install_base': '/home/shiha/ros2_termproject/install/ramen_kitchen', 'merge_install': False, 'path': '/home/shiha/ros2_termproject/src/ramen_kitchen', 'symlink_install': False, 'test_result_base': None}
[0.218s] Level 5:colcon.colcon_core.verb:set package 'ramen_serving' build argument 'cmake_args' from command line to 'None'
[0.218s] Level 5:colcon.colcon_core.verb:set package 'ramen_serving' build argument 'cmake_target' from command line to 'None'
[0.218s] Level 5:colcon.colcon_core.verb:set package 'ramen_serving' build argument 'cmake_target_skip_unavailable' from command line to 'False'
[0.218s] Level 5:colcon.colcon_core.verb:set package 'ramen_serving' build argument 'cmake_clean_cache' from command line to 'False'
[0.218s] Level 5:colcon.colcon_core.verb:set package 'ramen_serving' build argument 'cmake_clean_first' from command line to 'False'
[0.218s] Level 5:colcon.colcon_core.verb:set package 'ramen_serving' build argument 'cmake_force_configure' from command line to 'False'
[0.218s] Level 5:colcon.colcon_core.verb:set package 'ramen_serving' build argument 'ament_cmake_args' from command line to 'None'
[0.218s] Level 5:colcon.colcon_core.verb:set package 'ramen_serving' build argument 'catkin_cmake_args' from command line to 'None'
[0.218s] Level 5:colcon.colcon_core.verb:set package 'ramen_serving' build argument 'catkin_skip_building_tests' from command line to 'False'
[0.218s] DEBUG:colcon.colcon_core.verb:Building package 'ramen_serving' with the following arguments: {'ament_cmake_args': None, 'build_base': '/home/shiha/ros2_termproject/build/ramen_serving', 'catkin_cmake_args': None, 'catkin_skip_building_tests': False, 'cmake_args': None, 'cmake_clean_cache': False, 'cmake_clean_first': False, 'cmake_force_configure': False, 'cmake_target': None, 'cmake_target_skip_unavailable': False, 'install_base': '/home/shiha/ros2_termproject/install/ramen_serving', 'merge_install': False, 'path': '/home/shiha/ros2_termproject/src/ramen_serving', 'symlink_install': False, 'test_result_base': None}
[0.219s] Level 5:colcon.colcon_core.verb:set package 'ramen_table' build argument 'cmake_args' from command line to 'None'
[0.219s] Level 5:colcon.colcon_core.verb:set package 'ramen_table' build argument 'cmake_target' from command line to 'None'
[0.219s] Level 5:colcon.colcon_core.verb:set package 'ramen_table' build argument 'cmake_target_skip_unavailable' from command line to 'False'
[0.219s] Level 5:colcon.colcon_core.verb:set package 'ramen_table' build argument 'cmake_clean_cache' from command line to 'False'
[0.219s] Level 5:colcon.colcon_core.verb:set package 'ramen_table' build argument 'cmake_clean_first' from command line to 'False'
[0.219s] Level 5:colcon.colcon_core.verb:set package 'ramen_table' build argument 'cmake_force_configure' from command line to 'False'
[0.219s] Level 5:colcon.colcon_core.verb:set package 'ramen_table' build argument 'ament_cmake_args' from command line to 'None'
[0.219s] Level 5:colcon.colcon_core.verb:set package 'ramen_table' build argument 'catkin_cmake_args' from command line to 'None'
[0.219s] Level 5:colcon.colcon_core.verb:set package 'ramen_table' build argument 'catkin_skip_building_tests' from command line to 'False'
[0.219s] DEBUG:colcon.colcon_core.verb:Building package 'ramen_table' with the following arguments: {'ament_cmake_args': None, 'build_base': '/home/shiha/ros2_termproject/build/ramen_table', 'catkin_cmake_args': None, 'catkin_skip_building_tests': False, 'cmake_args': None, 'cmake_clean_cache': False, 'cmake_clean_first': False, 'cmake_force_configure': False, 'cmake_target': None, 'cmake_target_skip_unavailable': False, 'install_base': '/home/shiha/ros2_termproject/install/ramen_table', 'merge_install': False, 'path': '/home/shiha/ros2_termproject/src/ramen_table', 'symlink_install': False, 'test_result_base': None}
[0.219s] INFO:colcon.colcon_core.executor:Executing jobs using 'parallel' executor
[0.220s] DEBUG:colcon.colcon_parallel_executor.executor.parallel:run_until_complete
[0.221s] INFO:colcon.colcon_ros.task.ament_cmake.build:Building ROS package in '/home/shiha/ros2_termproject/src/ramen_interfaces' with build type 'ament_cmake'
[0.221s] INFO:colcon.colcon_cmake.task.cmake.build:Building CMake package in '/home/shiha/ros2_termproject/src/ramen_interfaces'
[0.223s] INFO:colcon.colcon_core.plugin_system:Skipping extension 'colcon_core.shell.bat': Not used on non-Windows systems
[0.223s] INFO:colcon.colcon_core.shell:Skip shell extension 'powershell' for command environment: Not usable outside of PowerShell
[0.223s] DEBUG:colcon.colcon_core.shell:Skip shell extension 'dsv' for command environment
[0.231s] DEBUG:colcon.colcon_core.event_handler.log_command:Invoking command in '/home/shiha/ros2_termproject/build/ramen_interfaces': CMAKE_PREFIX_PATH=${CMAKE_PREFIX_PATH}:/home/shiha/ros2_termproject/install/ramen_table:/home/shiha/ros2_termproject/install/ramen_serving:/home/shiha/ros2_termproject/install/ramen_kitchen:/home/shiha/my_ws/install/using_my_custom_interface_package:/home/shiha/my_ws/install/time_sync:/home/shiha/my_ws/install/my_rclpy_package:/home/shiha/my_ws/install/learning_tf2:/home/shiha/my_ws/install/gz_demo:/opt/ros/jazzy /usr/bin/cmake --build /home/shiha/ros2_termproject/build/ramen_interfaces -- -j18 -l18
[7.590s] DEBUG:colcon.colcon_core.event_handler.log_command:Invoked command in '/home/shiha/ros2_termproject/build/ramen_interfaces' returned '0': CMAKE_PREFIX_PATH=${CMAKE_PREFIX_PATH}:/home/shiha/ros2_termproject/install/ramen_table:/home/shiha/ros2_termproject/install/ramen_serving:/home/shiha/ros2_termproject/install/ramen_kitchen:/home/shiha/my_ws/install/using_my_custom_interface_package:/home/shiha/my_ws/install/time_sync:/home/shiha/my_ws/install/my_rclpy_package:/home/shiha/my_ws/install/learning_tf2:/home/shiha/my_ws/install/gz_demo:/opt/ros/jazzy /usr/bin/cmake --build /home/shiha/ros2_termproject/build/ramen_interfaces -- -j18 -l18
[7.600s] DEBUG:colcon.colcon_core.event_handler.log_command:Invoking command in '/home/shiha/ros2_termproject/build/ramen_interfaces': CMAKE_PREFIX_PATH=${CMAKE_PREFIX_PATH}:/home/shiha/ros2_termproject/install/ramen_table:/home/shiha/ros2_termproject/install/ramen_serving:/home/shiha/ros2_termproject/install/ramen_kitchen:/home/shiha/my_ws/install/using_my_custom_interface_package:/home/shiha/my_ws/install/time_sync:/home/shiha/my_ws/install/my_rclpy_package:/home/shiha/my_ws/install/learning_tf2:/home/shiha/my_ws/install/gz_demo:/opt/ros/jazzy /usr/bin/cmake --install /home/shiha/ros2_termproject/build/ramen_interfaces
[7.758s] Level 1:colcon.colcon_core.environment:create_environment_scripts_only(ramen_interfaces)
[7.759s] DEBUG:colcon.colcon_core.event_handler.log_command:Invoked command in '/home/shiha/ros2_termproject/build/ramen_interfaces' returned '0': CMAKE_PREFIX_PATH=${CMAKE_PREFIX_PATH}:/home/shiha/ros2_termproject/install/ramen_table:/home/shiha/ros2_termproject/install/ramen_serving:/home/shiha/ros2_termproject/install/ramen_kitchen:/home/shiha/my_ws/install/using_my_custom_interface_package:/home/shiha/my_ws/install/time_sync:/home/shiha/my_ws/install/my_rclpy_package:/home/shiha/my_ws/install/learning_tf2:/home/shiha/my_ws/install/gz_demo:/opt/ros/jazzy /usr/bin/cmake --install /home/shiha/ros2_termproject/build/ramen_interfaces
[7.761s] Level 1:colcon.colcon_core.environment:checking '/home/shiha/ros2_termproject/install/ramen_interfaces' for CMake module files
[7.761s] Level 1:colcon.colcon_core.environment:checking '/home/shiha/ros2_termproject/install/ramen_interfaces' for CMake config files
[7.762s] Level 1:colcon.colcon_core.shell:create_environment_hook('ramen_interfaces', 'cmake_prefix_path')
[7.762s] INFO:colcon.colcon_core.shell:Creating environment hook '/home/shiha/ros2_termproject/install/ramen_interfaces/share/ramen_interfaces/hook/cmake_prefix_path.ps1'
[7.762s] INFO:colcon.colcon_core.shell:Creating environment descriptor '/home/shiha/ros2_termproject/install/ramen_interfaces/share/ramen_interfaces/hook/cmake_prefix_path.dsv'
[7.763s] INFO:colcon.colcon_core.shell:Creating environment hook '/home/shiha/ros2_termproject/install/ramen_interfaces/share/ramen_interfaces/hook/cmake_prefix_path.sh'
[7.763s] Level 1:colcon.colcon_core.environment:checking '/home/shiha/ros2_termproject/install/ramen_interfaces/lib'
[7.763s] Level 1:colcon.colcon_core.shell:create_environment_hook('ramen_interfaces', 'ld_library_path_lib')
[7.764s] INFO:colcon.colcon_core.shell:Creating environment hook '/home/shiha/ros2_termproject/install/ramen_interfaces/share/ramen_interfaces/hook/ld_library_path_lib.ps1'
[7.764s] INFO:colcon.colcon_core.shell:Creating environment descriptor '/home/shiha/ros2_termproject/install/ramen_interfaces/share/ramen_interfaces/hook/ld_library_path_lib.dsv'
[7.764s] INFO:colcon.colcon_core.shell:Creating environment hook '/home/shiha/ros2_termproject/install/ramen_interfaces/share/ramen_interfaces/hook/ld_library_path_lib.sh'
[7.764s] Level 1:colcon.colcon_core.environment:checking '/home/shiha/ros2_termproject/install/ramen_interfaces/bin'
[7.765s] Level 1:colcon.colcon_core.environment:checking '/home/shiha/ros2_termproject/install/ramen_interfaces/lib/pkgconfig/ramen_interfaces.pc'
[7.765s] Level 1:colcon.colcon_core.environment:checking '/home/shiha/ros2_termproject/install/ramen_interfaces/lib/python3.12/site-packages'
[7.765s] Level 1:colcon.colcon_core.shell:create_environment_hook('ramen_interfaces', 'pythonpath')
[7.765s] INFO:colcon.colcon_core.shell:Creating environment hook '/home/shiha/ros2_termproject/install/ramen_interfaces/share/ramen_interfaces/hook/pythonpath.ps1'
[7.765s] INFO:colcon.colcon_core.shell:Creating environment descriptor '/home/shiha/ros2_termproject/install/ramen_interfaces/share/ramen_interfaces/hook/pythonpath.dsv'
[7.765s] INFO:colcon.colcon_core.shell:Creating environment hook '/home/shiha/ros2_termproject/install/ramen_interfaces/share/ramen_interfaces/hook/pythonpath.sh'
[7.766s] Level 1:colcon.colcon_core.environment:checking '/home/shiha/ros2_termproject/install/ramen_interfaces/bin'
[7.766s] INFO:colcon.colcon_core.shell:Creating package script '/home/shiha/ros2_termproject/install/ramen_interfaces/share/ramen_interfaces/package.ps1'
[7.767s] INFO:colcon.colcon_core.shell:Creating package descriptor '/home/shiha/ros2_termproject/install/ramen_interfaces/share/ramen_interfaces/package.dsv'
[7.768s] INFO:colcon.colcon_core.shell:Creating package script '/home/shiha/ros2_termproject/install/ramen_interfaces/share/ramen_interfaces/package.sh'
[7.769s] INFO:colcon.colcon_core.shell:Creating package script '/home/shiha/ros2_termproject/install/ramen_interfaces/share/ramen_interfaces/package.bash'
[7.769s] INFO:colcon.colcon_core.shell:Creating package script '/home/shiha/ros2_termproject/install/ramen_interfaces/share/ramen_interfaces/package.zsh'
[7.770s] Level 1:colcon.colcon_core.environment:create_file_with_runtime_dependencies(/home/shiha/ros2_termproject/install/ramen_interfaces/share/colcon-core/packages/ramen_interfaces)
[7.771s] Level 1:colcon.colcon_core.environment:create_environment_scripts_only(ramen_interfaces)
[7.771s] Level 1:colcon.colcon_core.environment:checking '/home/shiha/ros2_termproject/install/ramen_interfaces' for CMake module files
[7.772s] Level 1:colcon.colcon_core.environment:checking '/home/shiha/ros2_termproject/install/ramen_interfaces' for CMake config files
[7.773s] Level 1:colcon.colcon_core.shell:create_environment_hook('ramen_interfaces', 'cmake_prefix_path')
[7.773s] INFO:colcon.colcon_core.shell:Creating environment hook '/home/shiha/ros2_termproject/install/ramen_interfaces/share/ramen_interfaces/hook/cmake_prefix_path.ps1'
[7.774s] INFO:colcon.colcon_core.shell:Creating environment descriptor '/home/shiha/ros2_termproject/install/ramen_interfaces/share/ramen_interfaces/hook/cmake_prefix_path.dsv'
[7.774s] INFO:colcon.colcon_core.shell:Creating environment hook '/home/shiha/ros2_termproject/install/ramen_interfaces/share/ramen_interfaces/hook/cmake_prefix_path.sh'
[7.775s] Level 1:colcon.colcon_core.environment:checking '/home/shiha/ros2_termproject/install/ramen_interfaces/lib'
[7.775s] Level 1:colcon.colcon_core.shell:create_environment_hook('ramen_interfaces', 'ld_library_path_lib')
[7.775s] INFO:colcon.colcon_core.shell:Creating environment hook '/home/shiha/ros2_termproject/install/ramen_interfaces/share/ramen_interfaces/hook/ld_library_path_lib.ps1'
[7.775s] INFO:colcon.colcon_core.shell:Creating environment descriptor '/home/shiha/ros2_termproject/install/ramen_interfaces/share/ramen_interfaces/hook/ld_library_path_lib.dsv'
[7.776s] INFO:colcon.colcon_core.shell:Creating environment hook '/home/shiha/ros2_termproject/install/ramen_interfaces/share/ramen_interfaces/hook/ld_library_path_lib.sh'
[7.777s] Level 1:colcon.colcon_core.environment:checking '/home/shiha/ros2_termproject/install/ramen_interfaces/bin'
[7.777s] Level 1:colcon.colcon_core.environment:checking '/home/shiha/ros2_termproject/install/ramen_interfaces/lib/pkgconfig/ramen_interfaces.pc'
[7.777s] Level 1:colcon.colcon_core.environment:checking '/home/shiha/ros2_termproject/install/ramen_interfaces/lib/python3.12/site-packages'
[7.777s] Level 1:colcon.colcon_core.shell:create_environment_hook('ramen_interfaces', 'pythonpath')
[7.777s] INFO:colcon.colcon_core.shell:Creating environment hook '/home/shiha/ros2_termproject/install/ramen_interfaces/share/ramen_interfaces/hook/pythonpath.ps1'
[7.778s] INFO:colcon.colcon_core.shell:Creating environment descriptor '/home/shiha/ros2_termproject/install/ramen_interfaces/share/ramen_interfaces/hook/pythonpath.dsv'
[7.778s] INFO:colcon.colcon_core.shell:Creating environment hook '/home/shiha/ros2_termproject/install/ramen_interfaces/share/ramen_interfaces/hook/pythonpath.sh'
[7.779s] Level 1:colcon.colcon_core.environment:checking '/home/shiha/ros2_termproject/install/ramen_interfaces/bin'
[7.779s] INFO:colcon.colcon_core.shell:Creating package script '/home/shiha/ros2_termproject/install/ramen_interfaces/share/ramen_interfaces/package.ps1'
[7.780s] INFO:colcon.colcon_core.shell:Creating package descriptor '/home/shiha/ros2_termproject/install/ramen_interfaces/share/ramen_interfaces/package.dsv'
[7.781s] INFO:colcon.colcon_core.shell:Creating package script '/home/shiha/ros2_termproject/install/ramen_interfaces/share/ramen_interfaces/package.sh'
[7.781s] INFO:colcon.colcon_core.shell:Creating package script '/home/shiha/ros2_termproject/install/ramen_interfaces/share/ramen_interfaces/package.bash'
[7.782s] INFO:colcon.colcon_core.shell:Creating package script '/home/shiha/ros2_termproject/install/ramen_interfaces/share/ramen_interfaces/package.zsh'
[7.782s] Level 1:colcon.colcon_core.environment:create_file_with_runtime_dependencies(/home/shiha/ros2_termproject/install/ramen_interfaces/share/colcon-core/packages/ramen_interfaces)
[7.782s] INFO:colcon.colcon_ros.task.ament_python.build:Building ROS package in '/home/shiha/ros2_termproject/src/ramen_kitchen' with build type 'ament_python'
[7.783s] Level 1:colcon.colcon_core.shell:create_environment_hook('ramen_kitchen', 'ament_prefix_path')
[7.783s] INFO:colcon.colcon_core.shell:Creating environment hook '/home/shiha/ros2_termproject/install/ramen_kitchen/share/ramen_kitchen/hook/ament_prefix_path.ps1'
[7.784s] INFO:colcon.colcon_core.shell:Creating environment descriptor '/home/shiha/ros2_termproject/install/ramen_kitchen/share/ramen_kitchen/hook/ament_prefix_path.dsv'
[7.784s] INFO:colcon.colcon_core.shell:Creating environment hook '/home/shiha/ros2_termproject/install/ramen_kitchen/share/ramen_kitchen/hook/ament_prefix_path.sh'
[7.785s] INFO:colcon.colcon_core.shell:Skip shell extension 'powershell' for command environment: Not usable outside of PowerShell
[7.785s] DEBUG:colcon.colcon_core.shell:Skip shell extension 'dsv' for command environment
[7.788s] INFO:colcon.colcon_ros.task.ament_python.build:Building ROS package in '/home/shiha/ros2_termproject/src/ramen_serving' with build type 'ament_python'
[7.789s] Level 1:colcon.colcon_core.shell:create_environment_hook('ramen_serving', 'ament_prefix_path')
[7.789s] INFO:colcon.colcon_core.shell:Creating environment hook '/home/shiha/ros2_termproject/install/ramen_serving/share/ramen_serving/hook/ament_prefix_path.ps1'
[7.789s] INFO:colcon.colcon_core.shell:Creating environment descriptor '/home/shiha/ros2_termproject/install/ramen_serving/share/ramen_serving/hook/ament_prefix_path.dsv'
[7.790s] INFO:colcon.colcon_core.shell:Creating environment hook '/home/shiha/ros2_termproject/install/ramen_serving/share/ramen_serving/hook/ament_prefix_path.sh'
[7.790s] INFO:colcon.colcon_core.shell:Skip shell extension 'powershell' for command environment: Not usable outside of PowerShell
[7.790s] DEBUG:colcon.colcon_core.shell:Skip shell extension 'dsv' for command environment
[7.793s] INFO:colcon.colcon_ros.task.ament_python.build:Building ROS package in '/home/shiha/ros2_termproject/src/ramen_table' with build type 'ament_python'
[7.793s] Level 1:colcon.colcon_core.shell:create_environment_hook('ramen_table', 'ament_prefix_path')
[7.793s] INFO:colcon.colcon_core.shell:Creating environment hook '/home/shiha/ros2_termproject/install/ramen_table/share/ramen_table/hook/ament_prefix_path.ps1'
[7.794s] INFO:colcon.colcon_core.shell:Creating environment descriptor '/home/shiha/ros2_termproject/install/ramen_table/share/ramen_table/hook/ament_prefix_path.dsv'
[7.794s] INFO:colcon.colcon_core.shell:Creating environment hook '/home/shiha/ros2_termproject/install/ramen_table/share/ramen_table/hook/ament_prefix_path.sh'
[7.794s] INFO:colcon.colcon_core.shell:Skip shell extension 'powershell' for command environment: Not usable outside of PowerShell
[7.794s] DEBUG:colcon.colcon_core.shell:Skip shell extension 'dsv' for command environment
[8.091s] INFO:colcon.colcon_core.task.python.build:Building Python package in '/home/shiha/ros2_termproject/src/ramen_kitchen'
[8.091s] INFO:colcon.colcon_core.shell:Skip shell extension 'powershell' for command environment: Not usable outside of PowerShell
[8.092s] DEBUG:colcon.colcon_core.shell:Skip shell extension 'dsv' for command environment
[8.337s] INFO:colcon.colcon_core.task.python.build:Building Python package in '/home/shiha/ros2_termproject/src/ramen_serving'
[8.338s] INFO:colcon.colcon_core.shell:Skip shell extension 'powershell' for command environment: Not usable outside of PowerShell
[8.338s] DEBUG:colcon.colcon_core.shell:Skip shell extension 'dsv' for command environment
[8.610s] INFO:colcon.colcon_core.task.python.build:Building Python package in '/home/shiha/ros2_termproject/src/ramen_table'
[8.610s] INFO:colcon.colcon_core.shell:Skip shell extension 'powershell' for command environment: Not usable outside of PowerShell
[8.610s] DEBUG:colcon.colcon_core.shell:Skip shell extension 'dsv' for command environment
[9.336s] DEBUG:colcon.colcon_core.event_handler.log_command:Invoking command in '/home/shiha/ros2_termproject/src/ramen_kitchen': PYTHONPATH=/home/shiha/ros2_termproject/build/ramen_kitchen/prefix_override:/usr/lib/python3/dist-packages/colcon_core/task/python/colcon_distutils_commands:/home/shiha/ros2_termproject/install/ramen_kitchen/lib/python3.12/site-packages:/home/shiha/ros2_termproject/install/ramen_interfaces/lib/python3.12/site-packages:/home/shiha/ros2_termproject/install/ramen_table/lib/python3.12/site-packages:/home/shiha/ros2_termproject/install/ramen_serving/lib/python3.12/site-packages:/home/shiha/ros2_termproject/install/ramen_kitchen/lib/python3.12/site-packages:/home/shiha/my_ws/install/using_my_custom_interface_package/lib/python3.12/site-packages:/home/shiha/my_ws/install/time_sync_interface/lib/python3.12/site-packages:/home/shiha/my_ws/install/time_sync/lib/python3.12/site-packages:/home/shiha/my_ws/install/my_rclpy_package/lib/python3.12/site-packages:/home/shiha/my_ws/install/msg_interface_example/lib/python3.12/site-packages:/home/shiha/my_ws/install/learning_tf2/lib/python3.12/site-packages:/home/shiha/my_ws/install/gz_demo/lib/python3.12/site-packages:/opt/ros/jazzy/lib/python3.12/site-packages /usr/bin/python3 -W ignore:setup.py install is deprecated -W ignore:easy_install command is deprecated setup.py egg_info --egg-base ../../build/ramen_kitchen build --build-base /home/shiha/ros2_termproject/build/ramen_kitchen/build install --record /home/shiha/ros2_termproject/build/ramen_kitchen/install.log --single-version-externally-managed install_data
[9.358s] DEBUG:colcon.colcon_core.event_handler.log_command:Invoking command in '/home/shiha/ros2_termproject/src/ramen_serving': PYTHONPATH=/home/shiha/ros2_termproject/build/ramen_serving/prefix_override:/usr/lib/python3/dist-packages/colcon_core/task/python/colcon_distutils_commands:/home/shiha/ros2_termproject/install/ramen_serving/lib/python3.12/site-packages:/home/shiha/ros2_termproject/install/ramen_interfaces/lib/python3.12/site-packages:/home/shiha/ros2_termproject/install/ramen_table/lib/python3.12/site-packages:/home/shiha/ros2_termproject/install/ramen_serving/lib/python3.12/site-packages:/home/shiha/ros2_termproject/install/ramen_kitchen/lib/python3.12/site-packages:/home/shiha/my_ws/install/using_my_custom_interface_package/lib/python3.12/site-packages:/home/shiha/my_ws/install/time_sync_interface/lib/python3.12/site-packages:/home/shiha/my_ws/install/time_sync/lib/python3.12/site-packages:/home/shiha/my_ws/install/my_rclpy_package/lib/python3.12/site-packages:/home/shiha/my_ws/install/msg_interface_example/lib/python3.12/site-packages:/home/shiha/my_ws/install/learning_tf2/lib/python3.12/site-packages:/home/shiha/my_ws/install/gz_demo/lib/python3.12/site-packages:/opt/ros/jazzy/lib/python3.12/site-packages /usr/bin/python3 -W ignore:setup.py install is deprecated -W ignore:easy_install command is deprecated setup.py egg_info --egg-base ../../build/ramen_serving build --build-base /home/shiha/ros2_termproject/build/ramen_serving/build install --record /home/shiha/ros2_termproject/build/ramen_serving/install.log --single-version-externally-managed install_data
[9.421s] DEBUG:colcon.colcon_core.event_handler.log_command:Invoking command in '/home/shiha/ros2_termproject/src/ramen_table': PYTHONPATH=/home/shiha/ros2_termproject/build/ramen_table/prefix_override:/usr/lib/python3/dist-packages/colcon_core/task/python/colcon_distutils_commands:/home/shiha/ros2_termproject/install/ramen_table/lib/python3.12/site-packages:/home/shiha/ros2_termproject/install/ramen_interfaces/lib/python3.12/site-packages:/home/shiha/ros2_termproject/install/ramen_table/lib/python3.12/site-packages:/home/shiha/ros2_termproject/install/ramen_serving/lib/python3.12/site-packages:/home/shiha/ros2_termproject/install/ramen_kitchen/lib/python3.12/site-packages:/home/shiha/my_ws/install/using_my_custom_interface_package/lib/python3.12/site-packages:/home/shiha/my_ws/install/time_sync_interface/lib/python3.12/site-packages:/home/shiha/my_ws/install/time_sync/lib/python3.12/site-packages:/home/shiha/my_ws/install/my_rclpy_package/lib/python3.12/site-packages:/home/shiha/my_ws/install/msg_interface_example/lib/python3.12/site-packages:/home/shiha/my_ws/install/learning_tf2/lib/python3.12/site-packages:/home/shiha/my_ws/install/gz_demo/lib/python3.12/site-packages:/opt/ros/jazzy/lib/python3.12/site-packages /usr/bin/python3 -W ignore:setup.py install is deprecated -W ignore:easy_install command is deprecated setup.py egg_info --egg-base ../../build/ramen_table build --build-base /home/shiha/ros2_termproject/build/ramen_table/build install --record /home/shiha/ros2_termproject/build/ramen_table/install.log --single-version-externally-managed install_data
[10.052s] Level 1:colcon.colcon_core.environment:checking '/home/shiha/ros2_termproject/install/ramen_kitchen' for CMake module files
[10.053s] DEBUG:colcon.colcon_core.event_handler.log_command:Invoked command in '/home/shiha/ros2_termproject/src/ramen_kitchen' returned '0': PYTHONPATH=/home/shiha/ros2_termproject/build/ramen_kitchen/prefix_override:/usr/lib/python3/dist-packages/colcon_core/task/python/colcon_distutils_commands:/home/shiha/ros2_termproject/install/ramen_kitchen/lib/python3.12/site-packages:/home/shiha/ros2_termproject/install/ramen_interfaces/lib/python3.12/site-packages:/home/shiha/ros2_termproject/install/ramen_table/lib/python3.12/site-packages:/home/shiha/ros2_termproject/install/ramen_serving/lib/python3.12/site-packages:/home/shiha/ros2_termproject/install/ramen_kitchen/lib/python3.12/site-packages:/home/shiha/my_ws/install/using_my_custom_interface_package/lib/python3.12/site-packages:/home/shiha/my_ws/install/time_sync_interface/lib/python3.12/site-packages:/home/shiha/my_ws/install/time_sync/lib/python3.12/site-packages:/home/shiha/my_ws/install/my_rclpy_package/lib/python3.12/site-packages:/home/shiha/my_ws/install/msg_interface_example/lib/python3.12/site-packages:/home/shiha/my_ws/install/learning_tf2/lib/python3.12/site-packages:/home/shiha/my_ws/install/gz_demo/lib/python3.12/site-packages:/opt/ros/jazzy/lib/python3.12/site-packages /usr/bin/python3 -W ignore:setup.py install is deprecated -W ignore:easy_install command is deprecated setup.py egg_info --egg-base ../../build/ramen_kitchen build --build-base /home/shiha/ros2_termproject/build/ramen_kitchen/build install --record /home/shiha/ros2_termproject/build/ramen_kitchen/install.log --single-version-externally-managed install_data
[10.054s] Level 1:colcon.colcon_core.environment:checking '/home/shiha/ros2_termproject/install/ramen_kitchen' for CMake config files
[10.054s] Level 1:colcon.colcon_core.environment:checking '/home/shiha/ros2_termproject/install/ramen_kitchen/lib'
[10.055s] Level 1:colcon.colcon_core.environment:checking '/home/shiha/ros2_termproject/install/ramen_kitchen/bin'
[10.055s] Level 1:colcon.colcon_core.environment:checking '/home/shiha/ros2_termproject/install/ramen_kitchen/lib/pkgconfig/ramen_kitchen.pc'
[10.055s] Level 1:colcon.colcon_core.environment:checking '/home/shiha/ros2_termproject/install/ramen_kitchen/lib/python3.12/site-packages'
[10.055s] Level 1:colcon.colcon_core.shell:create_environment_hook('ramen_kitchen', 'pythonpath')
[10.055s] INFO:colcon.colcon_core.shell:Creating environment hook '/home/shiha/ros2_termproject/install/ramen_kitchen/share/ramen_kitchen/hook/pythonpath.ps1'
[10.056s] INFO:colcon.colcon_core.shell:Creating environment descriptor '/home/shiha/ros2_termproject/install/ramen_kitchen/share/ramen_kitchen/hook/pythonpath.dsv'
[10.057s] INFO:colcon.colcon_core.shell:Creating environment hook '/home/shiha/ros2_termproject/install/ramen_kitchen/share/ramen_kitchen/hook/pythonpath.sh'
[10.057s] Level 1:colcon.colcon_core.environment:checking '/home/shiha/ros2_termproject/install/ramen_kitchen/bin'
[10.057s] Level 1:colcon.colcon_core.environment:create_environment_scripts_only(ramen_kitchen)
[10.058s] INFO:colcon.colcon_core.shell:Creating package script '/home/shiha/ros2_termproject/install/ramen_kitchen/share/ramen_kitchen/package.ps1'
[10.059s] INFO:colcon.colcon_core.shell:Creating package descriptor '/home/shiha/ros2_termproject/install/ramen_kitchen/share/ramen_kitchen/package.dsv'
[10.059s] INFO:colcon.colcon_core.shell:Creating package script '/home/shiha/ros2_termproject/install/ramen_kitchen/share/ramen_kitchen/package.sh'
[10.060s] INFO:colcon.colcon_core.shell:Creating package script '/home/shiha/ros2_termproject/install/ramen_kitchen/share/ramen_kitchen/package.bash'
[10.060s] INFO:colcon.colcon_core.shell:Creating package script '/home/shiha/ros2_termproject/install/ramen_kitchen/share/ramen_kitchen/package.zsh'
[10.061s] Level 1:colcon.colcon_core.environment:create_file_with_runtime_dependencies(/home/shiha/ros2_termproject/install/ramen_kitchen/share/colcon-core/packages/ramen_kitchen)
[10.067s] Level 1:colcon.colcon_core.environment:checking '/home/shiha/ros2_termproject/install/ramen_serving' for CMake module files
[10.068s] DEBUG:colcon.colcon_core.event_handler.log_command:Invoked command in '/home/shiha/ros2_termproject/src/ramen_serving' returned '0': PYTHONPATH=/home/shiha/ros2_termproject/build/ramen_serving/prefix_override:/usr/lib/python3/dist-packages/colcon_core/task/python/colcon_distutils_commands:/home/shiha/ros2_termproject/install/ramen_serving/lib/python3.12/site-packages:/home/shiha/ros2_termproject/install/ramen_interfaces/lib/python3.12/site-packages:/home/shiha/ros2_termproject/install/ramen_table/lib/python3.12/site-packages:/home/shiha/ros2_termproject/install/ramen_serving/lib/python3.12/site-packages:/home/shiha/ros2_termproject/install/ramen_kitchen/lib/python3.12/site-packages:/home/shiha/my_ws/install/using_my_custom_interface_package/lib/python3.12/site-packages:/home/shiha/my_ws/install/time_sync_interface/lib/python3.12/site-packages:/home/shiha/my_ws/install/time_sync/lib/python3.12/site-packages:/home/shiha/my_ws/install/my_rclpy_package/lib/python3.12/site-packages:/home/shiha/my_ws/install/msg_interface_example/lib/python3.12/site-packages:/home/shiha/my_ws/install/learning_tf2/lib/python3.12/site-packages:/home/shiha/my_ws/install/gz_demo/lib/python3.12/site-packages:/opt/ros/jazzy/lib/python3.12/site-packages /usr/bin/python3 -W ignore:setup.py install is deprecated -W ignore:easy_install command is deprecated setup.py egg_info --egg-base ../../build/ramen_serving build --build-base /home/shiha/ros2_termproject/build/ramen_serving/build install --record /home/shiha/ros2_termproject/build/ramen_serving/install.log --single-version-externally-managed install_data
[10.068s] Level 1:colcon.colcon_core.environment:checking '/home/shiha/ros2_termproject/install/ramen_serving' for CMake config files
[10.069s] Level 1:colcon.colcon_core.environment:checking '/home/shiha/ros2_termproject/install/ramen_serving/lib'
[10.069s] Level 1:colcon.colcon_core.environment:checking '/home/shiha/ros2_termproject/install/ramen_serving/bin'
[10.070s] Level 1:colcon.colcon_core.environment:checking '/home/shiha/ros2_termproject/install/ramen_serving/lib/pkgconfig/ramen_serving.pc'
[10.070s] Level 1:colcon.colcon_core.environment:checking '/home/shiha/ros2_termproject/install/ramen_serving/lib/python3.12/site-packages'
[10.070s] Level 1:colcon.colcon_core.shell:create_environment_hook('ramen_serving', 'pythonpath')
[10.071s] INFO:colcon.colcon_core.shell:Creating environment hook '/home/shiha/ros2_termproject/install/ramen_serving/share/ramen_serving/hook/pythonpath.ps1'
[10.071s] INFO:colcon.colcon_core.shell:Creating environment descriptor '/home/shiha/ros2_termproject/install/ramen_serving/share/ramen_serving/hook/pythonpath.dsv'
[10.072s] INFO:colcon.colcon_core.shell:Creating environment hook '/home/shiha/ros2_termproject/install/ramen_serving/share/ramen_serving/hook/pythonpath.sh'
[10.073s] Level 1:colcon.colcon_core.environment:checking '/home/shiha/ros2_termproject/install/ramen_serving/bin'
[10.073s] Level 1:colcon.colcon_core.environment:create_environment_scripts_only(ramen_serving)
[10.073s] INFO:colcon.colcon_core.shell:Creating package script '/home/shiha/ros2_termproject/install/ramen_serving/share/ramen_serving/package.ps1'
[10.074s] INFO:colcon.colcon_core.shell:Creating package descriptor '/home/shiha/ros2_termproject/install/ramen_serving/share/ramen_serving/package.dsv'
[10.074s] INFO:colcon.colcon_core.shell:Creating package script '/home/shiha/ros2_termproject/install/ramen_serving/share/ramen_serving/package.sh'
[10.075s] INFO:colcon.colcon_core.shell:Creating package script '/home/shiha/ros2_termproject/install/ramen_serving/share/ramen_serving/package.bash'
[10.075s] INFO:colcon.colcon_core.shell:Creating package script '/home/shiha/ros2_termproject/install/ramen_serving/share/ramen_serving/package.zsh'
[10.076s] Level 1:colcon.colcon_core.environment:create_file_with_runtime_dependencies(/home/shiha/ros2_termproject/install/ramen_serving/share/colcon-core/packages/ramen_serving)
[10.122s] Level 1:colcon.colcon_core.environment:checking '/home/shiha/ros2_termproject/install/ramen_table' for CMake module files
[10.123s] DEBUG:colcon.colcon_core.event_handler.log_command:Invoked command in '/home/shiha/ros2_termproject/src/ramen_table' returned '0': PYTHONPATH=/home/shiha/ros2_termproject/build/ramen_table/prefix_override:/usr/lib/python3/dist-packages/colcon_core/task/python/colcon_distutils_commands:/home/shiha/ros2_termproject/install/ramen_table/lib/python3.12/site-packages:/home/shiha/ros2_termproject/install/ramen_interfaces/lib/python3.12/site-packages:/home/shiha/ros2_termproject/install/ramen_table/lib/python3.12/site-packages:/home/shiha/ros2_termproject/install/ramen_serving/lib/python3.12/site-packages:/home/shiha/ros2_termproject/install/ramen_kitchen/lib/python3.12/site-packages:/home/shiha/my_ws/install/using_my_custom_interface_package/lib/python3.12/site-packages:/home/shiha/my_ws/install/time_sync_interface/lib/python3.12/site-packages:/home/shiha/my_ws/install/time_sync/lib/python3.12/site-packages:/home/shiha/my_ws/install/my_rclpy_package/lib/python3.12/site-packages:/home/shiha/my_ws/install/msg_interface_example/lib/python3.12/site-packages:/home/shiha/my_ws/install/learning_tf2/lib/python3.12/site-packages:/home/shiha/my_ws/install/gz_demo/lib/python3.12/site-packages:/opt/ros/jazzy/lib/python3.12/site-packages /usr/bin/python3 -W ignore:setup.py install is deprecated -W ignore:easy_install command is deprecated setup.py egg_info --egg-base ../../build/ramen_table build --build-base /home/shiha/ros2_termproject/build/ramen_table/build install --record /home/shiha/ros2_termproject/build/ramen_table/install.log --single-version-externally-managed install_data
[10.123s] Level 1:colcon.colcon_core.environment:checking '/home/shiha/ros2_termproject/install/ramen_table' for CMake config files
[10.124s] Level 1:colcon.colcon_core.environment:checking '/home/shiha/ros2_termproject/install/ramen_table/lib'
[10.124s] Level 1:colcon.colcon_core.environment:checking '/home/shiha/ros2_termproject/install/ramen_table/bin'
[10.124s] Level 1:colcon.colcon_core.environment:checking '/home/shiha/ros2_termproject/install/ramen_table/lib/pkgconfig/ramen_table.pc'
[10.124s] Level 1:colcon.colcon_core.environment:checking '/home/shiha/ros2_termproject/install/ramen_table/lib/python3.12/site-packages'
[10.124s] Level 1:colcon.colcon_core.shell:create_environment_hook('ramen_table', 'pythonpath')
[10.125s] INFO:colcon.colcon_core.shell:Creating environment hook '/home/shiha/ros2_termproject/install/ramen_table/share/ramen_table/hook/pythonpath.ps1'
[10.125s] INFO:colcon.colcon_core.shell:Creating environment descriptor '/home/shiha/ros2_termproject/install/ramen_table/share/ramen_table/hook/pythonpath.dsv'
[10.125s] INFO:colcon.colcon_core.shell:Creating environment hook '/home/shiha/ros2_termproject/install/ramen_table/share/ramen_table/hook/pythonpath.sh'
[10.126s] Level 1:colcon.colcon_core.environment:checking '/home/shiha/ros2_termproject/install/ramen_table/bin'
[10.126s] Level 1:colcon.colcon_core.environment:create_environment_scripts_only(ramen_table)
[10.126s] INFO:colcon.colcon_core.shell:Creating package script '/home/shiha/ros2_termproject/install/ramen_table/share/ramen_table/package.ps1'
[10.127s] INFO:colcon.colcon_core.shell:Creating package descriptor '/home/shiha/ros2_termproject/install/ramen_table/share/ramen_table/package.dsv'
[10.128s] INFO:colcon.colcon_core.shell:Creating package script '/home/shiha/ros2_termproject/install/ramen_table/share/ramen_table/package.sh'
[10.128s] INFO:colcon.colcon_core.shell:Creating package script '/home/shiha/ros2_termproject/install/ramen_table/share/ramen_table/package.bash'
[10.129s] INFO:colcon.colcon_core.shell:Creating package script '/home/shiha/ros2_termproject/install/ramen_table/share/ramen_table/package.zsh'
[10.129s] Level 1:colcon.colcon_core.environment:create_file_with_runtime_dependencies(/home/shiha/ros2_termproject/install/ramen_table/share/colcon-core/packages/ramen_table)
[10.130s] DEBUG:colcon.colcon_parallel_executor.executor.parallel:closing loop
[10.131s] DEBUG:colcon.colcon_parallel_executor.executor.parallel:loop closed
[10.131s] DEBUG:colcon.colcon_parallel_executor.executor.parallel:run_until_complete finished with '0'
[10.131s] DEBUG:colcon.colcon_core.event_reactor:joining thread
[10.162s] INFO:colcon.colcon_core.plugin_system:Skipping extension 'colcon_notification.desktop_notification.notify_send': Could not find 'notify-send'
[10.162s] INFO:colcon.colcon_core.plugin_system:Skipping extension 'colcon_notification.desktop_notification.terminal_notifier': Not used on non-Darwin systems
[10.162s] INFO:colcon.colcon_core.plugin_system:Skipping extension 'colcon_notification.desktop_notification.win32': Not used on non-Windows systems
[10.162s] INFO:colcon.colcon_notification.desktop_notification:Sending desktop notification using 'notify2'
[10.164s] DEBUG:colcon.colcon_notification.desktop_notification.notify2:Failed to initialize notify2: org.freedesktop.DBus.Error.ServiceUnknown: The name org.freedesktop.Notifications was not provided by any .service files
[10.164s] DEBUG:colcon.colcon_core.event_reactor:joined thread
[10.165s] INFO:colcon.colcon_core.shell:Creating prefix script '/home/shiha/ros2_termproject/install/local_setup.ps1'
[10.165s] INFO:colcon.colcon_core.shell:Creating prefix util module '/home/shiha/ros2_termproject/install/_local_setup_util_ps1.py'
[10.166s] INFO:colcon.colcon_core.shell:Creating prefix chain script '/home/shiha/ros2_termproject/install/setup.ps1'
[10.167s] INFO:colcon.colcon_core.shell:Creating prefix script '/home/shiha/ros2_termproject/install/local_setup.sh'
[10.167s] INFO:colcon.colcon_core.shell:Creating prefix util module '/home/shiha/ros2_termproject/install/_local_setup_util_sh.py'
[10.168s] INFO:colcon.colcon_core.shell:Creating prefix chain script '/home/shiha/ros2_termproject/install/setup.sh'
[10.168s] INFO:colcon.colcon_core.shell:Creating prefix script '/home/shiha/ros2_termproject/install/local_setup.bash'
[10.169s] INFO:colcon.colcon_core.shell:Creating prefix chain script '/home/shiha/ros2_termproject/install/setup.bash'
[10.169s] INFO:colcon.colcon_core.shell:Creating prefix script '/home/shiha/ros2_termproject/install/local_setup.zsh'
[10.170s] INFO:colcon.colcon_core.shell:Creating prefix chain script '/home/shiha/ros2_termproject/install/setup.zsh'
