running egg_info
writing ../../build/ramen_table/ramen_table.egg-info/PKG-INFO
writing dependency_links to ../../build/ramen_table/ramen_table.egg-info/dependency_links.txt
writing entry points to ../../build/ramen_table/ramen_table.egg-info/entry_points.txt
writing requirements to ../../build/ramen_table/ramen_table.egg-info/requires.txt
writing top-level names to ../../build/ramen_table/ramen_table.egg-info/top_level.txt
reading manifest file '../../build/ramen_table/ramen_table.egg-info/SOURCES.txt'
writing manifest file '../../build/ramen_table/ramen_table.egg-info/SOURCES.txt'
running build
running build_py
copying ramen_table/order1_node.py -> /home/shiha/ros2_termproject/build/ramen_table/build/lib/ramen_table
running install
running install_lib
copying /home/shiha/ros2_termproject/build/ramen_table/build/lib/ramen_table/order1_node.py -> /home/shiha/ros2_termproject/install/ramen_table/lib/python3.12/site-packages/ramen_table
byte-compiling /home/shiha/ros2_termproject/install/ramen_table/lib/python3.12/site-packages/ramen_table/order1_node.py to order1_node.cpython-312.pyc
running install_data
running install_egg_info
removing '/home/shiha/ros2_termproject/install/ramen_table/lib/python3.12/site-packages/ramen_table-0.0.0-py3.12.egg-info' (and everything under it)
Copying ../../build/ramen_table/ramen_table.egg-info to /home/shiha/ros2_termproject/install/ramen_table/lib/python3.12/site-packages/ramen_table-0.0.0-py3.12.egg-info
running install_scripts
Installing count_node script to /home/shiha/ros2_termproject/install/ramen_table/lib/ramen_table
Installing customer_node script to /home/shiha/ros2_termproject/install/ramen_table/lib/ramen_table
Installing order1_node script to /home/shiha/ros2_termproject/install/ramen_table/lib/ramen_table
Installing order_node script to /home/shiha/ros2_termproject/install/ramen_table/lib/ramen_table
writing list of installed files to '/home/shiha/ros2_termproject/build/ramen_table/install.log'
