[0.991s] Invoking command in '/home/shiha/ros2_termproject/src/ramen_kitchen': AMENT_PREFIX_PATH=/home/shiha/ros2_termproject/install/ramen_interfaces:${AMENT_PREFIX_PATH} CMAKE_PREFIX_PATH=/home/shiha/ros2_termproject/install/ramen_interfaces:${CMAKE_PREFIX_PATH} LD_LIBRARY_PATH=/home/shiha/ros2_termproject/install/ramen_interfaces/lib:${LD_LIBRARY_PATH} PYTHONPATH=/home/shiha/ros2_termproject/build/ramen_kitchen/prefix_override:/usr/lib/python3/dist-packages/colcon_core/task/python/colcon_distutils_commands:/home/shiha/ros2_termproject/install/ramen_kitchen/lib/python3.12/site-packages:/home/shiha/ros2_termproject/install/ramen_interfaces/lib/python3.12/site-packages:${PYTHONPATH} /usr/bin/python3 -W ignore:setup.py install is deprecated -W ignore:easy_install command is deprecated setup.py egg_info --egg-base ../../build/ramen_kitchen build --build-base /home/shiha/ros2_termproject/build/ramen_kitchen/build install --record /home/shiha/ros2_termproject/build/ramen_kitchen/install.log --single-version-externally-managed install_data
[1.170s] running egg_info
[1.182s] writing ../../build/ramen_kitchen/ramen_kitchen.egg-info/PKG-INFO
[1.183s] writing dependency_links to ../../build/ramen_kitchen/ramen_kitchen.egg-info/dependency_links.txt
[1.183s] writing entry points to ../../build/ramen_kitchen/ramen_kitchen.egg-info/entry_points.txt
[1.183s] writing requirements to ../../build/ramen_kitchen/ramen_kitchen.egg-info/requires.txt
[1.183s] writing top-level names to ../../build/ramen_kitchen/ramen_kitchen.egg-info/top_level.txt
[1.207s] reading manifest file '../../build/ramen_kitchen/ramen_kitchen.egg-info/SOURCES.txt'
[1.208s] writing manifest file '../../build/ramen_kitchen/ramen_kitchen.egg-info/SOURCES.txt'
[1.208s] running build
[1.208s] running build_py
[1.208s] running install
[1.213s] running install_lib
[1.226s] running install_data
[1.226s] running install_egg_info
[1.239s] removing '/home/shiha/ros2_termproject/install/ramen_kitchen/lib/python3.12/site-packages/ramen_kitchen-0.0.0-py3.12.egg-info' (and everything under it)
[1.240s] Copying ../../build/ramen_kitchen/ramen_kitchen.egg-info to /home/shiha/ros2_termproject/install/ramen_kitchen/lib/python3.12/site-packages/ramen_kitchen-0.0.0-py3.12.egg-info
[1.240s] running install_scripts
[1.332s] Installing kitchen_node script to /home/shiha/ros2_termproject/install/ramen_kitchen/lib/ramen_kitchen
[1.332s] writing list of installed files to '/home/shiha/ros2_termproject/build/ramen_kitchen/install.log'
[1.354s] Invoked command in '/home/shiha/ros2_termproject/src/ramen_kitchen' returned '0': AMENT_PREFIX_PATH=/home/shiha/ros2_termproject/install/ramen_interfaces:${AMENT_PREFIX_PATH} CMAKE_PREFIX_PATH=/home/shiha/ros2_termproject/install/ramen_interfaces:${CMAKE_PREFIX_PATH} LD_LIBRARY_PATH=/home/shiha/ros2_termproject/install/ramen_interfaces/lib:${LD_LIBRARY_PATH} PYTHONPATH=/home/shiha/ros2_termproject/build/ramen_kitchen/prefix_override:/usr/lib/python3/dist-packages/colcon_core/task/python/colcon_distutils_commands:/home/shiha/ros2_termproject/install/ramen_kitchen/lib/python3.12/site-packages:/home/shiha/ros2_termproject/install/ramen_interfaces/lib/python3.12/site-packages:${PYTHONPATH} /usr/bin/python3 -W ignore:setup.py install is deprecated -W ignore:easy_install command is deprecated setup.py egg_info --egg-base ../../build/ramen_kitchen build --build-base /home/shiha/ros2_termproject/build/ramen_kitchen/build install --record /home/shiha/ros2_termproject/build/ramen_kitchen/install.log --single-version-externally-managed install_data
