/home/shiha/ros2_termproject/install/ramen_table/lib/python3.12/site-packages/ramen_table/order_node.py
/home/shiha/ros2_termproject/install/ramen_table/lib/python3.12/site-packages/ramen_table/order1_node.py
/home/shiha/ros2_termproject/install/ramen_table/lib/python3.12/site-packages/ramen_table/customer_node.py
/home/shiha/ros2_termproject/install/ramen_table/lib/python3.12/site-packages/ramen_table/__init__.py
/home/shiha/ros2_termproject/install/ramen_table/lib/python3.12/site-packages/ramen_table/count_node.py
/home/shiha/ros2_termproject/install/ramen_table/lib/python3.12/site-packages/ramen_table/__pycache__/order_node.cpython-312.pyc
/home/shiha/ros2_termproject/install/ramen_table/lib/python3.12/site-packages/ramen_table/__pycache__/order1_node.cpython-312.pyc
/home/shiha/ros2_termproject/install/ramen_table/lib/python3.12/site-packages/ramen_table/__pycache__/customer_node.cpython-312.pyc
/home/shiha/ros2_termproject/install/ramen_table/lib/python3.12/site-packages/ramen_table/__pycache__/__init__.cpython-312.pyc
/home/shiha/ros2_termproject/install/ramen_table/lib/python3.12/site-packages/ramen_table/__pycache__/count_node.cpython-312.pyc
/home/shiha/ros2_termproject/install/ramen_table/share/ament_index/resource_index/packages/ramen_table
/home/shiha/ros2_termproject/install/ramen_table/share/ramen_table/package.xml
/home/shiha/ros2_termproject/install/ramen_table/lib/python3.12/site-packages/ramen_table-0.0.0-py3.12.egg-info/entry_points.txt
/home/shiha/ros2_termproject/install/ramen_table/lib/python3.12/site-packages/ramen_table-0.0.0-py3.12.egg-info/dependency_links.txt
/home/shiha/ros2_termproject/install/ramen_table/lib/python3.12/site-packages/ramen_table-0.0.0-py3.12.egg-info/SOURCES.txt
/home/shiha/ros2_termproject/install/ramen_table/lib/python3.12/site-packages/ramen_table-0.0.0-py3.12.egg-info/requires.txt
/home/shiha/ros2_termproject/install/ramen_table/lib/python3.12/site-packages/ramen_table-0.0.0-py3.12.egg-info/top_level.txt
/home/shiha/ros2_termproject/install/ramen_table/lib/python3.12/site-packages/ramen_table-0.0.0-py3.12.egg-info/zip-safe
/home/shiha/ros2_termproject/install/ramen_table/lib/python3.12/site-packages/ramen_table-0.0.0-py3.12.egg-info/PKG-INFO
/home/shiha/ros2_termproject/install/ramen_table/lib/ramen_table/count_node
/home/shiha/ros2_termproject/install/ramen_table/lib/ramen_table/customer_node
/home/shiha/ros2_termproject/install/ramen_table/lib/ramen_table/order1_node
/home/shiha/ros2_termproject/install/ramen_table/lib/ramen_table/order_node
