[0.924s] Invoking command in '/home/shiha/ros2_termproject/src/ramen_table': AMENT_PREFIX_PATH=/home/shiha/ros2_termproject/install/ramen_interfaces:${AMENT_PREFIX_PATH} CMAKE_PREFIX_PATH=/home/shiha/ros2_termproject/install/ramen_interfaces:${CMAKE_PREFIX_PATH} LD_LIBRARY_PATH=/home/shiha/ros2_termproject/install/ramen_interfaces/lib:${LD_LIBRARY_PATH} PYTHONPATH=/home/shiha/ros2_termproject/build/ramen_table/prefix_override:/usr/lib/python3/dist-packages/colcon_core/task/python/colcon_distutils_commands:/home/shiha/ros2_termproject/install/ramen_table/lib/python3.12/site-packages:/home/shiha/ros2_termproject/install/ramen_interfaces/lib/python3.12/site-packages:${PYTHONPATH} /usr/bin/python3 -W ignore:setup.py install is deprecated -W ignore:easy_install command is deprecated setup.py egg_info --egg-base ../../build/ramen_table build --build-base /home/shiha/ros2_termproject/build/ramen_table/build install --record /home/shiha/ros2_termproject/build/ramen_table/install.log --single-version-externally-managed install_data
[1.102s] running egg_info
[1.115s] writing ../../build/ramen_table/ramen_table.egg-info/PKG-INFO
[1.115s] writing dependency_links to ../../build/ramen_table/ramen_table.egg-info/dependency_links.txt
[1.115s] writing entry points to ../../build/ramen_table/ramen_table.egg-info/entry_points.txt
[1.115s] writing requirements to ../../build/ramen_table/ramen_table.egg-info/requires.txt
[1.115s] writing top-level names to ../../build/ramen_table/ramen_table.egg-info/top_level.txt
[1.142s] reading manifest file '../../build/ramen_table/ramen_table.egg-info/SOURCES.txt'
[1.143s] writing manifest file '../../build/ramen_table/ramen_table.egg-info/SOURCES.txt'
[1.143s] running build
[1.143s] running build_py
[1.143s] running install
[1.148s] running install_lib
[1.161s] running install_data
[1.161s] running install_egg_info
[1.175s] removing '/home/shiha/ros2_termproject/install/ramen_table/lib/python3.12/site-packages/ramen_table-0.0.0-py3.12.egg-info' (and everything under it)
[1.176s] Copying ../../build/ramen_table/ramen_table.egg-info to /home/shiha/ros2_termproject/install/ramen_table/lib/python3.12/site-packages/ramen_table-0.0.0-py3.12.egg-info
[1.177s] running install_scripts
[1.265s] Installing customer_node script to /home/shiha/ros2_termproject/install/ramen_table/lib/ramen_table
[1.265s] Installing order1_node script to /home/shiha/ros2_termproject/install/ramen_table/lib/ramen_table
[1.265s] Installing order_node script to /home/shiha/ros2_termproject/install/ramen_table/lib/ramen_table
[1.265s] writing list of installed files to '/home/shiha/ros2_termproject/build/ramen_table/install.log'
[1.288s] Invoked command in '/home/shiha/ros2_termproject/src/ramen_table' returned '0': AMENT_PREFIX_PATH=/home/shiha/ros2_termproject/install/ramen_interfaces:${AMENT_PREFIX_PATH} CMAKE_PREFIX_PATH=/home/shiha/ros2_termproject/install/ramen_interfaces:${CMAKE_PREFIX_PATH} LD_LIBRARY_PATH=/home/shiha/ros2_termproject/install/ramen_interfaces/lib:${LD_LIBRARY_PATH} PYTHONPATH=/home/shiha/ros2_termproject/build/ramen_table/prefix_override:/usr/lib/python3/dist-packages/colcon_core/task/python/colcon_distutils_commands:/home/shiha/ros2_termproject/install/ramen_table/lib/python3.12/site-packages:/home/shiha/ros2_termproject/install/ramen_interfaces/lib/python3.12/site-packages:${PYTHONPATH} /usr/bin/python3 -W ignore:setup.py install is deprecated -W ignore:easy_install command is deprecated setup.py egg_info --egg-base ../../build/ramen_table build --build-base /home/shiha/ros2_termproject/build/ramen_table/build install --record /home/shiha/ros2_termproject/build/ramen_table/install.log --single-version-externally-managed install_data
